2016-09-08 08:46:14: Change detected [0]: t=Created path=/tmp-pdfcrop-74493.pdf
2016-09-08 08:46:14: Change detected [0]: t=Created path=/Main_files/figure-beamer/unnamed-chunk-6-1.pdf
2016-09-08 08:46:14: Change detected [0]: t=Created path=/tmp-pdfcrop-74493.tex
2016-09-08 08:46:14: Change detected [0]: t=Created path=/tmp-pdfcrop-74493.log
2016-09-08 08:46:14: Change detected [0]: t=Created path=/Main_files/figure-beamer/unnamed-chunk-7-1.pdf
2016-09-08 08:46:14: Change detected [0]: t=Created path=/.git/index.lock
2016-09-08 08:46:14: Change detected [0]: t=Created path=/tmp-pdfcrop-74498.pdf
2016-09-08 08:46:14: Change detected [0]: t=Created path=/tmp-pdfcrop-74498.tex
2016-09-08 08:46:14: Change detected [0]: t=Created path=/tmp-pdfcrop-74498.log
2016-09-08 08:46:14: Change detected [0]: t=Created path=/Main.knit.md
2016-09-08 08:46:14: Change detected [0]: t=Created path=/Main.utf8.md
2016-09-08 08:46:14: Connected to: /Volumes/SSDRimalaya/rspace/Presentation-Klakken: fs=EXFAT dev=/dev/disk2s1 mount=/Volumes/SSDRimalaya: hfs=0 fat=0 netshare=0
2016-09-08 08:46:15: Change detected [0]: t=Created path=/.git/index.lock
2016-09-08 08:46:15: Connected to: sftp://cloudrimalaya.ddns.net/shares/anonymous/Presentation-Klakken: SSH-2.0-OpenSSH_6.6.1p1 Ubuntu-2ubuntu2.8: SFTP ver 3
2016-09-08 08:46:16: Incremental Analyze for On File Change
2016-09-08 08:46:16: -- Analysis Started by On File Change Incremental, Under Runner
2016-09-08 08:46:16: SyncKlakken: ANALYSIS started by On File Change Incremental, Under Runner on 'MacNMBU' (GoodSync 5.5.6.6)
2016-09-08 08:46:16: /Volumes/SSDRimalaya/rspace/Presentation-Klakken [TmpDest] <-> sftp://cloudrimalaya.ddns.net/shares/anonymous/Presentation-Klakken [TmpDest], CreateFolderIfNotFound, SavePrevVers, CleanupPrevVers=30d, WaitForLocksMinutes=20, LinksCopy, ReconnectSecs=120, ResolveConflicts=NewerFileWins, ChangeLimit=50, AutoClear
2016-09-08 08:46:16: Exclude Hidden, Exclude System, Exclude name *._gstmp|/System Volume Information|Thumbs.db|.DS_Store 
2016-09-08 08:46:16: Locking folder /Volumes/SSDRimalaya/rspace/Presentation-Klakken for write
2016-09-08 08:46:16: Change in: /Volumes/SSDRimalaya/rspace/Presentation-Klakken/.Rproj.user/shared/notebooks/.rstudio-lock-41c29-MacNMBU.local-65264-0x7fff7970d000
2016-09-08 08:46:16: Change in: /Volumes/SSDRimalaya/rspace/Presentation-Klakken/.Rproj.user/CA561311/sdb/s-B9D3BF3E/2EFE8958
2016-09-08 08:46:16: Change in: /Volumes/SSDRimalaya/rspace/Presentation-Klakken/.Rproj.user/CA561311/sdb/prop/5087E748
2016-09-08 08:46:16: Change in: /Volumes/SSDRimalaya/rspace/Presentation-Klakken/Main.Rmd
2016-09-08 08:46:16: Change in: /Volumes/SSDRimalaya/rspace/Presentation-Klakken/.Rproj.user/shared/notebooks/.rstudio-lock-41c29-MacNMBU.local-65264-0x7fff7970d000
2016-09-08 08:46:16: Change in: /Volumes/SSDRimalaya/rspace/Presentation-Klakken/.Rproj.user/shared/notebooks/-Main/1/s/chunks.json
2016-09-08 08:46:16: Change in: /Volumes/SSDRimalaya/rspace/Presentation-Klakken/.Rproj.user/shared/notebooks/-Main/1/s/c48rdv2lvev5z/000006.csv
2016-09-08 08:46:16: Change in: /Volumes/SSDRimalaya/rspace/Presentation-Klakken/.Rproj.user/shared/notebooks/-Main/1/CA561311/c48rdv2lvev5z
2016-09-08 08:46:16: Change in: /Volumes/SSDRimalaya/rspace/Presentation-Klakken/.Rproj.user/shared/notebooks/-Main/1/s/c48rdv2lvev5z
2016-09-08 08:46:16: Change in: /Volumes/SSDRimalaya/rspace/Presentation-Klakken/.git/index.lock
2016-09-08 08:46:16: Change in: /Volumes/SSDRimalaya/rspace/Presentation-Klakken/.Rproj.user/CA561311/sdb/s-B9D3BF3E/2EFE8958
2016-09-08 08:46:16: Change in: /Volumes/SSDRimalaya/rspace/Presentation-Klakken/.Rproj.user/CA561311/sdb/prop/5087E748
2016-09-08 08:46:16: Change in: /Volumes/SSDRimalaya/rspace/Presentation-Klakken/.git/index.lock
2016-09-08 08:46:16: Change in: /Volumes/SSDRimalaya/rspace/Presentation-Klakken/tmp-pdfcrop-74471.pdf
2016-09-08 08:46:16: Change in: /Volumes/SSDRimalaya/rspace/Presentation-Klakken/Main_files/figure-beamer/unnamed-chunk-4-1.pdf
2016-09-08 08:46:16: Change in: /Volumes/SSDRimalaya/rspace/Presentation-Klakken/tmp-pdfcrop-74471.tex
2016-09-08 08:46:16: Change in: /Volumes/SSDRimalaya/rspace/Presentation-Klakken/tmp-pdfcrop-74471.log
2016-09-08 08:46:16: Change in: /Volumes/SSDRimalaya/rspace/Presentation-Klakken/.git/index.lock
2016-09-08 08:46:16: Change in: /Volumes/SSDRimalaya/rspace/Presentation-Klakken/tmp-pdfcrop-74489.pdf
2016-09-08 08:46:16: Change in: /Volumes/SSDRimalaya/rspace/Presentation-Klakken/tmp-pdfcrop-74489.tex
2016-09-08 08:46:16: Change in: /Volumes/SSDRimalaya/rspace/Presentation-Klakken/tmp-pdfcrop-74489.log
2016-09-08 08:46:16: Change in: /Volumes/SSDRimalaya/rspace/Presentation-Klakken/Main_files/figure-beamer/unnamed-chunk-5-1.pdf
2016-09-08 08:46:16: Change in: /Volumes/SSDRimalaya/rspace/Presentation-Klakken/Main_files/figure-beamer/unnamed-chunk-6-1.pdf
2016-09-08 08:46:16: Change in: /Volumes/SSDRimalaya/rspace/Presentation-Klakken/tmp-pdfcrop-74493.tex
2016-09-08 08:46:16: Change in: /Volumes/SSDRimalaya/rspace/Presentation-Klakken/tmp-pdfcrop-74493.pdf
2016-09-08 08:46:16: Change in: /Volumes/SSDRimalaya/rspace/Presentation-Klakken/Main_files/figure-beamer/unnamed-chunk-6-1.pdf
2016-09-08 08:46:16: Change in: /Volumes/SSDRimalaya/rspace/Presentation-Klakken/tmp-pdfcrop-74493.tex
2016-09-08 08:46:16: Change in: /Volumes/SSDRimalaya/rspace/Presentation-Klakken/tmp-pdfcrop-74493.log
2016-09-08 08:46:16: Change in: /Volumes/SSDRimalaya/rspace/Presentation-Klakken/Main_files/figure-beamer/unnamed-chunk-7-1.pdf
2016-09-08 08:46:16: Change in: /Volumes/SSDRimalaya/rspace/Presentation-Klakken/.git/index.lock
2016-09-08 08:46:16: Change in: /Volumes/SSDRimalaya/rspace/Presentation-Klakken/tmp-pdfcrop-74498.pdf
2016-09-08 08:46:16: Change in: /Volumes/SSDRimalaya/rspace/Presentation-Klakken/tmp-pdfcrop-74498.tex
2016-09-08 08:46:16: Change in: /Volumes/SSDRimalaya/rspace/Presentation-Klakken/tmp-pdfcrop-74498.log
2016-09-08 08:46:16: Change in: /Volumes/SSDRimalaya/rspace/Presentation-Klakken/Main.knit.md
2016-09-08 08:46:16: Change in: /Volumes/SSDRimalaya/rspace/Presentation-Klakken/Main.utf8.md
2016-09-08 08:46:16: Change in: /Volumes/SSDRimalaya/rspace/Presentation-Klakken/.Rproj.user/shared/notebooks/-Main/1/s/c48rdv2lvev5z/000006.csv
2016-09-08 08:46:16: Change in: /Volumes/SSDRimalaya/rspace/Presentation-Klakken/.Rproj.user/shared/notebooks/-Main/1/s/c4wqlipvx6vyr/000002.csv
2016-09-08 08:46:16: Change in: /Volumes/SSDRimalaya/rspace/Presentation-Klakken/.Rproj.user/shared/notebooks/-Main/1/s/chunks.json
2016-09-08 08:46:16: Change in: /Volumes/SSDRimalaya/rspace/Presentation-Klakken/.Rproj.user/shared/notebooks/-Main/1/s/cpfgn2wl3w1ui/000002.csv
2016-09-08 08:46:16: Change in: /Volumes/SSDRimalaya/rspace/Presentation-Klakken/.Rproj.user/shared/notebooks/-Main/1/s/cpfgn2wl3w1ui/000003.error
2016-09-08 08:46:16: Change in: /Volumes/SSDRimalaya/rspace/Presentation-Klakken/.Rproj.user/shared/notebooks/-Main/1/s/csetup_chunk/000002.csv
2016-09-08 08:46:16: Locking folder sftp://cloudrimalaya.ddns.net/shares/anonymous/Presentation-Klakken for write
2016-09-08 08:46:16: Change in: sftp://cloudrimalaya.ddns.net/shares/anonymous/Presentation-Klakken/.Rproj.user/shared/notebooks/-Main/1/s/c48rdv2lvev5z/000006.csv
2016-09-08 08:46:16: Change in: sftp://cloudrimalaya.ddns.net/shares/anonymous/Presentation-Klakken/.Rproj.user/shared/notebooks/-Main/1/s/c4wqlipvx6vyr/000002.csv
2016-09-08 08:46:16: Change in: sftp://cloudrimalaya.ddns.net/shares/anonymous/Presentation-Klakken/.Rproj.user/shared/notebooks/-Main/1/s/chunks.json
2016-09-08 08:46:16: Change in: sftp://cloudrimalaya.ddns.net/shares/anonymous/Presentation-Klakken/.Rproj.user/shared/notebooks/-Main/1/s/cpfgn2wl3w1ui/000002.csv
2016-09-08 08:46:16: Change in: sftp://cloudrimalaya.ddns.net/shares/anonymous/Presentation-Klakken/.Rproj.user/shared/notebooks/-Main/1/s/cpfgn2wl3w1ui/000003.error
2016-09-08 08:46:16: Change in: sftp://cloudrimalaya.ddns.net/shares/anonymous/Presentation-Klakken/.Rproj.user/shared/notebooks/-Main/1/s/csetup_chunk/000002.csv
2016-09-08 08:46:16: On disk file:// space required for sync is 0.0, you have 134.9 GB
2016-09-08 08:46:16: On disk sftp://cloudrimalaya.ddns.net space required for sync is 81.0 KB, free space is unknown
2016-09-08 08:46:16: Changes: 14, Conflicts: 0, CopyTime: 0, CopyState: 0/0, Errors: 0, All: 242
2016-09-08 08:46:16: Left to Right: Copy File: 13 Delete File: 1 
2016-09-08 08:46:16: -- Analysis Complete. Time 00:00:03, Speed: 17 files/s
2016-09-08 08:46:16: == Sync Started by On File Change Incremental, Under Runner
2016-09-08 08:46:16: SyncKlakken: SYNC started by On File Change Incremental, Under Runner on 'MacNMBU'
2016-09-08 08:46:16: /Volumes/SSDRimalaya/rspace/Presentation-Klakken [TmpDest] <-> sftp://cloudrimalaya.ddns.net/shares/anonymous/Presentation-Klakken [TmpDest], CreateFolderIfNotFound, SavePrevVers, CleanupPrevVers=30d, WaitForLocksMinutes=20, LinksCopy, ReconnectSecs=120, ResolveConflicts=NewerFileWins, ChangeLimit=50, AutoClear
2016-09-08 08:46:16: Fraction of files changed (excluding renames) is low enough to perform Auto Sync: 27% (14 / 51) < 50%
2016-09-08 08:46:16: Delete Folder 'sftp://cloudrimalaya.ddns.net/shares/anonymous/Presentation-Klakken/.Rproj.user/shared/notebooks/-Main/1/CA561311/c48rdv2lvev5z'
2016-09-08 08:46:16: Copy New '/Volumes/SSDRimalaya/rspace/Presentation-Klakken/Main.knit.md' -> 'sftp://cloudrimalaya.ddns.net/shares/anonymous/Presentation-Klakken/Main.knit.md'
2016-09-08 08:46:16: Change detected [0]: t=Created path=/.git/index.lock
2016-09-08 08:46:16: Load Recycled DB: sftp://cloudrimalaya.ddns.net/shares/anonymous/Presentation-Klakken/_gsdata_/_recycled_db._gs
2016-09-08 08:46:16: Copy Over '/Volumes/SSDRimalaya/rspace/Presentation-Klakken/Main.Rmd' -> 'sftp://cloudrimalaya.ddns.net/shares/anonymous/Presentation-Klakken/Main.Rmd'
2016-09-08 08:46:16: Copy New '/Volumes/SSDRimalaya/rspace/Presentation-Klakken/Main.utf8.md' -> 'sftp://cloudrimalaya.ddns.net/shares/anonymous/Presentation-Klakken/Main.utf8.md'
2016-09-08 08:46:17: Copy Over '/Volumes/SSDRimalaya/rspace/Presentation-Klakken/Main_files/figure-beamer/unnamed-chunk-4-1.pdf' -> 'sftp://cloudrimalaya.ddns.net/shares/anonymous/Presentation-Klakken/Main_files/figure-beamer/unnamed-chunk-4-1.pdf'
2016-09-08 08:46:17: Copy Over '/Volumes/SSDRimalaya/rspace/Presentation-Klakken/Main_files/figure-beamer/unnamed-chunk-5-1.pdf' -> 'sftp://cloudrimalaya.ddns.net/shares/anonymous/Presentation-Klakken/Main_files/figure-beamer/unnamed-chunk-5-1.pdf'
2016-09-08 08:46:17: Copy New '/Volumes/SSDRimalaya/rspace/Presentation-Klakken/Main_files/figure-beamer/unnamed-chunk-6-1.pdf' -> 'sftp://cloudrimalaya.ddns.net/shares/anonymous/Presentation-Klakken/Main_files/figure-beamer/unnamed-chunk-6-1.pdf'
2016-09-08 08:46:17: Change detected [0]: t=Created path=/.git/index.lock
2016-09-08 08:46:17: Copy New '/Volumes/SSDRimalaya/rspace/Presentation-Klakken/Main_files/figure-beamer/unnamed-chunk-7-1.pdf' -> 'sftp://cloudrimalaya.ddns.net/shares/anonymous/Presentation-Klakken/Main_files/figure-beamer/unnamed-chunk-7-1.pdf'
2016-09-08 08:46:17: Save State File /Volumes/SSDRimalaya/rspace/Presentation-Klakken/_gsdata_/_file_state_v4._gs
2016-09-08 08:46:17: Save State File sftp://cloudrimalaya.ddns.net/shares/anonymous/Presentation-Klakken/_gsdata_/_file_state_v4._gs
2016-09-08 08:46:17: Cleanup recycled files in /Volumes/SSDRimalaya/rspace/Presentation-Klakken/_gsdata_/_saved_
2016-09-08 08:46:17: Load Recycled DB: /Volumes/SSDRimalaya/rspace/Presentation-Klakken/_gsdata_/_recycled_db._gs
2016-09-08 08:46:17: Cleanup old logs in /Users/rajurim/.goodsync/_mirrors_/Volumes-SSDRimalaya-rspace-Presentation-Klakken
2016-09-08 08:46:18: Cleanup old logs in /Volumes/SSDRimalaya/rspace/Presentation-Klakken/_gsdata_
2016-09-08 08:46:18: Save Recycled DB: sftp://cloudrimalaya.ddns.net/shares/anonymous/Presentation-Klakken/_gsdata_/_recycled_db._gs
2016-09-08 08:46:18: == Sync Complete. Time: 00:00:02, Speed: 78.2 KB/s, OK: 8, Errors: 0
2016-09-08 08:46:19: --- Do one more Analyze to get latest changes of this Sync ---
2016-09-08 08:46:19: -- Analysis Started by On File Change PostSync Re-Analyze, Under Runner
2016-09-08 08:46:19: SyncKlakken: ANALYSIS started by On File Change PostSync Re-Analyze, Under Runner on 'MacNMBU' (GoodSync 5.5.6.6)
2016-09-08 08:46:19: /Volumes/SSDRimalaya/rspace/Presentation-Klakken [TmpDest] <-> sftp://cloudrimalaya.ddns.net/shares/anonymous/Presentation-Klakken [TmpDest], CreateFolderIfNotFound, SavePrevVers, CleanupPrevVers=30d, WaitForLocksMinutes=20, LinksCopy, ReconnectSecs=120, ResolveConflicts=NewerFileWins, ChangeLimit=50, AutoClear
2016-09-08 08:46:19: Exclude Hidden, Exclude System, Exclude name *._gstmp|/System Volume Information|Thumbs.db|.DS_Store 
2016-09-08 08:46:19: Change in: /Volumes/SSDRimalaya/rspace/Presentation-Klakken/.git/index.lock
2016-09-08 08:46:19: Change in: /Volumes/SSDRimalaya/rspace/Presentation-Klakken/.git/index.lock
2016-09-08 08:46:19: Change in: /Volumes/SSDRimalaya/rspace/Presentation-Klakken/.git/index.lock
2016-09-08 08:46:19: Change in: /Volumes/SSDRimalaya/rspace/Presentation-Klakken/.Rproj.user/shared/notebooks/-Main/1/s/c48rdv2lvev5z/000006.csv
2016-09-08 08:46:19: Change in: /Volumes/SSDRimalaya/rspace/Presentation-Klakken/.Rproj.user/shared/notebooks/-Main/1/s/c4wqlipvx6vyr/000002.csv
2016-09-08 08:46:19: Change in: /Volumes/SSDRimalaya/rspace/Presentation-Klakken/.Rproj.user/shared/notebooks/-Main/1/s/chunks.json
2016-09-08 08:46:19: Change in: /Volumes/SSDRimalaya/rspace/Presentation-Klakken/.Rproj.user/shared/notebooks/-Main/1/s/cpfgn2wl3w1ui/000002.csv
2016-09-08 08:46:19: Change in: /Volumes/SSDRimalaya/rspace/Presentation-Klakken/.Rproj.user/shared/notebooks/-Main/1/s/cpfgn2wl3w1ui/000003.error
2016-09-08 08:46:19: Change in: /Volumes/SSDRimalaya/rspace/Presentation-Klakken/.Rproj.user/shared/notebooks/-Main/1/s/csetup_chunk/000002.csv
2016-09-08 08:46:19: Change in: sftp://cloudrimalaya.ddns.net/shares/anonymous/Presentation-Klakken/.Rproj.user/shared/notebooks/-Main/1/s/c48rdv2lvev5z/000006.csv
2016-09-08 08:46:19: Change in: sftp://cloudrimalaya.ddns.net/shares/anonymous/Presentation-Klakken/.Rproj.user/shared/notebooks/-Main/1/s/c4wqlipvx6vyr/000002.csv
2016-09-08 08:46:19: Change in: sftp://cloudrimalaya.ddns.net/shares/anonymous/Presentation-Klakken/.Rproj.user/shared/notebooks/-Main/1/s/chunks.json
2016-09-08 08:46:19: Change in: sftp://cloudrimalaya.ddns.net/shares/anonymous/Presentation-Klakken/.Rproj.user/shared/notebooks/-Main/1/s/cpfgn2wl3w1ui/000002.csv
2016-09-08 08:46:19: Change in: sftp://cloudrimalaya.ddns.net/shares/anonymous/Presentation-Klakken/.Rproj.user/shared/notebooks/-Main/1/s/cpfgn2wl3w1ui/000003.error
2016-09-08 08:46:19: Change in: sftp://cloudrimalaya.ddns.net/shares/anonymous/Presentation-Klakken/.Rproj.user/shared/notebooks/-Main/1/s/csetup_chunk/000002.csv
2016-09-08 08:46:19: On disk file:// space required for sync is 0.0, you have 134.9 GB
2016-09-08 08:46:19: On disk sftp://cloudrimalaya.ddns.net space required for sync is 7.0 KB, free space is unknown
2016-09-08 08:46:19: Changes: 6, Conflicts: 0, CopyTime: 0, CopyState: 0/0, Errors: 0, All: 242
2016-09-08 08:46:19: Left to Right: Copy File: 6 
2016-09-08 08:46:19: -- Analysis Complete. Time 00:00:03, Speed: 16 files/s
2016-09-08 08:46:19: == Sync Started by On File Change PostSync Re-Analyze, Under Runner
2016-09-08 08:46:19: SyncKlakken: SYNC started by On File Change PostSync Re-Analyze, Under Runner on 'MacNMBU'
2016-09-08 08:46:19: /Volumes/SSDRimalaya/rspace/Presentation-Klakken [TmpDest] <-> sftp://cloudrimalaya.ddns.net/shares/anonymous/Presentation-Klakken [TmpDest], CreateFolderIfNotFound, SavePrevVers, CleanupPrevVers=30d, WaitForLocksMinutes=20, LinksCopy, ReconnectSecs=120, ResolveConflicts=NewerFileWins, ChangeLimit=50, AutoClear
2016-09-08 08:46:19: Fraction of files changed (excluding renames) is low enough to perform Auto Sync: 12% (6 / 50) < 50%
2016-09-08 08:46:19: Save State File /Volumes/SSDRimalaya/rspace/Presentation-Klakken/_gsdata_/_file_state_v4._gs
2016-09-08 08:46:19: Save State File sftp://cloudrimalaya.ddns.net/shares/anonymous/Presentation-Klakken/_gsdata_/_file_state_v4._gs
2016-09-08 08:46:19: Cleanup recycled files in /Volumes/SSDRimalaya/rspace/Presentation-Klakken/_gsdata_/_saved_
2016-09-08 08:46:19: Load Recycled DB: /Volumes/SSDRimalaya/rspace/Presentation-Klakken/_gsdata_/_recycled_db._gs
2016-09-08 08:46:19: Cleanup old logs in /Users/rajurim/.goodsync/_mirrors_/Volumes-SSDRimalaya-rspace-Presentation-Klakken
2016-09-08 08:46:19: Change detected [0]: t=Created path=/.git/index.lock
2016-09-08 08:46:19: Change detected [0]: t=Modified path=/Main.pdf
2016-09-08 08:46:19: Cleanup old logs in /Volumes/SSDRimalaya/rspace/Presentation-Klakken/_gsdata_
2016-09-08 08:46:19: == Sync Complete. Time: 00:00:00, Speed: 0.0/s, OK: 0, Errors: 0
2016-09-08 08:46:19: Unlocking folder /Volumes/SSDRimalaya/rspace/Presentation-Klakken/_gsdata_/lock.gsl
2016-09-08 08:46:19: Unlocking folder sftp://cloudrimalaya.ddns.net/shares/anonymous/Presentation-Klakken/_gsdata_/lock.gsl
2016-09-08 08:46:19: 
