2016-09-07 11:17:40: Connected to: /Volumes/SSDRimalaya/rspace/Presentation-Klakken: fs=EXFAT dev=/dev/disk2s1 mount=/Volumes/SSDRimalaya: hfs=0 fat=0 netshare=0
2016-09-07 11:17:40: Change detected [0]: t=Modified path=/.Rproj.user/CA561311/sdb/s-B9CCC527/112DB4E9
2016-09-07 11:17:40: Change detected [0]: t=Modified path=/.Rproj.user/CA561311/sdb/prop/BB180572
2016-09-07 11:17:41: Connected to: sftp://cloudrimalaya.ddns.net/shares/anonymous/Presentation-Klakken: SSH-2.0-OpenSSH_6.6.1p1 Ubuntu-2ubuntu2.8: SFTP ver 3
2016-09-07 11:17:41: Incremental Analyze for On File Change
2016-09-07 11:17:41: -- Analysis Started by On File Change Incremental, Under Runner
2016-09-07 11:17:41: SyncKlakken: ANALYSIS started by On File Change Incremental, Under Runner on 'MacNMBU' (GoodSync 5.5.6.6)
2016-09-07 11:17:41: /Volumes/SSDRimalaya/rspace/Presentation-Klakken [TmpDest] <-> sftp://cloudrimalaya.ddns.net/shares/anonymous/Presentation-Klakken [TmpDest] [time-translate], SavePrevVers, CleanupPrevVers=30d, WaitForLocksMinutes=20, LinksCopy, ReconnectSecs=120, ChangeLimit=50, AutoClear
2016-09-07 11:17:41: Exclude Hidden, Exclude System, Exclude name *._gstmp|/System Volume Information|Thumbs.db|.DS_Store 
2016-09-07 11:17:41: Locking folder /Volumes/SSDRimalaya/rspace/Presentation-Klakken for write
2016-09-07 11:17:41: Change in: /Volumes/SSDRimalaya/rspace/Presentation-Klakken/.git/index.lock
2016-09-07 11:17:41: Change in: /Volumes/SSDRimalaya/rspace/Presentation-Klakken/.Rproj.user/CA561311/sdb/s-B9CCC527/112DB4E9
2016-09-07 11:17:41: Change in: /Volumes/SSDRimalaya/rspace/Presentation-Klakken/.Rproj.user/CA561311/sdb/prop/BB180572
2016-09-07 11:17:41: Locking folder sftp://cloudrimalaya.ddns.net/shares/anonymous/Presentation-Klakken for write
2016-09-07 11:17:41: On disk file:// space required for sync is 0.0, you have 135.3 GB
2016-09-07 11:17:41: On disk sftp://cloudrimalaya.ddns.net space required for sync is 12.0 KB, free space is unknown
2016-09-07 11:17:41: Analyze has finished with Conflicts. Resolve Conflicts by selecting the correct sync direction, then click Sync
2016-09-07 11:17:41: Changes: 5, Conflicts: 3, CopyTime: 0, CopyState: 0/0, Errors: 0, All: 135
2016-09-07 11:17:41: Left to Right: Copy File: 2 
2016-09-07 11:17:41: -- Analysis Complete. Time 00:00:02, Speed: 19 files/s
2016-09-07 11:17:41: == Sync Started by On File Change Incremental, Under Runner
2016-09-07 11:17:41: SyncKlakken: SYNC started by On File Change Incremental, Under Runner on 'MacNMBU'
2016-09-07 11:17:41: /Volumes/SSDRimalaya/rspace/Presentation-Klakken [TmpDest] <-> sftp://cloudrimalaya.ddns.net/shares/anonymous/Presentation-Klakken [TmpDest] [time-translate], SavePrevVers, CleanupPrevVers=30d, WaitForLocksMinutes=20, LinksCopy, ReconnectSecs=120, ChangeLimit=50, AutoClear
2016-09-07 11:17:41: Fraction of files changed (excluding renames) is low enough to perform Auto Sync: 13% (5 / 38) < 50%
2016-09-07 11:17:42: Load Recycled DB: sftp://cloudrimalaya.ddns.net/shares/anonymous/Presentation-Klakken/_gsdata_/_recycled_db._gs
2016-09-07 11:17:42: /Volumes/SSDRimalaya/rspace/Presentation-Klakken/.Rproj.user/CA561311/sdb/prop/BB180572: Source file has changed during Sync from '[file] size=38 accu-time=2016-09-07 11:17:39 attr=777' to 'size=38 time=2016-09-07 11:17:42', will be retried
2016-09-07 11:17:42: Destination side file adjusted to '[file] size=38 accu-time=2016-09-07 11:17:39 file-time=2016-09-07 11:17:42 attr=777', to force retry
2016-09-07 11:17:42: Copy Over '/Volumes/SSDRimalaya/rspace/Presentation-Klakken/.Rproj.user/CA561311/sdb/prop/BB180572' -> 'sftp://cloudrimalaya.ddns.net/shares/anonymous/Presentation-Klakken/.Rproj.user/CA561311/sdb/prop/BB180572'
2016-09-07 11:17:42: /Volumes/SSDRimalaya/rspace/Presentation-Klakken/.Rproj.user/CA561311/sdb/s-B9CCC527/112DB4E9: Source file has changed between Analyze and Sync from '[file] size=11186 accu-time=2016-09-07 11:17:39 attr=777' to 'size=11182 time=2016-09-07 11:17:42', noted in source file state
2016-09-07 11:17:42: Copy Over '/Volumes/SSDRimalaya/rspace/Presentation-Klakken/.Rproj.user/CA561311/sdb/s-B9CCC527/112DB4E9' -> 'sftp://cloudrimalaya.ddns.net/shares/anonymous/Presentation-Klakken/.Rproj.user/CA561311/sdb/s-B9CCC527/112DB4E9'
2016-09-07 11:17:42: /Main.pdf: unresolved conflict results in No Copy
2016-09-07 11:17:42: /Main.tex: unresolved conflict results in No Copy
2016-09-07 11:17:42: /Main.utf8.md: unresolved conflict results in No Copy
2016-09-07 11:17:42: Save State File /Volumes/SSDRimalaya/rspace/Presentation-Klakken/_gsdata_/_file_state_v4._gs
2016-09-07 11:17:42: Save State File sftp://cloudrimalaya.ddns.net/shares/anonymous/Presentation-Klakken/_gsdata_/_file_state_v4._gs
2016-09-07 11:17:42: Sync finished with 3 unresolved conflicts. Click Conflicts button to see unresolved conflicts
2016-09-07 11:17:42: Cleanup recycled files in /Volumes/SSDRimalaya/rspace/Presentation-Klakken/_gsdata_/_saved_
2016-09-07 11:17:42: Load Recycled DB: /Volumes/SSDRimalaya/rspace/Presentation-Klakken/_gsdata_/_recycled_db._gs
2016-09-07 11:17:42: Cleanup old logs in /Users/rajurim/.goodsync/_mirrors_/Volumes-SSDRimalaya-rspace-Presentation-Klakken
2016-09-07 11:17:42: Cleanup old logs in /Volumes/SSDRimalaya/rspace/Presentation-Klakken/_gsdata_
2016-09-07 11:17:42: Save Recycled DB: sftp://cloudrimalaya.ddns.net/shares/anonymous/Presentation-Klakken/_gsdata_/_recycled_db._gs
2016-09-07 11:17:42: == Sync Complete. Time: 00:00:01, Speed: 16.2 KB/s, OK: 2, Errors: 0, Conflicts: 3
2016-09-07 11:17:42: Change detected [0]: t=Modified path=/.Rproj.user/CA561311/sdb/s-B9CCC527/112DB4E9
2016-09-07 11:17:42: Change detected [0]: t=Modified path=/.Rproj.user/CA561311/sdb/prop/BB180572
2016-09-07 11:17:42: Change detected [0]: t=Created path=/.git/index.lock
2016-09-07 11:17:43: --- Do one more Analyze to get latest changes of this Sync ---
2016-09-07 11:17:43: -- Analysis Started by On File Change PostSync Re-Analyze, Under Runner
2016-09-07 11:17:43: SyncKlakken: ANALYSIS started by On File Change PostSync Re-Analyze, Under Runner on 'MacNMBU' (GoodSync 5.5.6.6)
2016-09-07 11:17:43: /Volumes/SSDRimalaya/rspace/Presentation-Klakken [TmpDest] <-> sftp://cloudrimalaya.ddns.net/shares/anonymous/Presentation-Klakken [TmpDest] [time-translate], SavePrevVers, CleanupPrevVers=30d, WaitForLocksMinutes=20, LinksCopy, ReconnectSecs=120, ChangeLimit=50, AutoClear
2016-09-07 11:17:43: Exclude Hidden, Exclude System, Exclude name *._gstmp|/System Volume Information|Thumbs.db|.DS_Store 
2016-09-07 11:17:43: Change in: /Volumes/SSDRimalaya/rspace/Presentation-Klakken/.Rproj.user/CA561311/sdb/s-B9CCC527/112DB4E9
2016-09-07 11:17:43: Change in: /Volumes/SSDRimalaya/rspace/Presentation-Klakken/.Rproj.user/CA561311/sdb/prop/BB180572
2016-09-07 11:17:43: Change in: /Volumes/SSDRimalaya/rspace/Presentation-Klakken/.Rproj.user/CA561311/sdb/s-B9CCC527/112DB4E9
2016-09-07 11:17:43: Change in: /Volumes/SSDRimalaya/rspace/Presentation-Klakken/.Rproj.user/CA561311/sdb/prop/BB180572
2016-09-07 11:17:43: Change in: /Volumes/SSDRimalaya/rspace/Presentation-Klakken/.git/index.lock
2016-09-07 11:17:43: On disk file:// space required for sync is 0.0, you have 135.3 GB
2016-09-07 11:17:43: On disk sftp://cloudrimalaya.ddns.net space required for sync is 1.0 KB, free space is unknown
2016-09-07 11:17:43: Analyze has finished with Conflicts. Resolve Conflicts by selecting the correct sync direction, then click Sync
2016-09-07 11:17:43: Changes: 4, Conflicts: 3, CopyTime: 0, CopyState: 0/0, Errors: 0, All: 135
2016-09-07 11:17:43: Left to Right: Copy File: 1 
2016-09-07 11:17:43: -- Analysis Complete. Time 00:00:02, Speed: 19 files/s
2016-09-07 11:17:43: == Sync Started by On File Change PostSync Re-Analyze, Under Runner
2016-09-07 11:17:43: SyncKlakken: SYNC started by On File Change PostSync Re-Analyze, Under Runner on 'MacNMBU'
2016-09-07 11:17:43: /Volumes/SSDRimalaya/rspace/Presentation-Klakken [TmpDest] <-> sftp://cloudrimalaya.ddns.net/shares/anonymous/Presentation-Klakken [TmpDest] [time-translate], SavePrevVers, CleanupPrevVers=30d, WaitForLocksMinutes=20, LinksCopy, ReconnectSecs=120, ChangeLimit=50, AutoClear
2016-09-07 11:17:43: Fraction of files changed (excluding renames) is low enough to perform Auto Sync: 10% (4 / 38) < 50%
2016-09-07 11:17:43: Change detected [0]: t=Created path=/.git/index.lock
2016-09-07 11:17:44: Load Recycled DB: sftp://cloudrimalaya.ddns.net/shares/anonymous/Presentation-Klakken/_gsdata_/_recycled_db._gs
2016-09-07 11:17:44: Copy Over '/Volumes/SSDRimalaya/rspace/Presentation-Klakken/.Rproj.user/CA561311/sdb/prop/BB180572' -> 'sftp://cloudrimalaya.ddns.net/shares/anonymous/Presentation-Klakken/.Rproj.user/CA561311/sdb/prop/BB180572'
2016-09-07 11:17:44: /Main.pdf: unresolved conflict results in No Copy
2016-09-07 11:17:44: /Main.tex: unresolved conflict results in No Copy
2016-09-07 11:17:44: /Main.utf8.md: unresolved conflict results in No Copy
2016-09-07 11:17:44: Save State File /Volumes/SSDRimalaya/rspace/Presentation-Klakken/_gsdata_/_file_state_v4._gs
2016-09-07 11:17:44: Save State File sftp://cloudrimalaya.ddns.net/shares/anonymous/Presentation-Klakken/_gsdata_/_file_state_v4._gs
2016-09-07 11:17:44: Sync finished with 3 unresolved conflicts. Click Conflicts button to see unresolved conflicts
2016-09-07 11:17:44: Cleanup recycled files in /Volumes/SSDRimalaya/rspace/Presentation-Klakken/_gsdata_/_saved_
2016-09-07 11:17:44: Load Recycled DB: /Volumes/SSDRimalaya/rspace/Presentation-Klakken/_gsdata_/_recycled_db._gs
2016-09-07 11:17:44: Cleanup old logs in /Users/rajurim/.goodsync/_mirrors_/Volumes-SSDRimalaya-rspace-Presentation-Klakken
2016-09-07 11:17:44: Cleanup old logs in /Volumes/SSDRimalaya/rspace/Presentation-Klakken/_gsdata_
2016-09-07 11:17:44: Save Recycled DB: sftp://cloudrimalaya.ddns.net/shares/anonymous/Presentation-Klakken/_gsdata_/_recycled_db._gs
2016-09-07 11:17:44: == Sync Complete. Time: 00:00:01, Speed: 5.3 KB/s, OK: 1, Errors: 0, Conflicts: 3
2016-09-07 11:17:44: Deleted lock file /Volumes/SSDRimalaya/rspace/Presentation-Klakken/_gsdata_/lock.gsl
2016-09-07 11:17:44: Deleted lock file sftp://cloudrimalaya.ddns.net/shares/anonymous/Presentation-Klakken/_gsdata_/lock.gsl
2016-09-07 11:17:44: 
