2016-09-07 14:10:39: Change detected [0]: t=Modified path=/.Rproj.user/shared/notebooks/-Main/1/CA561311/chunks.json
2016-09-07 14:10:39: Change detected [0]: t=Modified path=/.Rproj.user/CA561311/sdb/s-B9CCC527/2EFE8958
2016-09-07 14:10:39: Change detected [0]: t=Modified path=/.Rproj.user/CA561311/sdb/prop/5087E748
2016-09-07 14:10:39: Change detected [0]: t=Created path=/.Rproj.user/shared/notebooks/-Main/1/CA561311/cuov00ykdxeo2/000010.csv
2016-09-07 14:10:39: Change detected [0]: t=Created path=/.Rproj.user/shared/notebooks/-Main/1/CA561311/cuov00ykdxeo2/000011.error
2016-09-07 14:10:39: Change detected [0]: t=Created path=/.Rproj.user/shared/notebooks/-Main/1/CA561311/cuov00ykdxeo2
2016-09-07 14:10:39: Change detected [0]: t=Created path=/.Rproj.user/shared/notebooks/-Main/1/CA561311/cuov00ykdxeo2/000012.csv
2016-09-07 14:10:39: Change detected [0]: t=Created path=/.Rproj.user/shared/notebooks/.rstudio-lock-41c29-MacNMBU.local-92608-0x7fff7970d000
2016-09-07 14:10:39: Change detected [0]: t=Created path=/.Rproj.user/shared/notebooks/-Main/1/CA561311/cuov00ykdxeo2/000013.error
2016-09-07 14:10:39: Change detected [0]: t=Created path=/.Rproj.user/shared/notebooks/-Main/1/CA561311/cuov00ykdxeo2_t
2016-09-07 14:10:39: Connected to: /Volumes/SSDRimalaya/rspace/Presentation-Klakken: fs=EXFAT dev=/dev/disk2s1 mount=/Volumes/SSDRimalaya: hfs=0 fat=0 netshare=0
2016-09-07 14:10:40: Connected to: sftp://cloudrimalaya.ddns.net/shares/anonymous/Presentation-Klakken: SSH-2.0-OpenSSH_6.6.1p1 Ubuntu-2ubuntu2.8: SFTP ver 3
2016-09-07 14:10:40: Incremental Analyze for On File Change
2016-09-07 14:10:40: -- Analysis Started by On File Change Incremental, Under Runner
2016-09-07 14:10:40: SyncKlakken: ANALYSIS started by On File Change Incremental, Under Runner on 'MacNMBU' (GoodSync 5.5.6.6)
2016-09-07 14:10:40: /Volumes/SSDRimalaya/rspace/Presentation-Klakken [TmpDest] <-> sftp://cloudrimalaya.ddns.net/shares/anonymous/Presentation-Klakken [TmpDest] [time-translate], SavePrevVers, CleanupPrevVers=30d, WaitForLocksMinutes=20, LinksCopy, ReconnectSecs=120, ChangeLimit=50, AutoClear
2016-09-07 14:10:40: Exclude Hidden, Exclude System, Exclude name *._gstmp|/System Volume Information|Thumbs.db|.DS_Store 
2016-09-07 14:10:40: Locking folder /Volumes/SSDRimalaya/rspace/Presentation-Klakken for write
2016-09-07 14:10:40: Change in: /Volumes/SSDRimalaya/rspace/Presentation-Klakken/.git/index.lock
2016-09-07 14:10:40: Change in: /Volumes/SSDRimalaya/rspace/Presentation-Klakken/.git/index.lock
2016-09-07 14:10:40: Change in: /Volumes/SSDRimalaya/rspace/Presentation-Klakken/.Rproj.user/shared/notebooks/-Main/1/CA561311/chunks.json
2016-09-07 14:10:40: Change in: /Volumes/SSDRimalaya/rspace/Presentation-Klakken/.Rproj.user/CA561311/sdb/s-B9CCC527/2EFE8958
2016-09-07 14:10:40: Change in: /Volumes/SSDRimalaya/rspace/Presentation-Klakken/.Rproj.user/CA561311/sdb/prop/5087E748
2016-09-07 14:10:40: Change in: /Volumes/SSDRimalaya/rspace/Presentation-Klakken/.Rproj.user/shared/notebooks/-Main/1/CA561311/cuov00ykdxeo2/000010.csv
2016-09-07 14:10:40: Change in: /Volumes/SSDRimalaya/rspace/Presentation-Klakken/.Rproj.user/shared/notebooks/-Main/1/CA561311/cuov00ykdxeo2/000011.error
2016-09-07 14:10:40: Change in: /Volumes/SSDRimalaya/rspace/Presentation-Klakken/.Rproj.user/shared/notebooks/-Main/1/CA561311/cuov00ykdxeo2
2016-09-07 14:10:40: Change in: /Volumes/SSDRimalaya/rspace/Presentation-Klakken/.Rproj.user/shared/notebooks/-Main/1/CA561311/cuov00ykdxeo2/000012.csv
2016-09-07 14:10:40: Change in: /Volumes/SSDRimalaya/rspace/Presentation-Klakken/.Rproj.user/shared/notebooks/.rstudio-lock-41c29-MacNMBU.local-92608-0x7fff7970d000
2016-09-07 14:10:40: Change in: /Volumes/SSDRimalaya/rspace/Presentation-Klakken/.Rproj.user/shared/notebooks/-Main/1/CA561311/cuov00ykdxeo2/000013.error
2016-09-07 14:10:40: Change in: /Volumes/SSDRimalaya/rspace/Presentation-Klakken/.Rproj.user/shared/notebooks/-Main/1/CA561311/cuov00ykdxeo2_t
2016-09-07 14:10:40: Locking folder sftp://cloudrimalaya.ddns.net/shares/anonymous/Presentation-Klakken for write
2016-09-07 14:10:41: On disk file:// space required for sync is 0.0, you have 135.1 GB
2016-09-07 14:10:41: On disk sftp://cloudrimalaya.ddns.net space required for sync is 8.0 KB, free space is unknown
2016-09-07 14:10:41: Analyze has finished with Conflicts. Resolve Conflicts by selecting the correct sync direction, then click Sync
2016-09-07 14:10:41: Changes: 4, Conflicts: 3, CopyTime: 0, CopyState: 0/0, Errors: 0, All: 192
2016-09-07 14:10:41: Left to Right: Copy File: 1 
2016-09-07 14:10:41: -- Analysis Complete. Time 00:00:03, Speed: 21 files/s
2016-09-07 14:10:41: == Sync Started by On File Change Incremental, Under Runner
2016-09-07 14:10:41: SyncKlakken: SYNC started by On File Change Incremental, Under Runner on 'MacNMBU'
2016-09-07 14:10:41: /Volumes/SSDRimalaya/rspace/Presentation-Klakken [TmpDest] <-> sftp://cloudrimalaya.ddns.net/shares/anonymous/Presentation-Klakken [TmpDest] [time-translate], SavePrevVers, CleanupPrevVers=30d, WaitForLocksMinutes=20, LinksCopy, ReconnectSecs=120, ChangeLimit=50, AutoClear
2016-09-07 14:10:41: Fraction of files changed (excluding renames) is low enough to perform Auto Sync: 6% (4 / 64) < 50%
2016-09-07 14:10:42: Load Recycled DB: sftp://cloudrimalaya.ddns.net/shares/anonymous/Presentation-Klakken/_gsdata_/_recycled_db._gs
2016-09-07 14:10:42: Change detected [0]: t=Created path=/.git/index.lock
2016-09-07 14:10:42: Copy Over '/Volumes/SSDRimalaya/rspace/Presentation-Klakken/.Rproj.user/CA561311/sdb/s-B9CCC527/2EFE8958' -> 'sftp://cloudrimalaya.ddns.net/shares/anonymous/Presentation-Klakken/.Rproj.user/CA561311/sdb/s-B9CCC527/2EFE8958'
2016-09-07 14:10:42: /Main.pdf: unresolved conflict results in No Copy
2016-09-07 14:10:42: /Main.tex: unresolved conflict results in No Copy
2016-09-07 14:10:42: /Main.utf8.md: unresolved conflict results in No Copy
2016-09-07 14:10:42: Save State File /Volumes/SSDRimalaya/rspace/Presentation-Klakken/_gsdata_/_file_state_v4._gs
2016-09-07 14:10:43: Save State File sftp://cloudrimalaya.ddns.net/shares/anonymous/Presentation-Klakken/_gsdata_/_file_state_v4._gs
2016-09-07 14:10:43: Sync finished with 3 unresolved conflicts. Click Conflicts button to see unresolved conflicts
2016-09-07 14:10:43: Cleanup recycled files in /Volumes/SSDRimalaya/rspace/Presentation-Klakken/_gsdata_/_saved_
2016-09-07 14:10:43: Load Recycled DB: /Volumes/SSDRimalaya/rspace/Presentation-Klakken/_gsdata_/_recycled_db._gs
2016-09-07 14:10:43: Cleanup old logs in /Users/rajurim/.goodsync/_mirrors_/Volumes-SSDRimalaya-rspace-Presentation-Klakken
2016-09-07 14:10:43: Cleanup old logs in /Volumes/SSDRimalaya/rspace/Presentation-Klakken/_gsdata_
2016-09-07 14:10:43: Save Recycled DB: sftp://cloudrimalaya.ddns.net/shares/anonymous/Presentation-Klakken/_gsdata_/_recycled_db._gs
2016-09-07 14:10:43: == Sync Complete. Time: 00:00:02, Speed: 13.4 KB/s, OK: 1, Errors: 0, Conflicts: 3
2016-09-07 14:10:44: Change detected [0]: t=Created path=/.git/index.lock
2016-09-07 14:10:44: --- Do one more Analyze to get latest changes of this Sync ---
2016-09-07 14:10:44: -- Analysis Started by On File Change PostSync Re-Analyze, Under Runner
2016-09-07 14:10:44: SyncKlakken: ANALYSIS started by On File Change PostSync Re-Analyze, Under Runner on 'MacNMBU' (GoodSync 5.5.6.6)
2016-09-07 14:10:44: /Volumes/SSDRimalaya/rspace/Presentation-Klakken [TmpDest] <-> sftp://cloudrimalaya.ddns.net/shares/anonymous/Presentation-Klakken [TmpDest] [time-translate], SavePrevVers, CleanupPrevVers=30d, WaitForLocksMinutes=20, LinksCopy, ReconnectSecs=120, ChangeLimit=50, AutoClear
2016-09-07 14:10:44: Exclude Hidden, Exclude System, Exclude name *._gstmp|/System Volume Information|Thumbs.db|.DS_Store 
2016-09-07 14:10:44: Change in: /Volumes/SSDRimalaya/rspace/Presentation-Klakken/.git/index.lock
2016-09-07 14:10:44: Change in: /Volumes/SSDRimalaya/rspace/Presentation-Klakken/.git/index.lock
2016-09-07 14:10:44: On disk file:// space required for sync is 0.0, you have 135.1 GB
2016-09-07 14:10:44: On disk sftp://cloudrimalaya.ddns.net space required for sync is 0.0, free space is unknown
2016-09-07 14:10:44: Analyze has finished with Conflicts. Resolve Conflicts by selecting the correct sync direction, then click Sync
2016-09-07 14:10:44: Changes: 3, Conflicts: 3, CopyTime: 0, CopyState: 0/0, Errors: 0, All: 192
2016-09-07 14:10:44: -- Analysis Complete. Time 00:00:03, Speed: 21 files/s
2016-09-07 14:10:44: == Sync Started by On File Change PostSync Re-Analyze, Under Runner
2016-09-07 14:10:44: SyncKlakken: SYNC started by On File Change PostSync Re-Analyze, Under Runner on 'MacNMBU'
2016-09-07 14:10:44: /Volumes/SSDRimalaya/rspace/Presentation-Klakken [TmpDest] <-> sftp://cloudrimalaya.ddns.net/shares/anonymous/Presentation-Klakken [TmpDest] [time-translate], SavePrevVers, CleanupPrevVers=30d, WaitForLocksMinutes=20, LinksCopy, ReconnectSecs=120, ChangeLimit=50, AutoClear
2016-09-07 14:10:44: Fraction of files changed (excluding renames) is low enough to perform Auto Sync: 4% (3 / 64) < 50%
2016-09-07 14:10:44: /Main.pdf: unresolved conflict results in No Copy
2016-09-07 14:10:44: /Main.tex: unresolved conflict results in No Copy
2016-09-07 14:10:44: /Main.utf8.md: unresolved conflict results in No Copy
2016-09-07 14:10:44: Save State File /Volumes/SSDRimalaya/rspace/Presentation-Klakken/_gsdata_/_file_state_v4._gs
2016-09-07 14:10:44: Save State File sftp://cloudrimalaya.ddns.net/shares/anonymous/Presentation-Klakken/_gsdata_/_file_state_v4._gs
2016-09-07 14:10:44: Sync finished with 3 unresolved conflicts. Click Conflicts button to see unresolved conflicts
2016-09-07 14:10:44: Cleanup recycled files in /Volumes/SSDRimalaya/rspace/Presentation-Klakken/_gsdata_/_saved_
2016-09-07 14:10:44: Load Recycled DB: /Volumes/SSDRimalaya/rspace/Presentation-Klakken/_gsdata_/_recycled_db._gs
2016-09-07 14:10:44: Cleanup old logs in /Users/rajurim/.goodsync/_mirrors_/Volumes-SSDRimalaya-rspace-Presentation-Klakken
2016-09-07 14:10:44: Cleanup old logs in /Volumes/SSDRimalaya/rspace/Presentation-Klakken/_gsdata_
2016-09-07 14:10:45: == Sync Complete. Time: 00:00:01, Speed: 0.0/s, OK: 0, Errors: 0, Conflicts: 3
2016-09-07 14:10:45: Deleted lock file /Volumes/SSDRimalaya/rspace/Presentation-Klakken/_gsdata_/lock.gsl
2016-09-07 14:10:45: Deleted lock file sftp://cloudrimalaya.ddns.net/shares/anonymous/Presentation-Klakken/_gsdata_/lock.gsl
2016-09-07 14:10:45: 
