2016-09-07 09:00:12: Change detected [0]: t=Created path=/.Rproj.user/shared/notebooks/.rstudio-lock-41c29-MacNMBU.local-92608-0x7fff7970d000
2016-09-07 09:00:12: Change detected [0]: t=Modified path=/.Rproj.user/CA561311/sdb/s-B9CCC527/2EFE8958
2016-09-07 09:00:12: Change detected [0]: t=Modified path=/.Rproj.user/CA561311/sdb/prop/5087E748
2016-09-07 09:00:12: Connected to: /Volumes/SSDRimalaya/rspace/Presentation-Klakken: fs=EXFAT dev=/dev/disk2s1 mount=/Volumes/SSDRimalaya: hfs=0 fat=0 netshare=0
2016-09-07 09:00:14: Connected to: sftp://cloudrimalaya.ddns.net/shares/anonymous/Presentation-Klakken: SSH-2.0-OpenSSH_6.6.1p1 Ubuntu-2ubuntu2.8: SFTP ver 3
2016-09-07 09:00:14: Incremental Analyze for On File Change
2016-09-07 09:00:14: -- Analysis Started by On File Change Incremental, Under Runner
2016-09-07 09:00:14: SyncKlakken: ANALYSIS started by On File Change Incremental, Under Runner on 'MacNMBU' (GoodSync 5.5.6.6)
2016-09-07 09:00:14: /Volumes/SSDRimalaya/rspace/Presentation-Klakken [TmpDest] <-> sftp://cloudrimalaya.ddns.net/shares/anonymous/Presentation-Klakken [TmpDest], SavePrevVers, CleanupPrevVers=30d, WaitForLocksMinutes=20, LinksCopy, ReconnectSecs=120, ChangeLimit=50, AutoClear
2016-09-07 09:00:14: Exclude Hidden, Exclude System, Exclude name *._gstmp|/System Volume Information|Thumbs.db|.DS_Store 
2016-09-07 09:00:14: Locking folder /Volumes/SSDRimalaya/rspace/Presentation-Klakken for write
2016-09-07 09:00:14: Change in: /Volumes/SSDRimalaya/rspace/Presentation-Klakken/.git/index.lock
2016-09-07 09:00:14: Change in: /Volumes/SSDRimalaya/rspace/Presentation-Klakken/.Rproj.user/shared/notebooks/.rstudio-lock-41c29-MacNMBU.local-92608-0x7fff7970d000
2016-09-07 09:00:14: Change in: /Volumes/SSDRimalaya/rspace/Presentation-Klakken/.Rproj.user/CA561311/sdb/s-B9CCC527/2EFE8958
2016-09-07 09:00:14: Change in: /Volumes/SSDRimalaya/rspace/Presentation-Klakken/.Rproj.user/CA561311/sdb/prop/5087E748
2016-09-07 09:00:14: Change in: /Volumes/SSDRimalaya/rspace/Presentation-Klakken/.git/index.lock
2016-09-07 09:00:14: Change in: /Volumes/SSDRimalaya/rspace/Presentation-Klakken/.Rproj.user/shared/notebooks/.rstudio-lock-41c29-MacNMBU.local-92608-0x7fff7970d000
2016-09-07 09:00:14: Change in: /Volumes/SSDRimalaya/rspace/Presentation-Klakken/.Rproj.user/CA561311/sdb/s-B9CCC527/2EFE8958
2016-09-07 09:00:14: Change in: /Volumes/SSDRimalaya/rspace/Presentation-Klakken/.Rproj.user/CA561311/sdb/prop/5087E748
2016-09-07 09:00:14: Locking folder sftp://cloudrimalaya.ddns.net/shares/anonymous/Presentation-Klakken for write
2016-09-07 09:00:14: On disk file:// space required for sync is 0.0, you have 135.5 GB
2016-09-07 09:00:14: On disk sftp://cloudrimalaya.ddns.net space required for sync is 4.0 KB, free space is unknown
2016-09-07 09:00:14: Analyze has finished with Conflicts. Resolve Conflicts by selecting the correct sync direction, then click Sync
2016-09-07 09:00:14: Changes: 4, Conflicts: 3, CopyTime: 0, CopyState: 0/0, Errors: 0, All: 133
2016-09-07 09:00:14: Left to Right: Copy File: 1 
2016-09-07 09:00:14: -- Analysis Complete. Time 00:00:03, Speed: 12 files/s
2016-09-07 09:00:14: == Sync Started by On File Change Incremental, Under Runner
2016-09-07 09:00:14: SyncKlakken: SYNC started by On File Change Incremental, Under Runner on 'MacNMBU'
2016-09-07 09:00:14: /Volumes/SSDRimalaya/rspace/Presentation-Klakken [TmpDest] <-> sftp://cloudrimalaya.ddns.net/shares/anonymous/Presentation-Klakken [TmpDest], SavePrevVers, CleanupPrevVers=30d, WaitForLocksMinutes=20, LinksCopy, ReconnectSecs=120, ChangeLimit=50, AutoClear
2016-09-07 09:00:14: Fraction of files changed (excluding renames) is low enough to perform Auto Sync: 11% (4 / 36) < 50%
2016-09-07 09:00:15: Change detected [0]: t=Created path=/.Rproj.user/shared/notebooks/.rstudio-lock-41c29-MacNMBU.local-92608-0x7fff7970d000
2016-09-07 09:00:15: Change detected [0]: t=Modified path=/.Rproj.user/CA561311/sdb/s-B9CCC527/2EFE8958
2016-09-07 09:00:15: Change detected [0]: t=Modified path=/.Rproj.user/CA561311/sdb/prop/5087E748
2016-09-07 09:00:15: Change detected [0]: t=Created path=/.git/index.lock
2016-09-07 09:00:15: Load Recycled DB: sftp://cloudrimalaya.ddns.net/shares/anonymous/Presentation-Klakken/_gsdata_/_recycled_db._gs
2016-09-07 09:00:15: /Volumes/SSDRimalaya/rspace/Presentation-Klakken/.Rproj.user/CA561311/sdb/s-B9CCC527/2EFE8958: Source file has changed between Analyze and Sync from '[file] size=3790 accu-time=2016-09-07 09:00:12 attr=777' to 'size=3798 time=2016-09-07 09:00:14', noted in source file state
2016-09-07 09:00:15: Copy Over '/Volumes/SSDRimalaya/rspace/Presentation-Klakken/.Rproj.user/CA561311/sdb/s-B9CCC527/2EFE8958' -> 'sftp://cloudrimalaya.ddns.net/shares/anonymous/Presentation-Klakken/.Rproj.user/CA561311/sdb/s-B9CCC527/2EFE8958'
2016-09-07 09:00:15: /Main.pdf: unresolved conflict results in No Copy
2016-09-07 09:00:15: /Main.tex: unresolved conflict results in No Copy
2016-09-07 09:00:15: /Main.utf8.md: unresolved conflict results in No Copy
2016-09-07 09:00:15: Save State File /Volumes/SSDRimalaya/rspace/Presentation-Klakken/_gsdata_/_file_state_v4._gs
2016-09-07 09:00:16: Save State File sftp://cloudrimalaya.ddns.net/shares/anonymous/Presentation-Klakken/_gsdata_/_file_state_v4._gs
2016-09-07 09:00:16: Sync finished with 3 unresolved conflicts. Click Conflicts button to see unresolved conflicts
2016-09-07 09:00:16: Cleanup recycled files in /Volumes/SSDRimalaya/rspace/Presentation-Klakken/_gsdata_/_saved_
2016-09-07 09:00:16: Load Recycled DB: /Volumes/SSDRimalaya/rspace/Presentation-Klakken/_gsdata_/_recycled_db._gs
2016-09-07 09:00:16: Cleanup old logs in /Users/rajurim/.goodsync/_mirrors_/Volumes-SSDRimalaya-rspace-Presentation-Klakken
2016-09-07 09:00:16: Cleanup old logs in /Volumes/SSDRimalaya/rspace/Presentation-Klakken/_gsdata_
2016-09-07 09:00:16: Save Recycled DB: sftp://cloudrimalaya.ddns.net/shares/anonymous/Presentation-Klakken/_gsdata_/_recycled_db._gs
2016-09-07 09:00:16: == Sync Complete. Time: 00:00:02, Speed: 7.8 KB/s, OK: 1, Errors: 0, Conflicts: 3
2016-09-07 09:00:17: Change detected [0]: t=Created path=/.git/index.lock
2016-09-07 09:00:17: --- Do one more Analyze to get latest changes of this Sync ---
2016-09-07 09:00:17: -- Analysis Started by On File Change PostSync Re-Analyze, Under Runner
2016-09-07 09:00:17: SyncKlakken: ANALYSIS started by On File Change PostSync Re-Analyze, Under Runner on 'MacNMBU' (GoodSync 5.5.6.6)
2016-09-07 09:00:17: /Volumes/SSDRimalaya/rspace/Presentation-Klakken [TmpDest] <-> sftp://cloudrimalaya.ddns.net/shares/anonymous/Presentation-Klakken [TmpDest], SavePrevVers, CleanupPrevVers=30d, WaitForLocksMinutes=20, LinksCopy, ReconnectSecs=120, ChangeLimit=50, AutoClear
2016-09-07 09:00:17: Exclude Hidden, Exclude System, Exclude name *._gstmp|/System Volume Information|Thumbs.db|.DS_Store 
2016-09-07 09:00:17: Change in: /Volumes/SSDRimalaya/rspace/Presentation-Klakken/.Rproj.user/shared/notebooks/.rstudio-lock-41c29-MacNMBU.local-92608-0x7fff7970d000
2016-09-07 09:00:17: Change in: /Volumes/SSDRimalaya/rspace/Presentation-Klakken/.Rproj.user/CA561311/sdb/s-B9CCC527/2EFE8958
2016-09-07 09:00:17: Change in: /Volumes/SSDRimalaya/rspace/Presentation-Klakken/.Rproj.user/CA561311/sdb/prop/5087E748
2016-09-07 09:00:17: Change in: /Volumes/SSDRimalaya/rspace/Presentation-Klakken/.git/index.lock
2016-09-07 09:00:17: Change in: /Volumes/SSDRimalaya/rspace/Presentation-Klakken/.git/index.lock
2016-09-07 09:00:17: On disk file:// space required for sync is 0.0, you have 135.5 GB
2016-09-07 09:00:17: On disk sftp://cloudrimalaya.ddns.net space required for sync is 4.0 KB, free space is unknown
2016-09-07 09:00:17: Analyze has finished with Conflicts. Resolve Conflicts by selecting the correct sync direction, then click Sync
2016-09-07 09:00:17: Changes: 4, Conflicts: 3, CopyTime: 0, CopyState: 0/0, Errors: 0, All: 133
2016-09-07 09:00:17: Left to Right: Copy File: 1 
2016-09-07 09:00:17: -- Analysis Complete. Time 00:00:03, Speed: 12 files/s
2016-09-07 09:00:17: == Sync Started by On File Change PostSync Re-Analyze, Under Runner
2016-09-07 09:00:17: SyncKlakken: SYNC started by On File Change PostSync Re-Analyze, Under Runner on 'MacNMBU'
2016-09-07 09:00:17: /Volumes/SSDRimalaya/rspace/Presentation-Klakken [TmpDest] <-> sftp://cloudrimalaya.ddns.net/shares/anonymous/Presentation-Klakken [TmpDest], SavePrevVers, CleanupPrevVers=30d, WaitForLocksMinutes=20, LinksCopy, ReconnectSecs=120, ChangeLimit=50, AutoClear
2016-09-07 09:00:17: Fraction of files changed (excluding renames) is low enough to perform Auto Sync: 11% (4 / 36) < 50%
2016-09-07 09:00:17: Load Recycled DB: sftp://cloudrimalaya.ddns.net/shares/anonymous/Presentation-Klakken/_gsdata_/_recycled_db._gs
2016-09-07 09:00:18: Copy Over '/Volumes/SSDRimalaya/rspace/Presentation-Klakken/.Rproj.user/CA561311/sdb/s-B9CCC527/2EFE8958' -> 'sftp://cloudrimalaya.ddns.net/shares/anonymous/Presentation-Klakken/.Rproj.user/CA561311/sdb/s-B9CCC527/2EFE8958'
2016-09-07 09:00:18: /Main.pdf: unresolved conflict results in No Copy
2016-09-07 09:00:18: /Main.tex: unresolved conflict results in No Copy
2016-09-07 09:00:18: /Main.utf8.md: unresolved conflict results in No Copy
2016-09-07 09:00:18: Save State File /Volumes/SSDRimalaya/rspace/Presentation-Klakken/_gsdata_/_file_state_v4._gs
2016-09-07 09:00:18: Save State File sftp://cloudrimalaya.ddns.net/shares/anonymous/Presentation-Klakken/_gsdata_/_file_state_v4._gs
2016-09-07 09:00:18: Sync finished with 3 unresolved conflicts. Click Conflicts button to see unresolved conflicts
2016-09-07 09:00:18: Cleanup recycled files in /Volumes/SSDRimalaya/rspace/Presentation-Klakken/_gsdata_/_saved_
2016-09-07 09:00:18: Load Recycled DB: /Volumes/SSDRimalaya/rspace/Presentation-Klakken/_gsdata_/_recycled_db._gs
2016-09-07 09:00:18: Cleanup old logs in /Users/rajurim/.goodsync/_mirrors_/Volumes-SSDRimalaya-rspace-Presentation-Klakken
2016-09-07 09:00:18: Cleanup old logs in /Volumes/SSDRimalaya/rspace/Presentation-Klakken/_gsdata_
2016-09-07 09:00:18: Change detected [0]: t=Created path=/.git/index.lock
2016-09-07 09:00:18: Change detected [0]: t=Modified path=/Main.Rmd
2016-09-07 09:00:18: Change detected [0]: t=Created path=/.Rproj.user/shared/notebooks/.rstudio-lock-41c29-MacNMBU.local-92608-0x7fff7970d000
2016-09-07 09:00:18: Change detected [0]: t=Modified path=/.Rproj.user/CA561311/sdb/s-B9CCC527/2EFE8958
2016-09-07 09:00:18: Change detected [0]: t=Modified path=/.Rproj.user/CA561311/sdb/prop/5087E748
2016-09-07 09:00:18: Save Recycled DB: sftp://cloudrimalaya.ddns.net/shares/anonymous/Presentation-Klakken/_gsdata_/_recycled_db._gs
2016-09-07 09:00:18: == Sync Complete. Time: 00:00:01, Speed: 7.8 KB/s, OK: 1, Errors: 0, Conflicts: 3
2016-09-07 09:00:18: Deleted lock file /Volumes/SSDRimalaya/rspace/Presentation-Klakken/_gsdata_/lock.gsl
2016-09-07 09:00:18: Deleted lock file sftp://cloudrimalaya.ddns.net/shares/anonymous/Presentation-Klakken/_gsdata_/lock.gsl
2016-09-07 09:00:18: 
