2016-09-07 22:55:46: Connected to: /Volumes/SSDRimalaya/rspace/Presentation-Klakken: fs=EXFAT dev=/dev/disk2s1 mount=/Volumes/SSDRimalaya: hfs=0 fat=0 netshare=0
2016-09-07 22:55:48: Connected to: sftp://cloudrimalaya.ddns.net/shares/anonymous/Presentation-Klakken: SSH-2.0-OpenSSH_6.6.1p1 Ubuntu-2ubuntu2.8: SFTP ver 3
2016-09-07 22:55:48: First Full Analyze for On File Change
2016-09-07 22:55:48: -- Analysis Started by On File Change 1st Full Analyze, Under Runner
2016-09-07 22:55:48: SyncKlakken: ANALYSIS started by On File Change 1st Full Analyze, Under Runner on 'MacNMBU' (GoodSync 5.5.6.6)
2016-09-07 22:55:48: /Volumes/SSDRimalaya/rspace/Presentation-Klakken [TmpDest] <-> sftp://cloudrimalaya.ddns.net/shares/anonymous/Presentation-Klakken [TmpDest], SavePrevVers, CleanupPrevVers=30d, WaitForLocksMinutes=20, LinksCopy, ReconnectSecs=120, ChangeLimit=50, AutoClear
2016-09-07 22:55:48: Exclude Hidden, Exclude System, Exclude name *._gstmp|/System Volume Information|Thumbs.db|.DS_Store 
2016-09-07 22:55:48: Locking folder /Volumes/SSDRimalaya/rspace/Presentation-Klakken for write
2016-09-07 22:55:48: L: Reading State File /Volumes/SSDRimalaya/rspace/Presentation-Klakken/_gsdata_/_file_state_v4._gs
2016-09-07 22:55:48: L: Files: 17 (excluded 3). Folders: 2 (excluded 3). Times (s): Folder Scan: 0.007 (3571 f/s), Compare: 0.000 fs=EXFAT dev=/dev/disk2s1 mount=/Volumes/SSDRimalaya, Free: 134.9 GB, Total: 232.9 GB
2016-09-07 22:55:48: Locking folder sftp://cloudrimalaya.ddns.net/shares/anonymous/Presentation-Klakken for write
2016-09-07 22:55:49: R: Reading State File sftp://cloudrimalaya.ddns.net/shares/anonymous/Presentation-Klakken/_gsdata_/_file_state_v4._gs
2016-09-07 22:55:50: R: Files: 18 (excluded 1). Folders: 3 (excluded 1). Times (s): Folder Scan: 0.009 (2555 f/s), Compare: 0.000 SSH-2.0-OpenSSH_6.6.1p1 Ubuntu-2ubuntu2.8
2016-09-07 22:55:50: /Main.pdf: Conflict: File Modified on Both Sides
2016-09-07 22:55:50: /Main.tex: Conflict: File Modified on Both Sides
2016-09-07 22:55:50: On disk file:// space required for sync is 0.0, you have 134.9 GB
2016-09-07 22:55:50: On disk sftp://cloudrimalaya.ddns.net space required for sync is 0.0, free space is unknown
2016-09-07 22:55:50: Analyze has finished with Conflicts. Resolve Conflicts by selecting the correct sync direction, then click Sync
2016-09-07 22:55:50: Changes: 2, Conflicts: 2, CopyTime: 0, CopyState: 0/0, Errors: 0, All: 147
2016-09-07 22:55:50: -- Analysis Complete. Time 00:00:05, Speed: 5 files/s
2016-09-07 22:55:50: == Sync Started by On File Change 1st Full Analyze, Under Runner
2016-09-07 22:55:50: SyncKlakken: SYNC started by On File Change 1st Full Analyze, Under Runner on 'MacNMBU'
2016-09-07 22:55:50: /Volumes/SSDRimalaya/rspace/Presentation-Klakken [TmpDest] <-> sftp://cloudrimalaya.ddns.net/shares/anonymous/Presentation-Klakken [TmpDest], SavePrevVers, CleanupPrevVers=30d, WaitForLocksMinutes=20, LinksCopy, ReconnectSecs=120, ChangeLimit=50, AutoClear
2016-09-07 22:55:50: Fraction of files changed (excluding renames) is low enough to perform Auto Sync: 7% (2 / 26) < 50%
2016-09-07 22:55:50: /Main.pdf: unresolved conflict results in No Copy
2016-09-07 22:55:50: /Main.tex: unresolved conflict results in No Copy
2016-09-07 22:55:50: Save State File /Volumes/SSDRimalaya/rspace/Presentation-Klakken/_gsdata_/_file_state_v4._gs
2016-09-07 22:55:50: Save State File sftp://cloudrimalaya.ddns.net/shares/anonymous/Presentation-Klakken/_gsdata_/_file_state_v4._gs
2016-09-07 22:55:50: Sync finished with 2 unresolved conflicts. Click Conflicts button to see unresolved conflicts
2016-09-07 22:55:50: Cleanup recycled files in /Volumes/SSDRimalaya/rspace/Presentation-Klakken/_gsdata_/_saved_
2016-09-07 22:55:50: Load Recycled DB: /Volumes/SSDRimalaya/rspace/Presentation-Klakken/_gsdata_/_recycled_db._gs
2016-09-07 22:55:50: Cleanup old logs in /Users/rajurim/.goodsync/_mirrors_/Volumes-SSDRimalaya-rspace-Presentation-Klakken
2016-09-07 22:55:51: Cleanup old logs in /Volumes/SSDRimalaya/rspace/Presentation-Klakken/_gsdata_
2016-09-07 22:55:51: == Sync Complete. Time: 00:00:01, Speed: 0.0/s, OK: 0, Errors: 0, Conflicts: 2
2016-09-07 22:55:51: Deleted lock file /Volumes/SSDRimalaya/rspace/Presentation-Klakken/_gsdata_/lock.gsl
2016-09-07 22:55:51: Deleted lock file sftp://cloudrimalaya.ddns.net/shares/anonymous/Presentation-Klakken/_gsdata_/lock.gsl
2016-09-07 22:55:51: 
