2016-09-07 08:23:31: Change detected [0]: t=Created path=/.git/index.lock
2016-09-07 08:23:31: Change detected [0]: t=Created path=/Main.knit.md
2016-09-07 08:23:31: Change detected [0]: t=Created path=/Main.utf8.md
2016-09-07 08:23:32: Connected to: /Volumes/SSDRimalaya/rspace/Presentation-Klakken: fs=EXFAT dev=/dev/disk2s1 mount=/Volumes/SSDRimalaya: hfs=0 fat=0 netshare=0
2016-09-07 08:23:33: Connected to: sftp://cloudrimalaya.ddns.net/shares/anonymous/Presentation-Klakken: SSH-2.0-OpenSSH_6.6.1p1 Ubuntu-2ubuntu2.8: SFTP ver 3
2016-09-07 08:23:34: Incremental Analyze for On File Change
2016-09-07 08:23:34: -- Analysis Started by On File Change Incremental, Under Runner
2016-09-07 08:23:34: SyncKlakken: ANALYSIS started by On File Change Incremental, Under Runner on 'MacNMBU' (GoodSync 5.5.6.6)
2016-09-07 08:23:34: /Volumes/SSDRimalaya/rspace/Presentation-Klakken [TmpDest] <-> sftp://cloudrimalaya.ddns.net/shares/anonymous/Presentation-Klakken [TmpDest], SavePrevVers, CleanupPrevVers=30d, WaitForLocksMinutes=20, LinksCopy, ReconnectSecs=120, ChangeLimit=50, AutoClear
2016-09-07 08:23:34: Exclude Hidden, Exclude System, Exclude name *._gstmp|/System Volume Information|Thumbs.db|.DS_Store 
2016-09-07 08:23:34: Locking folder /Volumes/SSDRimalaya/rspace/Presentation-Klakken for write
2016-09-07 08:23:34: Change in: /Volumes/SSDRimalaya/rspace/Presentation-Klakken/.git/index.lock
2016-09-07 08:23:34: Change in: /Volumes/SSDRimalaya/rspace/Presentation-Klakken/.git/index.lock
2016-09-07 08:23:34: Change in: /Volumes/SSDRimalaya/rspace/Presentation-Klakken/.git/index.lock
2016-09-07 08:23:34: Change in: /Volumes/SSDRimalaya/rspace/Presentation-Klakken/Main.Rmd
2016-09-07 08:23:34: Change in: /Volumes/SSDRimalaya/rspace/Presentation-Klakken/.Rproj.user/shared/notebooks/.rstudio-lock-41c29-MacNMBU.local-85690-0x7fff7970d000
2016-09-07 08:23:34: Change in: /Volumes/SSDRimalaya/rspace/Presentation-Klakken/.Rproj.user/CA561311/sdb/s-753BD898/2EFE8958
2016-09-07 08:23:34: Change in: /Volumes/SSDRimalaya/rspace/Presentation-Klakken/.Rproj.user/CA561311/sdb/prop/5087E748
2016-09-07 08:23:34: Change in: /Volumes/SSDRimalaya/rspace/Presentation-Klakken/.git/index.lock
2016-09-07 08:23:34: Change in: /Volumes/SSDRimalaya/rspace/Presentation-Klakken/Main.knit.md
2016-09-07 08:23:34: Change in: /Volumes/SSDRimalaya/rspace/Presentation-Klakken/Main.utf8.md
2016-09-07 08:23:34: Locking folder sftp://cloudrimalaya.ddns.net/shares/anonymous/Presentation-Klakken for write
2016-09-07 08:23:34: On disk file:// space required for sync is 0.0, you have 135.5 GB
2016-09-07 08:23:34: On disk sftp://cloudrimalaya.ddns.net space required for sync is 13.0 KB, free space is unknown
2016-09-07 08:23:34: Analyze has finished with Conflicts. Resolve Conflicts by selecting the correct sync direction, then click Sync
2016-09-07 08:23:34: Changes: 6, Conflicts: 2, CopyTime: 0, CopyState: 0/0, Errors: 0, All: 130
2016-09-07 08:23:34: Left to Right: Copy File: 4 
2016-09-07 08:23:34: -- Analysis Complete. Time 00:00:03, Speed: 12 files/s
2016-09-07 08:23:34: == Sync Started by On File Change Incremental, Under Runner
2016-09-07 08:23:34: SyncKlakken: SYNC started by On File Change Incremental, Under Runner on 'MacNMBU'
2016-09-07 08:23:34: /Volumes/SSDRimalaya/rspace/Presentation-Klakken [TmpDest] <-> sftp://cloudrimalaya.ddns.net/shares/anonymous/Presentation-Klakken [TmpDest], SavePrevVers, CleanupPrevVers=30d, WaitForLocksMinutes=20, LinksCopy, ReconnectSecs=120, ChangeLimit=50, AutoClear
2016-09-07 08:23:34: Fraction of files changed (excluding renames) is low enough to perform Auto Sync: 16% (6 / 37) < 50%
2016-09-07 08:23:35: Load Recycled DB: sftp://cloudrimalaya.ddns.net/shares/anonymous/Presentation-Klakken/_gsdata_/_recycled_db._gs
2016-09-07 08:23:35: Change detected [0]: t=Created path=/.git/index.lock
2016-09-07 08:23:35: Change detected [0]: t=Created path=/Main.knit.md
2016-09-07 08:23:35: Change detected [0]: t=Created path=/Main.utf8.md
2016-09-07 08:23:35: Copy Over '/Volumes/SSDRimalaya/rspace/Presentation-Klakken/.Rproj.user/CA561311/sdb/s-753BD898/2EFE8958' -> 'sftp://cloudrimalaya.ddns.net/shares/anonymous/Presentation-Klakken/.Rproj.user/CA561311/sdb/s-753BD898/2EFE8958'
2016-09-07 08:23:35: Copy New '/Volumes/SSDRimalaya/rspace/Presentation-Klakken/Main.knit.md' -> 'sftp://cloudrimalaya.ddns.net/shares/anonymous/Presentation-Klakken/Main.knit.md'
- ERROR: Error copying file: Cannot open file '/Volumes/SSDRimalaya/rspace/Presentation-Klakken/Main.knit.md' for read: No such file or directory (error 2)
2016-09-07 08:23:35: /Main.pdf: unresolved conflict results in No Copy
2016-09-07 08:23:36: Copy Over '/Volumes/SSDRimalaya/rspace/Presentation-Klakken/Main.Rmd' -> 'sftp://cloudrimalaya.ddns.net/shares/anonymous/Presentation-Klakken/Main.Rmd'
2016-09-07 08:23:36: /Main.tex: unresolved conflict results in No Copy
2016-09-07 08:23:36: Copy New '/Volumes/SSDRimalaya/rspace/Presentation-Klakken/Main.utf8.md' -> 'sftp://cloudrimalaya.ddns.net/shares/anonymous/Presentation-Klakken/Main.utf8.md'
- ERROR: Error copying file: Cannot open file '/Volumes/SSDRimalaya/rspace/Presentation-Klakken/Main.utf8.md' for read: No such file or directory (error 2)
2016-09-07 08:23:36: Save State File /Volumes/SSDRimalaya/rspace/Presentation-Klakken/_gsdata_/_file_state_v4._gs
2016-09-07 08:23:36: Save State File sftp://cloudrimalaya.ddns.net/shares/anonymous/Presentation-Klakken/_gsdata_/_file_state_v4._gs
2016-09-07 08:23:36: Sync finished with 2 errors. Click Errors button to see sync errors
2016-09-07 08:23:36: Cleanup recycled files in /Volumes/SSDRimalaya/rspace/Presentation-Klakken/_gsdata_/_saved_
2016-09-07 08:23:36: Load Recycled DB: /Volumes/SSDRimalaya/rspace/Presentation-Klakken/_gsdata_/_recycled_db._gs
2016-09-07 08:23:36: Cleanup old logs in /Users/rajurim/.goodsync/_mirrors_/Volumes-SSDRimalaya-rspace-Presentation-Klakken
2016-09-07 08:23:36: Cleanup old logs in /Volumes/SSDRimalaya/rspace/Presentation-Klakken/_gsdata_
2016-09-07 08:23:36: Save Recycled DB: sftp://cloudrimalaya.ddns.net/shares/anonymous/Presentation-Klakken/_gsdata_/_recycled_db._gs
2016-09-07 08:23:36: == Sync Complete. Time: 00:00:02, Speed: 4.6 KB/s, OK: 2, Errors: 2, Conflicts: 2
2016-09-07 08:23:37: Change detected [0]: t=Created path=/.git/index.lock
2016-09-07 08:23:37: --- Do one more Analyze to get latest changes of this Sync ---
2016-09-07 08:23:37: -- Analysis Started by On File Change PostSync Re-Analyze, Under Runner
2016-09-07 08:23:37: SyncKlakken: ANALYSIS started by On File Change PostSync Re-Analyze, Under Runner on 'MacNMBU' (GoodSync 5.5.6.6)
2016-09-07 08:23:37: /Volumes/SSDRimalaya/rspace/Presentation-Klakken [TmpDest] <-> sftp://cloudrimalaya.ddns.net/shares/anonymous/Presentation-Klakken [TmpDest], SavePrevVers, CleanupPrevVers=30d, WaitForLocksMinutes=20, LinksCopy, ReconnectSecs=120, ChangeLimit=50, AutoClear
2016-09-07 08:23:37: Exclude Hidden, Exclude System, Exclude name *._gstmp|/System Volume Information|Thumbs.db|.DS_Store 
2016-09-07 08:23:37: Change in: /Volumes/SSDRimalaya/rspace/Presentation-Klakken/.git/index.lock
2016-09-07 08:23:37: Change in: /Volumes/SSDRimalaya/rspace/Presentation-Klakken/Main.knit.md
2016-09-07 08:23:37: Change in: /Volumes/SSDRimalaya/rspace/Presentation-Klakken/Main.utf8.md
2016-09-07 08:23:37: Change in: /Volumes/SSDRimalaya/rspace/Presentation-Klakken/.git/index.lock
2016-09-07 08:23:37: Change in: /Volumes/SSDRimalaya/rspace/Presentation-Klakken/Main.knit.md
2016-09-07 08:23:37: Change in: /Volumes/SSDRimalaya/rspace/Presentation-Klakken/Main.utf8.md
2016-09-07 08:23:37: Change in: sftp://cloudrimalaya.ddns.net/shares/anonymous/Presentation-Klakken/Main.knit.md
2016-09-07 08:23:38: Change in: sftp://cloudrimalaya.ddns.net/shares/anonymous/Presentation-Klakken/Main.utf8.md
2016-09-07 08:23:38: On disk file:// space required for sync is 0.0, you have 135.5 GB
2016-09-07 08:23:38: On disk sftp://cloudrimalaya.ddns.net space required for sync is 0.0, free space is unknown
2016-09-07 08:23:38: Analyze has finished with Conflicts. Resolve Conflicts by selecting the correct sync direction, then click Sync
2016-09-07 08:23:38: Changes: 2, Conflicts: 2, CopyTime: 0, CopyState: 0/2, Errors: 0, All: 130
2016-09-07 08:23:38: -- Analysis Complete. Time 00:00:04, Speed: 8 files/s
2016-09-07 08:23:38: == Sync Started by On File Change PostSync Re-Analyze, Under Runner
2016-09-07 08:23:38: SyncKlakken: SYNC started by On File Change PostSync Re-Analyze, Under Runner on 'MacNMBU'
2016-09-07 08:23:38: /Volumes/SSDRimalaya/rspace/Presentation-Klakken [TmpDest] <-> sftp://cloudrimalaya.ddns.net/shares/anonymous/Presentation-Klakken [TmpDest], SavePrevVers, CleanupPrevVers=30d, WaitForLocksMinutes=20, LinksCopy, ReconnectSecs=120, ChangeLimit=50, AutoClear
2016-09-07 08:23:38: Fraction of files changed (excluding renames) is low enough to perform Auto Sync: 5% (2 / 35) < 50%
2016-09-07 08:23:38: Sync State Merge: /Main.knit.md
2016-09-07 08:23:38: Sync State Merge: /Main.utf8.md
2016-09-07 08:23:38: /Main.pdf: unresolved conflict results in No Copy
2016-09-07 08:23:38: /Main.tex: unresolved conflict results in No Copy
2016-09-07 08:23:38: Save State File /Volumes/SSDRimalaya/rspace/Presentation-Klakken/_gsdata_/_file_state_v4._gs
2016-09-07 08:23:38: Save State File sftp://cloudrimalaya.ddns.net/shares/anonymous/Presentation-Klakken/_gsdata_/_file_state_v4._gs
2016-09-07 08:23:38: Sync finished with 2 unresolved conflicts. Click Conflicts button to see unresolved conflicts
2016-09-07 08:23:38: Cleanup recycled files in /Volumes/SSDRimalaya/rspace/Presentation-Klakken/_gsdata_/_saved_
2016-09-07 08:23:38: Load Recycled DB: /Volumes/SSDRimalaya/rspace/Presentation-Klakken/_gsdata_/_recycled_db._gs
2016-09-07 08:23:38: Cleanup old logs in /Users/rajurim/.goodsync/_mirrors_/Volumes-SSDRimalaya-rspace-Presentation-Klakken
2016-09-07 08:23:38: Cleanup old logs in /Volumes/SSDRimalaya/rspace/Presentation-Klakken/_gsdata_
2016-09-07 08:23:38: == Sync Complete. Time: 00:00:00, Speed: 0.0/s, OK: 2, Errors: 0, Conflicts: 2
2016-09-07 08:23:38: Deleted lock file /Volumes/SSDRimalaya/rspace/Presentation-Klakken/_gsdata_/lock.gsl
2016-09-07 08:23:38: Deleted lock file sftp://cloudrimalaya.ddns.net/shares/anonymous/Presentation-Klakken/_gsdata_/lock.gsl
2016-09-07 08:23:38: 
