2016-09-07 08:14:28: Connected to: /Volumes/SSDRimalaya/rspace/Presentation-Klakken: fs=EXFAT dev=/dev/disk2s1 mount=/Volumes/SSDRimalaya: hfs=0 fat=0 netshare=0
2016-09-07 08:14:29: Change detected [0]: t=Modified path=/Main.pdf
2016-09-07 08:14:30: Connected to: sftp://cloudrimalaya.ddns.net/shares/anonymous/Presentation-Klakken: SSH-2.0-OpenSSH_6.6.1p1 Ubuntu-2ubuntu2.8: SFTP ver 3
2016-09-07 08:14:30: Incremental Analyze for On File Change
2016-09-07 08:14:30: -- Analysis Started by On File Change Incremental, Under Runner
2016-09-07 08:14:30: SyncKlakken: ANALYSIS started by On File Change Incremental, Under Runner on 'MacNMBU' (GoodSync 5.5.6.6)
2016-09-07 08:14:30: /Volumes/SSDRimalaya/rspace/Presentation-Klakken [TmpDest] <-> sftp://cloudrimalaya.ddns.net/shares/anonymous/Presentation-Klakken [TmpDest], SavePrevVers, CleanupPrevVers=30d, WaitForLocksMinutes=20, LinksCopy, ReconnectSecs=120, ChangeLimit=50, AutoClear
2016-09-07 08:14:30: Exclude Hidden, Exclude System, Exclude name *._gstmp|/System Volume Information|Thumbs.db|.DS_Store 
2016-09-07 08:14:30: Locking folder /Volumes/SSDRimalaya/rspace/Presentation-Klakken for write
2016-09-07 08:14:30: Change in: /Volumes/SSDRimalaya/rspace/Presentation-Klakken/Main.Rmd
2016-09-07 08:14:30: Change in: /Volumes/SSDRimalaya/rspace/Presentation-Klakken/.Rproj.user/shared/notebooks/.rstudio-lock-41c29-MacNMBU.local-85690-0x7fff7970d000
2016-09-07 08:14:30: Change in: /Volumes/SSDRimalaya/rspace/Presentation-Klakken/.Rproj.user/CA561311/sdb/s-753BD898/2EFE8958
2016-09-07 08:14:30: Change in: /Volumes/SSDRimalaya/rspace/Presentation-Klakken/.Rproj.user/CA561311/sdb/prop/5087E748
2016-09-07 08:14:30: Change in: /Volumes/SSDRimalaya/rspace/Presentation-Klakken/.git/index.lock
2016-09-07 08:14:30: Change in: /Volumes/SSDRimalaya/rspace/Presentation-Klakken/Main.knit.md
2016-09-07 08:14:30: Change in: /Volumes/SSDRimalaya/rspace/Presentation-Klakken/Main.utf8.md
2016-09-07 08:14:30: Change in: /Volumes/SSDRimalaya/rspace/Presentation-Klakken/.git/index.lock
2016-09-07 08:14:30: Change in: /Volumes/SSDRimalaya/rspace/Presentation-Klakken/.git/index.lock
2016-09-07 08:14:30: Change in: /Volumes/SSDRimalaya/rspace/Presentation-Klakken/.git/index.lock
2016-09-07 08:14:30: Change in: /Volumes/SSDRimalaya/rspace/Presentation-Klakken/numeric.cls
2016-09-07 08:14:30: Change in: /Volumes/SSDRimalaya/rspace/Presentation-Klakken/numeric.csl
2016-09-07 08:14:30: Locking folder sftp://cloudrimalaya.ddns.net/shares/anonymous/Presentation-Klakken for write
2016-09-07 08:14:30: Change in: sftp://cloudrimalaya.ddns.net/shares/anonymous/Presentation-Klakken/numeric.cls
2016-09-07 08:14:30: Change in: sftp://cloudrimalaya.ddns.net/shares/anonymous/Presentation-Klakken/numeric.csl
2016-09-07 08:14:30: On disk file:// space required for sync is 0.0, you have 135.5 GB
2016-09-07 08:14:30: On disk sftp://cloudrimalaya.ddns.net space required for sync is 9.0 KB, free space is unknown
2016-09-07 08:14:30: Analyze has finished with Conflicts. Resolve Conflicts by selecting the correct sync direction, then click Sync
2016-09-07 08:14:30: Changes: 5, Conflicts: 2, CopyTime: 0, CopyState: 0/1, Errors: 0, All: 129
2016-09-07 08:14:30: Left to Right: Copy File: 3 
2016-09-07 08:14:30: -- Analysis Complete. Time 00:00:03, Speed: 11 files/s
2016-09-07 08:14:30: == Sync Started by On File Change Incremental, Under Runner
2016-09-07 08:14:30: SyncKlakken: SYNC started by On File Change Incremental, Under Runner on 'MacNMBU'
2016-09-07 08:14:30: /Volumes/SSDRimalaya/rspace/Presentation-Klakken [TmpDest] <-> sftp://cloudrimalaya.ddns.net/shares/anonymous/Presentation-Klakken [TmpDest], SavePrevVers, CleanupPrevVers=30d, WaitForLocksMinutes=20, LinksCopy, ReconnectSecs=120, ChangeLimit=50, AutoClear
2016-09-07 08:14:30: Fraction of files changed (excluding renames) is low enough to perform Auto Sync: 14% (5 / 35) < 50%
2016-09-07 08:14:30: Sync State Merge: /numeric.cls
2016-09-07 08:14:30: Load Recycled DB: sftp://cloudrimalaya.ddns.net/shares/anonymous/Presentation-Klakken/_gsdata_/_recycled_db._gs
2016-09-07 08:14:30: Copy Over '/Volumes/SSDRimalaya/rspace/Presentation-Klakken/.Rproj.user/CA561311/sdb/s-753BD898/2EFE8958' -> 'sftp://cloudrimalaya.ddns.net/shares/anonymous/Presentation-Klakken/.Rproj.user/CA561311/sdb/s-753BD898/2EFE8958'
2016-09-07 08:14:30: /Main.pdf: unresolved conflict results in No Copy
2016-09-07 08:14:30: Change detected [0]: t=Created path=/.git/index.lock
2016-09-07 08:14:30: Change detected [0]: t=Modified path=/Main.tex
2016-09-07 08:14:30: Change detected [0]: t=Created path=/Main.knit.md
2016-09-07 08:14:30: Change detected [0]: t=Created path=/Main.utf8.md
2016-09-07 08:14:30: Change detected [0]: t=Created path=/.Rproj.user/shared/notebooks/.rstudio-lock-41c29-MacNMBU.local-85690-0x7fff7970d000
2016-09-07 08:14:30: Change detected [0]: t=Modified path=/.Rproj.user/CA561311/sdb/s-753BD898/2EFE8958
2016-09-07 08:14:30: Change detected [0]: t=Modified path=/.Rproj.user/CA561311/sdb/prop/5087E748
2016-09-07 08:14:31: Copy Over '/Volumes/SSDRimalaya/rspace/Presentation-Klakken/Main.Rmd' -> 'sftp://cloudrimalaya.ddns.net/shares/anonymous/Presentation-Klakken/Main.Rmd'
2016-09-07 08:14:31: /Main.tex: unresolved conflict results in No Copy
2016-09-07 08:14:31: Copy New '/Volumes/SSDRimalaya/rspace/Presentation-Klakken/numeric.csl' -> 'sftp://cloudrimalaya.ddns.net/shares/anonymous/Presentation-Klakken/numeric.csl'
2016-09-07 08:14:31: Save State File /Volumes/SSDRimalaya/rspace/Presentation-Klakken/_gsdata_/_file_state_v4._gs
2016-09-07 08:14:31: Save State File sftp://cloudrimalaya.ddns.net/shares/anonymous/Presentation-Klakken/_gsdata_/_file_state_v4._gs
2016-09-07 08:14:31: Sync finished with 2 unresolved conflicts. Click Conflicts button to see unresolved conflicts
2016-09-07 08:14:31: Cleanup recycled files in /Volumes/SSDRimalaya/rspace/Presentation-Klakken/_gsdata_/_saved_
2016-09-07 08:14:31: Load Recycled DB: /Volumes/SSDRimalaya/rspace/Presentation-Klakken/_gsdata_/_recycled_db._gs
2016-09-07 08:14:31: Cleanup old logs in /Users/rajurim/.goodsync/_mirrors_/Volumes-SSDRimalaya-rspace-Presentation-Klakken
2016-09-07 08:14:31: Cleanup old logs in /Volumes/SSDRimalaya/rspace/Presentation-Klakken/_gsdata_
2016-09-07 08:14:31: Save Recycled DB: sftp://cloudrimalaya.ddns.net/shares/anonymous/Presentation-Klakken/_gsdata_/_recycled_db._gs
2016-09-07 08:14:31: == Sync Complete. Time: 00:00:01, Speed: 10.4 KB/s, OK: 4, Errors: 0, Conflicts: 2
2016-09-07 08:14:31: Change detected [0]: t=Created path=/.git/index.lock
2016-09-07 08:14:32: --- Do one more Analyze to get latest changes of this Sync ---
2016-09-07 08:14:32: -- Analysis Started by On File Change PostSync Re-Analyze, Under Runner
2016-09-07 08:14:32: SyncKlakken: ANALYSIS started by On File Change PostSync Re-Analyze, Under Runner on 'MacNMBU' (GoodSync 5.5.6.6)
2016-09-07 08:14:32: /Volumes/SSDRimalaya/rspace/Presentation-Klakken [TmpDest] <-> sftp://cloudrimalaya.ddns.net/shares/anonymous/Presentation-Klakken [TmpDest], SavePrevVers, CleanupPrevVers=30d, WaitForLocksMinutes=20, LinksCopy, ReconnectSecs=120, ChangeLimit=50, AutoClear
2016-09-07 08:14:32: Exclude Hidden, Exclude System, Exclude name *._gstmp|/System Volume Information|Thumbs.db|.DS_Store 
2016-09-07 08:14:32: Change in: /Volumes/SSDRimalaya/rspace/Presentation-Klakken/Main.pdf
2016-09-07 08:14:32: Change in: /Volumes/SSDRimalaya/rspace/Presentation-Klakken/.git/index.lock
2016-09-07 08:14:32: Change in: /Volumes/SSDRimalaya/rspace/Presentation-Klakken/Main.tex
2016-09-07 08:14:32: Change in: /Volumes/SSDRimalaya/rspace/Presentation-Klakken/Main.knit.md
2016-09-07 08:14:32: Change in: /Volumes/SSDRimalaya/rspace/Presentation-Klakken/Main.utf8.md
2016-09-07 08:14:32: Change in: /Volumes/SSDRimalaya/rspace/Presentation-Klakken/.Rproj.user/shared/notebooks/.rstudio-lock-41c29-MacNMBU.local-85690-0x7fff7970d000
2016-09-07 08:14:32: Change in: /Volumes/SSDRimalaya/rspace/Presentation-Klakken/.Rproj.user/CA561311/sdb/s-753BD898/2EFE8958
2016-09-07 08:14:32: Change in: /Volumes/SSDRimalaya/rspace/Presentation-Klakken/.Rproj.user/CA561311/sdb/prop/5087E748
2016-09-07 08:14:32: Change in: /Volumes/SSDRimalaya/rspace/Presentation-Klakken/.git/index.lock
2016-09-07 08:14:32: On disk file:// space required for sync is 0.0, you have 135.5 GB
2016-09-07 08:14:32: On disk sftp://cloudrimalaya.ddns.net space required for sync is 0.0, free space is unknown
2016-09-07 08:14:32: Analyze has finished with Conflicts. Resolve Conflicts by selecting the correct sync direction, then click Sync
2016-09-07 08:14:32: Changes: 2, Conflicts: 2, CopyTime: 0, CopyState: 0/0, Errors: 0, All: 129
2016-09-07 08:14:32: -- Analysis Complete. Time 00:00:02, Speed: 17 files/s
2016-09-07 08:14:32: == Sync Started by On File Change PostSync Re-Analyze, Under Runner
2016-09-07 08:14:32: SyncKlakken: SYNC started by On File Change PostSync Re-Analyze, Under Runner on 'MacNMBU'
2016-09-07 08:14:32: /Volumes/SSDRimalaya/rspace/Presentation-Klakken [TmpDest] <-> sftp://cloudrimalaya.ddns.net/shares/anonymous/Presentation-Klakken [TmpDest], SavePrevVers, CleanupPrevVers=30d, WaitForLocksMinutes=20, LinksCopy, ReconnectSecs=120, ChangeLimit=50, AutoClear
2016-09-07 08:14:32: Fraction of files changed (excluding renames) is low enough to perform Auto Sync: 5% (2 / 35) < 50%
2016-09-07 08:14:32: /Main.pdf: unresolved conflict results in No Copy
2016-09-07 08:14:32: /Main.tex: unresolved conflict results in No Copy
2016-09-07 08:14:32: Save State File /Volumes/SSDRimalaya/rspace/Presentation-Klakken/_gsdata_/_file_state_v4._gs
2016-09-07 08:14:32: Save State File sftp://cloudrimalaya.ddns.net/shares/anonymous/Presentation-Klakken/_gsdata_/_file_state_v4._gs
2016-09-07 08:14:32: Sync finished with 2 unresolved conflicts. Click Conflicts button to see unresolved conflicts
2016-09-07 08:14:32: Cleanup recycled files in /Volumes/SSDRimalaya/rspace/Presentation-Klakken/_gsdata_/_saved_
2016-09-07 08:14:32: Load Recycled DB: /Volumes/SSDRimalaya/rspace/Presentation-Klakken/_gsdata_/_recycled_db._gs
2016-09-07 08:14:32: Cleanup old logs in /Users/rajurim/.goodsync/_mirrors_/Volumes-SSDRimalaya-rspace-Presentation-Klakken
2016-09-07 08:14:32: Change detected [0]: t=Created path=/.git/index.lock
2016-09-07 08:14:32: Cleanup old logs in /Volumes/SSDRimalaya/rspace/Presentation-Klakken/_gsdata_
2016-09-07 08:14:33: == Sync Complete. Time: 00:00:01, Speed: 0.0/s, OK: 0, Errors: 0, Conflicts: 2
2016-09-07 08:14:33: Deleted lock file /Volumes/SSDRimalaya/rspace/Presentation-Klakken/_gsdata_/lock.gsl
2016-09-07 08:14:33: Deleted lock file sftp://cloudrimalaya.ddns.net/shares/anonymous/Presentation-Klakken/_gsdata_/lock.gsl
2016-09-07 08:14:33: 
