2016-09-07 11:34:49: Change detected [0]: t=Modified path=/Main.tex
2016-09-07 11:34:49: Change detected [0]: t=Deleted path=/Main.knit.md
2016-09-07 11:34:49: Change detected [0]: t=Deleted path=/Main.utf8.md
2016-09-07 11:34:50: Connected to: /Volumes/SSDRimalaya/rspace/Presentation-Klakken: fs=EXFAT dev=/dev/disk2s1 mount=/Volumes/SSDRimalaya: hfs=0 fat=0 netshare=0
2016-09-07 11:34:50: Change detected [0]: t=Created path=/.git/index.lock
2016-09-07 11:34:51: Connected to: sftp://cloudrimalaya.ddns.net/shares/anonymous/Presentation-Klakken: SSH-2.0-OpenSSH_6.6.1p1 Ubuntu-2ubuntu2.8: SFTP ver 3
2016-09-07 11:34:51: Incremental Analyze for On File Change
2016-09-07 11:34:51: -- Analysis Started by On File Change Incremental, Under Runner
2016-09-07 11:34:51: SyncKlakken: ANALYSIS started by On File Change Incremental, Under Runner on 'MacNMBU' (GoodSync 5.5.6.6)
2016-09-07 11:34:51: /Volumes/SSDRimalaya/rspace/Presentation-Klakken [TmpDest] <-> sftp://cloudrimalaya.ddns.net/shares/anonymous/Presentation-Klakken [TmpDest] [time-translate], SavePrevVers, CleanupPrevVers=30d, WaitForLocksMinutes=20, LinksCopy, ReconnectSecs=120, ChangeLimit=50, AutoClear
2016-09-07 11:34:51: Exclude Hidden, Exclude System, Exclude name *._gstmp|/System Volume Information|Thumbs.db|.DS_Store 
2016-09-07 11:34:51: Locking folder /Volumes/SSDRimalaya/rspace/Presentation-Klakken for write
2016-09-07 11:34:51: Change in: /Volumes/SSDRimalaya/rspace/Presentation-Klakken/.git/index.lock
2016-09-07 11:34:51: Change in: /Volumes/SSDRimalaya/rspace/Presentation-Klakken/.git/index.lock
2016-09-07 11:34:51: Change in: /Volumes/SSDRimalaya/rspace/Presentation-Klakken/.git/index.lock
2016-09-07 11:34:51: Change in: /Volumes/SSDRimalaya/rspace/Presentation-Klakken/Main.pdf
2016-09-07 11:34:51: Change in: /Volumes/SSDRimalaya/rspace/Presentation-Klakken/.git/index.lock
2016-09-07 11:34:51: Change in: /Volumes/SSDRimalaya/rspace/Presentation-Klakken/Main.tex
2016-09-07 11:34:51: Change in: /Volumes/SSDRimalaya/rspace/Presentation-Klakken/Main.knit.md
2016-09-07 11:34:51: Change in: /Volumes/SSDRimalaya/rspace/Presentation-Klakken/Main.utf8.md
2016-09-07 11:34:51: Locking folder sftp://cloudrimalaya.ddns.net/shares/anonymous/Presentation-Klakken for write
2016-09-07 11:34:51: On disk file:// space required for sync is 0.0, you have 135.3 GB
2016-09-07 11:34:51: On disk sftp://cloudrimalaya.ddns.net space required for sync is 0.0, free space is unknown
2016-09-07 11:34:51: Analyze has finished with Conflicts. Resolve Conflicts by selecting the correct sync direction, then click Sync
2016-09-07 11:34:51: Changes: 4, Conflicts: 3, CopyTime: 0, CopyState: 0/0, Errors: 0, All: 141
2016-09-07 11:34:51: Left to Right: Delete File: 1 
2016-09-07 11:34:51: -- Analysis Complete. Time 00:00:02, Speed: 19 files/s
2016-09-07 11:34:51: == Sync Started by On File Change Incremental, Under Runner
2016-09-07 11:34:51: SyncKlakken: SYNC started by On File Change Incremental, Under Runner on 'MacNMBU'
2016-09-07 11:34:51: /Volumes/SSDRimalaya/rspace/Presentation-Klakken [TmpDest] <-> sftp://cloudrimalaya.ddns.net/shares/anonymous/Presentation-Klakken [TmpDest] [time-translate], SavePrevVers, CleanupPrevVers=30d, WaitForLocksMinutes=20, LinksCopy, ReconnectSecs=120, ChangeLimit=50, AutoClear
2016-09-07 11:34:51: Fraction of files changed (excluding renames) is low enough to perform Auto Sync: 10% (4 / 38) < 50%
2016-09-07 11:34:51: Load Recycled DB: sftp://cloudrimalaya.ddns.net/shares/anonymous/Presentation-Klakken/_gsdata_/_recycled_db._gs
2016-09-07 11:34:51: Delete File 'sftp://cloudrimalaya.ddns.net/shares/anonymous/Presentation-Klakken/Main.knit.md'
2016-09-07 11:34:51: /Main.pdf: unresolved conflict results in No Copy
2016-09-07 11:34:51: /Main.tex: unresolved conflict results in No Copy
2016-09-07 11:34:51: /Main.utf8.md: unresolved conflict results in No Copy
2016-09-07 11:34:51: Save State File /Volumes/SSDRimalaya/rspace/Presentation-Klakken/_gsdata_/_file_state_v4._gs
2016-09-07 11:34:51: Save State File sftp://cloudrimalaya.ddns.net/shares/anonymous/Presentation-Klakken/_gsdata_/_file_state_v4._gs
2016-09-07 11:34:52: Sync finished with 3 unresolved conflicts. Click Conflicts button to see unresolved conflicts
2016-09-07 11:34:52: Cleanup recycled files in /Volumes/SSDRimalaya/rspace/Presentation-Klakken/_gsdata_/_saved_
2016-09-07 11:34:52: Load Recycled DB: /Volumes/SSDRimalaya/rspace/Presentation-Klakken/_gsdata_/_recycled_db._gs
2016-09-07 11:34:52: Cleanup old logs in /Users/rajurim/.goodsync/_mirrors_/Volumes-SSDRimalaya-rspace-Presentation-Klakken
2016-09-07 11:34:52: Cleanup old logs in /Volumes/SSDRimalaya/rspace/Presentation-Klakken/_gsdata_
2016-09-07 11:34:52: Save Recycled DB: sftp://cloudrimalaya.ddns.net/shares/anonymous/Presentation-Klakken/_gsdata_/_recycled_db._gs
2016-09-07 11:34:52: == Sync Complete. Time: 00:00:01, Speed: 0.0/s, OK: 1, Errors: 0, Conflicts: 3
2016-09-07 11:34:53: --- Do one more Analyze to get latest changes of this Sync ---
2016-09-07 11:34:53: -- Analysis Started by On File Change PostSync Re-Analyze, Under Runner
2016-09-07 11:34:53: SyncKlakken: ANALYSIS started by On File Change PostSync Re-Analyze, Under Runner on 'MacNMBU' (GoodSync 5.5.6.6)
2016-09-07 11:34:53: /Volumes/SSDRimalaya/rspace/Presentation-Klakken [TmpDest] <-> sftp://cloudrimalaya.ddns.net/shares/anonymous/Presentation-Klakken [TmpDest] [time-translate], SavePrevVers, CleanupPrevVers=30d, WaitForLocksMinutes=20, LinksCopy, ReconnectSecs=120, ChangeLimit=50, AutoClear
2016-09-07 11:34:53: Exclude Hidden, Exclude System, Exclude name *._gstmp|/System Volume Information|Thumbs.db|.DS_Store 
2016-09-07 11:34:53: Change in: /Volumes/SSDRimalaya/rspace/Presentation-Klakken/.git/index.lock
2016-09-07 11:34:53: On disk file:// space required for sync is 0.0, you have 135.3 GB
2016-09-07 11:34:53: On disk sftp://cloudrimalaya.ddns.net space required for sync is 0.0, free space is unknown
2016-09-07 11:34:53: Analyze has finished with Conflicts. Resolve Conflicts by selecting the correct sync direction, then click Sync
2016-09-07 11:34:53: Changes: 3, Conflicts: 3, CopyTime: 0, CopyState: 0/0, Errors: 0, All: 141
2016-09-07 11:34:53: -- Analysis Complete. Time 00:00:02, Speed: 18 files/s
2016-09-07 11:34:53: == Sync Started by On File Change PostSync Re-Analyze, Under Runner
2016-09-07 11:34:53: SyncKlakken: SYNC started by On File Change PostSync Re-Analyze, Under Runner on 'MacNMBU'
2016-09-07 11:34:53: /Volumes/SSDRimalaya/rspace/Presentation-Klakken [TmpDest] <-> sftp://cloudrimalaya.ddns.net/shares/anonymous/Presentation-Klakken [TmpDest] [time-translate], SavePrevVers, CleanupPrevVers=30d, WaitForLocksMinutes=20, LinksCopy, ReconnectSecs=120, ChangeLimit=50, AutoClear
2016-09-07 11:34:53: Fraction of files changed (excluding renames) is low enough to perform Auto Sync: 8% (3 / 37) < 50%
2016-09-07 11:34:53: /Main.pdf: unresolved conflict results in No Copy
2016-09-07 11:34:53: /Main.tex: unresolved conflict results in No Copy
2016-09-07 11:34:53: /Main.utf8.md: unresolved conflict results in No Copy
2016-09-07 11:34:53: Save State File /Volumes/SSDRimalaya/rspace/Presentation-Klakken/_gsdata_/_file_state_v4._gs
2016-09-07 11:34:53: Change detected [0]: t=Created path=/.git/index.lock
2016-09-07 11:34:53: Save State File sftp://cloudrimalaya.ddns.net/shares/anonymous/Presentation-Klakken/_gsdata_/_file_state_v4._gs
2016-09-07 11:34:53: Sync finished with 3 unresolved conflicts. Click Conflicts button to see unresolved conflicts
2016-09-07 11:34:53: Cleanup recycled files in /Volumes/SSDRimalaya/rspace/Presentation-Klakken/_gsdata_/_saved_
2016-09-07 11:34:53: Load Recycled DB: /Volumes/SSDRimalaya/rspace/Presentation-Klakken/_gsdata_/_recycled_db._gs
2016-09-07 11:34:53: Cleanup old logs in /Users/rajurim/.goodsync/_mirrors_/Volumes-SSDRimalaya-rspace-Presentation-Klakken
2016-09-07 11:34:53: Cleanup old logs in /Volumes/SSDRimalaya/rspace/Presentation-Klakken/_gsdata_
2016-09-07 11:34:53: == Sync Complete. Time: 00:00:00, Speed: 0.0/s, OK: 0, Errors: 0, Conflicts: 3
2016-09-07 11:34:53: Deleted lock file /Volumes/SSDRimalaya/rspace/Presentation-Klakken/_gsdata_/lock.gsl
2016-09-07 11:34:53: Deleted lock file sftp://cloudrimalaya.ddns.net/shares/anonymous/Presentation-Klakken/_gsdata_/lock.gsl
2016-09-07 11:34:53: 
