2016-09-06 19:25:35: Change detected [0]: t=Created path=/.git/index.lock
2016-09-06 19:25:35: Connected to: /Volumes/SSDRimalaya/rspace/Presentation-Klakken: fs=EXFAT dev=/dev/disk2s1 mount=/Volumes/SSDRimalaya: hfs=0 fat=0 netshare=0
2016-09-06 19:25:37: Connected to: sftp://cloudrimalaya.ddns.net/shares/anonymous/Presentation-Klakken: SSH-2.0-OpenSSH_6.6.1p1 Ubuntu-2ubuntu2.8: SFTP ver 3
2016-09-06 19:25:37: Incremental Analyze for On File Change
2016-09-06 19:25:37: -- Analysis Started by On File Change Incremental, Under Runner
2016-09-06 19:25:37: SyncKlakken: ANALYSIS started by On File Change Incremental, Under Runner on 'MacNMBU' (GoodSync 5.5.6.6)
2016-09-06 19:25:37: /Volumes/SSDRimalaya/rspace/Presentation-Klakken [TmpDest] <-> sftp://cloudrimalaya.ddns.net/shares/anonymous/Presentation-Klakken [TmpDest], SavePrevVers, CleanupPrevVers=30d, WaitForLocksMinutes=20, LinksCopy, ReconnectSecs=120, ChangeLimit=50, AutoClear
2016-09-06 19:25:37: Exclude Hidden, Exclude System, Exclude name *._gstmp|/System Volume Information|Thumbs.db|.DS_Store 
2016-09-06 19:25:37: Locking folder /Volumes/SSDRimalaya/rspace/Presentation-Klakken for write
2016-09-06 19:25:37: Change in: /Volumes/SSDRimalaya/rspace/Presentation-Klakken/.git/index.lock
2016-09-06 19:25:37: Change in: /Volumes/SSDRimalaya/rspace/Presentation-Klakken/.git/index.lock
2016-09-06 19:25:37: Locking folder sftp://cloudrimalaya.ddns.net/shares/anonymous/Presentation-Klakken for write
2016-09-06 19:25:37: R: State File has changed, so re-read it: sftp://cloudrimalaya.ddns.net/shares/anonymous/Presentation-Klakken/_gsdata_/_file_state_v4._gs
2016-09-06 19:25:37: R: Reading State File sftp://cloudrimalaya.ddns.net/shares/anonymous/Presentation-Klakken/_gsdata_/_file_state_v4._gs
2016-09-06 19:25:37: On disk file:// space required for sync is 0.0, you have 136.8 GB
2016-09-06 19:25:37: On disk sftp://cloudrimalaya.ddns.net space required for sync is 0.0, free space is unknown
2016-09-06 19:25:37: Changes: 0, Conflicts: 0, CopyTime: 0, CopyState: 0/2, Errors: 0, All: 106
2016-09-06 19:25:37: -- Analysis Complete. Time 00:00:03, Speed: 5 files/s
2016-09-06 19:25:37: == Sync Started by On File Change Incremental, Under Runner
2016-09-06 19:25:37: SyncKlakken: SYNC started by On File Change Incremental, Under Runner on 'MacNMBU'
2016-09-06 19:25:37: /Volumes/SSDRimalaya/rspace/Presentation-Klakken [TmpDest] <-> sftp://cloudrimalaya.ddns.net/shares/anonymous/Presentation-Klakken [TmpDest], SavePrevVers, CleanupPrevVers=30d, WaitForLocksMinutes=20, LinksCopy, ReconnectSecs=120, ChangeLimit=50, AutoClear
2016-09-06 19:25:37: Fraction of files changed (excluding renames) is low enough to perform Auto Sync: 0% (0 / 17) < 50%
2016-09-06 19:25:37: Sync State Merge: /Main.pdf
2016-09-06 19:25:37: Sync State Merge: /Main.tex
2016-09-06 19:25:37: Save State File /Volumes/SSDRimalaya/rspace/Presentation-Klakken/_gsdata_/_file_state_v4._gs
2016-09-06 19:25:37: Save State File sftp://cloudrimalaya.ddns.net/shares/anonymous/Presentation-Klakken/_gsdata_/_file_state_v4._gs
2016-09-06 19:25:37: Cleanup recycled files in /Volumes/SSDRimalaya/rspace/Presentation-Klakken/_gsdata_/_saved_
2016-09-06 19:25:37: Cleanup old logs in /Users/rajurim/.goodsync/_mirrors_/Volumes-SSDRimalaya-rspace-Presentation-Klakken
2016-09-06 19:25:37: Cleanup old logs in /Volumes/SSDRimalaya/rspace/Presentation-Klakken/_gsdata_
2016-09-06 19:25:37: == Sync Complete. Time: 00:00:00, Speed: 0.0/s, OK: 2, Errors: 0
2016-09-06 19:25:37: Unlocking folder /Volumes/SSDRimalaya/rspace/Presentation-Klakken/_gsdata_/lock.gsl
2016-09-06 19:25:37: Unlocking folder sftp://cloudrimalaya.ddns.net/shares/anonymous/Presentation-Klakken/_gsdata_/lock.gsl
2016-09-06 19:25:37: 
