2016-09-07 11:37:34: Change detected [0]: t=Created path=/.git/index.lock
2016-09-07 11:37:35: Connected to: /Volumes/SSDRimalaya/rspace/Presentation-Klakken: fs=EXFAT dev=/dev/disk2s1 mount=/Volumes/SSDRimalaya: hfs=0 fat=0 netshare=0
2016-09-07 11:37:36: Connected to: sftp://cloudrimalaya.ddns.net/shares/anonymous/Presentation-Klakken: SSH-2.0-OpenSSH_6.6.1p1 Ubuntu-2ubuntu2.8: SFTP ver 3
2016-09-07 11:37:36: Incremental Analyze for On File Change
2016-09-07 11:37:36: -- Analysis Started by On File Change Incremental, Under Runner
2016-09-07 11:37:36: SyncKlakken: ANALYSIS started by On File Change Incremental, Under Runner on 'MacNMBU' (GoodSync 5.5.6.6)
2016-09-07 11:37:36: /Volumes/SSDRimalaya/rspace/Presentation-Klakken [TmpDest] <-> sftp://cloudrimalaya.ddns.net/shares/anonymous/Presentation-Klakken [TmpDest] [time-translate], SavePrevVers, CleanupPrevVers=30d, WaitForLocksMinutes=20, LinksCopy, ReconnectSecs=120, ChangeLimit=50, AutoClear
2016-09-07 11:37:36: Exclude Hidden, Exclude System, Exclude name *._gstmp|/System Volume Information|Thumbs.db|.DS_Store 
2016-09-07 11:37:36: Locking folder /Volumes/SSDRimalaya/rspace/Presentation-Klakken for write
2016-09-07 11:37:36: Change in: /Volumes/SSDRimalaya/rspace/Presentation-Klakken/.git/index.lock
2016-09-07 11:37:36: Change in: /Volumes/SSDRimalaya/rspace/Presentation-Klakken/.git/index.lock
2016-09-07 11:37:36: Change in: /Volumes/SSDRimalaya/rspace/Presentation-Klakken/.Rproj.user/shared/notebooks/.rstudio-lock-41c29-MacNMBU.local-92608-0x7fff7970d000
2016-09-07 11:37:36: Change in: /Volumes/SSDRimalaya/rspace/Presentation-Klakken/.Rproj.user/CA561311/sdb/s-B9CCC527/2EFE8958
2016-09-07 11:37:36: Change in: /Volumes/SSDRimalaya/rspace/Presentation-Klakken/.Rproj.user/CA561311/sdb/prop/5087E748
2016-09-07 11:37:36: Change in: /Volumes/SSDRimalaya/rspace/Presentation-Klakken/.git/index.lock
2016-09-07 11:37:36: Locking folder sftp://cloudrimalaya.ddns.net/shares/anonymous/Presentation-Klakken for write
2016-09-07 11:37:36: On disk file:// space required for sync is 0.0, you have 135.3 GB
2016-09-07 11:37:36: On disk sftp://cloudrimalaya.ddns.net space required for sync is 6.0 KB, free space is unknown
2016-09-07 11:37:36: Analyze has finished with Conflicts. Resolve Conflicts by selecting the correct sync direction, then click Sync
2016-09-07 11:37:36: Changes: 4, Conflicts: 3, CopyTime: 0, CopyState: 0/0, Errors: 0, All: 141
2016-09-07 11:37:36: Left to Right: Copy File: 1 
2016-09-07 11:37:36: -- Analysis Complete. Time 00:00:02, Speed: 18 files/s
2016-09-07 11:37:36: == Sync Started by On File Change Incremental, Under Runner
2016-09-07 11:37:36: SyncKlakken: SYNC started by On File Change Incremental, Under Runner on 'MacNMBU'
2016-09-07 11:37:36: /Volumes/SSDRimalaya/rspace/Presentation-Klakken [TmpDest] <-> sftp://cloudrimalaya.ddns.net/shares/anonymous/Presentation-Klakken [TmpDest] [time-translate], SavePrevVers, CleanupPrevVers=30d, WaitForLocksMinutes=20, LinksCopy, ReconnectSecs=120, ChangeLimit=50, AutoClear
2016-09-07 11:37:36: Fraction of files changed (excluding renames) is low enough to perform Auto Sync: 10% (4 / 37) < 50%
2016-09-07 11:37:36: Change detected [0]: t=Created path=/.Rproj.user/shared/notebooks/.rstudio-lock-41c29-MacNMBU.local-92608-0x7fff7970d000
2016-09-07 11:37:36: Change detected [0]: t=Modified path=/.Rproj.user/CA561311/sdb/s-B9CCC527/2EFE8958
2016-09-07 11:37:36: Change detected [0]: t=Modified path=/.Rproj.user/CA561311/sdb/prop/5087E748
2016-09-07 11:37:37: Load Recycled DB: sftp://cloudrimalaya.ddns.net/shares/anonymous/Presentation-Klakken/_gsdata_/_recycled_db._gs
2016-09-07 11:37:37: Copy Over '/Volumes/SSDRimalaya/rspace/Presentation-Klakken/.Rproj.user/CA561311/sdb/s-B9CCC527/2EFE8958' -> 'sftp://cloudrimalaya.ddns.net/shares/anonymous/Presentation-Klakken/.Rproj.user/CA561311/sdb/s-B9CCC527/2EFE8958'
2016-09-07 11:37:37: /Main.pdf: unresolved conflict results in No Copy
2016-09-07 11:37:37: /Main.tex: unresolved conflict results in No Copy
2016-09-07 11:37:37: /Main.utf8.md: unresolved conflict results in No Copy
2016-09-07 11:37:37: Save State File /Volumes/SSDRimalaya/rspace/Presentation-Klakken/_gsdata_/_file_state_v4._gs
2016-09-07 11:37:37: Save State File sftp://cloudrimalaya.ddns.net/shares/anonymous/Presentation-Klakken/_gsdata_/_file_state_v4._gs
2016-09-07 11:37:37: Sync finished with 3 unresolved conflicts. Click Conflicts button to see unresolved conflicts
2016-09-07 11:37:37: Cleanup recycled files in /Volumes/SSDRimalaya/rspace/Presentation-Klakken/_gsdata_/_saved_
2016-09-07 11:37:37: Load Recycled DB: /Volumes/SSDRimalaya/rspace/Presentation-Klakken/_gsdata_/_recycled_db._gs
2016-09-07 11:37:37: Cleanup old logs in /Users/rajurim/.goodsync/_mirrors_/Volumes-SSDRimalaya-rspace-Presentation-Klakken
2016-09-07 11:37:37: Cleanup old logs in /Volumes/SSDRimalaya/rspace/Presentation-Klakken/_gsdata_
2016-09-07 11:37:37: Save Recycled DB: sftp://cloudrimalaya.ddns.net/shares/anonymous/Presentation-Klakken/_gsdata_/_recycled_db._gs
2016-09-07 11:37:37: == Sync Complete. Time: 00:00:01, Speed: 10.2 KB/s, OK: 1, Errors: 0, Conflicts: 3
2016-09-07 11:37:37: Change detected [0]: t=Created path=/.git/index.lock
2016-09-07 11:37:38: --- Do one more Analyze to get latest changes of this Sync ---
2016-09-07 11:37:38: -- Analysis Started by On File Change PostSync Re-Analyze, Under Runner
2016-09-07 11:37:38: SyncKlakken: ANALYSIS started by On File Change PostSync Re-Analyze, Under Runner on 'MacNMBU' (GoodSync 5.5.6.6)
2016-09-07 11:37:38: /Volumes/SSDRimalaya/rspace/Presentation-Klakken [TmpDest] <-> sftp://cloudrimalaya.ddns.net/shares/anonymous/Presentation-Klakken [TmpDest] [time-translate], SavePrevVers, CleanupPrevVers=30d, WaitForLocksMinutes=20, LinksCopy, ReconnectSecs=120, ChangeLimit=50, AutoClear
2016-09-07 11:37:38: Exclude Hidden, Exclude System, Exclude name *._gstmp|/System Volume Information|Thumbs.db|.DS_Store 
2016-09-07 11:37:38: Change in: /Volumes/SSDRimalaya/rspace/Presentation-Klakken/.Rproj.user/shared/notebooks/.rstudio-lock-41c29-MacNMBU.local-92608-0x7fff7970d000
2016-09-07 11:37:38: Change in: /Volumes/SSDRimalaya/rspace/Presentation-Klakken/.Rproj.user/CA561311/sdb/s-B9CCC527/2EFE8958
2016-09-07 11:37:38: Change in: /Volumes/SSDRimalaya/rspace/Presentation-Klakken/.Rproj.user/CA561311/sdb/prop/5087E748
2016-09-07 11:37:38: Change in: /Volumes/SSDRimalaya/rspace/Presentation-Klakken/.git/index.lock
2016-09-07 11:37:38: On disk file:// space required for sync is 0.0, you have 135.3 GB
2016-09-07 11:37:38: On disk sftp://cloudrimalaya.ddns.net space required for sync is 6.0 KB, free space is unknown
2016-09-07 11:37:38: Analyze has finished with Conflicts. Resolve Conflicts by selecting the correct sync direction, then click Sync
2016-09-07 11:37:38: Changes: 4, Conflicts: 3, CopyTime: 0, CopyState: 0/0, Errors: 0, All: 141
2016-09-07 11:37:38: Left to Right: Copy File: 1 
2016-09-07 11:37:38: -- Analysis Complete. Time 00:00:02, Speed: 18 files/s
2016-09-07 11:37:38: == Sync Started by On File Change PostSync Re-Analyze, Under Runner
2016-09-07 11:37:38: SyncKlakken: SYNC started by On File Change PostSync Re-Analyze, Under Runner on 'MacNMBU'
2016-09-07 11:37:38: /Volumes/SSDRimalaya/rspace/Presentation-Klakken [TmpDest] <-> sftp://cloudrimalaya.ddns.net/shares/anonymous/Presentation-Klakken [TmpDest] [time-translate], SavePrevVers, CleanupPrevVers=30d, WaitForLocksMinutes=20, LinksCopy, ReconnectSecs=120, ChangeLimit=50, AutoClear
2016-09-07 11:37:38: Fraction of files changed (excluding renames) is low enough to perform Auto Sync: 10% (4 / 37) < 50%
2016-09-07 11:37:38: Change detected [0]: t=Created path=/.Rproj.user/shared/notebooks/.rstudio-lock-41c29-MacNMBU.local-92608-0x7fff7970d000
2016-09-07 11:37:38: Change detected [0]: t=Modified path=/.Rproj.user/CA561311/sdb/s-B9CCC527/2EFE8958
2016-09-07 11:37:38: Change detected [0]: t=Modified path=/.Rproj.user/CA561311/sdb/prop/5087E748
2016-09-07 11:37:38: Change detected [0]: t=Created path=/.git/index.lock
2016-09-07 11:37:38: Load Recycled DB: sftp://cloudrimalaya.ddns.net/shares/anonymous/Presentation-Klakken/_gsdata_/_recycled_db._gs
2016-09-07 11:37:39: Copy Over '/Volumes/SSDRimalaya/rspace/Presentation-Klakken/.Rproj.user/CA561311/sdb/s-B9CCC527/2EFE8958' -> 'sftp://cloudrimalaya.ddns.net/shares/anonymous/Presentation-Klakken/.Rproj.user/CA561311/sdb/s-B9CCC527/2EFE8958'
2016-09-07 11:37:39: /Main.pdf: unresolved conflict results in No Copy
2016-09-07 11:37:39: /Main.tex: unresolved conflict results in No Copy
2016-09-07 11:37:39: /Main.utf8.md: unresolved conflict results in No Copy
2016-09-07 11:37:39: Save State File /Volumes/SSDRimalaya/rspace/Presentation-Klakken/_gsdata_/_file_state_v4._gs
2016-09-07 11:37:39: Save State File sftp://cloudrimalaya.ddns.net/shares/anonymous/Presentation-Klakken/_gsdata_/_file_state_v4._gs
2016-09-07 11:37:39: Sync finished with 3 unresolved conflicts. Click Conflicts button to see unresolved conflicts
2016-09-07 11:37:39: Cleanup recycled files in /Volumes/SSDRimalaya/rspace/Presentation-Klakken/_gsdata_/_saved_
2016-09-07 11:37:39: Load Recycled DB: /Volumes/SSDRimalaya/rspace/Presentation-Klakken/_gsdata_/_recycled_db._gs
2016-09-07 11:37:39: Cleanup old logs in /Users/rajurim/.goodsync/_mirrors_/Volumes-SSDRimalaya-rspace-Presentation-Klakken
2016-09-07 11:37:39: Cleanup old logs in /Volumes/SSDRimalaya/rspace/Presentation-Klakken/_gsdata_
2016-09-07 11:37:39: Save Recycled DB: sftp://cloudrimalaya.ddns.net/shares/anonymous/Presentation-Klakken/_gsdata_/_recycled_db._gs
2016-09-07 11:37:39: == Sync Complete. Time: 00:00:01, Speed: 10.2 KB/s, OK: 1, Errors: 0, Conflicts: 3
2016-09-07 11:37:39: Deleted lock file /Volumes/SSDRimalaya/rspace/Presentation-Klakken/_gsdata_/lock.gsl
2016-09-07 11:37:39: Deleted lock file sftp://cloudrimalaya.ddns.net/shares/anonymous/Presentation-Klakken/_gsdata_/lock.gsl
2016-09-07 11:37:39: 
