2016-09-07 05:45:27: Connected to: /Volumes/SSDRimalaya/rspace/Presentation-Klakken: fs=EXFAT dev=/dev/disk2s1 mount=/Volumes/SSDRimalaya: hfs=0 fat=0 netshare=0
2016-09-07 05:45:28: Connected to: sftp://cloudrimalaya.ddns.net/shares/anonymous/Presentation-Klakken: SSH-2.0-OpenSSH_6.6.1p1 Ubuntu-2ubuntu2.8: SFTP ver 3
2016-09-07 05:45:28: Incremental Analyze for On File Change
2016-09-07 05:45:28: -- Analysis Started by On File Change Incremental, Under Runner
2016-09-07 05:45:28: SyncKlakken: ANALYSIS started by On File Change Incremental, Under Runner on 'MacNMBU' (GoodSync 5.5.6.6)
2016-09-07 05:45:28: /Volumes/SSDRimalaya/rspace/Presentation-Klakken [TmpDest] <-> sftp://cloudrimalaya.ddns.net/shares/anonymous/Presentation-Klakken [TmpDest], SavePrevVers, CleanupPrevVers=30d, WaitForLocksMinutes=20, LinksCopy, ReconnectSecs=120, ChangeLimit=50, AutoClear
2016-09-07 05:45:28: Exclude Hidden, Exclude System, Exclude name *._gstmp|/System Volume Information|Thumbs.db|.DS_Store 
2016-09-07 05:45:28: Locking folder /Volumes/SSDRimalaya/rspace/Presentation-Klakken for write
2016-09-07 05:45:28: Change in: /Volumes/SSDRimalaya/rspace/Presentation-Klakken/.git/index.lock
2016-09-07 05:45:28: Change in: /Volumes/SSDRimalaya/rspace/Presentation-Klakken/.git/index.lock
2016-09-07 05:45:28: Change in: /Volumes/SSDRimalaya/rspace/Presentation-Klakken/.git/index.lock
2016-09-07 05:45:28: Locking folder sftp://cloudrimalaya.ddns.net/shares/anonymous/Presentation-Klakken for write
2016-09-07 05:45:28: On disk file:// space required for sync is 0.0, you have 136.0 GB
2016-09-07 05:45:28: On disk sftp://cloudrimalaya.ddns.net space required for sync is 0.0, free space is unknown
2016-09-07 05:45:28: Analyze has finished with Conflicts. Resolve Conflicts by selecting the correct sync direction, then click Sync
2016-09-07 05:45:28: Changes: 2, Conflicts: 2, CopyTime: 0, CopyState: 0/0, Errors: 0, All: 115
2016-09-07 05:45:28: -- Analysis Complete. Time 00:00:02, Speed: 12 files/s
2016-09-07 05:45:28: == Sync Started by On File Change Incremental, Under Runner
2016-09-07 05:45:28: SyncKlakken: SYNC started by On File Change Incremental, Under Runner on 'MacNMBU'
2016-09-07 05:45:28: /Volumes/SSDRimalaya/rspace/Presentation-Klakken [TmpDest] <-> sftp://cloudrimalaya.ddns.net/shares/anonymous/Presentation-Klakken [TmpDest], SavePrevVers, CleanupPrevVers=30d, WaitForLocksMinutes=20, LinksCopy, ReconnectSecs=120, ChangeLimit=50, AutoClear
2016-09-07 05:45:28: Fraction of files changed (excluding renames) is low enough to perform Auto Sync: 8% (2 / 24) < 50%
2016-09-07 05:45:28: /Main.pdf: unresolved conflict results in No Copy
2016-09-07 05:45:28: /Main.tex: unresolved conflict results in No Copy
2016-09-07 05:45:28: Save State File /Volumes/SSDRimalaya/rspace/Presentation-Klakken/_gsdata_/_file_state_v4._gs
2016-09-07 05:45:29: Save State File sftp://cloudrimalaya.ddns.net/shares/anonymous/Presentation-Klakken/_gsdata_/_file_state_v4._gs
2016-09-07 05:45:29: Sync finished with 2 unresolved conflicts. Click Conflicts button to see unresolved conflicts
2016-09-07 05:45:29: Cleanup recycled files in /Volumes/SSDRimalaya/rspace/Presentation-Klakken/_gsdata_/_saved_
2016-09-07 05:45:29: Load Recycled DB: /Volumes/SSDRimalaya/rspace/Presentation-Klakken/_gsdata_/_recycled_db._gs
2016-09-07 05:45:29: Cleanup old logs in /Users/rajurim/.goodsync/_mirrors_/Volumes-SSDRimalaya-rspace-Presentation-Klakken
2016-09-07 05:45:29: Cleanup old logs in /Volumes/SSDRimalaya/rspace/Presentation-Klakken/_gsdata_
2016-09-07 05:45:29: == Sync Complete. Time: 00:00:01, Speed: 2.8 KB/s, OK: 0, Errors: 0, Conflicts: 2
2016-09-07 05:45:29: Deleted lock file /Volumes/SSDRimalaya/rspace/Presentation-Klakken/_gsdata_/lock.gsl
2016-09-07 05:45:29: Deleted lock file sftp://cloudrimalaya.ddns.net/shares/anonymous/Presentation-Klakken/_gsdata_/lock.gsl
2016-09-07 05:45:29: 
