2016-09-08 08:28:25: Change detected [0]: t=Modified path=/Main.Rmd
2016-09-08 08:28:25: Change detected [0]: t=Created path=/.Rproj.user/shared/notebooks/.rstudio-lock-41c29-MacNMBU.local-65264-0x7fff7970d000
2016-09-08 08:28:25: Change detected [0]: t=Created path=/.Rproj.user/shared/notebooks/-Main/1/s/chunks.json
2016-09-08 08:28:25: Connected to: /Volumes/SSDRimalaya/rspace/Presentation-Klakken: fs=EXFAT dev=/dev/disk2s1 mount=/Volumes/SSDRimalaya: hfs=0 fat=0 netshare=0
2016-09-08 08:28:26: Change detected [0]: t=Created path=/.Rproj.user/shared/notebooks/-Main/1/s/chunks.json
2016-09-08 08:28:26: Change detected [0]: t=Modified path=/.Rproj.user/CA561311/sdb/s-B9D3BF3E/2EFE8958
2016-09-08 08:28:26: Change detected [0]: t=Modified path=/.Rproj.user/CA561311/sdb/prop/5087E748
2016-09-08 08:28:26: Change detected [0]: t=Created path=/.git/index.lock
2016-09-08 08:28:27: Change detected [0]: t=Modified path=/Main_files/figure-beamer/unnamed-chunk-3-2.pdf
2016-09-08 08:28:27: Change detected [0]: t=Created path=/tmp-pdfcrop-71507.pdf
2016-09-08 08:28:27: Change detected [0]: t=Created path=/tmp-pdfcrop-71507.tex
2016-09-08 08:28:27: Change detected [0]: t=Created path=/tmp-pdfcrop-71507.log
2016-09-08 08:28:27: Change detected [0]: t=MovedTo path=/Main_files/figure-beamer/unnamed-chunk-3-1.pdf
2016-09-08 08:28:27: Change detected [0]: t=Created path=/tmp-pdfcrop-71511.tex
2016-09-08 08:28:27: Connected to: sftp://cloudrimalaya.ddns.net/shares/anonymous/Presentation-Klakken: SSH-2.0-OpenSSH_6.6.1p1 Ubuntu-2ubuntu2.8: SFTP ver 3
2016-09-08 08:28:27: Incremental Analyze for On File Change
2016-09-08 08:28:27: -- Analysis Started by On File Change Incremental, Under Runner
2016-09-08 08:28:27: SyncKlakken: ANALYSIS started by On File Change Incremental, Under Runner on 'MacNMBU' (GoodSync 5.5.6.6)
2016-09-08 08:28:27: /Volumes/SSDRimalaya/rspace/Presentation-Klakken [TmpDest] <-> sftp://cloudrimalaya.ddns.net/shares/anonymous/Presentation-Klakken [TmpDest], CreateFolderIfNotFound, SavePrevVers, CleanupPrevVers=30d, WaitForLocksMinutes=20, LinksCopy, ReconnectSecs=120, ResolveConflicts=NewerFileWins, ChangeLimit=50, AutoClear
2016-09-08 08:28:27: Exclude Hidden, Exclude System, Exclude name *._gstmp|/System Volume Information|Thumbs.db|.DS_Store 
2016-09-08 08:28:27: Locking folder /Volumes/SSDRimalaya/rspace/Presentation-Klakken for write
2016-09-08 08:28:27: Change in: /Volumes/SSDRimalaya/rspace/Presentation-Klakken/.Rproj.user/shared/notebooks/.rstudio-lock-41c29-MacNMBU.local-65264-0x7fff7970d000
2016-09-08 08:28:27: Change in: /Volumes/SSDRimalaya/rspace/Presentation-Klakken/.Rproj.user/CA561311/sdb/s-B9D3BF3E/2EFE8958
2016-09-08 08:28:27: Change in: /Volumes/SSDRimalaya/rspace/Presentation-Klakken/.Rproj.user/CA561311/sdb/prop/5087E748
2016-09-08 08:28:27: Change in: /Volumes/SSDRimalaya/rspace/Presentation-Klakken/Main.Rmd
2016-09-08 08:28:27: Change in: /Volumes/SSDRimalaya/rspace/Presentation-Klakken/.Rproj.user/shared/notebooks/.rstudio-lock-41c29-MacNMBU.local-65264-0x7fff7970d000
2016-09-08 08:28:27: Change in: /Volumes/SSDRimalaya/rspace/Presentation-Klakken/.Rproj.user/shared/notebooks/-Main/1/s/chunks.json
2016-09-08 08:28:27: Change in: /Volumes/SSDRimalaya/rspace/Presentation-Klakken/.Rproj.user/CA561311/sdb/s-B9D3BF3E/2EFE8958
2016-09-08 08:28:27: Change in: /Volumes/SSDRimalaya/rspace/Presentation-Klakken/.Rproj.user/CA561311/sdb/prop/5087E748
2016-09-08 08:28:27: Change in: /Volumes/SSDRimalaya/rspace/Presentation-Klakken/.git/index.lock
2016-09-08 08:28:27: Change in: /Volumes/SSDRimalaya/rspace/Presentation-Klakken/.git/index.lock
2016-09-08 08:28:27: Change in: /Volumes/SSDRimalaya/rspace/Presentation-Klakken/Main.Rmd
2016-09-08 08:28:27: Change in: /Volumes/SSDRimalaya/rspace/Presentation-Klakken/.Rproj.user/shared/notebooks/.rstudio-lock-41c29-MacNMBU.local-65264-0x7fff7970d000
2016-09-08 08:28:27: Change in: /Volumes/SSDRimalaya/rspace/Presentation-Klakken/.Rproj.user/shared/notebooks/-Main/1/s/chunks.json
2016-09-08 08:28:27: Change in: /Volumes/SSDRimalaya/rspace/Presentation-Klakken/.Rproj.user/shared/notebooks/-Main/1/s/c4wqlipvx6vyr/000002.csv
2016-09-08 08:28:27: Change in: /Volumes/SSDRimalaya/rspace/Presentation-Klakken/.Rproj.user/shared/notebooks/-Main/1/s/c5wfgu16aef3n/000004.csv
2016-09-08 08:28:27: Change in: /Volumes/SSDRimalaya/rspace/Presentation-Klakken/.Rproj.user/shared/notebooks/-Main/1/s/c9v85hw1m26ba/000004.csv
2016-09-08 08:28:27: Change in: /Volumes/SSDRimalaya/rspace/Presentation-Klakken/.Rproj.user/shared/notebooks/-Main/1/s/c9v85hw1m26ba/000005.png
2016-09-08 08:28:27: Change in: /Volumes/SSDRimalaya/rspace/Presentation-Klakken/.Rproj.user/shared/notebooks/-Main/1/s/c9v85hw1m26ba/000006.png
2016-09-08 08:28:27: Change in: /Volumes/SSDRimalaya/rspace/Presentation-Klakken/.Rproj.user/shared/notebooks/-Main/1/s/c9v85hw1m26ba/000006.snapshot
2016-09-08 08:28:27: Change in: /Volumes/SSDRimalaya/rspace/Presentation-Klakken/.Rproj.user/shared/notebooks/-Main/1/s/chunks.json
2016-09-08 08:28:27: Change in: /Volumes/SSDRimalaya/rspace/Presentation-Klakken/.Rproj.user/shared/notebooks/-Main/1/s/csetup_chunk/000002.csv
2016-09-08 08:28:27: Locking folder sftp://cloudrimalaya.ddns.net/shares/anonymous/Presentation-Klakken for write
2016-09-08 08:28:27: Change in: sftp://cloudrimalaya.ddns.net/shares/anonymous/Presentation-Klakken/.Rproj.user/shared/notebooks/-Main/1/s/c4wqlipvx6vyr/000002.csv
2016-09-08 08:28:27: Change in: sftp://cloudrimalaya.ddns.net/shares/anonymous/Presentation-Klakken/.Rproj.user/shared/notebooks/-Main/1/s/c5wfgu16aef3n/000004.csv
2016-09-08 08:28:27: Change in: sftp://cloudrimalaya.ddns.net/shares/anonymous/Presentation-Klakken/.Rproj.user/shared/notebooks/-Main/1/s/c9v85hw1m26ba/000004.csv
2016-09-08 08:28:27: Change in: sftp://cloudrimalaya.ddns.net/shares/anonymous/Presentation-Klakken/.Rproj.user/shared/notebooks/-Main/1/s/c9v85hw1m26ba/000005.png
2016-09-08 08:28:27: Change in: sftp://cloudrimalaya.ddns.net/shares/anonymous/Presentation-Klakken/.Rproj.user/shared/notebooks/-Main/1/s/c9v85hw1m26ba/000006.png
2016-09-08 08:28:27: Change in: sftp://cloudrimalaya.ddns.net/shares/anonymous/Presentation-Klakken/.Rproj.user/shared/notebooks/-Main/1/s/c9v85hw1m26ba/000006.snapshot
2016-09-08 08:28:27: Change in: sftp://cloudrimalaya.ddns.net/shares/anonymous/Presentation-Klakken/.Rproj.user/shared/notebooks/-Main/1/s/chunks.json
2016-09-08 08:28:27: Change in: sftp://cloudrimalaya.ddns.net/shares/anonymous/Presentation-Klakken/.Rproj.user/shared/notebooks/-Main/1/s/csetup_chunk/000002.csv
2016-09-08 08:28:27: On disk file:// space required for sync is 0.0, you have 134.9 GB
2016-09-08 08:28:27: On disk sftp://cloudrimalaya.ddns.net space required for sync is 285.0 KB, free space is unknown
2016-09-08 08:28:27: Changes: 9, Conflicts: 0, CopyTime: 0, CopyState: 0/0, Errors: 0, All: 221
2016-09-08 08:28:27: Left to Right: Copy File: 9 
2016-09-08 08:28:27: -- Analysis Complete. Time 00:00:03, Speed: 15 files/s
2016-09-08 08:28:27: == Sync Started by On File Change Incremental, Under Runner
2016-09-08 08:28:27: SyncKlakken: SYNC started by On File Change Incremental, Under Runner on 'MacNMBU'
2016-09-08 08:28:27: /Volumes/SSDRimalaya/rspace/Presentation-Klakken [TmpDest] <-> sftp://cloudrimalaya.ddns.net/shares/anonymous/Presentation-Klakken [TmpDest], CreateFolderIfNotFound, SavePrevVers, CleanupPrevVers=30d, WaitForLocksMinutes=20, LinksCopy, ReconnectSecs=120, ResolveConflicts=NewerFileWins, ChangeLimit=50, AutoClear
2016-09-08 08:28:27: Fraction of files changed (excluding renames) is low enough to perform Auto Sync: 19% (9 / 47) < 50%
2016-09-08 08:28:27: Load Recycled DB: sftp://cloudrimalaya.ddns.net/shares/anonymous/Presentation-Klakken/_gsdata_/_recycled_db._gs
2016-09-08 08:28:27: Copy Over '/Volumes/SSDRimalaya/rspace/Presentation-Klakken/Main.Rmd' -> 'sftp://cloudrimalaya.ddns.net/shares/anonymous/Presentation-Klakken/Main.Rmd'
2016-09-08 08:28:27: Save State File /Volumes/SSDRimalaya/rspace/Presentation-Klakken/_gsdata_/_file_state_v4._gs
2016-09-08 08:28:27: Save State File sftp://cloudrimalaya.ddns.net/shares/anonymous/Presentation-Klakken/_gsdata_/_file_state_v4._gs
2016-09-08 08:28:28: Cleanup recycled files in /Volumes/SSDRimalaya/rspace/Presentation-Klakken/_gsdata_/_saved_
2016-09-08 08:28:28: Load Recycled DB: /Volumes/SSDRimalaya/rspace/Presentation-Klakken/_gsdata_/_recycled_db._gs
2016-09-08 08:28:28: Cleanup old logs in /Users/rajurim/.goodsync/_mirrors_/Volumes-SSDRimalaya-rspace-Presentation-Klakken
2016-09-08 08:28:28: Change detected [0]: t=Created path=/tmp-pdfcrop-71511.pdf
2016-09-08 08:28:28: Change detected [0]: t=Created path=/tmp-pdfcrop-71511.tex
2016-09-08 08:28:28: Change detected [0]: t=Created path=/tmp-pdfcrop-71511.log
2016-09-08 08:28:28: Change detected [0]: t=Created path=/Main.knit.md
2016-09-08 08:28:28: Change detected [0]: t=Created path=/Main.utf8.md
2016-09-08 08:28:28: Change detected [0]: t=MovedTo path=/Main_files/figure-beamer/unnamed-chunk-3-2.pdf
2016-09-08 08:28:28: Change detected [0]: t=Created path=/.git/index.lock
2016-09-08 08:28:28: Cleanup old logs in /Volumes/SSDRimalaya/rspace/Presentation-Klakken/_gsdata_
2016-09-08 08:28:28: Save Recycled DB: sftp://cloudrimalaya.ddns.net/shares/anonymous/Presentation-Klakken/_gsdata_/_recycled_db._gs
2016-09-08 08:28:28: == Sync Complete. Time: 00:00:01, Speed: 0.0/s, OK: 1, Errors: 0
2016-09-08 08:28:29: Change detected [0]: t=Created path=/.git/index.lock
2016-09-08 08:28:29: --- Do one more Analyze to get latest changes of this Sync ---
2016-09-08 08:28:29: -- Analysis Started by On File Change PostSync Re-Analyze, Under Runner
2016-09-08 08:28:29: SyncKlakken: ANALYSIS started by On File Change PostSync Re-Analyze, Under Runner on 'MacNMBU' (GoodSync 5.5.6.6)
2016-09-08 08:28:29: /Volumes/SSDRimalaya/rspace/Presentation-Klakken [TmpDest] <-> sftp://cloudrimalaya.ddns.net/shares/anonymous/Presentation-Klakken [TmpDest], CreateFolderIfNotFound, SavePrevVers, CleanupPrevVers=30d, WaitForLocksMinutes=20, LinksCopy, ReconnectSecs=120, ResolveConflicts=NewerFileWins, ChangeLimit=50, AutoClear
2016-09-08 08:28:29: Exclude Hidden, Exclude System, Exclude name *._gstmp|/System Volume Information|Thumbs.db|.DS_Store 
2016-09-08 08:28:29: Change in: /Volumes/SSDRimalaya/rspace/Presentation-Klakken/.Rproj.user/shared/notebooks/-Main/1/s/chunks.json
2016-09-08 08:28:29: Change in: /Volumes/SSDRimalaya/rspace/Presentation-Klakken/.Rproj.user/CA561311/sdb/s-B9D3BF3E/2EFE8958
2016-09-08 08:28:29: Change in: /Volumes/SSDRimalaya/rspace/Presentation-Klakken/.Rproj.user/CA561311/sdb/prop/5087E748
2016-09-08 08:28:29: Change in: /Volumes/SSDRimalaya/rspace/Presentation-Klakken/.git/index.lock
2016-09-08 08:28:29: Change in: /Volumes/SSDRimalaya/rspace/Presentation-Klakken/Main_files/figure-beamer/unnamed-chunk-3-2.pdf
2016-09-08 08:28:29: Change in: /Volumes/SSDRimalaya/rspace/Presentation-Klakken/tmp-pdfcrop-71507.pdf
2016-09-08 08:28:29: Change in: /Volumes/SSDRimalaya/rspace/Presentation-Klakken/tmp-pdfcrop-71507.tex
2016-09-08 08:28:29: Change in: /Volumes/SSDRimalaya/rspace/Presentation-Klakken/tmp-pdfcrop-71507.log
2016-09-08 08:28:29: Change in: /Volumes/SSDRimalaya/rspace/Presentation-Klakken/Main_files/figure-beamer/unnamed-chunk-3-1.pdf
2016-09-08 08:28:29: Change in: /Volumes/SSDRimalaya/rspace/Presentation-Klakken/tmp-pdfcrop-71511.tex
2016-09-08 08:28:29: Change in: /Volumes/SSDRimalaya/rspace/Presentation-Klakken/tmp-pdfcrop-71511.pdf
2016-09-08 08:28:29: Change in: /Volumes/SSDRimalaya/rspace/Presentation-Klakken/tmp-pdfcrop-71511.tex
2016-09-08 08:28:29: Change in: /Volumes/SSDRimalaya/rspace/Presentation-Klakken/tmp-pdfcrop-71511.log
2016-09-08 08:28:29: Change in: /Volumes/SSDRimalaya/rspace/Presentation-Klakken/Main.knit.md
2016-09-08 08:28:29: Change in: /Volumes/SSDRimalaya/rspace/Presentation-Klakken/Main.utf8.md
2016-09-08 08:28:29: Change in: /Volumes/SSDRimalaya/rspace/Presentation-Klakken/Main_files/figure-beamer/unnamed-chunk-3-2.pdf
2016-09-08 08:28:29: Change in: /Volumes/SSDRimalaya/rspace/Presentation-Klakken/.git/index.lock
2016-09-08 08:28:29: Change in: /Volumes/SSDRimalaya/rspace/Presentation-Klakken/.git/index.lock
2016-09-08 08:28:29: Change in: /Volumes/SSDRimalaya/rspace/Presentation-Klakken/.Rproj.user/shared/notebooks/-Main/1/s/c4wqlipvx6vyr/000002.csv
2016-09-08 08:28:29: Change in: /Volumes/SSDRimalaya/rspace/Presentation-Klakken/.Rproj.user/shared/notebooks/-Main/1/s/c5wfgu16aef3n/000004.csv
2016-09-08 08:28:29: Change in: /Volumes/SSDRimalaya/rspace/Presentation-Klakken/.Rproj.user/shared/notebooks/-Main/1/s/c9v85hw1m26ba/000004.csv
2016-09-08 08:28:29: Change in: /Volumes/SSDRimalaya/rspace/Presentation-Klakken/.Rproj.user/shared/notebooks/-Main/1/s/c9v85hw1m26ba/000005.png
2016-09-08 08:28:29: Change in: /Volumes/SSDRimalaya/rspace/Presentation-Klakken/.Rproj.user/shared/notebooks/-Main/1/s/c9v85hw1m26ba/000006.png
2016-09-08 08:28:29: Change in: /Volumes/SSDRimalaya/rspace/Presentation-Klakken/.Rproj.user/shared/notebooks/-Main/1/s/c9v85hw1m26ba/000006.snapshot
2016-09-08 08:28:29: Change in: /Volumes/SSDRimalaya/rspace/Presentation-Klakken/.Rproj.user/shared/notebooks/-Main/1/s/chunks.json
2016-09-08 08:28:29: Change in: /Volumes/SSDRimalaya/rspace/Presentation-Klakken/.Rproj.user/shared/notebooks/-Main/1/s/csetup_chunk/000002.csv
2016-09-08 08:28:29: Change in: sftp://cloudrimalaya.ddns.net/shares/anonymous/Presentation-Klakken/.Rproj.user/shared/notebooks/-Main/1/s/c4wqlipvx6vyr/000002.csv
2016-09-08 08:28:29: Change in: sftp://cloudrimalaya.ddns.net/shares/anonymous/Presentation-Klakken/.Rproj.user/shared/notebooks/-Main/1/s/c5wfgu16aef3n/000004.csv
2016-09-08 08:28:29: Change in: sftp://cloudrimalaya.ddns.net/shares/anonymous/Presentation-Klakken/.Rproj.user/shared/notebooks/-Main/1/s/c9v85hw1m26ba/000004.csv
2016-09-08 08:28:29: Change in: sftp://cloudrimalaya.ddns.net/shares/anonymous/Presentation-Klakken/.Rproj.user/shared/notebooks/-Main/1/s/c9v85hw1m26ba/000005.png
2016-09-08 08:28:29: Change in: sftp://cloudrimalaya.ddns.net/shares/anonymous/Presentation-Klakken/.Rproj.user/shared/notebooks/-Main/1/s/c9v85hw1m26ba/000006.png
2016-09-08 08:28:29: Change in: sftp://cloudrimalaya.ddns.net/shares/anonymous/Presentation-Klakken/.Rproj.user/shared/notebooks/-Main/1/s/c9v85hw1m26ba/000006.snapshot
2016-09-08 08:28:29: Change in: sftp://cloudrimalaya.ddns.net/shares/anonymous/Presentation-Klakken/.Rproj.user/shared/notebooks/-Main/1/s/chunks.json
2016-09-08 08:28:29: Change in: sftp://cloudrimalaya.ddns.net/shares/anonymous/Presentation-Klakken/.Rproj.user/shared/notebooks/-Main/1/s/csetup_chunk/000002.csv
2016-09-08 08:28:29: On disk file:// space required for sync is 0.0, you have 134.9 GB
2016-09-08 08:28:29: On disk sftp://cloudrimalaya.ddns.net space required for sync is 326.0 KB, free space is unknown
2016-09-08 08:28:29: Changes: 12, Conflicts: 0, CopyTime: 0, CopyState: 0/0, Errors: 0, All: 221
2016-09-08 08:28:29: Left to Right: Copy File: 12 
2016-09-08 08:28:29: -- Analysis Complete. Time 00:00:02, Speed: 24 files/s
2016-09-08 08:28:29: == Sync Started by On File Change PostSync Re-Analyze, Under Runner
2016-09-08 08:28:29: SyncKlakken: SYNC started by On File Change PostSync Re-Analyze, Under Runner on 'MacNMBU'
2016-09-08 08:28:29: /Volumes/SSDRimalaya/rspace/Presentation-Klakken [TmpDest] <-> sftp://cloudrimalaya.ddns.net/shares/anonymous/Presentation-Klakken [TmpDest], CreateFolderIfNotFound, SavePrevVers, CleanupPrevVers=30d, WaitForLocksMinutes=20, LinksCopy, ReconnectSecs=120, ResolveConflicts=NewerFileWins, ChangeLimit=50, AutoClear
2016-09-08 08:28:29: Fraction of files changed (excluding renames) is low enough to perform Auto Sync: 24% (12 / 49) < 50%
2016-09-08 08:28:29: Copy New '/Volumes/SSDRimalaya/rspace/Presentation-Klakken/Main.knit.md' -> 'sftp://cloudrimalaya.ddns.net/shares/anonymous/Presentation-Klakken/Main.knit.md'
2016-09-08 08:28:29: Copy New '/Volumes/SSDRimalaya/rspace/Presentation-Klakken/Main.utf8.md' -> 'sftp://cloudrimalaya.ddns.net/shares/anonymous/Presentation-Klakken/Main.utf8.md'
2016-09-08 08:28:30: Load Recycled DB: sftp://cloudrimalaya.ddns.net/shares/anonymous/Presentation-Klakken/_gsdata_/_recycled_db._gs
2016-09-08 08:28:30: Copy Over '/Volumes/SSDRimalaya/rspace/Presentation-Klakken/Main_files/figure-beamer/unnamed-chunk-3-1.pdf' -> 'sftp://cloudrimalaya.ddns.net/shares/anonymous/Presentation-Klakken/Main_files/figure-beamer/unnamed-chunk-3-1.pdf'
2016-09-08 08:28:30: Copy Over '/Volumes/SSDRimalaya/rspace/Presentation-Klakken/Main_files/figure-beamer/unnamed-chunk-3-2.pdf' -> 'sftp://cloudrimalaya.ddns.net/shares/anonymous/Presentation-Klakken/Main_files/figure-beamer/unnamed-chunk-3-2.pdf'
2016-09-08 08:28:30: Save State File /Volumes/SSDRimalaya/rspace/Presentation-Klakken/_gsdata_/_file_state_v4._gs
2016-09-08 08:28:30: Save State File sftp://cloudrimalaya.ddns.net/shares/anonymous/Presentation-Klakken/_gsdata_/_file_state_v4._gs
2016-09-08 08:28:30: Cleanup recycled files in /Volumes/SSDRimalaya/rspace/Presentation-Klakken/_gsdata_/_saved_
2016-09-08 08:28:30: Load Recycled DB: /Volumes/SSDRimalaya/rspace/Presentation-Klakken/_gsdata_/_recycled_db._gs
2016-09-08 08:28:30: Cleanup old logs in /Users/rajurim/.goodsync/_mirrors_/Volumes-SSDRimalaya-rspace-Presentation-Klakken
2016-09-08 08:28:30: Cleanup old logs in /Volumes/SSDRimalaya/rspace/Presentation-Klakken/_gsdata_
2016-09-08 08:28:30: Save Recycled DB: sftp://cloudrimalaya.ddns.net/shares/anonymous/Presentation-Klakken/_gsdata_/_recycled_db._gs
2016-09-08 08:28:30: == Sync Complete. Time: 00:00:01, Speed: 53.1 KB/s, OK: 4, Errors: 0
2016-09-08 08:28:30: Unlocking folder /Volumes/SSDRimalaya/rspace/Presentation-Klakken/_gsdata_/lock.gsl
2016-09-08 08:28:30: Unlocking folder sftp://cloudrimalaya.ddns.net/shares/anonymous/Presentation-Klakken/_gsdata_/lock.gsl
2016-09-08 08:28:30: 
