2016-09-07 08:53:38: Change detected [0]: t=Created path=/.git/index.lock
2016-09-07 08:53:39: Connected to: /Volumes/SSDRimalaya/rspace/Presentation-Klakken: fs=EXFAT dev=/dev/disk2s1 mount=/Volumes/SSDRimalaya: hfs=0 fat=0 netshare=0
2016-09-07 08:53:41: Connected to: sftp://cloudrimalaya.ddns.net/shares/anonymous/Presentation-Klakken: SSH-2.0-OpenSSH_6.6.1p1 Ubuntu-2ubuntu2.8: SFTP ver 3
2016-09-07 08:53:41: Incremental Analyze for On File Change
2016-09-07 08:53:41: -- Analysis Started by On File Change Incremental, Under Runner
2016-09-07 08:53:41: SyncKlakken: ANALYSIS started by On File Change Incremental, Under Runner on 'MacNMBU' (GoodSync 5.5.6.6)
2016-09-07 08:53:41: /Volumes/SSDRimalaya/rspace/Presentation-Klakken [TmpDest] <-> sftp://cloudrimalaya.ddns.net/shares/anonymous/Presentation-Klakken [TmpDest], SavePrevVers, CleanupPrevVers=30d, WaitForLocksMinutes=20, LinksCopy, ReconnectSecs=120, ChangeLimit=50, AutoClear
2016-09-07 08:53:41: Exclude Hidden, Exclude System, Exclude name *._gstmp|/System Volume Information|Thumbs.db|.DS_Store 
2016-09-07 08:53:41: Locking folder /Volumes/SSDRimalaya/rspace/Presentation-Klakken for write
2016-09-07 08:53:41: Change in: /Volumes/SSDRimalaya/rspace/Presentation-Klakken/.git/index.lock
2016-09-07 08:53:41: Change in: /Volumes/SSDRimalaya/rspace/Presentation-Klakken/Main.html
2016-09-07 08:53:41: Change in: /Volumes/SSDRimalaya/rspace/Presentation-Klakken/ioslides_presentation.lua
2016-09-07 08:53:41: Change in: /Volumes/SSDRimalaya/rspace/Presentation-Klakken/.git/index.lock
2016-09-07 08:53:41: Change in: /Volumes/SSDRimalaya/rspace/Presentation-Klakken/Main.html
2016-09-07 08:53:41: Change in: /Volumes/SSDRimalaya/rspace/Presentation-Klakken/ioslides_presentation.lua
2016-09-07 08:53:41: Change in: /Volumes/SSDRimalaya/rspace/Presentation-Klakken/Main.knit.md
2016-09-07 08:53:41: Change in: /Volumes/SSDRimalaya/rspace/Presentation-Klakken/Main.utf8.md
2016-09-07 08:53:41: Change in: /Volumes/SSDRimalaya/rspace/Presentation-Klakken/Main_files
2016-09-07 08:53:41: Change in: /Volumes/SSDRimalaya/rspace/Presentation-Klakken/.git/index.lock
2016-09-07 08:53:41: Change in: /Volumes/SSDRimalaya/rspace/Presentation-Klakken/.git/index.lock
2016-09-07 08:53:41: Change in: /Volumes/SSDRimalaya/rspace/Presentation-Klakken/.git/index.lock
2016-09-07 08:53:41: Change in: /Volumes/SSDRimalaya/rspace/Presentation-Klakken/Main.utf8.md
2016-09-07 08:53:41: Locking folder sftp://cloudrimalaya.ddns.net/shares/anonymous/Presentation-Klakken for write
2016-09-07 08:53:41: Change detected [0]: t=Modified path=/.Rhistory
2016-09-07 08:53:41: Change detected [0]: t=Created path=/.Rproj.user/CA561311/pcs
2016-09-07 08:53:41: Change detected [0]: t=Created path=/.Rproj.user/CA561311/pcs/files-pane.pper
2016-09-07 08:53:41: Change detected [0]: t=Created path=/.Rproj.user/CA561311/pcs/source-pane.pper
2016-09-07 08:53:41: Change detected [0]: t=Created path=/.Rproj.user/CA561311/pcs/windowlayoutstate.pper
2016-09-07 08:53:41: Change detected [0]: t=Created path=/.Rproj.user/CA561311/pcs/workbench-pane.pper
2016-09-07 08:53:41: Change detected [0]: t=Created path=/.Rproj.user/CA561311/sdb/per/t
2016-09-07 08:53:41: Change detected [0]: t=Created path=/.Rproj.user/CA561311/sdb/per/t/2EFE8958
2016-09-07 08:53:41: Change detected [0]: t=Deleted path=/.Rproj.user/CA561311/sdb/s-753BD898/lock_file
2016-09-07 08:53:41: Change detected [0]: t=Deleted path=/.Rproj.user/CA561311/sdb/s-753BD898/2EFE8958
2016-09-07 08:53:41: Change detected [0]: t=Deleted path=/.Rproj.user/CA561311/sdb/s-753BD898
2016-09-07 08:53:41: Change detected [0]: t=Modified path=/.Rproj.user/CA561311/rmd-outputs
2016-09-07 08:53:41: Change detected [0]: t=Modified path=/.Rproj.user/CA561311/saved_source_markers
2016-09-07 08:53:41: Change in: sftp://cloudrimalaya.ddns.net/shares/anonymous/Presentation-Klakken/Main.utf8.md
2016-09-07 08:53:41: /Main.utf8.md: Conflict: File Modified on Both Sides
2016-09-07 08:53:41: On disk file:// space required for sync is 0.0, you have 135.5 GB
2016-09-07 08:53:41: On disk sftp://cloudrimalaya.ddns.net space required for sync is 432.0 KB, free space is unknown
2016-09-07 08:53:41: Analyze has finished with Conflicts. Resolve Conflicts by selecting the correct sync direction, then click Sync
2016-09-07 08:53:41: Changes: 6, Conflicts: 3, CopyTime: 0, CopyState: 0/0, Errors: 0, All: 130
2016-09-07 08:53:41: Left to Right: Copy File: 1 Delete File: 2 
2016-09-07 08:53:41: -- Analysis Complete. Time 00:00:03, Speed: 12 files/s
2016-09-07 08:53:41: == Sync Started by On File Change Incremental, Under Runner
2016-09-07 08:53:41: SyncKlakken: SYNC started by On File Change Incremental, Under Runner on 'MacNMBU'
2016-09-07 08:53:41: /Volumes/SSDRimalaya/rspace/Presentation-Klakken [TmpDest] <-> sftp://cloudrimalaya.ddns.net/shares/anonymous/Presentation-Klakken [TmpDest], SavePrevVers, CleanupPrevVers=30d, WaitForLocksMinutes=20, LinksCopy, ReconnectSecs=120, ChangeLimit=50, AutoClear
2016-09-07 08:53:41: Fraction of files changed (excluding renames) is low enough to perform Auto Sync: 15% (6 / 38) < 50%
2016-09-07 08:53:42: Load Recycled DB: sftp://cloudrimalaya.ddns.net/shares/anonymous/Presentation-Klakken/_gsdata_/_recycled_db._gs
2016-09-07 08:53:42: Delete File 'sftp://cloudrimalaya.ddns.net/shares/anonymous/Presentation-Klakken/Main.knit.md'
2016-09-07 08:53:42: Delete Folder 'sftp://cloudrimalaya.ddns.net/shares/anonymous/Presentation-Klakken/Main_files'
2016-09-07 08:53:44: Copy Over '/Volumes/SSDRimalaya/rspace/Presentation-Klakken/Main.html' -> 'sftp://cloudrimalaya.ddns.net/shares/anonymous/Presentation-Klakken/Main.html'
2016-09-07 08:53:44: /Main.pdf: unresolved conflict results in No Copy
2016-09-07 08:53:44: /Main.tex: unresolved conflict results in No Copy
2016-09-07 08:53:44: /Main.utf8.md: unresolved conflict results in No Copy
2016-09-07 08:53:44: Save State File /Volumes/SSDRimalaya/rspace/Presentation-Klakken/_gsdata_/_file_state_v4._gs
2016-09-07 08:53:45: Save State File sftp://cloudrimalaya.ddns.net/shares/anonymous/Presentation-Klakken/_gsdata_/_file_state_v4._gs
2016-09-07 08:53:45: Sync finished with 3 unresolved conflicts. Click Conflicts button to see unresolved conflicts
2016-09-07 08:53:45: Cleanup recycled files in /Volumes/SSDRimalaya/rspace/Presentation-Klakken/_gsdata_/_saved_
2016-09-07 08:53:45: Load Recycled DB: /Volumes/SSDRimalaya/rspace/Presentation-Klakken/_gsdata_/_recycled_db._gs
2016-09-07 08:53:45: Cleanup old logs in /Users/rajurim/.goodsync/_mirrors_/Volumes-SSDRimalaya-rspace-Presentation-Klakken
2016-09-07 08:53:45: Cleanup old logs in /Volumes/SSDRimalaya/rspace/Presentation-Klakken/_gsdata_
2016-09-07 08:53:45: Save Recycled DB: sftp://cloudrimalaya.ddns.net/shares/anonymous/Presentation-Klakken/_gsdata_/_recycled_db._gs
2016-09-07 08:53:45: == Sync Complete. Time: 00:00:04, Speed: 109.2 KB/s, OK: 3, Errors: 0, Conflicts: 3
2016-09-07 08:53:46: --- Do one more Analyze to get latest changes of this Sync ---
2016-09-07 08:53:46: -- Analysis Started by On File Change PostSync Re-Analyze, Under Runner
2016-09-07 08:53:46: SyncKlakken: ANALYSIS started by On File Change PostSync Re-Analyze, Under Runner on 'MacNMBU' (GoodSync 5.5.6.6)
2016-09-07 08:53:46: /Volumes/SSDRimalaya/rspace/Presentation-Klakken [TmpDest] <-> sftp://cloudrimalaya.ddns.net/shares/anonymous/Presentation-Klakken [TmpDest], SavePrevVers, CleanupPrevVers=30d, WaitForLocksMinutes=20, LinksCopy, ReconnectSecs=120, ChangeLimit=50, AutoClear
2016-09-07 08:53:46: Exclude Hidden, Exclude System, Exclude name *._gstmp|/System Volume Information|Thumbs.db|.DS_Store 
2016-09-07 08:53:46: Change in: /Volumes/SSDRimalaya/rspace/Presentation-Klakken/.Rhistory
2016-09-07 08:53:46: Change in: /Volumes/SSDRimalaya/rspace/Presentation-Klakken/.Rproj.user/CA561311/pcs
2016-09-07 08:53:46: Change in: /Volumes/SSDRimalaya/rspace/Presentation-Klakken/.Rproj.user/CA561311/pcs/files-pane.pper
2016-09-07 08:53:46: Change in: /Volumes/SSDRimalaya/rspace/Presentation-Klakken/.Rproj.user/CA561311/pcs/source-pane.pper
2016-09-07 08:53:46: Change in: /Volumes/SSDRimalaya/rspace/Presentation-Klakken/.Rproj.user/CA561311/pcs/windowlayoutstate.pper
2016-09-07 08:53:46: Change in: /Volumes/SSDRimalaya/rspace/Presentation-Klakken/.Rproj.user/CA561311/pcs/workbench-pane.pper
2016-09-07 08:53:46: Change in: /Volumes/SSDRimalaya/rspace/Presentation-Klakken/.Rproj.user/CA561311/sdb/per/t
2016-09-07 08:53:46: Change in: /Volumes/SSDRimalaya/rspace/Presentation-Klakken/.Rproj.user/CA561311/sdb/per/t/2EFE8958
2016-09-07 08:53:46: Change in: /Volumes/SSDRimalaya/rspace/Presentation-Klakken/.Rproj.user/CA561311/sdb/s-753BD898/lock_file
2016-09-07 08:53:46: Change in: /Volumes/SSDRimalaya/rspace/Presentation-Klakken/.Rproj.user/CA561311/sdb/s-753BD898/2EFE8958
2016-09-07 08:53:46: Change in: /Volumes/SSDRimalaya/rspace/Presentation-Klakken/.Rproj.user/CA561311/sdb/s-753BD898
2016-09-07 08:53:46: Change in: /Volumes/SSDRimalaya/rspace/Presentation-Klakken/.Rproj.user/CA561311/rmd-outputs
2016-09-07 08:53:46: Change in: /Volumes/SSDRimalaya/rspace/Presentation-Klakken/.Rproj.user/CA561311/saved_source_markers
2016-09-07 08:53:46: On disk file:// space required for sync is 0.0, you have 135.5 GB
2016-09-07 08:53:46: On disk sftp://cloudrimalaya.ddns.net space required for sync is 10.0 KB, free space is unknown
2016-09-07 08:53:46: Analyze has finished with Conflicts. Resolve Conflicts by selecting the correct sync direction, then click Sync
2016-09-07 08:53:46: Changes: 13, Conflicts: 3, CopyTime: 0, CopyState: 0/0, Errors: 0, All: 130
2016-09-07 08:53:46: Left to Right: Copy File: 7 Delete File: 3 
2016-09-07 08:53:46: -- Analysis Complete. Time 00:00:05, Speed: 7 files/s
2016-09-07 08:53:46: == Sync Started by On File Change PostSync Re-Analyze, Under Runner
2016-09-07 08:53:46: SyncKlakken: SYNC started by On File Change PostSync Re-Analyze, Under Runner on 'MacNMBU'
2016-09-07 08:53:46: /Volumes/SSDRimalaya/rspace/Presentation-Klakken [TmpDest] <-> sftp://cloudrimalaya.ddns.net/shares/anonymous/Presentation-Klakken [TmpDest], SavePrevVers, CleanupPrevVers=30d, WaitForLocksMinutes=20, LinksCopy, ReconnectSecs=120, ChangeLimit=50, AutoClear
2016-09-07 08:53:46: Fraction of files changed (excluding renames) is low enough to perform Auto Sync: 35% (13 / 37) < 50%
2016-09-07 08:53:47: Load Recycled DB: sftp://cloudrimalaya.ddns.net/shares/anonymous/Presentation-Klakken/_gsdata_/_recycled_db._gs
2016-09-07 08:53:47: Delete File 'sftp://cloudrimalaya.ddns.net/shares/anonymous/Presentation-Klakken/.Rproj.user/CA561311/sdb/s-753BD898/2EFE8958'
2016-09-07 08:53:47: Delete File 'sftp://cloudrimalaya.ddns.net/shares/anonymous/Presentation-Klakken/.Rproj.user/CA561311/sdb/s-753BD898/lock_file'
2016-09-07 08:53:47: Delete Folder 'sftp://cloudrimalaya.ddns.net/shares/anonymous/Presentation-Klakken/.Rproj.user/CA561311/sdb/s-753BD898'
2016-09-07 08:53:47: Copy Over '/Volumes/SSDRimalaya/rspace/Presentation-Klakken/.Rproj.user/CA561311/pcs/files-pane.pper' -> 'sftp://cloudrimalaya.ddns.net/shares/anonymous/Presentation-Klakken/.Rproj.user/CA561311/pcs/files-pane.pper'
2016-09-07 08:53:47: Copy Over '/Volumes/SSDRimalaya/rspace/Presentation-Klakken/.Rproj.user/CA561311/pcs/source-pane.pper' -> 'sftp://cloudrimalaya.ddns.net/shares/anonymous/Presentation-Klakken/.Rproj.user/CA561311/pcs/source-pane.pper'
2016-09-07 08:53:48: Copy Over '/Volumes/SSDRimalaya/rspace/Presentation-Klakken/.Rproj.user/CA561311/pcs/windowlayoutstate.pper' -> 'sftp://cloudrimalaya.ddns.net/shares/anonymous/Presentation-Klakken/.Rproj.user/CA561311/pcs/windowlayoutstate.pper'
2016-09-07 08:53:48: Copy Over '/Volumes/SSDRimalaya/rspace/Presentation-Klakken/.Rproj.user/CA561311/pcs/workbench-pane.pper' -> 'sftp://cloudrimalaya.ddns.net/shares/anonymous/Presentation-Klakken/.Rproj.user/CA561311/pcs/workbench-pane.pper'
2016-09-07 08:53:48: Copy Over '/Volumes/SSDRimalaya/rspace/Presentation-Klakken/.Rproj.user/CA561311/rmd-outputs' -> 'sftp://cloudrimalaya.ddns.net/shares/anonymous/Presentation-Klakken/.Rproj.user/CA561311/rmd-outputs'
2016-09-07 08:53:48: Copy Over '/Volumes/SSDRimalaya/rspace/Presentation-Klakken/.Rproj.user/CA561311/saved_source_markers' -> 'sftp://cloudrimalaya.ddns.net/shares/anonymous/Presentation-Klakken/.Rproj.user/CA561311/saved_source_markers'
2016-09-07 08:53:48: Copy New '/Volumes/SSDRimalaya/rspace/Presentation-Klakken/.Rproj.user/CA561311/sdb/per/t/2EFE8958' -> 'sftp://cloudrimalaya.ddns.net/shares/anonymous/Presentation-Klakken/.Rproj.user/CA561311/sdb/per/t/2EFE8958'
- ERROR: Error copying file: Cannot open file '/Volumes/SSDRimalaya/rspace/Presentation-Klakken/.Rproj.user/CA561311/sdb/per/t/2EFE8958' for read: No such file or directory (error 2)
2016-09-07 08:53:48: /Main.pdf: unresolved conflict results in No Copy
2016-09-07 08:53:48: /Main.tex: unresolved conflict results in No Copy
2016-09-07 08:53:48: /Main.utf8.md: unresolved conflict results in No Copy
2016-09-07 08:53:48: Save State File /Volumes/SSDRimalaya/rspace/Presentation-Klakken/_gsdata_/_file_state_v4._gs
2016-09-07 08:53:48: Save State File sftp://cloudrimalaya.ddns.net/shares/anonymous/Presentation-Klakken/_gsdata_/_file_state_v4._gs
2016-09-07 08:53:48: Sync finished with 1 errors. Click Errors button to see sync errors
2016-09-07 08:53:48: Cleanup recycled files in /Volumes/SSDRimalaya/rspace/Presentation-Klakken/_gsdata_/_saved_
2016-09-07 08:53:48: Load Recycled DB: /Volumes/SSDRimalaya/rspace/Presentation-Klakken/_gsdata_/_recycled_db._gs
2016-09-07 08:53:48: Cleanup old logs in /Users/rajurim/.goodsync/_mirrors_/Volumes-SSDRimalaya-rspace-Presentation-Klakken
2016-09-07 08:53:48: Cleanup old logs in /Volumes/SSDRimalaya/rspace/Presentation-Klakken/_gsdata_
2016-09-07 08:53:49: Save Recycled DB: sftp://cloudrimalaya.ddns.net/shares/anonymous/Presentation-Klakken/_gsdata_/_recycled_db._gs
2016-09-07 08:53:49: == Sync Complete. Time: 00:00:03, Speed: 4.2 KB/s, OK: 9, Errors: 1, Conflicts: 3
2016-09-07 08:53:49: Deleted lock file /Volumes/SSDRimalaya/rspace/Presentation-Klakken/_gsdata_/lock.gsl
2016-09-07 08:53:49: Deleted lock file sftp://cloudrimalaya.ddns.net/shares/anonymous/Presentation-Klakken/_gsdata_/lock.gsl
2016-09-07 08:53:49: 
