2016-09-07 16:04:24: Connected to: /Volumes/SSDRimalaya/rspace/Presentation-Klakken: fs=EXFAT dev=/dev/disk2s1 mount=/Volumes/SSDRimalaya: hfs=0 fat=0 netshare=0
2016-09-07 16:04:26: Connected to: sftp://cloudrimalaya.ddns.net/shares/anonymous/Presentation-Klakken: SSH-2.0-OpenSSH_6.6.1p1 Ubuntu-2ubuntu2.8: SFTP ver 3
2016-09-07 16:04:26: Incremental Analyze for On File Change
2016-09-07 16:04:26: -- Analysis Started by On File Change Incremental, Under Runner
2016-09-07 16:04:26: SyncKlakken: ANALYSIS started by On File Change Incremental, Under Runner on 'MacNMBU' (GoodSync 5.5.6.6)
2016-09-07 16:04:26: /Volumes/SSDRimalaya/rspace/Presentation-Klakken [TmpDest] <-> sftp://cloudrimalaya.ddns.net/shares/anonymous/Presentation-Klakken [TmpDest] [time-translate], SavePrevVers, CleanupPrevVers=30d, WaitForLocksMinutes=20, LinksCopy, ReconnectSecs=120, ChangeLimit=50, AutoClear
2016-09-07 16:04:26: Exclude Hidden, Exclude System, Exclude name *._gstmp|/System Volume Information|Thumbs.db|.DS_Store 
2016-09-07 16:04:26: Locking folder /Volumes/SSDRimalaya/rspace/Presentation-Klakken for write
2016-09-07 16:04:26: Change in: /Volumes/SSDRimalaya/rspace/Presentation-Klakken/.git/index.lock
2016-09-07 16:04:26: Change in: /Volumes/SSDRimalaya/rspace/Presentation-Klakken/.Rhistory
2016-09-07 16:04:26: Change in: /Volumes/SSDRimalaya/rspace/Presentation-Klakken/.RDataTmp
2016-09-07 16:04:26: Change in: /Volumes/SSDRimalaya/rspace/Presentation-Klakken/.RData
2016-09-07 16:04:26: Change in: /Volumes/SSDRimalaya/rspace/Presentation-Klakken/.Rproj.user/CA561311/pcs
2016-09-07 16:04:26: Change in: /Volumes/SSDRimalaya/rspace/Presentation-Klakken/.Rproj.user/CA561311/pcs/files-pane.pper
2016-09-07 16:04:26: Change in: /Volumes/SSDRimalaya/rspace/Presentation-Klakken/.Rproj.user/CA561311/pcs/source-pane.pper
2016-09-07 16:04:26: Change in: /Volumes/SSDRimalaya/rspace/Presentation-Klakken/.Rproj.user/CA561311/pcs/windowlayoutstate.pper
2016-09-07 16:04:26: Change in: /Volumes/SSDRimalaya/rspace/Presentation-Klakken/.Rproj.user/CA561311/pcs/workbench-pane.pper
2016-09-07 16:04:26: Change in: /Volumes/SSDRimalaya/rspace/Presentation-Klakken/.Rproj.user/CA561311/sdb/per/t
2016-09-07 16:04:26: Change in: /Volumes/SSDRimalaya/rspace/Presentation-Klakken/.Rproj.user/CA561311/sdb/per/t/2EFE8958
2016-09-07 16:04:26: Change in: /Volumes/SSDRimalaya/rspace/Presentation-Klakken/.Rproj.user/CA561311/sdb/per/t/3A17CF77
2016-09-07 16:04:26: Change in: /Volumes/SSDRimalaya/rspace/Presentation-Klakken/.Rproj.user/CA561311/sdb/s-B9CCC527/lock_file
2016-09-07 16:04:26: Change in: /Volumes/SSDRimalaya/rspace/Presentation-Klakken/.Rproj.user/CA561311/sdb/s-B9CCC527/2EFE8958
2016-09-07 16:04:26: Change in: /Volumes/SSDRimalaya/rspace/Presentation-Klakken/.Rproj.user/CA561311/sdb/s-B9CCC527/3A17CF77
2016-09-07 16:04:26: Change in: /Volumes/SSDRimalaya/rspace/Presentation-Klakken/.Rproj.user/CA561311/sdb/s-B9CCC527
2016-09-07 16:04:26: Change in: /Volumes/SSDRimalaya/rspace/Presentation-Klakken/.Rproj.user/CA561311/rmd-outputs
2016-09-07 16:04:26: Change in: /Volumes/SSDRimalaya/rspace/Presentation-Klakken/.Rproj.user/CA561311/saved_source_markers
2016-09-07 16:04:26: Locking folder sftp://cloudrimalaya.ddns.net/shares/anonymous/Presentation-Klakken for write
2016-09-07 16:04:26: On disk file:// space required for sync is 0.0, you have 134.9 GB
2016-09-07 16:04:26: On disk sftp://cloudrimalaya.ddns.net space required for sync is 17.0 KB, free space is unknown
2016-09-07 16:04:26: Analyze has finished with Conflicts. Resolve Conflicts by selecting the correct sync direction, then click Sync
2016-09-07 16:04:26: Changes: 15, Conflicts: 3, CopyTime: 0, CopyState: 0/0, Errors: 0, All: 202
2016-09-07 16:04:26: Left to Right: Copy File: 8 Delete File: 4 
2016-09-07 16:04:26: -- Analysis Complete. Time 00:00:03, Speed: 18 files/s
2016-09-07 16:04:26: == Sync Started by On File Change Incremental, Under Runner
2016-09-07 16:04:26: SyncKlakken: SYNC started by On File Change Incremental, Under Runner on 'MacNMBU'
2016-09-07 16:04:26: /Volumes/SSDRimalaya/rspace/Presentation-Klakken [TmpDest] <-> sftp://cloudrimalaya.ddns.net/shares/anonymous/Presentation-Klakken [TmpDest] [time-translate], SavePrevVers, CleanupPrevVers=30d, WaitForLocksMinutes=20, LinksCopy, ReconnectSecs=120, ChangeLimit=50, AutoClear
2016-09-07 16:04:26: Fraction of files changed (excluding renames) is low enough to perform Auto Sync: 26% (15 / 56) < 50%
2016-09-07 16:04:26: Load Recycled DB: sftp://cloudrimalaya.ddns.net/shares/anonymous/Presentation-Klakken/_gsdata_/_recycled_db._gs
2016-09-07 16:04:26: Delete File 'sftp://cloudrimalaya.ddns.net/shares/anonymous/Presentation-Klakken/.Rproj.user/CA561311/sdb/s-B9CCC527/2EFE8958'
2016-09-07 16:04:26: Delete File 'sftp://cloudrimalaya.ddns.net/shares/anonymous/Presentation-Klakken/.Rproj.user/CA561311/sdb/s-B9CCC527/3A17CF77'
2016-09-07 16:04:26: Delete File 'sftp://cloudrimalaya.ddns.net/shares/anonymous/Presentation-Klakken/.Rproj.user/CA561311/sdb/s-B9CCC527/lock_file'
2016-09-07 16:04:26: Delete Folder 'sftp://cloudrimalaya.ddns.net/shares/anonymous/Presentation-Klakken/.Rproj.user/CA561311/sdb/s-B9CCC527'
2016-09-07 16:04:27: Copy Over '/Volumes/SSDRimalaya/rspace/Presentation-Klakken/.Rproj.user/CA561311/pcs/files-pane.pper' -> 'sftp://cloudrimalaya.ddns.net/shares/anonymous/Presentation-Klakken/.Rproj.user/CA561311/pcs/files-pane.pper'
2016-09-07 16:04:27: Copy Over '/Volumes/SSDRimalaya/rspace/Presentation-Klakken/.Rproj.user/CA561311/pcs/source-pane.pper' -> 'sftp://cloudrimalaya.ddns.net/shares/anonymous/Presentation-Klakken/.Rproj.user/CA561311/pcs/source-pane.pper'
2016-09-07 16:04:27: Copy Over '/Volumes/SSDRimalaya/rspace/Presentation-Klakken/.Rproj.user/CA561311/pcs/windowlayoutstate.pper' -> 'sftp://cloudrimalaya.ddns.net/shares/anonymous/Presentation-Klakken/.Rproj.user/CA561311/pcs/windowlayoutstate.pper'
2016-09-07 16:04:27: Copy Over '/Volumes/SSDRimalaya/rspace/Presentation-Klakken/.Rproj.user/CA561311/pcs/workbench-pane.pper' -> 'sftp://cloudrimalaya.ddns.net/shares/anonymous/Presentation-Klakken/.Rproj.user/CA561311/pcs/workbench-pane.pper'
2016-09-07 16:04:28: Copy Over '/Volumes/SSDRimalaya/rspace/Presentation-Klakken/.Rproj.user/CA561311/rmd-outputs' -> 'sftp://cloudrimalaya.ddns.net/shares/anonymous/Presentation-Klakken/.Rproj.user/CA561311/rmd-outputs'
2016-09-07 16:04:28: Copy Over '/Volumes/SSDRimalaya/rspace/Presentation-Klakken/.Rproj.user/CA561311/saved_source_markers' -> 'sftp://cloudrimalaya.ddns.net/shares/anonymous/Presentation-Klakken/.Rproj.user/CA561311/saved_source_markers'
2016-09-07 16:04:28: Copy New '/Volumes/SSDRimalaya/rspace/Presentation-Klakken/.Rproj.user/CA561311/sdb/per/t/2EFE8958' -> 'sftp://cloudrimalaya.ddns.net/shares/anonymous/Presentation-Klakken/.Rproj.user/CA561311/sdb/per/t/2EFE8958'
2016-09-07 16:04:28: Copy New '/Volumes/SSDRimalaya/rspace/Presentation-Klakken/.Rproj.user/CA561311/sdb/per/t/3A17CF77' -> 'sftp://cloudrimalaya.ddns.net/shares/anonymous/Presentation-Klakken/.Rproj.user/CA561311/sdb/per/t/3A17CF77'
2016-09-07 16:04:28: /Main.pdf: unresolved conflict results in No Copy
2016-09-07 16:04:28: /Main.tex: unresolved conflict results in No Copy
2016-09-07 16:04:28: /Main.utf8.md: unresolved conflict results in No Copy
2016-09-07 16:04:28: Save State File /Volumes/SSDRimalaya/rspace/Presentation-Klakken/_gsdata_/_file_state_v4._gs
2016-09-07 16:04:28: Save State File sftp://cloudrimalaya.ddns.net/shares/anonymous/Presentation-Klakken/_gsdata_/_file_state_v4._gs
2016-09-07 16:04:28: Sync finished with 3 unresolved conflicts. Click Conflicts button to see unresolved conflicts
2016-09-07 16:04:28: Cleanup recycled files in /Volumes/SSDRimalaya/rspace/Presentation-Klakken/_gsdata_/_saved_
2016-09-07 16:04:28: Load Recycled DB: /Volumes/SSDRimalaya/rspace/Presentation-Klakken/_gsdata_/_recycled_db._gs
2016-09-07 16:04:28: Cleanup old logs in /Users/rajurim/.goodsync/_mirrors_/Volumes-SSDRimalaya-rspace-Presentation-Klakken
2016-09-07 16:04:28: Cleanup old logs in /Volumes/SSDRimalaya/rspace/Presentation-Klakken/_gsdata_
2016-09-07 16:04:29: Save Recycled DB: sftp://cloudrimalaya.ddns.net/shares/anonymous/Presentation-Klakken/_gsdata_/_recycled_db._gs
2016-09-07 16:04:29: == Sync Complete. Time: 00:00:03, Speed: 10.4 KB/s, OK: 12, Errors: 0, Conflicts: 3
2016-09-07 16:04:30: Deleted lock file /Volumes/SSDRimalaya/rspace/Presentation-Klakken/_gsdata_/lock.gsl
2016-09-07 16:04:30: Deleted lock file sftp://cloudrimalaya.ddns.net/shares/anonymous/Presentation-Klakken/_gsdata_/lock.gsl
2016-09-07 16:04:30: 
