2016-09-08 08:41:26: Connected to: /Volumes/SSDRimalaya/rspace/Presentation-Klakken: fs=EXFAT dev=/dev/disk2s1 mount=/Volumes/SSDRimalaya: hfs=0 fat=0 netshare=0
2016-09-08 08:41:27: Connected to: sftp://cloudrimalaya.ddns.net/shares/anonymous/Presentation-Klakken: SSH-2.0-OpenSSH_6.6.1p1 Ubuntu-2ubuntu2.8: SFTP ver 3
2016-09-08 08:41:27: Incremental Analyze for On File Change
2016-09-08 08:41:27: -- Analysis Started by On File Change Incremental, Under Runner
2016-09-08 08:41:27: SyncKlakken: ANALYSIS started by On File Change Incremental, Under Runner on 'MacNMBU' (GoodSync 5.5.6.6)
2016-09-08 08:41:27: /Volumes/SSDRimalaya/rspace/Presentation-Klakken [TmpDest] <-> sftp://cloudrimalaya.ddns.net/shares/anonymous/Presentation-Klakken [TmpDest], CreateFolderIfNotFound, SavePrevVers, CleanupPrevVers=30d, WaitForLocksMinutes=20, LinksCopy, ReconnectSecs=120, ResolveConflicts=NewerFileWins, ChangeLimit=50, AutoClear
2016-09-08 08:41:27: Exclude Hidden, Exclude System, Exclude name *._gstmp|/System Volume Information|Thumbs.db|.DS_Store 
2016-09-08 08:41:27: Locking folder /Volumes/SSDRimalaya/rspace/Presentation-Klakken for write
2016-09-08 08:41:27: Change in: /Volumes/SSDRimalaya/rspace/Presentation-Klakken/.git/index.lock
2016-09-08 08:41:27: Change in: /Volumes/SSDRimalaya/rspace/Presentation-Klakken/Main.Rmd
2016-09-08 08:41:27: Change in: /Volumes/SSDRimalaya/rspace/Presentation-Klakken/.Rproj.user/shared/notebooks/.rstudio-lock-41c29-MacNMBU.local-65264-0x7fff7970d000
2016-09-08 08:41:27: Change in: /Volumes/SSDRimalaya/rspace/Presentation-Klakken/.Rproj.user/shared/notebooks/-Main/1/s/c5wfgu16aef3n/000004.csv
2016-09-08 08:41:27: Change in: /Volumes/SSDRimalaya/rspace/Presentation-Klakken/.Rproj.user/shared/notebooks/-Main/1/s/c5wfgu16aef3n
2016-09-08 08:41:27: Change in: /Volumes/SSDRimalaya/rspace/Presentation-Klakken/.Rproj.user/shared/notebooks/-Main/1/s/c9v85hw1m26ba/000004.csv
2016-09-08 08:41:27: Change in: /Volumes/SSDRimalaya/rspace/Presentation-Klakken/.Rproj.user/shared/notebooks/-Main/1/s/c9v85hw1m26ba/000005.png
2016-09-08 08:41:27: Change in: /Volumes/SSDRimalaya/rspace/Presentation-Klakken/.Rproj.user/shared/notebooks/-Main/1/s/c9v85hw1m26ba/000006.png
2016-09-08 08:41:27: Change in: /Volumes/SSDRimalaya/rspace/Presentation-Klakken/.Rproj.user/shared/notebooks/-Main/1/s/c9v85hw1m26ba/000006.snapshot
2016-09-08 08:41:27: Change in: /Volumes/SSDRimalaya/rspace/Presentation-Klakken/.Rproj.user/shared/notebooks/-Main/1/s/c9v85hw1m26ba
2016-09-08 08:41:27: Change in: /Volumes/SSDRimalaya/rspace/Presentation-Klakken/.Rproj.user/shared/notebooks/-Main/1/s/chunks.json
2016-09-08 08:41:27: Change in: /Volumes/SSDRimalaya/rspace/Presentation-Klakken/.Rproj.user/shared/notebooks/-Main/1/CA561311/c48rdv2lvev5z
2016-09-08 08:41:27: Change in: /Volumes/SSDRimalaya/rspace/Presentation-Klakken/.Rproj.user/shared/notebooks/-Main/1/s/c48rdv2lvev5z
2016-09-08 08:41:27: Change in: /Volumes/SSDRimalaya/rspace/Presentation-Klakken/.Rproj.user/CA561311/sdb/s-B9D3BF3E/2EFE8958
2016-09-08 08:41:27: Change in: /Volumes/SSDRimalaya/rspace/Presentation-Klakken/.Rproj.user/CA561311/sdb/prop/5087E748
2016-09-08 08:41:27: Change in: /Volumes/SSDRimalaya/rspace/Presentation-Klakken/.git/index.lock
2016-09-08 08:41:27: Change in: /Volumes/SSDRimalaya/rspace/Presentation-Klakken/.git/index.lock
2016-09-08 08:41:27: Change in: /Volumes/SSDRimalaya/rspace/Presentation-Klakken/.Rproj.user/CA561311/sdb/s-B9D3BF3E/6C821FDC
2016-09-08 08:41:27: Change in: /Volumes/SSDRimalaya/rspace/Presentation-Klakken/.Rproj.user/shared/notebooks/-Main/1/CA561311/c48rdv2lvev5z/000002.csv
2016-09-08 08:41:27: Change in: /Volumes/SSDRimalaya/rspace/Presentation-Klakken/.Rproj.user/shared/notebooks/-Main/1/s/c4wqlipvx6vyr/000002.csv
2016-09-08 08:41:27: Change in: /Volumes/SSDRimalaya/rspace/Presentation-Klakken/.Rproj.user/shared/notebooks/-Main/1/s/c5wfgu16aef3n/000004.csv
2016-09-08 08:41:27: Change in: /Volumes/SSDRimalaya/rspace/Presentation-Klakken/.Rproj.user/shared/notebooks/-Main/1/s/c9v85hw1m26ba/000004.csv
2016-09-08 08:41:27: Change in: /Volumes/SSDRimalaya/rspace/Presentation-Klakken/.Rproj.user/shared/notebooks/-Main/1/s/c9v85hw1m26ba/000005.png
2016-09-08 08:41:27: Change in: /Volumes/SSDRimalaya/rspace/Presentation-Klakken/.Rproj.user/shared/notebooks/-Main/1/s/c9v85hw1m26ba/000006.png
2016-09-08 08:41:27: Change in: /Volumes/SSDRimalaya/rspace/Presentation-Klakken/.Rproj.user/shared/notebooks/-Main/1/s/c9v85hw1m26ba/000006.snapshot
2016-09-08 08:41:27: Change in: /Volumes/SSDRimalaya/rspace/Presentation-Klakken/.Rproj.user/shared/notebooks/-Main/1/s/chunks.json
2016-09-08 08:41:27: Change in: /Volumes/SSDRimalaya/rspace/Presentation-Klakken/.Rproj.user/shared/notebooks/-Main/1/s/csetup_chunk/000002.csv
2016-09-08 08:41:27: Locking folder sftp://cloudrimalaya.ddns.net/shares/anonymous/Presentation-Klakken for write
2016-09-08 08:41:27: Change in: sftp://cloudrimalaya.ddns.net/shares/anonymous/Presentation-Klakken/.Rproj.user/CA561311/sdb/s-B9D3BF3E/6C821FDC
2016-09-08 08:41:27: Change in: sftp://cloudrimalaya.ddns.net/shares/anonymous/Presentation-Klakken/.Rproj.user/shared/notebooks/-Main/1/CA561311/c48rdv2lvev5z/000002.csv
2016-09-08 08:41:27: Change in: sftp://cloudrimalaya.ddns.net/shares/anonymous/Presentation-Klakken/.Rproj.user/shared/notebooks/-Main/1/s/c4wqlipvx6vyr/000002.csv
2016-09-08 08:41:27: Change in: sftp://cloudrimalaya.ddns.net/shares/anonymous/Presentation-Klakken/.Rproj.user/shared/notebooks/-Main/1/s/c5wfgu16aef3n/000004.csv
2016-09-08 08:41:27: Change detected [0]: t=Created path=/.Rproj.user/shared/notebooks/-Main/1/s/c48rdv2lvev5z
2016-09-08 08:41:27: Change detected [0]: t=Deleted path=/.Rproj.user/CA561311/sdb/s-B9D3BF3E/6C821FDC
2016-09-08 08:41:27: Change detected [0]: t=Created path=/.Rproj.user/shared/notebooks/-Main/1/s/c48rdv2lvev5z/000002.csv
2016-09-08 08:41:27: Change detected [0]: t=Created path=/.Rproj.user/shared/notebooks/.rstudio-lock-41c29-MacNMBU.local-65264-0x7fff7970d000
2016-09-08 08:41:27: Change detected [0]: t=Created path=/.Rproj.user/shared/notebooks/-Main/1/s/c48rdv2lvev5z/000003.error
2016-09-08 08:41:27: Change detected [0]: t=Created path=/.Rproj.user/shared/notebooks/-Main/1/s/c48rdv2lvev5z_t
2016-09-08 08:41:28: Change in: sftp://cloudrimalaya.ddns.net/shares/anonymous/Presentation-Klakken/.Rproj.user/shared/notebooks/-Main/1/s/c9v85hw1m26ba/000004.csv
2016-09-08 08:41:28: Change in: sftp://cloudrimalaya.ddns.net/shares/anonymous/Presentation-Klakken/.Rproj.user/shared/notebooks/-Main/1/s/c9v85hw1m26ba/000005.png
2016-09-08 08:41:28: Change in: sftp://cloudrimalaya.ddns.net/shares/anonymous/Presentation-Klakken/.Rproj.user/shared/notebooks/-Main/1/s/c9v85hw1m26ba/000006.png
2016-09-08 08:41:28: Change in: sftp://cloudrimalaya.ddns.net/shares/anonymous/Presentation-Klakken/.Rproj.user/shared/notebooks/-Main/1/s/c9v85hw1m26ba/000006.snapshot
2016-09-08 08:41:28: Change in: sftp://cloudrimalaya.ddns.net/shares/anonymous/Presentation-Klakken/.Rproj.user/shared/notebooks/-Main/1/s/chunks.json
2016-09-08 08:41:28: Change in: sftp://cloudrimalaya.ddns.net/shares/anonymous/Presentation-Klakken/.Rproj.user/shared/notebooks/-Main/1/s/csetup_chunk/000002.csv
2016-09-08 08:41:28: On disk file:// space required for sync is 0.0, you have 134.9 GB
2016-09-08 08:41:28: On disk sftp://cloudrimalaya.ddns.net space required for sync is 14.0 KB, free space is unknown
2016-09-08 08:41:28: Changes: 10, Conflicts: 0, CopyTime: 0, CopyState: 7/0, Errors: 0, All: 228
2016-09-08 08:41:28: Left to Right: Copy File: 7 Delete File: 3 Copy State: 7 
2016-09-08 08:41:28: -- Analysis Complete. Time 00:00:03, Speed: 15 files/s
2016-09-08 08:41:28: == Sync Started by On File Change Incremental, Under Runner
2016-09-08 08:41:28: SyncKlakken: SYNC started by On File Change Incremental, Under Runner on 'MacNMBU'
2016-09-08 08:41:28: /Volumes/SSDRimalaya/rspace/Presentation-Klakken [TmpDest] <-> sftp://cloudrimalaya.ddns.net/shares/anonymous/Presentation-Klakken [TmpDest], CreateFolderIfNotFound, SavePrevVers, CleanupPrevVers=30d, WaitForLocksMinutes=20, LinksCopy, ReconnectSecs=120, ResolveConflicts=NewerFileWins, ChangeLimit=50, AutoClear
2016-09-08 08:41:28: Fraction of files changed (excluding renames) is low enough to perform Auto Sync: 21% (10 / 47) < 50%
2016-09-08 08:41:28: Copy State LtoR: /.Rproj.user/CA561311/sdb/s-B9D3BF3E/6C821FDC
2016-09-08 08:41:28: Copy State LtoR: /.Rproj.user/shared/notebooks/-Main/1/CA561311/c48rdv2lvev5z/000002.csv
2016-09-08 08:41:28: Delete Folder 'sftp://cloudrimalaya.ddns.net/shares/anonymous/Presentation-Klakken/.Rproj.user/shared/notebooks/-Main/1/CA561311/c48rdv2lvev5z'
2016-09-08 08:41:28: Copy State LtoR: /.Rproj.user/shared/notebooks/-Main/1/s/c5wfgu16aef3n/000004.csv
2016-09-08 08:41:28: Delete Folder 'sftp://cloudrimalaya.ddns.net/shares/anonymous/Presentation-Klakken/.Rproj.user/shared/notebooks/-Main/1/s/c5wfgu16aef3n'
2016-09-08 08:41:28: Copy State LtoR: /.Rproj.user/shared/notebooks/-Main/1/s/c9v85hw1m26ba/000004.csv
2016-09-08 08:41:28: Copy State LtoR: /.Rproj.user/shared/notebooks/-Main/1/s/c9v85hw1m26ba/000005.png
2016-09-08 08:41:28: Copy State LtoR: /.Rproj.user/shared/notebooks/-Main/1/s/c9v85hw1m26ba/000006.png
2016-09-08 08:41:28: Copy State LtoR: /.Rproj.user/shared/notebooks/-Main/1/s/c9v85hw1m26ba/000006.snapshot
2016-09-08 08:41:28: Delete Folder 'sftp://cloudrimalaya.ddns.net/shares/anonymous/Presentation-Klakken/.Rproj.user/shared/notebooks/-Main/1/s/c9v85hw1m26ba'
2016-09-08 08:41:28: Create Folder 'sftp://cloudrimalaya.ddns.net/shares/anonymous/Presentation-Klakken/.Rproj.user/shared/notebooks/-Main/1/s/c48rdv2lvev5z'
2016-09-08 08:41:28: Load Recycled DB: sftp://cloudrimalaya.ddns.net/shares/anonymous/Presentation-Klakken/_gsdata_/_recycled_db._gs
2016-09-08 08:41:28: Copy Over '/Volumes/SSDRimalaya/rspace/Presentation-Klakken/Main.Rmd' -> 'sftp://cloudrimalaya.ddns.net/shares/anonymous/Presentation-Klakken/Main.Rmd'
2016-09-08 08:41:28: Save State File /Volumes/SSDRimalaya/rspace/Presentation-Klakken/_gsdata_/_file_state_v4._gs
2016-09-08 08:41:28: Save State File sftp://cloudrimalaya.ddns.net/shares/anonymous/Presentation-Klakken/_gsdata_/_file_state_v4._gs
2016-09-08 08:41:28: Cleanup recycled files in /Volumes/SSDRimalaya/rspace/Presentation-Klakken/_gsdata_/_saved_
2016-09-08 08:41:28: Load Recycled DB: /Volumes/SSDRimalaya/rspace/Presentation-Klakken/_gsdata_/_recycled_db._gs
2016-09-08 08:41:28: Cleanup old logs in /Users/rajurim/.goodsync/_mirrors_/Volumes-SSDRimalaya-rspace-Presentation-Klakken
2016-09-08 08:41:28: Cleanup old logs in /Volumes/SSDRimalaya/rspace/Presentation-Klakken/_gsdata_
2016-09-08 08:41:29: Save Recycled DB: sftp://cloudrimalaya.ddns.net/shares/anonymous/Presentation-Klakken/_gsdata_/_recycled_db._gs
2016-09-08 08:41:29: == Sync Complete. Time: 00:00:01, Speed: 0.0/s, OK: 12, Errors: 0
2016-09-08 08:41:29: Change detected [0]: t=Created path=/.git/index.lock
2016-09-08 08:41:29: Change detected [0]: t=Created path=/.Rproj.user/shared/notebooks/-Main/1/s/c48rdv2lvev5z_t
2016-09-08 08:41:29: Change detected [0]: t=Created path=/.Rproj.user/shared/notebooks/-Main/1/s/c48rdv2lvev5z/000002.csv
2016-09-08 08:41:29: Change detected [0]: t=Created path=/.Rproj.user/shared/notebooks/-Main/1/s/c48rdv2lvev5z/000003.error
2016-09-08 08:41:29: Change detected [0]: t=Created path=/.Rproj.user/shared/notebooks/-Main/1/s/c48rdv2lvev5z
2016-09-08 08:41:29: Change detected [0]: t=Created path=/.Rproj.user/shared/notebooks/.rstudio-lock-41c29-MacNMBU.local-65264-0x7fff7970d000
2016-09-08 08:41:29: Change detected [0]: t=Created path=/.Rproj.user/shared/notebooks/-Main/1/s/c48rdv2lvev5z/000004.csv
2016-09-08 08:41:30: --- Do one more Analyze to get latest changes of this Sync ---
2016-09-08 08:41:30: -- Analysis Started by On File Change PostSync Re-Analyze, Under Runner
2016-09-08 08:41:30: SyncKlakken: ANALYSIS started by On File Change PostSync Re-Analyze, Under Runner on 'MacNMBU' (GoodSync 5.5.6.6)
2016-09-08 08:41:30: /Volumes/SSDRimalaya/rspace/Presentation-Klakken [TmpDest] <-> sftp://cloudrimalaya.ddns.net/shares/anonymous/Presentation-Klakken [TmpDest], CreateFolderIfNotFound, SavePrevVers, CleanupPrevVers=30d, WaitForLocksMinutes=20, LinksCopy, ReconnectSecs=120, ResolveConflicts=NewerFileWins, ChangeLimit=50, AutoClear
2016-09-08 08:41:30: Exclude Hidden, Exclude System, Exclude name *._gstmp|/System Volume Information|Thumbs.db|.DS_Store 
2016-09-08 08:41:30: Change in: /Volumes/SSDRimalaya/rspace/Presentation-Klakken/.Rproj.user/shared/notebooks/-Main/1/s/c48rdv2lvev5z
2016-09-08 08:41:30: Change in: /Volumes/SSDRimalaya/rspace/Presentation-Klakken/.Rproj.user/CA561311/sdb/s-B9D3BF3E/6C821FDC
2016-09-08 08:41:30: Change in: /Volumes/SSDRimalaya/rspace/Presentation-Klakken/.Rproj.user/shared/notebooks/-Main/1/s/c48rdv2lvev5z/000002.csv
2016-09-08 08:41:30: Change in: /Volumes/SSDRimalaya/rspace/Presentation-Klakken/.Rproj.user/shared/notebooks/.rstudio-lock-41c29-MacNMBU.local-65264-0x7fff7970d000
2016-09-08 08:41:30: Change in: /Volumes/SSDRimalaya/rspace/Presentation-Klakken/.Rproj.user/shared/notebooks/-Main/1/s/c48rdv2lvev5z/000003.error
2016-09-08 08:41:30: Change in: /Volumes/SSDRimalaya/rspace/Presentation-Klakken/.Rproj.user/shared/notebooks/-Main/1/s/c48rdv2lvev5z_t
2016-09-08 08:41:30: Change in: /Volumes/SSDRimalaya/rspace/Presentation-Klakken/.git/index.lock
2016-09-08 08:41:30: Change in: /Volumes/SSDRimalaya/rspace/Presentation-Klakken/.Rproj.user/shared/notebooks/-Main/1/s/c48rdv2lvev5z_t
2016-09-08 08:41:30: Change in: /Volumes/SSDRimalaya/rspace/Presentation-Klakken/.Rproj.user/shared/notebooks/-Main/1/s/c48rdv2lvev5z/000002.csv
2016-09-08 08:41:30: Change in: /Volumes/SSDRimalaya/rspace/Presentation-Klakken/.Rproj.user/shared/notebooks/-Main/1/s/c48rdv2lvev5z/000003.error
2016-09-08 08:41:30: Change in: /Volumes/SSDRimalaya/rspace/Presentation-Klakken/.Rproj.user/shared/notebooks/-Main/1/s/c48rdv2lvev5z
2016-09-08 08:41:30: Change in: /Volumes/SSDRimalaya/rspace/Presentation-Klakken/.Rproj.user/shared/notebooks/.rstudio-lock-41c29-MacNMBU.local-65264-0x7fff7970d000
2016-09-08 08:41:30: Change in: /Volumes/SSDRimalaya/rspace/Presentation-Klakken/.Rproj.user/shared/notebooks/-Main/1/s/c48rdv2lvev5z/000004.csv
2016-09-08 08:41:30: Change in: /Volumes/SSDRimalaya/rspace/Presentation-Klakken/.Rproj.user/shared/notebooks/-Main/1/s/c48rdv2lvev5z/000002.csv
2016-09-08 08:41:30: Change in: /Volumes/SSDRimalaya/rspace/Presentation-Klakken/.Rproj.user/shared/notebooks/-Main/1/s/c48rdv2lvev5z/000003.error
2016-09-08 08:41:30: Change in: /Volumes/SSDRimalaya/rspace/Presentation-Klakken/.Rproj.user/shared/notebooks/-Main/1/s/c4wqlipvx6vyr/000002.csv
2016-09-08 08:41:30: Change in: /Volumes/SSDRimalaya/rspace/Presentation-Klakken/.Rproj.user/shared/notebooks/-Main/1/s/chunks.json
2016-09-08 08:41:30: Change in: /Volumes/SSDRimalaya/rspace/Presentation-Klakken/.Rproj.user/shared/notebooks/-Main/1/s/csetup_chunk/000002.csv
2016-09-08 08:41:30: Change in: sftp://cloudrimalaya.ddns.net/shares/anonymous/Presentation-Klakken/.Rproj.user/shared/notebooks/-Main/1/s/c48rdv2lvev5z/000002.csv
2016-09-08 08:41:30: Change in: sftp://cloudrimalaya.ddns.net/shares/anonymous/Presentation-Klakken/.Rproj.user/shared/notebooks/-Main/1/s/c48rdv2lvev5z/000003.error
2016-09-08 08:41:30: Change in: sftp://cloudrimalaya.ddns.net/shares/anonymous/Presentation-Klakken/.Rproj.user/shared/notebooks/-Main/1/s/c4wqlipvx6vyr/000002.csv
2016-09-08 08:41:30: Change in: sftp://cloudrimalaya.ddns.net/shares/anonymous/Presentation-Klakken/.Rproj.user/shared/notebooks/-Main/1/s/chunks.json
2016-09-08 08:41:30: Change in: sftp://cloudrimalaya.ddns.net/shares/anonymous/Presentation-Klakken/.Rproj.user/shared/notebooks/-Main/1/s/csetup_chunk/000002.csv
2016-09-08 08:41:30: On disk file:// space required for sync is 0.0, you have 134.9 GB
2016-09-08 08:41:30: On disk sftp://cloudrimalaya.ddns.net space required for sync is 6.0 KB, free space is unknown
2016-09-08 08:41:30: Changes: 5, Conflicts: 0, CopyTime: 0, CopyState: 2/0, Errors: 0, All: 230
2016-09-08 08:41:30: Left to Right: Copy File: 5 Copy State: 2 
2016-09-08 08:41:30: -- Analysis Complete. Time 00:00:02, Speed: 22 files/s
2016-09-08 08:41:30: == Sync Started by On File Change PostSync Re-Analyze, Under Runner
2016-09-08 08:41:30: SyncKlakken: SYNC started by On File Change PostSync Re-Analyze, Under Runner on 'MacNMBU'
2016-09-08 08:41:30: /Volumes/SSDRimalaya/rspace/Presentation-Klakken [TmpDest] <-> sftp://cloudrimalaya.ddns.net/shares/anonymous/Presentation-Klakken [TmpDest], CreateFolderIfNotFound, SavePrevVers, CleanupPrevVers=30d, WaitForLocksMinutes=20, LinksCopy, ReconnectSecs=120, ResolveConflicts=NewerFileWins, ChangeLimit=50, AutoClear
2016-09-08 08:41:30: Fraction of files changed (excluding renames) is low enough to perform Auto Sync: 11% (5 / 44) < 50%
2016-09-08 08:41:30: Copy State LtoR: /.Rproj.user/shared/notebooks/-Main/1/s/c48rdv2lvev5z/000002.csv
2016-09-08 08:41:30: Copy State LtoR: /.Rproj.user/shared/notebooks/-Main/1/s/c48rdv2lvev5z/000003.error
2016-09-08 08:41:30: Save State File /Volumes/SSDRimalaya/rspace/Presentation-Klakken/_gsdata_/_file_state_v4._gs
2016-09-08 08:41:30: Save State File sftp://cloudrimalaya.ddns.net/shares/anonymous/Presentation-Klakken/_gsdata_/_file_state_v4._gs
2016-09-08 08:41:30: Cleanup recycled files in /Volumes/SSDRimalaya/rspace/Presentation-Klakken/_gsdata_/_saved_
2016-09-08 08:41:30: Load Recycled DB: /Volumes/SSDRimalaya/rspace/Presentation-Klakken/_gsdata_/_recycled_db._gs
2016-09-08 08:41:30: Cleanup old logs in /Users/rajurim/.goodsync/_mirrors_/Volumes-SSDRimalaya-rspace-Presentation-Klakken
2016-09-08 08:41:30: Cleanup old logs in /Volumes/SSDRimalaya/rspace/Presentation-Klakken/_gsdata_
2016-09-08 08:41:30: == Sync Complete. Time: 00:00:00, Speed: 0.0/s, OK: 2, Errors: 0
2016-09-08 08:41:30: Unlocking folder /Volumes/SSDRimalaya/rspace/Presentation-Klakken/_gsdata_/lock.gsl
2016-09-08 08:41:30: Unlocking folder sftp://cloudrimalaya.ddns.net/shares/anonymous/Presentation-Klakken/_gsdata_/lock.gsl
2016-09-08 08:41:30: 
