2016-09-07 22:54:54: Connected to: /Volumes/SSDRimalaya/rspace/Presentation-Klakken: fs=EXFAT dev=/dev/disk2s1 mount=/Volumes/SSDRimalaya: hfs=0 fat=0 netshare=0
2016-09-07 22:54:55: On File Change Monitoring started on file:///Volumes/SSDRimalaya/rspace/Presentation-Klakken
2016-09-07 22:54:56: Connected to: sftp://cloudrimalaya.ddns.net/shares/anonymous/Presentation-Klakken: SSH-2.0-OpenSSH_6.6.1p1 Ubuntu-2ubuntu2.8: SFTP ver 3
2016-09-07 22:54:56: File Monitoring not available on: sftp://cloudrimalaya.ddns.net/shares/anonymous/Presentation-Klakken
2016-09-07 22:54:56: -- Analysis Started by Periodic Timer, Under Runner
2016-09-07 22:54:56: SyncKlakken: ANALYSIS started by Periodic Timer, Under Runner on 'MacNMBU' (GoodSync 5.5.6.6)
2016-09-07 22:54:56: /Volumes/SSDRimalaya/rspace/Presentation-Klakken [TmpDest] <-> sftp://cloudrimalaya.ddns.net/shares/anonymous/Presentation-Klakken [TmpDest], SavePrevVers, CleanupPrevVers=30d, WaitForLocksMinutes=20, LinksCopy, ReconnectSecs=120, ChangeLimit=50, AutoClear
2016-09-07 22:54:56: Exclude Hidden, Exclude System, Exclude name *._gstmp|/System Volume Information|Thumbs.db|.DS_Store 
2016-09-07 22:54:56: Locking folder /Volumes/SSDRimalaya/rspace/Presentation-Klakken for write
2016-09-07 22:54:56: L: Reading State File /Volumes/SSDRimalaya/rspace/Presentation-Klakken/_gsdata_/_file_state_v4._gs
2016-09-07 22:54:56: L: Files: 16 (excluded 3). Folders: 2 (excluded 3). Times (s): Folder Scan: 0.024 (1000 f/s), Compare: 0.000 fs=EXFAT dev=/dev/disk2s1 mount=/Volumes/SSDRimalaya, Free: 134.9 GB, Total: 232.9 GB
2016-09-07 22:54:56: Locking folder sftp://cloudrimalaya.ddns.net/shares/anonymous/Presentation-Klakken for write
2016-09-07 22:54:56: R: Reading State File sftp://cloudrimalaya.ddns.net/shares/anonymous/Presentation-Klakken/_gsdata_/_file_state_v4._gs
2016-09-07 22:54:57: R: Files: 18 (excluded 1). Folders: 3 (excluded 1). Times (s): Folder Scan: 0.008 (2875 f/s), Compare: 0.000 SSH-2.0-OpenSSH_6.6.1p1 Ubuntu-2ubuntu2.8
2016-09-07 22:54:57: /Main.pdf: Conflict: File Modified on Both Sides
2016-09-07 22:54:57: /Main.tex: Conflict: File Modified on Both Sides
2016-09-07 22:54:57: On disk file:// space required for sync is 3.0 KB, you have 134.9 GB
2016-09-07 22:54:57: On disk sftp://cloudrimalaya.ddns.net space required for sync is 0.0, free space is unknown
2016-09-07 22:54:57: Analyze has finished with Conflicts. Resolve Conflicts by selecting the correct sync direction, then click Sync
2016-09-07 22:54:57: Changes: 3, Conflicts: 2, CopyTime: 0, CopyState: 0/10, Errors: 0, All: 147
2016-09-07 22:54:57: Right to Left: Copy File: 1 
2016-09-07 22:54:57: -- Analysis Complete. Time 00:00:03, Speed: 8 files/s
2016-09-07 22:54:57: == Sync Started by Periodic Timer, Under Runner
2016-09-07 22:54:57: SyncKlakken: SYNC started by Periodic Timer, Under Runner on 'MacNMBU'
2016-09-07 22:54:57: /Volumes/SSDRimalaya/rspace/Presentation-Klakken [TmpDest] <-> sftp://cloudrimalaya.ddns.net/shares/anonymous/Presentation-Klakken [TmpDest], SavePrevVers, CleanupPrevVers=30d, WaitForLocksMinutes=20, LinksCopy, ReconnectSecs=120, ChangeLimit=50, AutoClear
2016-09-07 22:54:57: Fraction of files changed (excluding renames) is low enough to perform Auto Sync: 11% (3 / 26) < 50%
2016-09-07 22:54:57: Sync State Merge: /DesignDF.RData
2016-09-07 22:54:57: Sync State Merge: /header.tex
2016-09-07 22:54:57: Sync State Merge: /linearPredErr.Rdata
2016-09-07 22:54:57: Sync State Merge: /Main.html
2016-09-07 22:54:57: Sync State Merge: /Main.knit.md
2016-09-07 22:54:57: Sync State Merge: /Main_files/figure-beamer/unnamed-chunk-3-1.pdf
2016-09-07 22:54:57: Sync State Merge: /Main_files/figure-beamer
2016-09-07 22:54:57: Sync State Merge: /Main_files
2016-09-07 22:54:57: Sync State Merge: /predErr.Rdata
2016-09-07 22:54:57: Sync State Merge: /references.bib
2016-09-07 22:54:57: /Main.pdf: unresolved conflict results in No Copy
2016-09-07 22:54:57: /Main.tex: unresolved conflict results in No Copy
2016-09-07 22:54:57: Copy New 'sftp://cloudrimalaya.ddns.net/shares/anonymous/Presentation-Klakken/Main.utf8.md' -> '/Volumes/SSDRimalaya/rspace/Presentation-Klakken/Main.utf8.md'
2016-09-07 22:54:57: Save State File /Volumes/SSDRimalaya/rspace/Presentation-Klakken/_gsdata_/_file_state_v4._gs
2016-09-07 22:54:57: Save State File sftp://cloudrimalaya.ddns.net/shares/anonymous/Presentation-Klakken/_gsdata_/_file_state_v4._gs
2016-09-07 22:54:57: Sync finished with 2 unresolved conflicts. Click Conflicts button to see unresolved conflicts
2016-09-07 22:54:57: Cleanup recycled files in /Volumes/SSDRimalaya/rspace/Presentation-Klakken/_gsdata_/_saved_
2016-09-07 22:54:57: Load Recycled DB: /Volumes/SSDRimalaya/rspace/Presentation-Klakken/_gsdata_/_recycled_db._gs
2016-09-07 22:54:57: Cleanup old logs in /Users/rajurim/.goodsync/_mirrors_/Volumes-SSDRimalaya-rspace-Presentation-Klakken
2016-09-07 22:54:57: Cleanup old logs in /Volumes/SSDRimalaya/rspace/Presentation-Klakken/_gsdata_
2016-09-07 22:54:58: Change detected [0]: t=MovedTo path=/Main.utf8.md
2016-09-07 22:55:01: Cleanup recycled files in sftp://cloudrimalaya.ddns.net/shares/anonymous/Presentation-Klakken/_gsdata_/_saved_
2016-09-07 22:55:01: Load Recycled DB: sftp://cloudrimalaya.ddns.net/shares/anonymous/Presentation-Klakken/_gsdata_/_recycled_db._gs
2016-09-07 22:55:01: Cleanup old logs in /Users/rajurim/.goodsync/_mirrors_/sftp-cloudrimalaya.ddns.net-shares-anonymous-Presentation-Klakken
2016-09-07 22:55:02: Cleanup old logs in sftp://cloudrimalaya.ddns.net/shares/anonymous/Presentation-Klakken/_gsdata_
2016-09-07 22:55:43: == Sync Complete. Time: 00:00:46, Speed: 0.0/s, OK: 11, Errors: 0, Conflicts: 2
2016-09-07 22:55:43: Deleted lock file /Volumes/SSDRimalaya/rspace/Presentation-Klakken/_gsdata_/lock.gsl
2016-09-07 22:55:43: Deleted lock file sftp://cloudrimalaya.ddns.net/shares/anonymous/Presentation-Klakken/_gsdata_/lock.gsl
2016-09-07 22:55:43: 
