2016-09-07 08:39:05: Change detected [0]: t=Modified path=/Main.Rmd
2016-09-07 08:39:05: Change detected [0]: t=Created path=/.Rproj.user/shared/notebooks/.rstudio-lock-41c29-MacNMBU.local-85690-0x7fff7970d000
2016-09-07 08:39:05: Change detected [0]: t=Modified path=/.Rproj.user/CA561311/sdb/s-753BD898/2EFE8958
2016-09-07 08:39:05: Change detected [0]: t=Modified path=/.Rproj.user/CA561311/sdb/prop/5087E748
2016-09-07 08:39:05: Change detected [0]: t=Created path=/.git/index.lock
2016-09-07 08:39:05: Change detected [0]: t=Created path=/Main.knit.md
2016-09-07 08:39:05: Change detected [0]: t=Created path=/Main.utf8.md
2016-09-07 08:39:05: Change detected [0]: t=Created path=/Main_files
2016-09-07 08:39:05: Connected to: /Volumes/SSDRimalaya/rspace/Presentation-Klakken: fs=EXFAT dev=/dev/disk2s1 mount=/Volumes/SSDRimalaya: hfs=0 fat=0 netshare=0
2016-09-07 08:39:06: Change detected [0]: t=Created path=/.git/index.lock
2016-09-07 08:39:06: Change detected [0]: t=Modified path=/Main.html
2016-09-07 08:39:06: Change detected [0]: t=Created path=/ioslides_presentation.lua
2016-09-07 08:39:07: Connected to: sftp://cloudrimalaya.ddns.net/shares/anonymous/Presentation-Klakken: SSH-2.0-OpenSSH_6.6.1p1 Ubuntu-2ubuntu2.8: SFTP ver 3
2016-09-07 08:39:07: Incremental Analyze for On File Change
2016-09-07 08:39:07: -- Analysis Started by On File Change Incremental, Under Runner
2016-09-07 08:39:07: SyncKlakken: ANALYSIS started by On File Change Incremental, Under Runner on 'MacNMBU' (GoodSync 5.5.6.6)
2016-09-07 08:39:07: /Volumes/SSDRimalaya/rspace/Presentation-Klakken [TmpDest] <-> sftp://cloudrimalaya.ddns.net/shares/anonymous/Presentation-Klakken [TmpDest], SavePrevVers, CleanupPrevVers=30d, WaitForLocksMinutes=20, LinksCopy, ReconnectSecs=120, ChangeLimit=50, AutoClear
2016-09-07 08:39:07: Exclude Hidden, Exclude System, Exclude name *._gstmp|/System Volume Information|Thumbs.db|.DS_Store 
2016-09-07 08:39:07: Locking folder /Volumes/SSDRimalaya/rspace/Presentation-Klakken for write
2016-09-07 08:39:07: Change in: /Volumes/SSDRimalaya/rspace/Presentation-Klakken/Main.Rmd
2016-09-07 08:39:07: Change in: /Volumes/SSDRimalaya/rspace/Presentation-Klakken/.Rproj.user/shared/notebooks/.rstudio-lock-41c29-MacNMBU.local-85690-0x7fff7970d000
2016-09-07 08:39:07: Change in: /Volumes/SSDRimalaya/rspace/Presentation-Klakken/.Rproj.user/CA561311/sdb/s-753BD898/2EFE8958
2016-09-07 08:39:07: Change in: /Volumes/SSDRimalaya/rspace/Presentation-Klakken/.Rproj.user/CA561311/sdb/prop/5087E748
2016-09-07 08:39:07: Change in: /Volumes/SSDRimalaya/rspace/Presentation-Klakken/.git/index.lock
2016-09-07 08:39:07: Change in: /Volumes/SSDRimalaya/rspace/Presentation-Klakken/Main.Rmd
2016-09-07 08:39:07: Change in: /Volumes/SSDRimalaya/rspace/Presentation-Klakken/.Rproj.user/shared/notebooks/.rstudio-lock-41c29-MacNMBU.local-85690-0x7fff7970d000
2016-09-07 08:39:07: Change in: /Volumes/SSDRimalaya/rspace/Presentation-Klakken/.Rproj.user/CA561311/sdb/s-753BD898/2EFE8958
2016-09-07 08:39:07: Change in: /Volumes/SSDRimalaya/rspace/Presentation-Klakken/.Rproj.user/CA561311/sdb/prop/5087E748
2016-09-07 08:39:07: Change in: /Volumes/SSDRimalaya/rspace/Presentation-Klakken/.git/index.lock
2016-09-07 08:39:07: Change in: /Volumes/SSDRimalaya/rspace/Presentation-Klakken/Main.knit.md
2016-09-07 08:39:07: Change in: /Volumes/SSDRimalaya/rspace/Presentation-Klakken/Main.utf8.md
2016-09-07 08:39:07: Change in: /Volumes/SSDRimalaya/rspace/Presentation-Klakken/Main_files
2016-09-07 08:39:07: Locking folder sftp://cloudrimalaya.ddns.net/shares/anonymous/Presentation-Klakken for write
2016-09-07 08:39:07: On disk file:// space required for sync is 0.0, you have 135.5 GB
2016-09-07 08:39:07: On disk sftp://cloudrimalaya.ddns.net space required for sync is 13.0 KB, free space is unknown
2016-09-07 08:39:07: Analyze has finished with Conflicts. Resolve Conflicts by selecting the correct sync direction, then click Sync
2016-09-07 08:39:07: Changes: 7, Conflicts: 2, CopyTime: 0, CopyState: 0/0, Errors: 0, All: 130
2016-09-07 08:39:07: Left to Right: Copy File: 5 
2016-09-07 08:39:07: -- Analysis Complete. Time 00:00:03, Speed: 12 files/s
2016-09-07 08:39:07: == Sync Started by On File Change Incremental, Under Runner
2016-09-07 08:39:07: SyncKlakken: SYNC started by On File Change Incremental, Under Runner on 'MacNMBU'
2016-09-07 08:39:07: /Volumes/SSDRimalaya/rspace/Presentation-Klakken [TmpDest] <-> sftp://cloudrimalaya.ddns.net/shares/anonymous/Presentation-Klakken [TmpDest], SavePrevVers, CleanupPrevVers=30d, WaitForLocksMinutes=20, LinksCopy, ReconnectSecs=120, ChangeLimit=50, AutoClear
2016-09-07 08:39:07: Fraction of files changed (excluding renames) is low enough to perform Auto Sync: 18% (7 / 38) < 50%
2016-09-07 08:39:07: Create Folder 'sftp://cloudrimalaya.ddns.net/shares/anonymous/Presentation-Klakken/Main_files'
2016-09-07 08:39:07: Change detected [0]: t=Created path=/.git/index.lock
2016-09-07 08:39:07: Load Recycled DB: sftp://cloudrimalaya.ddns.net/shares/anonymous/Presentation-Klakken/_gsdata_/_recycled_db._gs
2016-09-07 08:39:07: Copy Over '/Volumes/SSDRimalaya/rspace/Presentation-Klakken/.Rproj.user/CA561311/sdb/s-753BD898/2EFE8958' -> 'sftp://cloudrimalaya.ddns.net/shares/anonymous/Presentation-Klakken/.Rproj.user/CA561311/sdb/s-753BD898/2EFE8958'
2016-09-07 08:39:07: Copy New '/Volumes/SSDRimalaya/rspace/Presentation-Klakken/Main.knit.md' -> 'sftp://cloudrimalaya.ddns.net/shares/anonymous/Presentation-Klakken/Main.knit.md'
- ERROR: Error copying file: Cannot open file '/Volumes/SSDRimalaya/rspace/Presentation-Klakken/Main.knit.md' for read: No such file or directory (error 2)
2016-09-07 08:39:07: /Main.pdf: unresolved conflict results in No Copy
2016-09-07 08:39:07: Copy Over '/Volumes/SSDRimalaya/rspace/Presentation-Klakken/Main.Rmd' -> 'sftp://cloudrimalaya.ddns.net/shares/anonymous/Presentation-Klakken/Main.Rmd'
2016-09-07 08:39:07: /Main.tex: unresolved conflict results in No Copy
2016-09-07 08:39:07: Copy New '/Volumes/SSDRimalaya/rspace/Presentation-Klakken/Main.utf8.md' -> 'sftp://cloudrimalaya.ddns.net/shares/anonymous/Presentation-Klakken/Main.utf8.md'
- ERROR: Error copying file: Cannot open file '/Volumes/SSDRimalaya/rspace/Presentation-Klakken/Main.utf8.md' for read: No such file or directory (error 2)
2016-09-07 08:39:07: Save State File /Volumes/SSDRimalaya/rspace/Presentation-Klakken/_gsdata_/_file_state_v4._gs
2016-09-07 08:39:08: Save State File sftp://cloudrimalaya.ddns.net/shares/anonymous/Presentation-Klakken/_gsdata_/_file_state_v4._gs
2016-09-07 08:39:08: Sync finished with 2 errors. Click Errors button to see sync errors
2016-09-07 08:39:08: Cleanup recycled files in /Volumes/SSDRimalaya/rspace/Presentation-Klakken/_gsdata_/_saved_
2016-09-07 08:39:08: Load Recycled DB: /Volumes/SSDRimalaya/rspace/Presentation-Klakken/_gsdata_/_recycled_db._gs
2016-09-07 08:39:08: Cleanup old logs in /Users/rajurim/.goodsync/_mirrors_/Volumes-SSDRimalaya-rspace-Presentation-Klakken
2016-09-07 08:39:08: Cleanup old logs in /Volumes/SSDRimalaya/rspace/Presentation-Klakken/_gsdata_
2016-09-07 08:39:08: Save Recycled DB: sftp://cloudrimalaya.ddns.net/shares/anonymous/Presentation-Klakken/_gsdata_/_recycled_db._gs
2016-09-07 08:39:08: == Sync Complete. Time: 00:00:01, Speed: 10.3 KB/s, OK: 3, Errors: 2, Conflicts: 2
2016-09-07 08:39:08: Change detected [0]: t=Modified path=/Main.html
2016-09-07 08:39:08: Change detected [0]: t=Created path=/ioslides_presentation.lua
2016-09-07 08:39:08: Change detected [0]: t=Created path=/Main.knit.md
2016-09-07 08:39:08: Change detected [0]: t=Created path=/Main.utf8.md
2016-09-07 08:39:08: Change detected [0]: t=Created path=/Main_files
2016-09-07 08:39:09: --- Do one more Analyze to get latest changes of this Sync ---
2016-09-07 08:39:09: -- Analysis Started by On File Change PostSync Re-Analyze, Under Runner
2016-09-07 08:39:09: SyncKlakken: ANALYSIS started by On File Change PostSync Re-Analyze, Under Runner on 'MacNMBU' (GoodSync 5.5.6.6)
2016-09-07 08:39:09: /Volumes/SSDRimalaya/rspace/Presentation-Klakken [TmpDest] <-> sftp://cloudrimalaya.ddns.net/shares/anonymous/Presentation-Klakken [TmpDest], SavePrevVers, CleanupPrevVers=30d, WaitForLocksMinutes=20, LinksCopy, ReconnectSecs=120, ChangeLimit=50, AutoClear
2016-09-07 08:39:09: Exclude Hidden, Exclude System, Exclude name *._gstmp|/System Volume Information|Thumbs.db|.DS_Store 
2016-09-07 08:39:09: Change in: /Volumes/SSDRimalaya/rspace/Presentation-Klakken/.git/index.lock
2016-09-07 08:39:09: Change in: /Volumes/SSDRimalaya/rspace/Presentation-Klakken/Main.html
2016-09-07 08:39:09: Change in: /Volumes/SSDRimalaya/rspace/Presentation-Klakken/ioslides_presentation.lua
2016-09-07 08:39:09: Change in: /Volumes/SSDRimalaya/rspace/Presentation-Klakken/.git/index.lock
2016-09-07 08:39:09: Change in: /Volumes/SSDRimalaya/rspace/Presentation-Klakken/Main.html
2016-09-07 08:39:09: Change in: /Volumes/SSDRimalaya/rspace/Presentation-Klakken/ioslides_presentation.lua
2016-09-07 08:39:09: Change in: /Volumes/SSDRimalaya/rspace/Presentation-Klakken/Main.knit.md
2016-09-07 08:39:09: Change in: /Volumes/SSDRimalaya/rspace/Presentation-Klakken/Main.utf8.md
2016-09-07 08:39:09: Change in: /Volumes/SSDRimalaya/rspace/Presentation-Klakken/Main_files
2016-09-07 08:39:09: Change in: /Volumes/SSDRimalaya/rspace/Presentation-Klakken/Main.knit.md
2016-09-07 08:39:09: Change in: /Volumes/SSDRimalaya/rspace/Presentation-Klakken/Main.utf8.md
2016-09-07 08:39:09: Change in: sftp://cloudrimalaya.ddns.net/shares/anonymous/Presentation-Klakken/Main.knit.md
2016-09-07 08:39:09: Change in: sftp://cloudrimalaya.ddns.net/shares/anonymous/Presentation-Klakken/Main.utf8.md
2016-09-07 08:39:09: On disk file:// space required for sync is 0.0, you have 135.5 GB
2016-09-07 08:39:09: On disk sftp://cloudrimalaya.ddns.net space required for sync is 432.0 KB, free space is unknown
2016-09-07 08:39:09: Analyze has finished with Conflicts. Resolve Conflicts by selecting the correct sync direction, then click Sync
2016-09-07 08:39:09: Changes: 4, Conflicts: 2, CopyTime: 0, CopyState: 0/2, Errors: 0, All: 130
2016-09-07 08:39:09: Left to Right: Copy File: 1 Delete File: 1 
2016-09-07 08:39:09: -- Analysis Complete. Time 00:00:02, Speed: 18 files/s
2016-09-07 08:39:09: == Sync Started by On File Change PostSync Re-Analyze, Under Runner
2016-09-07 08:39:09: SyncKlakken: SYNC started by On File Change PostSync Re-Analyze, Under Runner on 'MacNMBU'
2016-09-07 08:39:09: /Volumes/SSDRimalaya/rspace/Presentation-Klakken [TmpDest] <-> sftp://cloudrimalaya.ddns.net/shares/anonymous/Presentation-Klakken [TmpDest], SavePrevVers, CleanupPrevVers=30d, WaitForLocksMinutes=20, LinksCopy, ReconnectSecs=120, ChangeLimit=50, AutoClear
2016-09-07 08:39:09: Fraction of files changed (excluding renames) is low enough to perform Auto Sync: 11% (4 / 36) < 50%
2016-09-07 08:39:09: Sync State Merge: /Main.knit.md
2016-09-07 08:39:09: Sync State Merge: /Main.utf8.md
2016-09-07 08:39:09: Change detected [0]: t=Created path=/.git/index.lock
2016-09-07 08:39:09: Delete Folder 'sftp://cloudrimalaya.ddns.net/shares/anonymous/Presentation-Klakken/Main_files'
2016-09-07 08:39:10: Load Recycled DB: sftp://cloudrimalaya.ddns.net/shares/anonymous/Presentation-Klakken/_gsdata_/_recycled_db._gs
2016-09-07 08:39:10: Copy Over '/Volumes/SSDRimalaya/rspace/Presentation-Klakken/Main.html' -> 'sftp://cloudrimalaya.ddns.net/shares/anonymous/Presentation-Klakken/Main.html'
2016-09-07 08:39:10: /Main.pdf: unresolved conflict results in No Copy
2016-09-07 08:39:10: /Main.tex: unresolved conflict results in No Copy
2016-09-07 08:39:10: Save State File /Volumes/SSDRimalaya/rspace/Presentation-Klakken/_gsdata_/_file_state_v4._gs
2016-09-07 08:39:10: Save State File sftp://cloudrimalaya.ddns.net/shares/anonymous/Presentation-Klakken/_gsdata_/_file_state_v4._gs
2016-09-07 08:39:10: Sync finished with 2 unresolved conflicts. Click Conflicts button to see unresolved conflicts
2016-09-07 08:39:10: Cleanup recycled files in /Volumes/SSDRimalaya/rspace/Presentation-Klakken/_gsdata_/_saved_
2016-09-07 08:39:10: Load Recycled DB: /Volumes/SSDRimalaya/rspace/Presentation-Klakken/_gsdata_/_recycled_db._gs
2016-09-07 08:39:10: Cleanup old logs in /Users/rajurim/.goodsync/_mirrors_/Volumes-SSDRimalaya-rspace-Presentation-Klakken
2016-09-07 08:39:10: Cleanup old logs in /Volumes/SSDRimalaya/rspace/Presentation-Klakken/_gsdata_
2016-09-07 08:39:11: Save Recycled DB: sftp://cloudrimalaya.ddns.net/shares/anonymous/Presentation-Klakken/_gsdata_/_recycled_db._gs
2016-09-07 08:39:11: == Sync Complete. Time: 00:00:02, Speed: 436.7 KB/s, OK: 4, Errors: 0, Conflicts: 2
2016-09-07 08:39:11: Deleted lock file /Volumes/SSDRimalaya/rspace/Presentation-Klakken/_gsdata_/lock.gsl
2016-09-07 08:39:11: Deleted lock file sftp://cloudrimalaya.ddns.net/shares/anonymous/Presentation-Klakken/_gsdata_/lock.gsl
2016-09-07 08:39:11: 
