2016-09-06 19:14:26: Connected to: /Volumes/SSDRimalaya/rspace/Presentation-Klakken: fs=EXFAT dev=/dev/disk2s1 mount=/Volumes/SSDRimalaya: hfs=0 fat=0 netshare=0
2016-09-06 19:14:27: Connected to: sftp://cloudrimalaya.ddns.net/shares/anonymous/Presentation-Klakken: SSH-2.0-OpenSSH_6.6.1p1 Ubuntu-2ubuntu2.8: SFTP ver 3
2016-09-06 19:14:27: First Full Analyze for On File Change
2016-09-06 19:14:27: -- Analysis Started by On File Change 1st Full Analyze, Under Runner
2016-09-06 19:14:27: SyncKlakken: ANALYSIS started by On File Change 1st Full Analyze, Under Runner on 'MacNMBU' (GoodSync 5.5.6.6)
2016-09-06 19:14:27: /Volumes/SSDRimalaya/rspace/Presentation-Klakken [TmpDest] <-> sftp://cloudrimalaya.ddns.net/shares/anonymous/Presentation-Klakken [TmpDest], SavePrevVers, CleanupPrevVers=30d, WaitForLocksMinutes=20, LinksCopy, ReconnectSecs=120, ChangeLimit=50, AutoClear
2016-09-06 19:14:27: Exclude Hidden, Exclude System, Exclude name *._gstmp|/System Volume Information|Thumbs.db|.DS_Store 
2016-09-06 19:14:27: Locking folder /Volumes/SSDRimalaya/rspace/Presentation-Klakken for write
2016-09-06 19:14:27: L: Reading State File /Volumes/SSDRimalaya/rspace/Presentation-Klakken/_gsdata_/_file_state_v4._gs
2016-09-06 19:14:27: L: /Volumes/SSDRimalaya/rspace/Presentation-Klakken/_gsdata_/_file_state_v4._gs: created By: SyncKlakken.rajurim@MacNMBU at: 2016.09.06 19:12:34 +0200
2016-09-06 19:14:27: L: Files: 11 (excluded 2). Folders: 0 (excluded 3). Times (s): Folder Scan: 0.005 (3200 f/s), Compare: 0.000 fs=EXFAT dev=/dev/disk2s1 mount=/Volumes/SSDRimalaya, Free: 136.8 GB, Total: 232.9 GB
2016-09-06 19:14:27: Locking folder sftp://cloudrimalaya.ddns.net/shares/anonymous/Presentation-Klakken for write
2016-09-06 19:14:28: R: Reading State File sftp://cloudrimalaya.ddns.net/shares/anonymous/Presentation-Klakken/_gsdata_/_file_state_v4._gs
2016-09-06 19:14:28: R: sftp://cloudrimalaya.ddns.net/shares/anonymous/Presentation-Klakken/_gsdata_/_file_state_v4._gs: created By: SyncKlakken.rajurim@MacNMBU at: 2016.09.06 19:12:34 +0200
2016-09-06 19:14:28: R: Files: 13 (excluded 1). Folders: 1 (excluded 1). Times (s): Folder Scan: 0.007 (2285 f/s), Compare: 0.000 SSH-2.0-OpenSSH_6.6.1p1 Ubuntu-2ubuntu2.8
2016-09-06 19:14:28: On disk file:// space required for sync is 0.0, you have 136.8 GB
2016-09-06 19:14:28: On disk sftp://cloudrimalaya.ddns.net space required for sync is 0.0, free space is unknown
2016-09-06 19:14:28: Changes: 1, Conflicts: 0, CopyTime: 0, CopyState: 0/0, Errors: 0, All: 76
2016-09-06 19:14:28: Left to Right: Delete File: 1 
2016-09-06 19:14:28: -- Analysis Complete. Time 00:00:03, Speed: 6 files/s
2016-09-06 19:14:28: == Sync Started by On File Change 1st Full Analyze, Under Runner
2016-09-06 19:14:28: SyncKlakken: SYNC started by On File Change 1st Full Analyze, Under Runner on 'MacNMBU'
2016-09-06 19:14:28: /Volumes/SSDRimalaya/rspace/Presentation-Klakken [TmpDest] <-> sftp://cloudrimalaya.ddns.net/shares/anonymous/Presentation-Klakken [TmpDest], SavePrevVers, CleanupPrevVers=30d, WaitForLocksMinutes=20, LinksCopy, ReconnectSecs=120, ChangeLimit=50, AutoClear
2016-09-06 19:14:28: Fraction of files changed (excluding renames) is low enough to perform Auto Sync: 5% (1 / 18) < 50%
2016-09-06 19:14:28: Load Recycled DB: sftp://cloudrimalaya.ddns.net/shares/anonymous/Presentation-Klakken/_gsdata_/_recycled_db._gs
2016-09-06 19:14:28: Delete File 'sftp://cloudrimalaya.ddns.net/shares/anonymous/Presentation-Klakken/._.DS_Store'
2016-09-06 19:14:28: Save State File /Volumes/SSDRimalaya/rspace/Presentation-Klakken/_gsdata_/_file_state_v4._gs
2016-09-06 19:14:28: Save State File sftp://cloudrimalaya.ddns.net/shares/anonymous/Presentation-Klakken/_gsdata_/_file_state_v4._gs
2016-09-06 19:14:28: Cleanup recycled files in /Volumes/SSDRimalaya/rspace/Presentation-Klakken/_gsdata_/_saved_
2016-09-06 19:14:28: Cleanup old logs in /Users/rajurim/.goodsync/_mirrors_/Volumes-SSDRimalaya-rspace-Presentation-Klakken
2016-09-06 19:14:28: Cleanup old logs in /Volumes/SSDRimalaya/rspace/Presentation-Klakken/_gsdata_
2016-09-06 19:14:28: Save Recycled DB: sftp://cloudrimalaya.ddns.net/shares/anonymous/Presentation-Klakken/_gsdata_/_recycled_db._gs
2016-09-06 19:14:28: == Sync Complete. Time: 00:00:00, Speed: 0.0/s, OK: 1, Errors: 0
2016-09-06 19:14:29: Unlocking folder /Volumes/SSDRimalaya/rspace/Presentation-Klakken/_gsdata_/lock.gsl
2016-09-06 19:14:29: Unlocking folder sftp://cloudrimalaya.ddns.net/shares/anonymous/Presentation-Klakken/_gsdata_/lock.gsl
2016-09-06 19:14:29: 
