2016-09-07 11:17:15: Change detected [0]: t=Modified path=/.Rproj.user/CA561311/sdb/s-B9CCC527/112DB4E9
2016-09-07 11:17:15: Change detected [0]: t=Modified path=/.Rproj.user/CA561311/sdb/prop/BB180572
2016-09-07 11:17:16: Connected to: /Volumes/SSDRimalaya/rspace/Presentation-Klakken: fs=EXFAT dev=/dev/disk2s1 mount=/Volumes/SSDRimalaya: hfs=0 fat=0 netshare=0
2016-09-07 11:17:17: Connected to: sftp://cloudrimalaya.ddns.net/shares/anonymous/Presentation-Klakken: SSH-2.0-OpenSSH_6.6.1p1 Ubuntu-2ubuntu2.8: SFTP ver 3
2016-09-07 11:17:17: Incremental Analyze for On File Change
2016-09-07 11:17:17: -- Analysis Started by On File Change Incremental, Under Runner
2016-09-07 11:17:17: SyncKlakken: ANALYSIS started by On File Change Incremental, Under Runner on 'MacNMBU' (GoodSync 5.5.6.6)
2016-09-07 11:17:17: /Volumes/SSDRimalaya/rspace/Presentation-Klakken [TmpDest] <-> sftp://cloudrimalaya.ddns.net/shares/anonymous/Presentation-Klakken [TmpDest] [time-translate], SavePrevVers, CleanupPrevVers=30d, WaitForLocksMinutes=20, LinksCopy, ReconnectSecs=120, ChangeLimit=50, AutoClear
2016-09-07 11:17:17: Exclude Hidden, Exclude System, Exclude name *._gstmp|/System Volume Information|Thumbs.db|.DS_Store 
2016-09-07 11:17:17: Locking folder /Volumes/SSDRimalaya/rspace/Presentation-Klakken for write
2016-09-07 11:17:17: Change in: /Volumes/SSDRimalaya/rspace/Presentation-Klakken/.git/index.lock
2016-09-07 11:17:17: Change in: /Volumes/SSDRimalaya/rspace/Presentation-Klakken/.Rproj.user/CA561311/sdb/s-B9CCC527/112DB4E9
2016-09-07 11:17:17: Change in: /Volumes/SSDRimalaya/rspace/Presentation-Klakken/.Rproj.user/CA561311/sdb/prop/BB180572
2016-09-07 11:17:17: Change in: /Volumes/SSDRimalaya/rspace/Presentation-Klakken/.git/index.lock
2016-09-07 11:17:17: Change in: /Volumes/SSDRimalaya/rspace/Presentation-Klakken/.Rproj.user/CA561311/sdb/s-B9CCC527/112DB4E9
2016-09-07 11:17:17: Change in: /Volumes/SSDRimalaya/rspace/Presentation-Klakken/.Rproj.user/CA561311/sdb/prop/BB180572
2016-09-07 11:17:17: Locking folder sftp://cloudrimalaya.ddns.net/shares/anonymous/Presentation-Klakken for write
2016-09-07 11:17:17: On disk file:// space required for sync is 0.0, you have 135.3 GB
2016-09-07 11:17:17: On disk sftp://cloudrimalaya.ddns.net space required for sync is 12.0 KB, free space is unknown
2016-09-07 11:17:17: Analyze has finished with Conflicts. Resolve Conflicts by selecting the correct sync direction, then click Sync
2016-09-07 11:17:17: Changes: 5, Conflicts: 3, CopyTime: 0, CopyState: 0/0, Errors: 0, All: 135
2016-09-07 11:17:17: Left to Right: Copy File: 2 
2016-09-07 11:17:17: -- Analysis Complete. Time 00:00:02, Speed: 19 files/s
2016-09-07 11:17:17: == Sync Started by On File Change Incremental, Under Runner
2016-09-07 11:17:17: SyncKlakken: SYNC started by On File Change Incremental, Under Runner on 'MacNMBU'
2016-09-07 11:17:17: /Volumes/SSDRimalaya/rspace/Presentation-Klakken [TmpDest] <-> sftp://cloudrimalaya.ddns.net/shares/anonymous/Presentation-Klakken [TmpDest] [time-translate], SavePrevVers, CleanupPrevVers=30d, WaitForLocksMinutes=20, LinksCopy, ReconnectSecs=120, ChangeLimit=50, AutoClear
2016-09-07 11:17:17: Fraction of files changed (excluding renames) is low enough to perform Auto Sync: 13% (5 / 38) < 50%
2016-09-07 11:17:18: Load Recycled DB: sftp://cloudrimalaya.ddns.net/shares/anonymous/Presentation-Klakken/_gsdata_/_recycled_db._gs
2016-09-07 11:17:18: Copy Over '/Volumes/SSDRimalaya/rspace/Presentation-Klakken/.Rproj.user/CA561311/sdb/prop/BB180572' -> 'sftp://cloudrimalaya.ddns.net/shares/anonymous/Presentation-Klakken/.Rproj.user/CA561311/sdb/prop/BB180572'
2016-09-07 11:17:18: /Volumes/SSDRimalaya/rspace/Presentation-Klakken/.Rproj.user/CA561311/sdb/s-B9CCC527/112DB4E9: Source file has changed during Sync from '[file] size=11181 accu-time=2016-09-07 11:17:15 attr=777' to 'size=11180 time=2016-09-07 11:17:18', will be retried
2016-09-07 11:17:18: Destination side file adjusted to '[file] size=11181 accu-time=2016-09-07 11:17:15 file-time=2016-09-07 11:17:18 attr=777', to force retry
2016-09-07 11:17:18: Copy Over '/Volumes/SSDRimalaya/rspace/Presentation-Klakken/.Rproj.user/CA561311/sdb/s-B9CCC527/112DB4E9' -> 'sftp://cloudrimalaya.ddns.net/shares/anonymous/Presentation-Klakken/.Rproj.user/CA561311/sdb/s-B9CCC527/112DB4E9'
2016-09-07 11:17:18: /Main.pdf: unresolved conflict results in No Copy
2016-09-07 11:17:18: /Main.tex: unresolved conflict results in No Copy
2016-09-07 11:17:18: /Main.utf8.md: unresolved conflict results in No Copy
2016-09-07 11:17:18: Save State File /Volumes/SSDRimalaya/rspace/Presentation-Klakken/_gsdata_/_file_state_v4._gs
2016-09-07 11:17:18: Save State File sftp://cloudrimalaya.ddns.net/shares/anonymous/Presentation-Klakken/_gsdata_/_file_state_v4._gs
2016-09-07 11:17:18: Sync finished with 3 unresolved conflicts. Click Conflicts button to see unresolved conflicts
2016-09-07 11:17:18: Cleanup recycled files in /Volumes/SSDRimalaya/rspace/Presentation-Klakken/_gsdata_/_saved_
2016-09-07 11:17:18: Load Recycled DB: /Volumes/SSDRimalaya/rspace/Presentation-Klakken/_gsdata_/_recycled_db._gs
2016-09-07 11:17:18: Cleanup old logs in /Users/rajurim/.goodsync/_mirrors_/Volumes-SSDRimalaya-rspace-Presentation-Klakken
2016-09-07 11:17:18: Cleanup old logs in /Volumes/SSDRimalaya/rspace/Presentation-Klakken/_gsdata_
2016-09-07 11:17:18: Change detected [0]: t=Created path=/.git/index.lock
2016-09-07 11:17:18: Change detected [0]: t=Modified path=/.Rproj.user/CA561311/sdb/s-B9CCC527/112DB4E9
2016-09-07 11:17:18: Change detected [0]: t=Modified path=/.Rproj.user/CA561311/sdb/prop/BB180572
2016-09-07 11:17:18: Save Recycled DB: sftp://cloudrimalaya.ddns.net/shares/anonymous/Presentation-Klakken/_gsdata_/_recycled_db._gs
2016-09-07 11:17:18: == Sync Complete. Time: 00:00:01, Speed: 16.2 KB/s, OK: 2, Errors: 0, Conflicts: 3
2016-09-07 11:17:19: Change detected [0]: t=Created path=/.git/index.lock
2016-09-07 11:17:19: --- Do one more Analyze to get latest changes of this Sync ---
2016-09-07 11:17:19: -- Analysis Started by On File Change PostSync Re-Analyze, Under Runner
2016-09-07 11:17:19: SyncKlakken: ANALYSIS started by On File Change PostSync Re-Analyze, Under Runner on 'MacNMBU' (GoodSync 5.5.6.6)
2016-09-07 11:17:19: /Volumes/SSDRimalaya/rspace/Presentation-Klakken [TmpDest] <-> sftp://cloudrimalaya.ddns.net/shares/anonymous/Presentation-Klakken [TmpDest] [time-translate], SavePrevVers, CleanupPrevVers=30d, WaitForLocksMinutes=20, LinksCopy, ReconnectSecs=120, ChangeLimit=50, AutoClear
2016-09-07 11:17:19: Exclude Hidden, Exclude System, Exclude name *._gstmp|/System Volume Information|Thumbs.db|.DS_Store 
2016-09-07 11:17:19: Change in: /Volumes/SSDRimalaya/rspace/Presentation-Klakken/.git/index.lock
2016-09-07 11:17:19: Change in: /Volumes/SSDRimalaya/rspace/Presentation-Klakken/.Rproj.user/CA561311/sdb/s-B9CCC527/112DB4E9
2016-09-07 11:17:19: Change in: /Volumes/SSDRimalaya/rspace/Presentation-Klakken/.Rproj.user/CA561311/sdb/prop/BB180572
2016-09-07 11:17:19: Change in: /Volumes/SSDRimalaya/rspace/Presentation-Klakken/.git/index.lock
2016-09-07 11:17:19: On disk file:// space required for sync is 0.0, you have 135.3 GB
2016-09-07 11:17:19: On disk sftp://cloudrimalaya.ddns.net space required for sync is 12.0 KB, free space is unknown
2016-09-07 11:17:19: Analyze has finished with Conflicts. Resolve Conflicts by selecting the correct sync direction, then click Sync
2016-09-07 11:17:19: Changes: 5, Conflicts: 3, CopyTime: 0, CopyState: 0/0, Errors: 0, All: 135
2016-09-07 11:17:19: Left to Right: Copy File: 2 
2016-09-07 11:17:19: -- Analysis Complete. Time 00:00:02, Speed: 19 files/s
2016-09-07 11:17:19: == Sync Started by On File Change PostSync Re-Analyze, Under Runner
2016-09-07 11:17:19: SyncKlakken: SYNC started by On File Change PostSync Re-Analyze, Under Runner on 'MacNMBU'
2016-09-07 11:17:19: /Volumes/SSDRimalaya/rspace/Presentation-Klakken [TmpDest] <-> sftp://cloudrimalaya.ddns.net/shares/anonymous/Presentation-Klakken [TmpDest] [time-translate], SavePrevVers, CleanupPrevVers=30d, WaitForLocksMinutes=20, LinksCopy, ReconnectSecs=120, ChangeLimit=50, AutoClear
2016-09-07 11:17:19: Fraction of files changed (excluding renames) is low enough to perform Auto Sync: 13% (5 / 38) < 50%
2016-09-07 11:17:20: Load Recycled DB: sftp://cloudrimalaya.ddns.net/shares/anonymous/Presentation-Klakken/_gsdata_/_recycled_db._gs
2016-09-07 11:17:20: Copy Over '/Volumes/SSDRimalaya/rspace/Presentation-Klakken/.Rproj.user/CA561311/sdb/prop/BB180572' -> 'sftp://cloudrimalaya.ddns.net/shares/anonymous/Presentation-Klakken/.Rproj.user/CA561311/sdb/prop/BB180572'
2016-09-07 11:17:20: Copy Over '/Volumes/SSDRimalaya/rspace/Presentation-Klakken/.Rproj.user/CA561311/sdb/s-B9CCC527/112DB4E9' -> 'sftp://cloudrimalaya.ddns.net/shares/anonymous/Presentation-Klakken/.Rproj.user/CA561311/sdb/s-B9CCC527/112DB4E9'
2016-09-07 11:17:20: /Main.pdf: unresolved conflict results in No Copy
2016-09-07 11:17:20: /Main.tex: unresolved conflict results in No Copy
2016-09-07 11:17:20: /Main.utf8.md: unresolved conflict results in No Copy
2016-09-07 11:17:20: Save State File /Volumes/SSDRimalaya/rspace/Presentation-Klakken/_gsdata_/_file_state_v4._gs
2016-09-07 11:17:20: Save State File sftp://cloudrimalaya.ddns.net/shares/anonymous/Presentation-Klakken/_gsdata_/_file_state_v4._gs
2016-09-07 11:17:20: Sync finished with 3 unresolved conflicts. Click Conflicts button to see unresolved conflicts
2016-09-07 11:17:20: Cleanup recycled files in /Volumes/SSDRimalaya/rspace/Presentation-Klakken/_gsdata_/_saved_
2016-09-07 11:17:20: Load Recycled DB: /Volumes/SSDRimalaya/rspace/Presentation-Klakken/_gsdata_/_recycled_db._gs
2016-09-07 11:17:20: Cleanup old logs in /Users/rajurim/.goodsync/_mirrors_/Volumes-SSDRimalaya-rspace-Presentation-Klakken
2016-09-07 11:17:20: Cleanup old logs in /Volumes/SSDRimalaya/rspace/Presentation-Klakken/_gsdata_
2016-09-07 11:17:20: Change detected [0]: t=Modified path=/.Rproj.user/CA561311/sdb/s-B9CCC527/112DB4E9
2016-09-07 11:17:20: Change detected [0]: t=Modified path=/.Rproj.user/CA561311/sdb/prop/BB180572
2016-09-07 11:17:21: Save Recycled DB: sftp://cloudrimalaya.ddns.net/shares/anonymous/Presentation-Klakken/_gsdata_/_recycled_db._gs
2016-09-07 11:17:21: == Sync Complete. Time: 00:00:02, Speed: 16.2 KB/s, OK: 2, Errors: 0, Conflicts: 3
2016-09-07 11:17:21: Deleted lock file /Volumes/SSDRimalaya/rspace/Presentation-Klakken/_gsdata_/lock.gsl
2016-09-07 11:17:21: Deleted lock file sftp://cloudrimalaya.ddns.net/shares/anonymous/Presentation-Klakken/_gsdata_/lock.gsl
2016-09-07 11:17:21: 
