2016-09-07 08:13:10: Connected to: /Volumes/SSDRimalaya/rspace/Presentation-Klakken: fs=EXFAT dev=/dev/disk2s1 mount=/Volumes/SSDRimalaya: hfs=0 fat=0 netshare=0
2016-09-07 08:13:10: Change detected [0]: t=Created path=/.Rproj.user/shared/notebooks/.rstudio-lock-41c29-MacNMBU.local-85690-0x7fff7970d000
2016-09-07 08:13:10: Change detected [0]: t=Modified path=/.Rproj.user/CA561311/session-persistent-state
2016-09-07 08:13:10: Change detected [0]: t=Created path=/.git/index.lock
2016-09-07 08:13:11: Change detected [0]: t=Created path=/.git/index.lock
2016-09-07 08:13:12: Connected to: sftp://cloudrimalaya.ddns.net/shares/anonymous/Presentation-Klakken: SSH-2.0-OpenSSH_6.6.1p1 Ubuntu-2ubuntu2.8: SFTP ver 3
2016-09-07 08:13:12: Incremental Analyze for On File Change
2016-09-07 08:13:12: -- Analysis Started by On File Change Incremental, Under Runner
2016-09-07 08:13:12: SyncKlakken: ANALYSIS started by On File Change Incremental, Under Runner on 'MacNMBU' (GoodSync 5.5.6.6)
2016-09-07 08:13:12: /Volumes/SSDRimalaya/rspace/Presentation-Klakken [TmpDest] <-> sftp://cloudrimalaya.ddns.net/shares/anonymous/Presentation-Klakken [TmpDest], SavePrevVers, CleanupPrevVers=30d, WaitForLocksMinutes=20, LinksCopy, ReconnectSecs=120, ChangeLimit=50, AutoClear
2016-09-07 08:13:12: Exclude Hidden, Exclude System, Exclude name *._gstmp|/System Volume Information|Thumbs.db|.DS_Store 
2016-09-07 08:13:12: Locking folder /Volumes/SSDRimalaya/rspace/Presentation-Klakken for write
2016-09-07 08:13:12: Change in: /Volumes/SSDRimalaya/rspace/Presentation-Klakken/.write-test-f595bbfb-b7a5-42c4-a05b-240e0bb69f55
2016-09-07 08:13:12: Change in: /Volumes/SSDRimalaya/rspace/Presentation-Klakken/.Rproj.user/CA561311/sdb/s-753BD898
2016-09-07 08:13:12: Change in: /Volumes/SSDRimalaya/rspace/Presentation-Klakken/.Rproj.user/CA561311/sdb/s-753BD898/lock_file
2016-09-07 08:13:12: Change in: /Volumes/SSDRimalaya/rspace/Presentation-Klakken/.Rproj.user/CA561311/sdb/per/t/2EFE8958
2016-09-07 08:13:12: Change in: /Volumes/SSDRimalaya/rspace/Presentation-Klakken/.Rproj.user/CA561311/sdb/s-753BD898/2EFE8958
2016-09-07 08:13:12: Locking folder sftp://cloudrimalaya.ddns.net/shares/anonymous/Presentation-Klakken for write
2016-09-07 08:13:12: R: State File has changed, so re-read it: sftp://cloudrimalaya.ddns.net/shares/anonymous/Presentation-Klakken/_gsdata_/_file_state_v4._gs
2016-09-07 08:13:12: R: Reading State File sftp://cloudrimalaya.ddns.net/shares/anonymous/Presentation-Klakken/_gsdata_/_file_state_v4._gs
2016-09-07 08:13:12: On disk file:// space required for sync is 0.0, you have 135.5 GB
2016-09-07 08:13:12: On disk sftp://cloudrimalaya.ddns.net space required for sync is 0.0, free space is unknown
2016-09-07 08:13:12: Analyze has finished with Conflicts. Resolve Conflicts by selecting the correct sync direction, then click Sync
2016-09-07 08:13:12: Changes: 6, Conflicts: 2, CopyTime: 0, CopyState: 0/2, Errors: 0, All: 128
2016-09-07 08:13:12: Left to Right: Copy File: 2 Rename/Move File/Folder: 2 
2016-09-07 08:13:12: -- Analysis Complete. Time 00:00:03, Speed: 11 files/s
2016-09-07 08:13:12: == Sync Started by On File Change Incremental, Under Runner
2016-09-07 08:13:12: SyncKlakken: SYNC started by On File Change Incremental, Under Runner on 'MacNMBU'
2016-09-07 08:13:12: /Volumes/SSDRimalaya/rspace/Presentation-Klakken [TmpDest] <-> sftp://cloudrimalaya.ddns.net/shares/anonymous/Presentation-Klakken [TmpDest], SavePrevVers, CleanupPrevVers=30d, WaitForLocksMinutes=20, LinksCopy, ReconnectSecs=120, ChangeLimit=50, AutoClear
2016-09-07 08:13:12: Fraction of files changed (excluding renames) is low enough to perform Auto Sync: 11% (4 / 35) < 50%
2016-09-07 08:13:12: Sync State Merge: /numeric.cls
2016-09-07 08:13:12: Sync State Merge: /numeric.csl
2016-09-07 08:13:12: Create Folder 'sftp://cloudrimalaya.ddns.net/shares/anonymous/Presentation-Klakken/.Rproj.user/CA561311/sdb/s-753BD898'
2016-09-07 08:13:12: Move File sftp://cloudrimalaya.ddns.net/shares/anonymous/Presentation-Klakken/.Rproj.user/CA561311/sdb/per/t/2EFE8958 -> sftp://cloudrimalaya.ddns.net/shares/anonymous/Presentation-Klakken/.Rproj.user/CA561311/sdb/s-753BD898/2EFE8958
2016-09-07 08:13:12: Copy New '/Volumes/SSDRimalaya/rspace/Presentation-Klakken/.Rproj.user/CA561311/sdb/s-753BD898/lock_file' -> 'sftp://cloudrimalaya.ddns.net/shares/anonymous/Presentation-Klakken/.Rproj.user/CA561311/sdb/s-753BD898/lock_file'
2016-09-07 08:13:12: /Main.pdf: unresolved conflict results in No Copy
2016-09-07 08:13:12: /Main.tex: unresolved conflict results in No Copy
2016-09-07 08:13:12: Save State File /Volumes/SSDRimalaya/rspace/Presentation-Klakken/_gsdata_/_file_state_v4._gs
2016-09-07 08:13:12: Save State File sftp://cloudrimalaya.ddns.net/shares/anonymous/Presentation-Klakken/_gsdata_/_file_state_v4._gs
2016-09-07 08:13:12: Sync finished with 2 unresolved conflicts. Click Conflicts button to see unresolved conflicts
2016-09-07 08:13:12: Cleanup recycled files in /Volumes/SSDRimalaya/rspace/Presentation-Klakken/_gsdata_/_saved_
2016-09-07 08:13:12: Load Recycled DB: /Volumes/SSDRimalaya/rspace/Presentation-Klakken/_gsdata_/_recycled_db._gs
2016-09-07 08:13:12: Cleanup old logs in /Users/rajurim/.goodsync/_mirrors_/Volumes-SSDRimalaya-rspace-Presentation-Klakken
2016-09-07 08:13:12: Cleanup old logs in /Volumes/SSDRimalaya/rspace/Presentation-Klakken/_gsdata_
2016-09-07 08:13:13: == Sync Complete. Time: 00:00:01, Speed: 0.0/s, OK: 6, Errors: 0, Conflicts: 2
2016-09-07 08:13:13: Change detected [0]: t=Created path=/.git/index.lock
2016-09-07 08:13:14: --- Do one more Analyze to get latest changes of this Sync ---
2016-09-07 08:13:14: -- Analysis Started by On File Change PostSync Re-Analyze, Under Runner
2016-09-07 08:13:14: SyncKlakken: ANALYSIS started by On File Change PostSync Re-Analyze, Under Runner on 'MacNMBU' (GoodSync 5.5.6.6)
2016-09-07 08:13:14: /Volumes/SSDRimalaya/rspace/Presentation-Klakken [TmpDest] <-> sftp://cloudrimalaya.ddns.net/shares/anonymous/Presentation-Klakken [TmpDest], SavePrevVers, CleanupPrevVers=30d, WaitForLocksMinutes=20, LinksCopy, ReconnectSecs=120, ChangeLimit=50, AutoClear
2016-09-07 08:13:14: Exclude Hidden, Exclude System, Exclude name *._gstmp|/System Volume Information|Thumbs.db|.DS_Store 
2016-09-07 08:13:14: Change in: /Volumes/SSDRimalaya/rspace/Presentation-Klakken/.Rproj.user/shared/notebooks/.rstudio-lock-41c29-MacNMBU.local-85690-0x7fff7970d000
2016-09-07 08:13:14: Change in: /Volumes/SSDRimalaya/rspace/Presentation-Klakken/.Rproj.user/CA561311/session-persistent-state
2016-09-07 08:13:14: Change in: /Volumes/SSDRimalaya/rspace/Presentation-Klakken/.git/index.lock
2016-09-07 08:13:14: Change in: /Volumes/SSDRimalaya/rspace/Presentation-Klakken/.git/index.lock
2016-09-07 08:13:14: Change in: /Volumes/SSDRimalaya/rspace/Presentation-Klakken/.git/index.lock
2016-09-07 08:13:14: On disk file:// space required for sync is 0.0, you have 135.5 GB
2016-09-07 08:13:14: On disk sftp://cloudrimalaya.ddns.net space required for sync is 1.0 KB, free space is unknown
2016-09-07 08:13:14: Analyze has finished with Conflicts. Resolve Conflicts by selecting the correct sync direction, then click Sync
2016-09-07 08:13:14: Changes: 3, Conflicts: 2, CopyTime: 0, CopyState: 0/0, Errors: 0, All: 129
2016-09-07 08:13:14: Left to Right: Copy File: 1 
2016-09-07 08:13:14: -- Analysis Complete. Time 00:00:02, Speed: 17 files/s
2016-09-07 08:13:14: == Sync Started by On File Change PostSync Re-Analyze, Under Runner
2016-09-07 08:13:14: SyncKlakken: SYNC started by On File Change PostSync Re-Analyze, Under Runner on 'MacNMBU'
2016-09-07 08:13:14: /Volumes/SSDRimalaya/rspace/Presentation-Klakken [TmpDest] <-> sftp://cloudrimalaya.ddns.net/shares/anonymous/Presentation-Klakken [TmpDest], SavePrevVers, CleanupPrevVers=30d, WaitForLocksMinutes=20, LinksCopy, ReconnectSecs=120, ChangeLimit=50, AutoClear
2016-09-07 08:13:14: Fraction of files changed (excluding renames) is low enough to perform Auto Sync: 8% (3 / 35) < 50%
2016-09-07 08:13:14: Copy New '/Volumes/SSDRimalaya/rspace/Presentation-Klakken/.Rproj.user/CA561311/session-persistent-state' -> 'sftp://cloudrimalaya.ddns.net/shares/anonymous/Presentation-Klakken/.Rproj.user/CA561311/session-persistent-state'
2016-09-07 08:13:14: /Main.pdf: unresolved conflict results in No Copy
2016-09-07 08:13:14: /Main.tex: unresolved conflict results in No Copy
2016-09-07 08:13:14: Save State File /Volumes/SSDRimalaya/rspace/Presentation-Klakken/_gsdata_/_file_state_v4._gs
2016-09-07 08:13:14: Save State File sftp://cloudrimalaya.ddns.net/shares/anonymous/Presentation-Klakken/_gsdata_/_file_state_v4._gs
2016-09-07 08:13:14: Sync finished with 2 unresolved conflicts. Click Conflicts button to see unresolved conflicts
2016-09-07 08:13:14: Cleanup recycled files in /Volumes/SSDRimalaya/rspace/Presentation-Klakken/_gsdata_/_saved_
2016-09-07 08:13:14: Load Recycled DB: /Volumes/SSDRimalaya/rspace/Presentation-Klakken/_gsdata_/_recycled_db._gs
2016-09-07 08:13:14: Cleanup old logs in /Users/rajurim/.goodsync/_mirrors_/Volumes-SSDRimalaya-rspace-Presentation-Klakken
2016-09-07 08:13:14: Cleanup old logs in /Volumes/SSDRimalaya/rspace/Presentation-Klakken/_gsdata_
2016-09-07 08:13:14: == Sync Complete. Time: 00:00:00, Speed: 0.0/s, OK: 1, Errors: 0, Conflicts: 2
2016-09-07 08:13:14: Deleted lock file /Volumes/SSDRimalaya/rspace/Presentation-Klakken/_gsdata_/lock.gsl
2016-09-07 08:13:14: Deleted lock file sftp://cloudrimalaya.ddns.net/shares/anonymous/Presentation-Klakken/_gsdata_/lock.gsl
2016-09-07 08:13:14: 
