2016-09-06 19:27:51: Connected to: /Volumes/SSDRimalaya/rspace/Presentation-Klakken: fs=EXFAT dev=/dev/disk2s1 mount=/Volumes/SSDRimalaya: hfs=0 fat=0 netshare=0
2016-09-06 19:27:51: Change detected [0]: t=Created path=/.git/index.lock
2016-09-06 19:27:52: Connected to: sftp://cloudrimalaya.ddns.net/shares/anonymous/Presentation-Klakken: SSH-2.0-OpenSSH_6.6.1p1 Ubuntu-2ubuntu2.8: SFTP ver 3
2016-09-06 19:27:52: First Full Analyze for On File Change
2016-09-06 19:27:52: -- Analysis Started by On File Change 1st Full Analyze, Under Runner
2016-09-06 19:27:52: SyncKlakken: ANALYSIS started by On File Change 1st Full Analyze, Under Runner on 'MacNMBU' (GoodSync 5.5.6.6)
2016-09-06 19:27:52: /Volumes/SSDRimalaya/rspace/Presentation-Klakken [TmpDest] <-> sftp://cloudrimalaya.ddns.net/shares/anonymous/Presentation-Klakken [TmpDest], SavePrevVers, CleanupPrevVers=30d, WaitForLocksMinutes=20, LinksCopy, ReconnectSecs=120, ChangeLimit=50, AutoClear
2016-09-06 19:27:52: Exclude Hidden, Exclude System, Exclude name *._gstmp|/System Volume Information|Thumbs.db|.DS_Store 
2016-09-06 19:27:52: Locking folder /Volumes/SSDRimalaya/rspace/Presentation-Klakken for write
2016-09-06 19:27:52: L: Reading State File /Volumes/SSDRimalaya/rspace/Presentation-Klakken/_gsdata_/_file_state_v4._gs
2016-09-06 19:27:52: L: Files: 11 (excluded 2). Folders: 0 (excluded 3). Times (s): Folder Scan: 0.004 (4000 f/s), Compare: 0.000 fs=EXFAT dev=/dev/disk2s1 mount=/Volumes/SSDRimalaya, Free: 136.8 GB, Total: 232.9 GB
2016-09-06 19:27:52: Locking folder sftp://cloudrimalaya.ddns.net/shares/anonymous/Presentation-Klakken for write
2016-09-06 19:27:52: R: Reading State File sftp://cloudrimalaya.ddns.net/shares/anonymous/Presentation-Klakken/_gsdata_/_file_state_v4._gs
2016-09-06 19:27:53: R: Files: 13 (excluded 1). Folders: 1 (excluded 1). Times (s): Folder Scan: 0.007 (2285 f/s), Compare: 0.000 SSH-2.0-OpenSSH_6.6.1p1 Ubuntu-2ubuntu2.8
2016-09-06 19:27:53: /Main.pdf: Conflict: File differs on L and R but generations are the same
2016-09-06 19:27:53: /Main.tex: Conflict: File differs on L and R but generations are the same
2016-09-06 19:27:53: On disk file:// space required for sync is 5.0 KB, you have 136.8 GB
2016-09-06 19:27:53: On disk sftp://cloudrimalaya.ddns.net space required for sync is 0.0, free space is unknown
2016-09-06 19:27:53: Analyze has finished with Conflicts. Resolve Conflicts by selecting the correct sync direction, then click Sync
2016-09-06 19:27:53: Changes: 4, Conflicts: 2, CopyTime: 0, CopyState: 0/0, Errors: 0, All: 107
2016-09-06 19:27:53: Right to Left: Copy File: 2 
2016-09-06 19:27:53: -- Analysis Complete. Time 00:00:03, Speed: 6 files/s
2016-09-06 19:27:53: == Sync Started by On File Change 1st Full Analyze, Under Runner
2016-09-06 19:27:53: SyncKlakken: SYNC started by On File Change 1st Full Analyze, Under Runner on 'MacNMBU'
2016-09-06 19:27:53: /Volumes/SSDRimalaya/rspace/Presentation-Klakken [TmpDest] <-> sftp://cloudrimalaya.ddns.net/shares/anonymous/Presentation-Klakken [TmpDest], SavePrevVers, CleanupPrevVers=30d, WaitForLocksMinutes=20, LinksCopy, ReconnectSecs=120, ChangeLimit=50, AutoClear
2016-09-06 19:27:53: Fraction of files changed (excluding renames) is low enough to perform Auto Sync: 22% (4 / 18) < 50%
2016-09-06 19:27:53: /Main.pdf: unresolved conflict results in No Copy
2016-09-06 19:27:53: Initialize _saved_ folder tracking in the state: /Volumes/SSDRimalaya/rspace/Presentation-Klakken/_gsdata_/_recycled_db._gs, set to: 2016-08-23 19:27:53
2016-09-06 19:27:53: Copy Over 'sftp://cloudrimalaya.ddns.net/shares/anonymous/Presentation-Klakken/Main.Rmd' -> '/Volumes/SSDRimalaya/rspace/Presentation-Klakken/Main.Rmd'
2016-09-06 19:27:53: /Main.tex: unresolved conflict results in No Copy
2016-09-06 19:27:53: Copy New 'sftp://cloudrimalaya.ddns.net/shares/anonymous/Presentation-Klakken/numeric.cls' -> '/Volumes/SSDRimalaya/rspace/Presentation-Klakken/numeric.cls'
2016-09-06 19:27:53: Save State File /Volumes/SSDRimalaya/rspace/Presentation-Klakken/_gsdata_/_file_state_v4._gs
2016-09-06 19:27:53: Save State File sftp://cloudrimalaya.ddns.net/shares/anonymous/Presentation-Klakken/_gsdata_/_file_state_v4._gs
2016-09-06 19:27:53: Sync finished with 2 unresolved conflicts. Click Conflicts button to see unresolved conflicts
2016-09-06 19:27:53: Cleanup recycled files in /Volumes/SSDRimalaya/rspace/Presentation-Klakken/_gsdata_/_saved_
2016-09-06 19:27:53: Change detected [0]: t=Created path=/.git/index.lock
2016-09-06 19:27:53: Save Recycled DB: /Volumes/SSDRimalaya/rspace/Presentation-Klakken/_gsdata_/_recycled_db._gs
2016-09-06 19:27:53: Cleanup old logs in /Users/rajurim/.goodsync/_mirrors_/Volumes-SSDRimalaya-rspace-Presentation-Klakken
2016-09-06 19:27:53: Cleanup old logs in /Volumes/SSDRimalaya/rspace/Presentation-Klakken/_gsdata_
2016-09-06 19:27:53: == Sync Complete. Time: 00:00:00, Speed: 0.0/s, OK: 2, Errors: 0, Conflicts: 2
2016-09-06 19:27:54: Change detected [0]: t=MovedTo path=/numeric.cls
2016-09-06 19:27:54: Change detected [0]: t=MovedTo path=/Main.Rmd
2016-09-06 19:27:54: Change detected [0]: t=Created path=/.git/index.lock
2016-09-06 19:27:54: --- Do one more Analyze to get latest changes of this Sync ---
2016-09-06 19:27:54: -- Analysis Started by On File Change PostSync Re-Analyze, Under Runner
2016-09-06 19:27:54: SyncKlakken: ANALYSIS started by On File Change PostSync Re-Analyze, Under Runner on 'MacNMBU' (GoodSync 5.5.6.6)
2016-09-06 19:27:54: /Volumes/SSDRimalaya/rspace/Presentation-Klakken [TmpDest] <-> sftp://cloudrimalaya.ddns.net/shares/anonymous/Presentation-Klakken [TmpDest], SavePrevVers, CleanupPrevVers=30d, WaitForLocksMinutes=20, LinksCopy, ReconnectSecs=120, ChangeLimit=50, AutoClear
2016-09-06 19:27:54: Exclude Hidden, Exclude System, Exclude name *._gstmp|/System Volume Information|Thumbs.db|.DS_Store 
2016-09-06 19:27:54: Change in: /Volumes/SSDRimalaya/rspace/Presentation-Klakken/.git/index.lock
2016-09-06 19:27:54: Change in: /Volumes/SSDRimalaya/rspace/Presentation-Klakken/.git/index.lock
2016-09-06 19:27:54: Change in: /Volumes/SSDRimalaya/rspace/Presentation-Klakken/numeric.cls
2016-09-06 19:27:54: Change in: /Volumes/SSDRimalaya/rspace/Presentation-Klakken/Main.Rmd
2016-09-06 19:27:54: Change in: /Volumes/SSDRimalaya/rspace/Presentation-Klakken/.git/index.lock
2016-09-06 19:27:54: On disk file:// space required for sync is 0.0, you have 136.8 GB
2016-09-06 19:27:54: On disk sftp://cloudrimalaya.ddns.net space required for sync is 0.0, free space is unknown
2016-09-06 19:27:54: Analyze has finished with Conflicts. Resolve Conflicts by selecting the correct sync direction, then click Sync
2016-09-06 19:27:54: Changes: 2, Conflicts: 2, CopyTime: 0, CopyState: 0/0, Errors: 0, All: 107
2016-09-06 19:27:54: -- Analysis Complete. Time 00:00:01, Speed: 18 files/s
2016-09-06 19:27:54: == Sync Started by On File Change PostSync Re-Analyze, Under Runner
2016-09-06 19:27:54: SyncKlakken: SYNC started by On File Change PostSync Re-Analyze, Under Runner on 'MacNMBU'
2016-09-06 19:27:54: /Volumes/SSDRimalaya/rspace/Presentation-Klakken [TmpDest] <-> sftp://cloudrimalaya.ddns.net/shares/anonymous/Presentation-Klakken [TmpDest], SavePrevVers, CleanupPrevVers=30d, WaitForLocksMinutes=20, LinksCopy, ReconnectSecs=120, ChangeLimit=50, AutoClear
2016-09-06 19:27:54: Fraction of files changed (excluding renames) is low enough to perform Auto Sync: 11% (2 / 18) < 50%
2016-09-06 19:27:54: /Main.pdf: unresolved conflict results in No Copy
2016-09-06 19:27:54: /Main.tex: unresolved conflict results in No Copy
2016-09-06 19:27:54: Save State File /Volumes/SSDRimalaya/rspace/Presentation-Klakken/_gsdata_/_file_state_v4._gs
2016-09-06 19:27:54: Save State File sftp://cloudrimalaya.ddns.net/shares/anonymous/Presentation-Klakken/_gsdata_/_file_state_v4._gs
2016-09-06 19:27:54: Sync finished with 2 unresolved conflicts. Click Conflicts button to see unresolved conflicts
2016-09-06 19:27:54: Cleanup recycled files in /Volumes/SSDRimalaya/rspace/Presentation-Klakken/_gsdata_/_saved_
2016-09-06 19:27:54: Load Recycled DB: /Volumes/SSDRimalaya/rspace/Presentation-Klakken/_gsdata_/_recycled_db._gs
2016-09-06 19:27:54: Cleanup old logs in /Users/rajurim/.goodsync/_mirrors_/Volumes-SSDRimalaya-rspace-Presentation-Klakken
2016-09-06 19:27:54: Cleanup old logs in /Volumes/SSDRimalaya/rspace/Presentation-Klakken/_gsdata_
2016-09-06 19:27:54: == Sync Complete. Time: 00:00:00, Speed: 0.0/s, OK: 0, Errors: 0, Conflicts: 2
2016-09-06 19:27:54: Deleted lock file /Volumes/SSDRimalaya/rspace/Presentation-Klakken/_gsdata_/lock.gsl
2016-09-06 19:27:54: Deleted lock file sftp://cloudrimalaya.ddns.net/shares/anonymous/Presentation-Klakken/_gsdata_/lock.gsl
2016-09-06 19:27:54: 
