2016-09-07 23:15:31: Connected to: /Volumes/SSDRimalaya/rspace/Presentation-Klakken: fs=EXFAT dev=/dev/disk2s1 mount=/Volumes/SSDRimalaya: hfs=0 fat=0 netshare=0
2016-09-07 23:15:32: Connected to: sftp://cloudrimalaya.ddns.net/shares/anonymous/Presentation-Klakken: SSH-2.0-OpenSSH_6.6.1p1 Ubuntu-2ubuntu2.8: SFTP ver 3
2016-09-07 23:15:32: -- Analysis Started by Periodic Timer, Under Runner
2016-09-07 23:15:32: SyncKlakken: ANALYSIS started by Periodic Timer, Under Runner on 'MacNMBU' (GoodSync 5.5.6.6)
2016-09-07 23:15:32: /Volumes/SSDRimalaya/rspace/Presentation-Klakken [TmpDest] <-> sftp://cloudrimalaya.ddns.net/shares/anonymous/Presentation-Klakken [TmpDest], CreateFolderIfNotFound, SavePrevVers, CleanupPrevVers=30d, WaitForLocksMinutes=20, LinksCopy, ReconnectSecs=120, ResolveConflicts=NewerFileWins, ChangeLimit=50, AutoClear
2016-09-07 23:15:32: Exclude Hidden, Exclude System, Exclude name *._gstmp|/System Volume Information|Thumbs.db|.DS_Store 
2016-09-07 23:15:32: Locking folder /Volumes/SSDRimalaya/rspace/Presentation-Klakken for write
2016-09-07 23:15:32: L: Reading State File /Volumes/SSDRimalaya/rspace/Presentation-Klakken/_gsdata_/_file_state_v4._gs
2016-09-07 23:15:32: L: Files: 17 (excluded 3). Folders: 2 (excluded 3). Times (s): Folder Scan: 0.009 (2777 f/s), Compare: 0.000 fs=EXFAT dev=/dev/disk2s1 mount=/Volumes/SSDRimalaya, Free: 134.9 GB, Total: 232.9 GB
2016-09-07 23:15:32: Locking folder sftp://cloudrimalaya.ddns.net/shares/anonymous/Presentation-Klakken for write
2016-09-07 23:15:32: R: Reading State File sftp://cloudrimalaya.ddns.net/shares/anonymous/Presentation-Klakken/_gsdata_/_file_state_v4._gs
2016-09-07 23:15:33: R: Files: 18 (excluded 1). Folders: 3 (excluded 1). Times (s): Folder Scan: 0.008 (2875 f/s), Compare: 0.000 SSH-2.0-OpenSSH_6.6.1p1 Ubuntu-2ubuntu2.8
2016-09-07 23:15:33: On disk file:// space required for sync is 0.0, you have 134.9 GB
2016-09-07 23:15:33: On disk sftp://cloudrimalaya.ddns.net space required for sync is 0.0, free space is unknown
2016-09-07 23:15:33: Changes: 0, Conflicts: 0, CopyTime: 0, CopyState: 0/1, Errors: 0, All: 147
2016-09-07 23:15:33: -- Analysis Complete. Time 00:00:02, Speed: 13 files/s
2016-09-07 23:15:33: == Sync Started by Periodic Timer, Under Runner
2016-09-07 23:15:33: SyncKlakken: SYNC started by Periodic Timer, Under Runner on 'MacNMBU'
2016-09-07 23:15:33: /Volumes/SSDRimalaya/rspace/Presentation-Klakken [TmpDest] <-> sftp://cloudrimalaya.ddns.net/shares/anonymous/Presentation-Klakken [TmpDest], CreateFolderIfNotFound, SavePrevVers, CleanupPrevVers=30d, WaitForLocksMinutes=20, LinksCopy, ReconnectSecs=120, ResolveConflicts=NewerFileWins, ChangeLimit=50, AutoClear
2016-09-07 23:15:33: Fraction of files changed (excluding renames) is low enough to perform Auto Sync: 0% (0 / 26) < 50%
2016-09-07 23:15:33: Sync State Merge: /Main.Rmd
2016-09-07 23:15:33: Save State File /Volumes/SSDRimalaya/rspace/Presentation-Klakken/_gsdata_/_file_state_v4._gs
2016-09-07 23:15:33: Save State File sftp://cloudrimalaya.ddns.net/shares/anonymous/Presentation-Klakken/_gsdata_/_file_state_v4._gs
2016-09-07 23:15:33: Cleanup recycled files in /Volumes/SSDRimalaya/rspace/Presentation-Klakken/_gsdata_/_saved_
2016-09-07 23:15:33: Load Recycled DB: /Volumes/SSDRimalaya/rspace/Presentation-Klakken/_gsdata_/_recycled_db._gs
2016-09-07 23:15:33: Cleanup old logs in /Users/rajurim/.goodsync/_mirrors_/Volumes-SSDRimalaya-rspace-Presentation-Klakken
2016-09-07 23:15:33: Cleanup old logs in /Volumes/SSDRimalaya/rspace/Presentation-Klakken/_gsdata_
2016-09-07 23:15:33: == Sync Complete. Time: 00:00:00, Speed: 0.0/s, OK: 1, Errors: 0
2016-09-07 23:15:33: Unlocking folder /Volumes/SSDRimalaya/rspace/Presentation-Klakken/_gsdata_/lock.gsl
2016-09-07 23:15:33: Unlocking folder sftp://cloudrimalaya.ddns.net/shares/anonymous/Presentation-Klakken/_gsdata_/lock.gsl
2016-09-07 23:15:33: 
