2016-09-07 23:00:25: Connected to: /Volumes/SSDRimalaya/rspace/Presentation-Klakken: fs=EXFAT dev=/dev/disk2s1 mount=/Volumes/SSDRimalaya: hfs=0 fat=0 netshare=0
2016-09-07 23:00:27: Connected to: sftp://cloudrimalaya.ddns.net/shares/anonymous/Presentation-Klakken: SSH-2.0-OpenSSH_6.6.1p1 Ubuntu-2ubuntu2.8: SFTP ver 3
2016-09-07 23:00:27: First Full Analyze for On File Change
2016-09-07 23:00:27: -- Analysis Started by On File Change 1st Full Analyze, Under Runner
2016-09-07 23:00:27: SyncKlakken: ANALYSIS started by On File Change 1st Full Analyze, Under Runner on 'MacNMBU' (GoodSync 5.5.6.6)
2016-09-07 23:00:27: /Volumes/SSDRimalaya/rspace/Presentation-Klakken [TmpDest] <-> sftp://cloudrimalaya.ddns.net/shares/anonymous/Presentation-Klakken [TmpDest], CreateFolderIfNotFound, SavePrevVers, CleanupPrevVers=30d, WaitForLocksMinutes=20, LinksCopy, ReconnectSecs=120, ResolveConflicts=NewerFileWins, ChangeLimit=50, AutoClear
2016-09-07 23:00:27: Exclude Hidden, Exclude System, Exclude name *._gstmp|/System Volume Information|Thumbs.db|.DS_Store 
2016-09-07 23:00:27: Locking folder /Volumes/SSDRimalaya/rspace/Presentation-Klakken for write
2016-09-07 23:00:27: L: Reading State File /Volumes/SSDRimalaya/rspace/Presentation-Klakken/_gsdata_/_file_state_v4._gs
2016-09-07 23:00:27: L: Files: 17 (excluded 3). Folders: 2 (excluded 3). Times (s): Folder Scan: 0.007 (3571 f/s), Compare: 0.000 fs=EXFAT dev=/dev/disk2s1 mount=/Volumes/SSDRimalaya, Free: 134.9 GB, Total: 232.9 GB
2016-09-07 23:00:27: Locking folder sftp://cloudrimalaya.ddns.net/shares/anonymous/Presentation-Klakken for write
2016-09-07 23:00:27: R: Reading State File sftp://cloudrimalaya.ddns.net/shares/anonymous/Presentation-Klakken/_gsdata_/_file_state_v4._gs
2016-09-07 23:00:27: R: Files: 18 (excluded 1). Folders: 3 (excluded 1). Times (s): Folder Scan: 0.008 (2875 f/s), Compare: 0.000 SSH-2.0-OpenSSH_6.6.1p1 Ubuntu-2ubuntu2.8
2016-09-07 23:00:27: /Main.pdf: Conflict: File Modified on Both Sides
2016-09-07 23:00:27: /Main.tex: Conflict: File Modified on Both Sides
2016-09-07 23:00:27: Autoresolve the conflict: L wins: /Main.pdf
2016-09-07 23:00:27: Autoresolve the conflict: L wins: /Main.tex
2016-09-07 23:00:27: On disk file:// space required for sync is 0.0, you have 134.9 GB
2016-09-07 23:00:27: On disk sftp://cloudrimalaya.ddns.net space required for sync is 289.0 KB, free space is unknown
2016-09-07 23:00:27: Changes: 2, Conflicts: 0, CopyTime: 0, CopyState: 0/0, Errors: 0, All: 147
2016-09-07 23:00:27: Left to Right: Copy File: 2 
2016-09-07 23:00:27: -- Analysis Complete. Time 00:00:03, Speed: 8 files/s
2016-09-07 23:00:27: == Sync Started by On File Change 1st Full Analyze, Under Runner
2016-09-07 23:00:27: SyncKlakken: SYNC started by On File Change 1st Full Analyze, Under Runner on 'MacNMBU'
2016-09-07 23:00:27: /Volumes/SSDRimalaya/rspace/Presentation-Klakken [TmpDest] <-> sftp://cloudrimalaya.ddns.net/shares/anonymous/Presentation-Klakken [TmpDest], CreateFolderIfNotFound, SavePrevVers, CleanupPrevVers=30d, WaitForLocksMinutes=20, LinksCopy, ReconnectSecs=120, ResolveConflicts=NewerFileWins, ChangeLimit=50, AutoClear
2016-09-07 23:00:27: Fraction of files changed (excluding renames) is low enough to perform Auto Sync: 7% (2 / 26) < 50%
2016-09-07 23:00:29: Copy Over '/Volumes/SSDRimalaya/rspace/Presentation-Klakken/Main.pdf' -> 'sftp://cloudrimalaya.ddns.net/shares/anonymous/Presentation-Klakken/Main.pdf'
2016-09-07 23:00:29: Copy Over '/Volumes/SSDRimalaya/rspace/Presentation-Klakken/Main.tex' -> 'sftp://cloudrimalaya.ddns.net/shares/anonymous/Presentation-Klakken/Main.tex'
2016-09-07 23:00:29: Save State File /Volumes/SSDRimalaya/rspace/Presentation-Klakken/_gsdata_/_file_state_v4._gs
2016-09-07 23:00:29: Save State File sftp://cloudrimalaya.ddns.net/shares/anonymous/Presentation-Klakken/_gsdata_/_file_state_v4._gs
2016-09-07 23:00:30: Cleanup recycled files in /Volumes/SSDRimalaya/rspace/Presentation-Klakken/_gsdata_/_saved_
2016-09-07 23:00:30: Load Recycled DB: /Volumes/SSDRimalaya/rspace/Presentation-Klakken/_gsdata_/_recycled_db._gs
2016-09-07 23:00:30: Cleanup old logs in /Users/rajurim/.goodsync/_mirrors_/Volumes-SSDRimalaya-rspace-Presentation-Klakken
2016-09-07 23:00:30: Cleanup old logs in /Volumes/SSDRimalaya/rspace/Presentation-Klakken/_gsdata_
2016-09-07 23:00:30: == Sync Complete. Time: 00:00:03, Speed: 146.5 KB/s, OK: 2, Errors: 0
2016-09-07 23:00:31: Unlocking folder /Volumes/SSDRimalaya/rspace/Presentation-Klakken/_gsdata_/lock.gsl
2016-09-07 23:00:31: Unlocking folder sftp://cloudrimalaya.ddns.net/shares/anonymous/Presentation-Klakken/_gsdata_/lock.gsl
2016-09-07 23:00:31: 
