2016-09-07 13:24:49: Connected to: /Volumes/SSDRimalaya/rspace/Presentation-Klakken: fs=EXFAT dev=/dev/disk2s1 mount=/Volumes/SSDRimalaya: hfs=0 fat=0 netshare=0
2016-09-07 13:24:50: Connected to: sftp://cloudrimalaya.ddns.net/shares/anonymous/Presentation-Klakken: SSH-2.0-OpenSSH_6.6.1p1 Ubuntu-2ubuntu2.8: SFTP ver 3
2016-09-07 13:24:50: Incremental Analyze for On File Change
2016-09-07 13:24:50: -- Analysis Started by On File Change Incremental, Under Runner
2016-09-07 13:24:50: SyncKlakken: ANALYSIS started by On File Change Incremental, Under Runner on 'MacNMBU' (GoodSync 5.5.6.6)
2016-09-07 13:24:50: /Volumes/SSDRimalaya/rspace/Presentation-Klakken [TmpDest] <-> sftp://cloudrimalaya.ddns.net/shares/anonymous/Presentation-Klakken [TmpDest] [time-translate], SavePrevVers, CleanupPrevVers=30d, WaitForLocksMinutes=20, LinksCopy, ReconnectSecs=120, ChangeLimit=50, AutoClear
2016-09-07 13:24:50: Exclude Hidden, Exclude System, Exclude name *._gstmp|/System Volume Information|Thumbs.db|.DS_Store 
2016-09-07 13:24:50: Locking folder /Volumes/SSDRimalaya/rspace/Presentation-Klakken for write
2016-09-07 13:24:50: Change in: /Volumes/SSDRimalaya/rspace/Presentation-Klakken/.git/index.lock
2016-09-07 13:24:50: Change in: /Volumes/SSDRimalaya/rspace/Presentation-Klakken/.Rproj.user/CA561311/sdb/s-B9CCC527/3A17CF77
2016-09-07 13:24:50: Change in: /Volumes/SSDRimalaya/rspace/Presentation-Klakken/.Rproj.user/CA561311/sdb/prop/F4A5DA45
2016-09-07 13:24:50: Change in: /Volumes/SSDRimalaya/rspace/Presentation-Klakken/.Rproj.user/shared/notebooks/.rstudio-lock-41c29-MacNMBU.local-92608-0x7fff7970d000
2016-09-07 13:24:50: Change in: /Volumes/SSDRimalaya/rspace/Presentation-Klakken/.Rproj.user/CA561311/sdb/s-B9CCC527/2EFE8958
2016-09-07 13:24:50: Change in: /Volumes/SSDRimalaya/rspace/Presentation-Klakken/.Rproj.user/CA561311/sdb/prop/5087E748
2016-09-07 13:24:50: Locking folder sftp://cloudrimalaya.ddns.net/shares/anonymous/Presentation-Klakken for write
2016-09-07 13:24:50: On disk file:// space required for sync is 0.0, you have 135.1 GB
2016-09-07 13:24:50: On disk sftp://cloudrimalaya.ddns.net space required for sync is 11.0 KB, free space is unknown
2016-09-07 13:24:50: Analyze has finished with Conflicts. Resolve Conflicts by selecting the correct sync direction, then click Sync
2016-09-07 13:24:50: Changes: 6, Conflicts: 3, CopyTime: 0, CopyState: 0/0, Errors: 0, All: 172
2016-09-07 13:24:50: Left to Right: Copy File: 3 
2016-09-07 13:24:50: -- Analysis Complete. Time 00:00:02, Speed: 29 files/s
2016-09-07 13:24:50: == Sync Started by On File Change Incremental, Under Runner
2016-09-07 13:24:50: SyncKlakken: SYNC started by On File Change Incremental, Under Runner on 'MacNMBU'
2016-09-07 13:24:50: /Volumes/SSDRimalaya/rspace/Presentation-Klakken [TmpDest] <-> sftp://cloudrimalaya.ddns.net/shares/anonymous/Presentation-Klakken [TmpDest] [time-translate], SavePrevVers, CleanupPrevVers=30d, WaitForLocksMinutes=20, LinksCopy, ReconnectSecs=120, ChangeLimit=50, AutoClear
2016-09-07 13:24:50: Fraction of files changed (excluding renames) is low enough to perform Auto Sync: 10% (6 / 58) < 50%
2016-09-07 13:24:51: Copy New '/Volumes/SSDRimalaya/rspace/Presentation-Klakken/.Rproj.user/CA561311/sdb/prop/F4A5DA45' -> 'sftp://cloudrimalaya.ddns.net/shares/anonymous/Presentation-Klakken/.Rproj.user/CA561311/sdb/prop/F4A5DA45'
2016-09-07 13:24:51: Load Recycled DB: sftp://cloudrimalaya.ddns.net/shares/anonymous/Presentation-Klakken/_gsdata_/_recycled_db._gs
2016-09-07 13:24:51: Copy Over '/Volumes/SSDRimalaya/rspace/Presentation-Klakken/.Rproj.user/CA561311/sdb/s-B9CCC527/2EFE8958' -> 'sftp://cloudrimalaya.ddns.net/shares/anonymous/Presentation-Klakken/.Rproj.user/CA561311/sdb/s-B9CCC527/2EFE8958'
2016-09-07 13:24:51: /Volumes/SSDRimalaya/rspace/Presentation-Klakken/.Rproj.user/CA561311/sdb/s-B9CCC527/3A17CF77: Source file has changed between Analyze and Sync from '[file] size=1347 accu-time=2016-09-07 13:24:46 attr=777' to 'size=1391 time=2016-09-07 13:24:51', noted in source file state
2016-09-07 13:24:51: /Volumes/SSDRimalaya/rspace/Presentation-Klakken/.Rproj.user/CA561311/sdb/s-B9CCC527/3A17CF77: Source file has changed during Sync from '[file] size=1391 accu-time=2016-09-07 13:24:51 attr=777' to 'size=1392 time=2016-09-07 13:24:51', will be retried
2016-09-07 13:24:51: Destination side file adjusted to '[file] size=1391 accu-time=2016-09-07 13:24:48 file-time=2016-09-07 13:24:51 attr=777', to force retry
2016-09-07 13:24:51: Copy New '/Volumes/SSDRimalaya/rspace/Presentation-Klakken/.Rproj.user/CA561311/sdb/s-B9CCC527/3A17CF77' -> 'sftp://cloudrimalaya.ddns.net/shares/anonymous/Presentation-Klakken/.Rproj.user/CA561311/sdb/s-B9CCC527/3A17CF77'
2016-09-07 13:24:51: /Main.pdf: unresolved conflict results in No Copy
2016-09-07 13:24:51: /Main.tex: unresolved conflict results in No Copy
2016-09-07 13:24:51: /Main.utf8.md: unresolved conflict results in No Copy
2016-09-07 13:24:51: Save State File /Volumes/SSDRimalaya/rspace/Presentation-Klakken/_gsdata_/_file_state_v4._gs
2016-09-07 13:24:51: Save State File sftp://cloudrimalaya.ddns.net/shares/anonymous/Presentation-Klakken/_gsdata_/_file_state_v4._gs
2016-09-07 13:24:51: Sync finished with 3 unresolved conflicts. Click Conflicts button to see unresolved conflicts
2016-09-07 13:24:51: Cleanup recycled files in /Volumes/SSDRimalaya/rspace/Presentation-Klakken/_gsdata_/_saved_
2016-09-07 13:24:51: Load Recycled DB: /Volumes/SSDRimalaya/rspace/Presentation-Klakken/_gsdata_/_recycled_db._gs
2016-09-07 13:24:51: Cleanup old logs in /Users/rajurim/.goodsync/_mirrors_/Volumes-SSDRimalaya-rspace-Presentation-Klakken
2016-09-07 13:24:51: Change detected [0]: t=Created path=/.Rproj.user/CA561311/sdb/s-B9CCC527/3A17CF77
2016-09-07 13:24:51: Change detected [0]: t=Modified path=/.Rproj.user/CA561311/sdb/prop/F4A5DA45
2016-09-07 13:24:51: Change detected [0]: t=Created path=/.git/index.lock
2016-09-07 13:24:51: Cleanup old logs in /Volumes/SSDRimalaya/rspace/Presentation-Klakken/_gsdata_
2016-09-07 13:24:52: Save Recycled DB: sftp://cloudrimalaya.ddns.net/shares/anonymous/Presentation-Klakken/_gsdata_/_recycled_db._gs
2016-09-07 13:24:52: == Sync Complete. Time: 00:00:02, Speed: 14.8 KB/s, OK: 3, Errors: 0, Conflicts: 3
2016-09-07 13:24:52: Change detected [0]: t=Modified path=/header.tex
2016-09-07 13:24:52: Change detected [0]: t=Created path=/.Rproj.user/CA561311/sdb/s-B9CCC527/3A17CF77
2016-09-07 13:24:52: Change detected [0]: t=Modified path=/.Rproj.user/CA561311/sdb/prop/F4A5DA45
2016-09-07 13:24:52: Change detected [0]: t=Created path=/.git/index.lock
2016-09-07 13:24:53: --- Do one more Analyze to get latest changes of this Sync ---
2016-09-07 13:24:53: -- Analysis Started by On File Change PostSync Re-Analyze, Under Runner
2016-09-07 13:24:53: SyncKlakken: ANALYSIS started by On File Change PostSync Re-Analyze, Under Runner on 'MacNMBU' (GoodSync 5.5.6.6)
2016-09-07 13:24:53: /Volumes/SSDRimalaya/rspace/Presentation-Klakken [TmpDest] <-> sftp://cloudrimalaya.ddns.net/shares/anonymous/Presentation-Klakken [TmpDest] [time-translate], SavePrevVers, CleanupPrevVers=30d, WaitForLocksMinutes=20, LinksCopy, ReconnectSecs=120, ChangeLimit=50, AutoClear
2016-09-07 13:24:53: Exclude Hidden, Exclude System, Exclude name *._gstmp|/System Volume Information|Thumbs.db|.DS_Store 
2016-09-07 13:24:53: Change in: /Volumes/SSDRimalaya/rspace/Presentation-Klakken/.Rproj.user/CA561311/sdb/s-B9CCC527/3A17CF77
2016-09-07 13:24:53: Change in: /Volumes/SSDRimalaya/rspace/Presentation-Klakken/.Rproj.user/CA561311/sdb/prop/F4A5DA45
2016-09-07 13:24:53: Change in: /Volumes/SSDRimalaya/rspace/Presentation-Klakken/.git/index.lock
2016-09-07 13:24:53: Change in: /Volumes/SSDRimalaya/rspace/Presentation-Klakken/header.tex
2016-09-07 13:24:53: Change in: /Volumes/SSDRimalaya/rspace/Presentation-Klakken/.Rproj.user/CA561311/sdb/s-B9CCC527/3A17CF77
2016-09-07 13:24:53: Change in: /Volumes/SSDRimalaya/rspace/Presentation-Klakken/.Rproj.user/CA561311/sdb/prop/F4A5DA45
2016-09-07 13:24:53: Change in: /Volumes/SSDRimalaya/rspace/Presentation-Klakken/.git/index.lock
2016-09-07 13:24:53: On disk file:// space required for sync is 0.0, you have 135.1 GB
2016-09-07 13:24:53: On disk sftp://cloudrimalaya.ddns.net space required for sync is 4.0 KB, free space is unknown
2016-09-07 13:24:53: Analyze has finished with Conflicts. Resolve Conflicts by selecting the correct sync direction, then click Sync
2016-09-07 13:24:53: Changes: 6, Conflicts: 3, CopyTime: 0, CopyState: 0/0, Errors: 0, All: 172
2016-09-07 13:24:53: Left to Right: Copy File: 3 
2016-09-07 13:24:53: -- Analysis Complete. Time 00:00:03, Speed: 19 files/s
2016-09-07 13:24:53: == Sync Started by On File Change PostSync Re-Analyze, Under Runner
2016-09-07 13:24:53: SyncKlakken: SYNC started by On File Change PostSync Re-Analyze, Under Runner on 'MacNMBU'
2016-09-07 13:24:53: /Volumes/SSDRimalaya/rspace/Presentation-Klakken [TmpDest] <-> sftp://cloudrimalaya.ddns.net/shares/anonymous/Presentation-Klakken [TmpDest] [time-translate], SavePrevVers, CleanupPrevVers=30d, WaitForLocksMinutes=20, LinksCopy, ReconnectSecs=120, ChangeLimit=50, AutoClear
2016-09-07 13:24:53: Fraction of files changed (excluding renames) is low enough to perform Auto Sync: 10% (6 / 58) < 50%
2016-09-07 13:24:53: Load Recycled DB: sftp://cloudrimalaya.ddns.net/shares/anonymous/Presentation-Klakken/_gsdata_/_recycled_db._gs
2016-09-07 13:24:53: Copy Over '/Volumes/SSDRimalaya/rspace/Presentation-Klakken/.Rproj.user/CA561311/sdb/prop/F4A5DA45' -> 'sftp://cloudrimalaya.ddns.net/shares/anonymous/Presentation-Klakken/.Rproj.user/CA561311/sdb/prop/F4A5DA45'
2016-09-07 13:24:53: Copy Over '/Volumes/SSDRimalaya/rspace/Presentation-Klakken/.Rproj.user/CA561311/sdb/s-B9CCC527/3A17CF77' -> 'sftp://cloudrimalaya.ddns.net/shares/anonymous/Presentation-Klakken/.Rproj.user/CA561311/sdb/s-B9CCC527/3A17CF77'
2016-09-07 13:24:53: Copy Over '/Volumes/SSDRimalaya/rspace/Presentation-Klakken/header.tex' -> 'sftp://cloudrimalaya.ddns.net/shares/anonymous/Presentation-Klakken/header.tex'
2016-09-07 13:24:53: /Main.pdf: unresolved conflict results in No Copy
2016-09-07 13:24:53: /Main.tex: unresolved conflict results in No Copy
2016-09-07 13:24:53: /Main.utf8.md: unresolved conflict results in No Copy
2016-09-07 13:24:53: Save State File /Volumes/SSDRimalaya/rspace/Presentation-Klakken/_gsdata_/_file_state_v4._gs
2016-09-07 13:24:53: Change detected [0]: t=Modified path=/Main.Rmd
2016-09-07 13:24:53: Change detected [0]: t=Created path=/.Rproj.user/shared/notebooks/.rstudio-lock-41c29-MacNMBU.local-92608-0x7fff7970d000
2016-09-07 13:24:53: Change detected [0]: t=Deleted path=/.Rproj.user/shared/notebooks/-Main/1/s/chunks.json
2016-09-07 13:24:53: Change detected [0]: t=Modified path=/.Rproj.user/CA561311/sdb/s-B9CCC527/2EFE8958
2016-09-07 13:24:53: Change detected [0]: t=Modified path=/.Rproj.user/CA561311/sdb/prop/5087E748
2016-09-07 13:24:53: Save State File sftp://cloudrimalaya.ddns.net/shares/anonymous/Presentation-Klakken/_gsdata_/_file_state_v4._gs
2016-09-07 13:24:53: Sync finished with 3 unresolved conflicts. Click Conflicts button to see unresolved conflicts
2016-09-07 13:24:53: Cleanup recycled files in /Volumes/SSDRimalaya/rspace/Presentation-Klakken/_gsdata_/_saved_
2016-09-07 13:24:53: Load Recycled DB: /Volumes/SSDRimalaya/rspace/Presentation-Klakken/_gsdata_/_recycled_db._gs
2016-09-07 13:24:53: Cleanup old logs in /Users/rajurim/.goodsync/_mirrors_/Volumes-SSDRimalaya-rspace-Presentation-Klakken
2016-09-07 13:24:54: Cleanup old logs in /Volumes/SSDRimalaya/rspace/Presentation-Klakken/_gsdata_
2016-09-07 13:24:54: Save Recycled DB: sftp://cloudrimalaya.ddns.net/shares/anonymous/Presentation-Klakken/_gsdata_/_recycled_db._gs
2016-09-07 13:24:54: == Sync Complete. Time: 00:00:01, Speed: 0.0/s, OK: 3, Errors: 0, Conflicts: 3
2016-09-07 13:24:54: Deleted lock file /Volumes/SSDRimalaya/rspace/Presentation-Klakken/_gsdata_/lock.gsl
2016-09-07 13:24:54: Deleted lock file sftp://cloudrimalaya.ddns.net/shares/anonymous/Presentation-Klakken/_gsdata_/lock.gsl
2016-09-07 13:24:54: 
