2016-09-07 08:46:36: Connected to: /Volumes/SSDRimalaya/rspace/Presentation-Klakken: fs=EXFAT dev=/dev/disk2s1 mount=/Volumes/SSDRimalaya: hfs=0 fat=0 netshare=0
2016-09-07 08:46:37: Connected to: sftp://cloudrimalaya.ddns.net/shares/anonymous/Presentation-Klakken: SSH-2.0-OpenSSH_6.6.1p1 Ubuntu-2ubuntu2.8: SFTP ver 3
2016-09-07 08:46:37: Incremental Analyze for On File Change
2016-09-07 08:46:37: -- Analysis Started by On File Change Incremental, Under Runner
2016-09-07 08:46:37: SyncKlakken: ANALYSIS started by On File Change Incremental, Under Runner on 'MacNMBU' (GoodSync 5.5.6.6)
2016-09-07 08:46:37: /Volumes/SSDRimalaya/rspace/Presentation-Klakken [TmpDest] <-> sftp://cloudrimalaya.ddns.net/shares/anonymous/Presentation-Klakken [TmpDest], SavePrevVers, CleanupPrevVers=30d, WaitForLocksMinutes=20, LinksCopy, ReconnectSecs=120, ChangeLimit=50, AutoClear
2016-09-07 08:46:37: Exclude Hidden, Exclude System, Exclude name *._gstmp|/System Volume Information|Thumbs.db|.DS_Store 
2016-09-07 08:46:37: Locking folder /Volumes/SSDRimalaya/rspace/Presentation-Klakken for write
2016-09-07 08:46:37: Change in: /Volumes/SSDRimalaya/rspace/Presentation-Klakken/.git/index.lock
2016-09-07 08:46:37: Change in: /Volumes/SSDRimalaya/rspace/Presentation-Klakken/.git/index.lock
2016-09-07 08:46:37: Change in: /Volumes/SSDRimalaya/rspace/Presentation-Klakken/.Rproj.user/shared/notebooks/.rstudio-lock-41c29-MacNMBU.local-85690-0x7fff7970d000
2016-09-07 08:46:37: Change in: /Volumes/SSDRimalaya/rspace/Presentation-Klakken/.Rproj.user/CA561311/sdb/s-753BD898/2EFE8958
2016-09-07 08:46:37: Change in: /Volumes/SSDRimalaya/rspace/Presentation-Klakken/.Rproj.user/CA561311/sdb/prop/5087E748
2016-09-07 08:46:37: Locking folder sftp://cloudrimalaya.ddns.net/shares/anonymous/Presentation-Klakken for write
2016-09-07 08:46:37: On disk file:// space required for sync is 0.0, you have 135.5 GB
2016-09-07 08:46:37: On disk sftp://cloudrimalaya.ddns.net space required for sync is 4.0 KB, free space is unknown
2016-09-07 08:46:37: Analyze has finished with Conflicts. Resolve Conflicts by selecting the correct sync direction, then click Sync
2016-09-07 08:46:37: Changes: 3, Conflicts: 2, CopyTime: 0, CopyState: 0/0, Errors: 0, All: 130
2016-09-07 08:46:37: Left to Right: Copy File: 1 
2016-09-07 08:46:37: -- Analysis Complete. Time 00:00:02, Speed: 17 files/s
2016-09-07 08:46:37: == Sync Started by On File Change Incremental, Under Runner
2016-09-07 08:46:37: SyncKlakken: SYNC started by On File Change Incremental, Under Runner on 'MacNMBU'
2016-09-07 08:46:37: /Volumes/SSDRimalaya/rspace/Presentation-Klakken [TmpDest] <-> sftp://cloudrimalaya.ddns.net/shares/anonymous/Presentation-Klakken [TmpDest], SavePrevVers, CleanupPrevVers=30d, WaitForLocksMinutes=20, LinksCopy, ReconnectSecs=120, ChangeLimit=50, AutoClear
2016-09-07 08:46:37: Fraction of files changed (excluding renames) is low enough to perform Auto Sync: 8% (3 / 35) < 50%
2016-09-07 08:46:37: Load Recycled DB: sftp://cloudrimalaya.ddns.net/shares/anonymous/Presentation-Klakken/_gsdata_/_recycled_db._gs
2016-09-07 08:46:37: Copy Over '/Volumes/SSDRimalaya/rspace/Presentation-Klakken/.Rproj.user/CA561311/sdb/s-753BD898/2EFE8958' -> 'sftp://cloudrimalaya.ddns.net/shares/anonymous/Presentation-Klakken/.Rproj.user/CA561311/sdb/s-753BD898/2EFE8958'
2016-09-07 08:46:37: /Main.pdf: unresolved conflict results in No Copy
2016-09-07 08:46:37: /Main.tex: unresolved conflict results in No Copy
2016-09-07 08:46:37: Save State File /Volumes/SSDRimalaya/rspace/Presentation-Klakken/_gsdata_/_file_state_v4._gs
2016-09-07 08:46:38: Save State File sftp://cloudrimalaya.ddns.net/shares/anonymous/Presentation-Klakken/_gsdata_/_file_state_v4._gs
2016-09-07 08:46:38: Sync finished with 2 unresolved conflicts. Click Conflicts button to see unresolved conflicts
2016-09-07 08:46:38: Cleanup recycled files in /Volumes/SSDRimalaya/rspace/Presentation-Klakken/_gsdata_/_saved_
2016-09-07 08:46:38: Load Recycled DB: /Volumes/SSDRimalaya/rspace/Presentation-Klakken/_gsdata_/_recycled_db._gs
2016-09-07 08:46:38: Cleanup old logs in /Users/rajurim/.goodsync/_mirrors_/Volumes-SSDRimalaya-rspace-Presentation-Klakken
2016-09-07 08:46:38: Cleanup old logs in /Volumes/SSDRimalaya/rspace/Presentation-Klakken/_gsdata_
2016-09-07 08:46:38: Save Recycled DB: sftp://cloudrimalaya.ddns.net/shares/anonymous/Presentation-Klakken/_gsdata_/_recycled_db._gs
2016-09-07 08:46:38: == Sync Complete. Time: 00:00:01, Speed: 7.4 KB/s, OK: 1, Errors: 0, Conflicts: 2
2016-09-07 08:46:38: Change detected [0]: t=Created path=/.git/index.lock
2016-09-07 08:46:39: --- Do one more Analyze to get latest changes of this Sync ---
2016-09-07 08:46:39: -- Analysis Started by On File Change PostSync Re-Analyze, Under Runner
2016-09-07 08:46:39: SyncKlakken: ANALYSIS started by On File Change PostSync Re-Analyze, Under Runner on 'MacNMBU' (GoodSync 5.5.6.6)
2016-09-07 08:46:39: /Volumes/SSDRimalaya/rspace/Presentation-Klakken [TmpDest] <-> sftp://cloudrimalaya.ddns.net/shares/anonymous/Presentation-Klakken [TmpDest], SavePrevVers, CleanupPrevVers=30d, WaitForLocksMinutes=20, LinksCopy, ReconnectSecs=120, ChangeLimit=50, AutoClear
2016-09-07 08:46:39: Exclude Hidden, Exclude System, Exclude name *._gstmp|/System Volume Information|Thumbs.db|.DS_Store 
2016-09-07 08:46:39: Change in: /Volumes/SSDRimalaya/rspace/Presentation-Klakken/.git/index.lock
2016-09-07 08:46:39: On disk file:// space required for sync is 0.0, you have 135.5 GB
2016-09-07 08:46:39: On disk sftp://cloudrimalaya.ddns.net space required for sync is 0.0, free space is unknown
2016-09-07 08:46:39: Analyze has finished with Conflicts. Resolve Conflicts by selecting the correct sync direction, then click Sync
2016-09-07 08:46:39: Changes: 2, Conflicts: 2, CopyTime: 0, CopyState: 0/0, Errors: 0, All: 130
2016-09-07 08:46:39: -- Analysis Complete. Time 00:00:02, Speed: 17 files/s
2016-09-07 08:46:39: == Sync Started by On File Change PostSync Re-Analyze, Under Runner
2016-09-07 08:46:39: SyncKlakken: SYNC started by On File Change PostSync Re-Analyze, Under Runner on 'MacNMBU'
2016-09-07 08:46:39: /Volumes/SSDRimalaya/rspace/Presentation-Klakken [TmpDest] <-> sftp://cloudrimalaya.ddns.net/shares/anonymous/Presentation-Klakken [TmpDest], SavePrevVers, CleanupPrevVers=30d, WaitForLocksMinutes=20, LinksCopy, ReconnectSecs=120, ChangeLimit=50, AutoClear
2016-09-07 08:46:39: Fraction of files changed (excluding renames) is low enough to perform Auto Sync: 5% (2 / 35) < 50%
2016-09-07 08:46:39: /Main.pdf: unresolved conflict results in No Copy
2016-09-07 08:46:39: /Main.tex: unresolved conflict results in No Copy
2016-09-07 08:46:39: Save State File /Volumes/SSDRimalaya/rspace/Presentation-Klakken/_gsdata_/_file_state_v4._gs
2016-09-07 08:46:39: Change detected [0]: t=Created path=/.git/index.lock
2016-09-07 08:46:39: Save State File sftp://cloudrimalaya.ddns.net/shares/anonymous/Presentation-Klakken/_gsdata_/_file_state_v4._gs
2016-09-07 08:46:39: Sync finished with 2 unresolved conflicts. Click Conflicts button to see unresolved conflicts
2016-09-07 08:46:39: Cleanup recycled files in /Volumes/SSDRimalaya/rspace/Presentation-Klakken/_gsdata_/_saved_
2016-09-07 08:46:39: Load Recycled DB: /Volumes/SSDRimalaya/rspace/Presentation-Klakken/_gsdata_/_recycled_db._gs
2016-09-07 08:46:39: Cleanup old logs in /Users/rajurim/.goodsync/_mirrors_/Volumes-SSDRimalaya-rspace-Presentation-Klakken
2016-09-07 08:46:39: Cleanup old logs in /Volumes/SSDRimalaya/rspace/Presentation-Klakken/_gsdata_
2016-09-07 08:46:39: == Sync Complete. Time: 00:00:00, Speed: 0.0/s, OK: 0, Errors: 0, Conflicts: 2
2016-09-07 08:46:39: Deleted lock file /Volumes/SSDRimalaya/rspace/Presentation-Klakken/_gsdata_/lock.gsl
2016-09-07 08:46:39: Deleted lock file sftp://cloudrimalaya.ddns.net/shares/anonymous/Presentation-Klakken/_gsdata_/lock.gsl
2016-09-07 08:46:39: 
