2016-09-07 10:33:07: Change detected [0]: t=Created path=/.git/index.lock
2016-09-07 10:33:08: Connected to: /Volumes/SSDRimalaya/rspace/Presentation-Klakken: fs=EXFAT dev=/dev/disk2s1 mount=/Volumes/SSDRimalaya: hfs=0 fat=0 netshare=0
2016-09-07 10:33:10: Connected to: sftp://cloudrimalaya.ddns.net/shares/anonymous/Presentation-Klakken: SSH-2.0-OpenSSH_6.6.1p1 Ubuntu-2ubuntu2.8: SFTP ver 3
2016-09-07 10:33:10: Incremental Analyze for On File Change
2016-09-07 10:33:10: -- Analysis Started by On File Change Incremental, Under Runner
2016-09-07 10:33:10: SyncKlakken: ANALYSIS started by On File Change Incremental, Under Runner on 'MacNMBU' (GoodSync 5.5.6.6)
2016-09-07 10:33:10: /Volumes/SSDRimalaya/rspace/Presentation-Klakken [TmpDest] <-> sftp://cloudrimalaya.ddns.net/shares/anonymous/Presentation-Klakken [TmpDest] [time-translate], SavePrevVers, CleanupPrevVers=30d, WaitForLocksMinutes=20, LinksCopy, ReconnectSecs=120, ChangeLimit=50, AutoClear
2016-09-07 10:33:10: Exclude Hidden, Exclude System, Exclude name *._gstmp|/System Volume Information|Thumbs.db|.DS_Store 
2016-09-07 10:33:10: Locking folder /Volumes/SSDRimalaya/rspace/Presentation-Klakken for write
2016-09-07 10:33:10: Change in: /Volumes/SSDRimalaya/rspace/Presentation-Klakken/Main.Rmd
2016-09-07 10:33:10: Change in: /Volumes/SSDRimalaya/rspace/Presentation-Klakken/.Rproj.user/shared/notebooks/.rstudio-lock-41c29-MacNMBU.local-92608-0x7fff7970d000
2016-09-07 10:33:10: Change in: /Volumes/SSDRimalaya/rspace/Presentation-Klakken/.Rproj.user/CA561311/sdb/s-B9CCC527/2EFE8958
2016-09-07 10:33:10: Change in: /Volumes/SSDRimalaya/rspace/Presentation-Klakken/.Rproj.user/CA561311/sdb/prop/5087E748
2016-09-07 10:33:10: Change in: /Volumes/SSDRimalaya/rspace/Presentation-Klakken/.git/index.lock
2016-09-07 10:33:10: Change in: /Volumes/SSDRimalaya/rspace/Presentation-Klakken/.Rproj.user/CA561311/sdb/s-B9CCC527/2EFE8958
2016-09-07 10:33:10: Change in: /Volumes/SSDRimalaya/rspace/Presentation-Klakken/.Rproj.user/CA561311/sdb/prop/5087E748
2016-09-07 10:33:10: Change in: /Volumes/SSDRimalaya/rspace/Presentation-Klakken/Main.knit.md
2016-09-07 10:33:10: Change in: /Volumes/SSDRimalaya/rspace/Presentation-Klakken/Main.utf8.md
2016-09-07 10:33:10: Change in: /Volumes/SSDRimalaya/rspace/Presentation-Klakken/.git/index.lock
2016-09-07 10:33:10: Change in: /Volumes/SSDRimalaya/rspace/Presentation-Klakken/.git/index.lock
2016-09-07 10:33:10: Locking folder sftp://cloudrimalaya.ddns.net/shares/anonymous/Presentation-Klakken for write
2016-09-07 10:33:10: Change detected [0]: t=Modified path=/Main.pdf
2016-09-07 10:33:10: Change detected [0]: t=Created path=/.git/index.lock
2016-09-07 10:33:10: On disk file:// space required for sync is 0.0, you have 135.4 GB
2016-09-07 10:33:10: On disk sftp://cloudrimalaya.ddns.net space required for sync is 13.0 KB, free space is unknown
2016-09-07 10:33:10: Analyze has finished with Conflicts. Resolve Conflicts by selecting the correct sync direction, then click Sync
2016-09-07 10:33:10: Changes: 6, Conflicts: 3, CopyTime: 0, CopyState: 0/0, Errors: 0, All: 133
2016-09-07 10:33:10: Left to Right: Copy File: 3 
2016-09-07 10:33:10: -- Analysis Complete. Time 00:00:03, Speed: 12 files/s
2016-09-07 10:33:10: == Sync Started by On File Change Incremental, Under Runner
2016-09-07 10:33:10: SyncKlakken: SYNC started by On File Change Incremental, Under Runner on 'MacNMBU'
2016-09-07 10:33:10: /Volumes/SSDRimalaya/rspace/Presentation-Klakken [TmpDest] <-> sftp://cloudrimalaya.ddns.net/shares/anonymous/Presentation-Klakken [TmpDest] [time-translate], SavePrevVers, CleanupPrevVers=30d, WaitForLocksMinutes=20, LinksCopy, ReconnectSecs=120, ChangeLimit=50, AutoClear
2016-09-07 10:33:10: Fraction of files changed (excluding renames) is low enough to perform Auto Sync: 16% (6 / 37) < 50%
2016-09-07 10:33:11: Change detected [0]: t=Modified path=/Main.tex
2016-09-07 10:33:11: Change detected [0]: t=Deleted path=/Main.knit.md
2016-09-07 10:33:11: Change detected [0]: t=Deleted path=/Main.utf8.md
2016-09-07 10:33:11: Change detected [0]: t=Created path=/.git/index.lock
2016-09-07 10:33:11: Load Recycled DB: sftp://cloudrimalaya.ddns.net/shares/anonymous/Presentation-Klakken/_gsdata_/_recycled_db._gs
2016-09-07 10:33:12: Copy Over '/Volumes/SSDRimalaya/rspace/Presentation-Klakken/.Rproj.user/CA561311/sdb/s-B9CCC527/2EFE8958' -> 'sftp://cloudrimalaya.ddns.net/shares/anonymous/Presentation-Klakken/.Rproj.user/CA561311/sdb/s-B9CCC527/2EFE8958'
2016-09-07 10:33:12: Copy New '/Volumes/SSDRimalaya/rspace/Presentation-Klakken/Main.knit.md' -> 'sftp://cloudrimalaya.ddns.net/shares/anonymous/Presentation-Klakken/Main.knit.md'
- ERROR: Error copying file: Cannot open file '/Volumes/SSDRimalaya/rspace/Presentation-Klakken/Main.knit.md' for read: No such file or directory (error 2)
2016-09-07 10:33:12: /Main.pdf: unresolved conflict results in No Copy
2016-09-07 10:33:12: Change detected [0]: t=Created path=/.git/index.lock
2016-09-07 10:33:12: Copy Over '/Volumes/SSDRimalaya/rspace/Presentation-Klakken/Main.Rmd' -> 'sftp://cloudrimalaya.ddns.net/shares/anonymous/Presentation-Klakken/Main.Rmd'
2016-09-07 10:33:12: /Main.tex: unresolved conflict results in No Copy
2016-09-07 10:33:12: /Main.utf8.md: unresolved conflict results in No Copy
2016-09-07 10:33:12: Save State File /Volumes/SSDRimalaya/rspace/Presentation-Klakken/_gsdata_/_file_state_v4._gs
2016-09-07 10:33:12: Save State File sftp://cloudrimalaya.ddns.net/shares/anonymous/Presentation-Klakken/_gsdata_/_file_state_v4._gs
2016-09-07 10:33:12: Sync finished with 1 errors. Click Errors button to see sync errors
2016-09-07 10:33:12: Cleanup recycled files in /Volumes/SSDRimalaya/rspace/Presentation-Klakken/_gsdata_/_saved_
2016-09-07 10:33:12: Load Recycled DB: /Volumes/SSDRimalaya/rspace/Presentation-Klakken/_gsdata_/_recycled_db._gs
2016-09-07 10:33:12: Cleanup old logs in /Users/rajurim/.goodsync/_mirrors_/Volumes-SSDRimalaya-rspace-Presentation-Klakken
2016-09-07 10:33:13: Cleanup old logs in /Volumes/SSDRimalaya/rspace/Presentation-Klakken/_gsdata_
2016-09-07 10:33:13: Change detected [0]: t=Created path=/.git/index.lock
2016-09-07 10:33:13: Save Recycled DB: sftp://cloudrimalaya.ddns.net/shares/anonymous/Presentation-Klakken/_gsdata_/_recycled_db._gs
2016-09-07 10:33:13: == Sync Complete. Time: 00:00:03, Speed: 6.4 KB/s, OK: 2, Errors: 1, Conflicts: 3
2016-09-07 10:33:14: Change detected [0]: t=Created path=/.git/index.lock
2016-09-07 10:33:14: --- Do one more Analyze to get latest changes of this Sync ---
2016-09-07 10:33:14: -- Analysis Started by On File Change PostSync Re-Analyze, Under Runner
2016-09-07 10:33:14: SyncKlakken: ANALYSIS started by On File Change PostSync Re-Analyze, Under Runner on 'MacNMBU' (GoodSync 5.5.6.6)
2016-09-07 10:33:14: /Volumes/SSDRimalaya/rspace/Presentation-Klakken [TmpDest] <-> sftp://cloudrimalaya.ddns.net/shares/anonymous/Presentation-Klakken [TmpDest] [time-translate], SavePrevVers, CleanupPrevVers=30d, WaitForLocksMinutes=20, LinksCopy, ReconnectSecs=120, ChangeLimit=50, AutoClear
2016-09-07 10:33:14: Exclude Hidden, Exclude System, Exclude name *._gstmp|/System Volume Information|Thumbs.db|.DS_Store 
2016-09-07 10:33:14: Change in: /Volumes/SSDRimalaya/rspace/Presentation-Klakken/Main.pdf
2016-09-07 10:33:14: Change in: /Volumes/SSDRimalaya/rspace/Presentation-Klakken/.git/index.lock
2016-09-07 10:33:14: Change in: /Volumes/SSDRimalaya/rspace/Presentation-Klakken/Main.tex
2016-09-07 10:33:14: Change in: /Volumes/SSDRimalaya/rspace/Presentation-Klakken/Main.knit.md
2016-09-07 10:33:14: Change in: /Volumes/SSDRimalaya/rspace/Presentation-Klakken/Main.utf8.md
2016-09-07 10:33:14: Change in: /Volumes/SSDRimalaya/rspace/Presentation-Klakken/.git/index.lock
2016-09-07 10:33:14: Change in: /Volumes/SSDRimalaya/rspace/Presentation-Klakken/.git/index.lock
2016-09-07 10:33:14: Change in: /Volumes/SSDRimalaya/rspace/Presentation-Klakken/.git/index.lock
2016-09-07 10:33:14: Change in: /Volumes/SSDRimalaya/rspace/Presentation-Klakken/.git/index.lock
2016-09-07 10:33:14: Change in: /Volumes/SSDRimalaya/rspace/Presentation-Klakken/Main.knit.md
2016-09-07 10:33:14: Change in: sftp://cloudrimalaya.ddns.net/shares/anonymous/Presentation-Klakken/Main.knit.md
2016-09-07 10:33:14: On disk file:// space required for sync is 0.0, you have 135.4 GB
2016-09-07 10:33:14: On disk sftp://cloudrimalaya.ddns.net space required for sync is 0.0, free space is unknown
2016-09-07 10:33:14: Analyze has finished with Conflicts. Resolve Conflicts by selecting the correct sync direction, then click Sync
2016-09-07 10:33:14: Changes: 3, Conflicts: 3, CopyTime: 0, CopyState: 0/1, Errors: 0, All: 133
2016-09-07 10:33:14: -- Analysis Complete. Time 00:00:04, Speed: 9 files/s
2016-09-07 10:33:14: == Sync Started by On File Change PostSync Re-Analyze, Under Runner
2016-09-07 10:33:14: SyncKlakken: SYNC started by On File Change PostSync Re-Analyze, Under Runner on 'MacNMBU'
2016-09-07 10:33:14: /Volumes/SSDRimalaya/rspace/Presentation-Klakken [TmpDest] <-> sftp://cloudrimalaya.ddns.net/shares/anonymous/Presentation-Klakken [TmpDest] [time-translate], SavePrevVers, CleanupPrevVers=30d, WaitForLocksMinutes=20, LinksCopy, ReconnectSecs=120, ChangeLimit=50, AutoClear
2016-09-07 10:33:14: Fraction of files changed (excluding renames) is low enough to perform Auto Sync: 8% (3 / 36) < 50%
2016-09-07 10:33:14: Sync State Merge: /Main.knit.md
2016-09-07 10:33:14: /Main.pdf: unresolved conflict results in No Copy
2016-09-07 10:33:14: /Main.tex: unresolved conflict results in No Copy
2016-09-07 10:33:14: /Main.utf8.md: unresolved conflict results in No Copy
2016-09-07 10:33:14: Save State File /Volumes/SSDRimalaya/rspace/Presentation-Klakken/_gsdata_/_file_state_v4._gs
2016-09-07 10:33:15: Save State File sftp://cloudrimalaya.ddns.net/shares/anonymous/Presentation-Klakken/_gsdata_/_file_state_v4._gs
2016-09-07 10:33:15: Sync finished with 3 unresolved conflicts. Click Conflicts button to see unresolved conflicts
2016-09-07 10:33:15: Cleanup recycled files in /Volumes/SSDRimalaya/rspace/Presentation-Klakken/_gsdata_/_saved_
2016-09-07 10:33:15: Load Recycled DB: /Volumes/SSDRimalaya/rspace/Presentation-Klakken/_gsdata_/_recycled_db._gs
2016-09-07 10:33:15: Cleanup old logs in /Users/rajurim/.goodsync/_mirrors_/Volumes-SSDRimalaya-rspace-Presentation-Klakken
2016-09-07 10:33:15: Cleanup old logs in /Volumes/SSDRimalaya/rspace/Presentation-Klakken/_gsdata_
2016-09-07 10:33:15: == Sync Complete. Time: 00:00:01, Speed: 0.0/s, OK: 1, Errors: 0, Conflicts: 3
2016-09-07 10:33:15: Deleted lock file /Volumes/SSDRimalaya/rspace/Presentation-Klakken/_gsdata_/lock.gsl
2016-09-07 10:33:15: Deleted lock file sftp://cloudrimalaya.ddns.net/shares/anonymous/Presentation-Klakken/_gsdata_/lock.gsl
2016-09-07 10:33:15: 
