2016-09-08 08:52:50: Change detected [0]: t=Created path=/tmp-pdfcrop-75608.pdf
2016-09-08 08:52:50: Change detected [0]: t=Created path=/tmp-pdfcrop-75608.tex
2016-09-08 08:52:50: Change detected [0]: t=Created path=/tmp-pdfcrop-75608.log
2016-09-08 08:52:50: Change detected [0]: t=MovedTo path=/Main_files/figure-beamer/unnamed-chunk-7-1.pdf
2016-09-08 08:52:50: Change detected [0]: t=Created path=/.git/index.lock
2016-09-08 08:52:50: Change detected [0]: t=Created path=/tmp-pdfcrop-75617.pdf
2016-09-08 08:52:50: Change detected [0]: t=Created path=/tmp-pdfcrop-75617.tex
2016-09-08 08:52:50: Change detected [0]: t=Created path=/tmp-pdfcrop-75617.log
2016-09-08 08:52:50: Change detected [0]: t=Created path=/Main.knit.md
2016-09-08 08:52:50: Change detected [0]: t=Created path=/Main.utf8.md
2016-09-08 08:52:50: Change detected [0]: t=MovedTo path=/Main_files/figure-beamer/unnamed-chunk-8-1.pdf
2016-09-08 08:52:50: Connected to: /Volumes/SSDRimalaya/rspace/Presentation-Klakken: fs=EXFAT dev=/dev/disk2s1 mount=/Volumes/SSDRimalaya: hfs=0 fat=0 netshare=0
2016-09-08 08:52:51: Change detected [0]: t=Created path=/.git/index.lock
2016-09-08 08:52:52: Connected to: sftp://cloudrimalaya.ddns.net/shares/anonymous/Presentation-Klakken: SSH-2.0-OpenSSH_6.6.1p1 Ubuntu-2ubuntu2.8: SFTP ver 3
2016-09-08 08:52:52: Incremental Analyze for On File Change
2016-09-08 08:52:52: -- Analysis Started by On File Change Incremental, Under Runner
2016-09-08 08:52:52: SyncKlakken: ANALYSIS started by On File Change Incremental, Under Runner on 'MacNMBU' (GoodSync 5.5.6.6)
2016-09-08 08:52:52: /Volumes/SSDRimalaya/rspace/Presentation-Klakken [TmpDest] <-> sftp://cloudrimalaya.ddns.net/shares/anonymous/Presentation-Klakken [TmpDest], CreateFolderIfNotFound, SavePrevVers, CleanupPrevVers=30d, WaitForLocksMinutes=20, LinksCopy, ReconnectSecs=120, ResolveConflicts=NewerFileWins, ChangeLimit=50, AutoClear
2016-09-08 08:52:52: Exclude Hidden, Exclude System, Exclude name *._gstmp|/System Volume Information|Thumbs.db|.DS_Store 
2016-09-08 08:52:52: Locking folder /Volumes/SSDRimalaya/rspace/Presentation-Klakken for write
2016-09-08 08:52:52: Change in: /Volumes/SSDRimalaya/rspace/Presentation-Klakken/tmp-pdfcrop-75574.pdf
2016-09-08 08:52:52: Change in: /Volumes/SSDRimalaya/rspace/Presentation-Klakken/tmp-pdfcrop-75574.tex
2016-09-08 08:52:52: Change in: /Volumes/SSDRimalaya/rspace/Presentation-Klakken/tmp-pdfcrop-75574.log
2016-09-08 08:52:52: Change in: /Volumes/SSDRimalaya/rspace/Presentation-Klakken/Main_files/figure-beamer/unnamed-chunk-5-1.pdf
2016-09-08 08:52:52: Change in: /Volumes/SSDRimalaya/rspace/Presentation-Klakken/Main_files/figure-beamer/unnamed-chunk-4-1.pdf
2016-09-08 08:52:52: Change in: /Volumes/SSDRimalaya/rspace/Presentation-Klakken/tmp-pdfcrop-75578.tex
2016-09-08 08:52:52: Change in: /Volumes/SSDRimalaya/rspace/Presentation-Klakken/.git/index.lock
2016-09-08 08:52:52: Change in: /Volumes/SSDRimalaya/rspace/Presentation-Klakken/tmp-pdfcrop-75578.pdf
2016-09-08 08:52:52: Change in: /Volumes/SSDRimalaya/rspace/Presentation-Klakken/tmp-pdfcrop-75578.log
2016-09-08 08:52:52: Change in: /Volumes/SSDRimalaya/rspace/Presentation-Klakken/.git/index.lock
2016-09-08 08:52:52: Change in: /Volumes/SSDRimalaya/rspace/Presentation-Klakken/tmp-pdfcrop-75596.pdf
2016-09-08 08:52:52: Change in: /Volumes/SSDRimalaya/rspace/Presentation-Klakken/tmp-pdfcrop-75596.tex
2016-09-08 08:52:52: Change in: /Volumes/SSDRimalaya/rspace/Presentation-Klakken/tmp-pdfcrop-75596.log
2016-09-08 08:52:52: Change in: /Volumes/SSDRimalaya/rspace/Presentation-Klakken/Main_files/figure-beamer/unnamed-chunk-6-1.pdf
2016-09-08 08:52:52: Change in: /Volumes/SSDRimalaya/rspace/Presentation-Klakken/Main_files/figure-beamer/unnamed-chunk-7-1.pdf
2016-09-08 08:52:52: Change in: /Volumes/SSDRimalaya/rspace/Presentation-Klakken/tmp-pdfcrop-75608.tex
2016-09-08 08:52:52: Change in: /Volumes/SSDRimalaya/rspace/Presentation-Klakken/tmp-pdfcrop-75608.pdf
2016-09-08 08:52:52: Change in: /Volumes/SSDRimalaya/rspace/Presentation-Klakken/tmp-pdfcrop-75608.tex
2016-09-08 08:52:52: Change in: /Volumes/SSDRimalaya/rspace/Presentation-Klakken/tmp-pdfcrop-75608.log
2016-09-08 08:52:52: Change in: /Volumes/SSDRimalaya/rspace/Presentation-Klakken/Main_files/figure-beamer/unnamed-chunk-7-1.pdf
2016-09-08 08:52:52: Change in: /Volumes/SSDRimalaya/rspace/Presentation-Klakken/.git/index.lock
2016-09-08 08:52:52: Change in: /Volumes/SSDRimalaya/rspace/Presentation-Klakken/tmp-pdfcrop-75617.pdf
2016-09-08 08:52:52: Change in: /Volumes/SSDRimalaya/rspace/Presentation-Klakken/tmp-pdfcrop-75617.tex
2016-09-08 08:52:52: Change in: /Volumes/SSDRimalaya/rspace/Presentation-Klakken/tmp-pdfcrop-75617.log
2016-09-08 08:52:52: Change in: /Volumes/SSDRimalaya/rspace/Presentation-Klakken/Main.knit.md
2016-09-08 08:52:52: Change in: /Volumes/SSDRimalaya/rspace/Presentation-Klakken/Main.utf8.md
2016-09-08 08:52:52: Change in: /Volumes/SSDRimalaya/rspace/Presentation-Klakken/Main_files/figure-beamer/unnamed-chunk-8-1.pdf
2016-09-08 08:52:52: Change in: /Volumes/SSDRimalaya/rspace/Presentation-Klakken/.Rproj.user/shared/notebooks/-Main/1/s/c48rdv2lvev5z/000006.csv
2016-09-08 08:52:52: Change in: /Volumes/SSDRimalaya/rspace/Presentation-Klakken/.Rproj.user/shared/notebooks/-Main/1/s/c4wqlipvx6vyr/000002.csv
2016-09-08 08:52:52: Change in: /Volumes/SSDRimalaya/rspace/Presentation-Klakken/.Rproj.user/shared/notebooks/-Main/1/s/chunks.json
2016-09-08 08:52:52: Change in: /Volumes/SSDRimalaya/rspace/Presentation-Klakken/.Rproj.user/shared/notebooks/-Main/1/s/cpfgn2wl3w1ui/000002.csv
2016-09-08 08:52:52: Change in: /Volumes/SSDRimalaya/rspace/Presentation-Klakken/.Rproj.user/shared/notebooks/-Main/1/s/cpfgn2wl3w1ui/000003.error
2016-09-08 08:52:52: Change in: /Volumes/SSDRimalaya/rspace/Presentation-Klakken/.Rproj.user/shared/notebooks/-Main/1/s/csetup_chunk/000002.csv
2016-09-08 08:52:52: Locking folder sftp://cloudrimalaya.ddns.net/shares/anonymous/Presentation-Klakken for write
2016-09-08 08:52:52: Change in: sftp://cloudrimalaya.ddns.net/shares/anonymous/Presentation-Klakken/.Rproj.user/shared/notebooks/-Main/1/s/c48rdv2lvev5z/000006.csv
2016-09-08 08:52:52: Change in: sftp://cloudrimalaya.ddns.net/shares/anonymous/Presentation-Klakken/.Rproj.user/shared/notebooks/-Main/1/s/c4wqlipvx6vyr/000002.csv
2016-09-08 08:52:52: Change in: sftp://cloudrimalaya.ddns.net/shares/anonymous/Presentation-Klakken/.Rproj.user/shared/notebooks/-Main/1/s/chunks.json
2016-09-08 08:52:52: Change in: sftp://cloudrimalaya.ddns.net/shares/anonymous/Presentation-Klakken/.Rproj.user/shared/notebooks/-Main/1/s/cpfgn2wl3w1ui/000002.csv
2016-09-08 08:52:52: Change in: sftp://cloudrimalaya.ddns.net/shares/anonymous/Presentation-Klakken/.Rproj.user/shared/notebooks/-Main/1/s/cpfgn2wl3w1ui/000003.error
2016-09-08 08:52:52: Change in: sftp://cloudrimalaya.ddns.net/shares/anonymous/Presentation-Klakken/.Rproj.user/shared/notebooks/-Main/1/s/csetup_chunk/000002.csv
2016-09-08 08:52:52: On disk file:// space required for sync is 0.0, you have 134.9 GB
2016-09-08 08:52:52: On disk sftp://cloudrimalaya.ddns.net space required for sync is 83.0 KB, free space is unknown
2016-09-08 08:52:52: Changes: 13, Conflicts: 0, CopyTime: 0, CopyState: 0/0, Errors: 0, All: 253
2016-09-08 08:52:52: Left to Right: Copy File: 13 
2016-09-08 08:52:52: -- Analysis Complete. Time 00:00:03, Speed: 17 files/s
2016-09-08 08:52:52: == Sync Started by On File Change Incremental, Under Runner
2016-09-08 08:52:52: SyncKlakken: SYNC started by On File Change Incremental, Under Runner on 'MacNMBU'
2016-09-08 08:52:52: /Volumes/SSDRimalaya/rspace/Presentation-Klakken [TmpDest] <-> sftp://cloudrimalaya.ddns.net/shares/anonymous/Presentation-Klakken [TmpDest], CreateFolderIfNotFound, SavePrevVers, CleanupPrevVers=30d, WaitForLocksMinutes=20, LinksCopy, ReconnectSecs=120, ResolveConflicts=NewerFileWins, ChangeLimit=50, AutoClear
2016-09-08 08:52:52: Fraction of files changed (excluding renames) is low enough to perform Auto Sync: 25% (13 / 51) < 50%
2016-09-08 08:52:52: Copy New '/Volumes/SSDRimalaya/rspace/Presentation-Klakken/Main.knit.md' -> 'sftp://cloudrimalaya.ddns.net/shares/anonymous/Presentation-Klakken/Main.knit.md'
2016-09-08 08:52:52: Copy New '/Volumes/SSDRimalaya/rspace/Presentation-Klakken/Main.utf8.md' -> 'sftp://cloudrimalaya.ddns.net/shares/anonymous/Presentation-Klakken/Main.utf8.md'
2016-09-08 08:52:53: Load Recycled DB: sftp://cloudrimalaya.ddns.net/shares/anonymous/Presentation-Klakken/_gsdata_/_recycled_db._gs
2016-09-08 08:52:53: Copy Over '/Volumes/SSDRimalaya/rspace/Presentation-Klakken/Main_files/figure-beamer/unnamed-chunk-4-1.pdf' -> 'sftp://cloudrimalaya.ddns.net/shares/anonymous/Presentation-Klakken/Main_files/figure-beamer/unnamed-chunk-4-1.pdf'
2016-09-08 08:52:53: Copy Over '/Volumes/SSDRimalaya/rspace/Presentation-Klakken/Main_files/figure-beamer/unnamed-chunk-5-1.pdf' -> 'sftp://cloudrimalaya.ddns.net/shares/anonymous/Presentation-Klakken/Main_files/figure-beamer/unnamed-chunk-5-1.pdf'
2016-09-08 08:52:53: Change detected [0]: t=Created path=/.git/index.lock
2016-09-08 08:52:53: Copy Over '/Volumes/SSDRimalaya/rspace/Presentation-Klakken/Main_files/figure-beamer/unnamed-chunk-6-1.pdf' -> 'sftp://cloudrimalaya.ddns.net/shares/anonymous/Presentation-Klakken/Main_files/figure-beamer/unnamed-chunk-6-1.pdf'
2016-09-08 08:52:53: Copy Over '/Volumes/SSDRimalaya/rspace/Presentation-Klakken/Main_files/figure-beamer/unnamed-chunk-7-1.pdf' -> 'sftp://cloudrimalaya.ddns.net/shares/anonymous/Presentation-Klakken/Main_files/figure-beamer/unnamed-chunk-7-1.pdf'
2016-09-08 08:52:54: Copy Over '/Volumes/SSDRimalaya/rspace/Presentation-Klakken/Main_files/figure-beamer/unnamed-chunk-8-1.pdf' -> 'sftp://cloudrimalaya.ddns.net/shares/anonymous/Presentation-Klakken/Main_files/figure-beamer/unnamed-chunk-8-1.pdf'
2016-09-08 08:52:54: Save State File /Volumes/SSDRimalaya/rspace/Presentation-Klakken/_gsdata_/_file_state_v4._gs
2016-09-08 08:52:54: Save State File sftp://cloudrimalaya.ddns.net/shares/anonymous/Presentation-Klakken/_gsdata_/_file_state_v4._gs
2016-09-08 08:52:54: Cleanup recycled files in /Volumes/SSDRimalaya/rspace/Presentation-Klakken/_gsdata_/_saved_
2016-09-08 08:52:54: Load Recycled DB: /Volumes/SSDRimalaya/rspace/Presentation-Klakken/_gsdata_/_recycled_db._gs
2016-09-08 08:52:54: Cleanup old logs in /Users/rajurim/.goodsync/_mirrors_/Volumes-SSDRimalaya-rspace-Presentation-Klakken
2016-09-08 08:52:54: Cleanup old logs in /Volumes/SSDRimalaya/rspace/Presentation-Klakken/_gsdata_
2016-09-08 08:52:54: Change detected [0]: t=Created path=/Main.knit.md
2016-09-08 08:52:54: Change detected [0]: t=Created path=/Main.utf8.md
2016-09-08 08:52:54: Save Recycled DB: sftp://cloudrimalaya.ddns.net/shares/anonymous/Presentation-Klakken/_gsdata_/_recycled_db._gs
2016-09-08 08:52:54: == Sync Complete. Time: 00:00:02, Speed: 39.0 KB/s, OK: 7, Errors: 0
2016-09-08 08:52:55: Change detected [0]: t=Created path=/.git/index.lock
2016-09-08 08:52:55: --- Do one more Analyze to get latest changes of this Sync ---
2016-09-08 08:52:55: -- Analysis Started by On File Change PostSync Re-Analyze, Under Runner
2016-09-08 08:52:55: SyncKlakken: ANALYSIS started by On File Change PostSync Re-Analyze, Under Runner on 'MacNMBU' (GoodSync 5.5.6.6)
2016-09-08 08:52:55: /Volumes/SSDRimalaya/rspace/Presentation-Klakken [TmpDest] <-> sftp://cloudrimalaya.ddns.net/shares/anonymous/Presentation-Klakken [TmpDest], CreateFolderIfNotFound, SavePrevVers, CleanupPrevVers=30d, WaitForLocksMinutes=20, LinksCopy, ReconnectSecs=120, ResolveConflicts=NewerFileWins, ChangeLimit=50, AutoClear
2016-09-08 08:52:55: Exclude Hidden, Exclude System, Exclude name *._gstmp|/System Volume Information|Thumbs.db|.DS_Store 
2016-09-08 08:52:55: Change in: /Volumes/SSDRimalaya/rspace/Presentation-Klakken/.git/index.lock
2016-09-08 08:52:55: Change in: /Volumes/SSDRimalaya/rspace/Presentation-Klakken/.git/index.lock
2016-09-08 08:52:55: Change in: /Volumes/SSDRimalaya/rspace/Presentation-Klakken/Main.knit.md
2016-09-08 08:52:55: Change in: /Volumes/SSDRimalaya/rspace/Presentation-Klakken/Main.utf8.md
2016-09-08 08:52:55: Change in: /Volumes/SSDRimalaya/rspace/Presentation-Klakken/.git/index.lock
2016-09-08 08:52:55: Change in: /Volumes/SSDRimalaya/rspace/Presentation-Klakken/.Rproj.user/shared/notebooks/-Main/1/s/c48rdv2lvev5z/000006.csv
2016-09-08 08:52:55: Change in: /Volumes/SSDRimalaya/rspace/Presentation-Klakken/.Rproj.user/shared/notebooks/-Main/1/s/c4wqlipvx6vyr/000002.csv
2016-09-08 08:52:55: Change in: /Volumes/SSDRimalaya/rspace/Presentation-Klakken/.Rproj.user/shared/notebooks/-Main/1/s/chunks.json
2016-09-08 08:52:55: Change in: /Volumes/SSDRimalaya/rspace/Presentation-Klakken/.Rproj.user/shared/notebooks/-Main/1/s/cpfgn2wl3w1ui/000002.csv
2016-09-08 08:52:55: Change in: /Volumes/SSDRimalaya/rspace/Presentation-Klakken/.Rproj.user/shared/notebooks/-Main/1/s/cpfgn2wl3w1ui/000003.error
2016-09-08 08:52:55: Change in: /Volumes/SSDRimalaya/rspace/Presentation-Klakken/.Rproj.user/shared/notebooks/-Main/1/s/csetup_chunk/000002.csv
2016-09-08 08:52:55: Change in: sftp://cloudrimalaya.ddns.net/shares/anonymous/Presentation-Klakken/.Rproj.user/shared/notebooks/-Main/1/s/c48rdv2lvev5z/000006.csv
2016-09-08 08:52:55: Change in: sftp://cloudrimalaya.ddns.net/shares/anonymous/Presentation-Klakken/.Rproj.user/shared/notebooks/-Main/1/s/c4wqlipvx6vyr/000002.csv
2016-09-08 08:52:55: Change in: sftp://cloudrimalaya.ddns.net/shares/anonymous/Presentation-Klakken/.Rproj.user/shared/notebooks/-Main/1/s/chunks.json
2016-09-08 08:52:55: Change in: sftp://cloudrimalaya.ddns.net/shares/anonymous/Presentation-Klakken/.Rproj.user/shared/notebooks/-Main/1/s/cpfgn2wl3w1ui/000002.csv
2016-09-08 08:52:55: Change in: sftp://cloudrimalaya.ddns.net/shares/anonymous/Presentation-Klakken/.Rproj.user/shared/notebooks/-Main/1/s/cpfgn2wl3w1ui/000003.error
2016-09-08 08:52:55: Change in: sftp://cloudrimalaya.ddns.net/shares/anonymous/Presentation-Klakken/.Rproj.user/shared/notebooks/-Main/1/s/csetup_chunk/000002.csv
2016-09-08 08:52:55: On disk file:// space required for sync is 0.0, you have 134.9 GB
2016-09-08 08:52:55: On disk sftp://cloudrimalaya.ddns.net space required for sync is 7.0 KB, free space is unknown
2016-09-08 08:52:55: Changes: 8, Conflicts: 0, CopyTime: 0, CopyState: 0/0, Errors: 0, All: 253
2016-09-08 08:52:55: Left to Right: Copy File: 6 Delete File: 2 
2016-09-08 08:52:55: -- Analysis Complete. Time 00:00:03, Speed: 17 files/s
2016-09-08 08:52:55: == Sync Started by On File Change PostSync Re-Analyze, Under Runner
2016-09-08 08:52:55: SyncKlakken: SYNC started by On File Change PostSync Re-Analyze, Under Runner on 'MacNMBU'
2016-09-08 08:52:55: /Volumes/SSDRimalaya/rspace/Presentation-Klakken [TmpDest] <-> sftp://cloudrimalaya.ddns.net/shares/anonymous/Presentation-Klakken [TmpDest], CreateFolderIfNotFound, SavePrevVers, CleanupPrevVers=30d, WaitForLocksMinutes=20, LinksCopy, ReconnectSecs=120, ResolveConflicts=NewerFileWins, ChangeLimit=50, AutoClear
2016-09-08 08:52:55: Fraction of files changed (excluding renames) is low enough to perform Auto Sync: 15% (8 / 51) < 50%
2016-09-08 08:52:56: Load Recycled DB: sftp://cloudrimalaya.ddns.net/shares/anonymous/Presentation-Klakken/_gsdata_/_recycled_db._gs
2016-09-08 08:52:56: Delete File 'sftp://cloudrimalaya.ddns.net/shares/anonymous/Presentation-Klakken/Main.knit.md'
2016-09-08 08:52:56: Delete File 'sftp://cloudrimalaya.ddns.net/shares/anonymous/Presentation-Klakken/Main.utf8.md'
2016-09-08 08:52:56: Save State File /Volumes/SSDRimalaya/rspace/Presentation-Klakken/_gsdata_/_file_state_v4._gs
2016-09-08 08:52:56: Save State File sftp://cloudrimalaya.ddns.net/shares/anonymous/Presentation-Klakken/_gsdata_/_file_state_v4._gs
2016-09-08 08:52:56: Cleanup recycled files in /Volumes/SSDRimalaya/rspace/Presentation-Klakken/_gsdata_/_saved_
2016-09-08 08:52:56: Load Recycled DB: /Volumes/SSDRimalaya/rspace/Presentation-Klakken/_gsdata_/_recycled_db._gs
2016-09-08 08:52:56: Cleanup old logs in /Users/rajurim/.goodsync/_mirrors_/Volumes-SSDRimalaya-rspace-Presentation-Klakken
2016-09-08 08:52:56: Cleanup old logs in /Volumes/SSDRimalaya/rspace/Presentation-Klakken/_gsdata_
2016-09-08 08:52:56: Save Recycled DB: sftp://cloudrimalaya.ddns.net/shares/anonymous/Presentation-Klakken/_gsdata_/_recycled_db._gs
2016-09-08 08:52:56: == Sync Complete. Time: 00:00:01, Speed: 7.3 KB/s, OK: 2, Errors: 0
2016-09-08 08:52:56: Unlocking folder /Volumes/SSDRimalaya/rspace/Presentation-Klakken/_gsdata_/lock.gsl
2016-09-08 08:52:56: Unlocking folder sftp://cloudrimalaya.ddns.net/shares/anonymous/Presentation-Klakken/_gsdata_/lock.gsl
2016-09-08 08:52:56: 
