2016-09-08 08:49:35: Change detected [0]: t=Created path=/.Rproj.user/shared/notebooks/.rstudio-lock-41c29-MacNMBU.local-65264-0x7fff7970d000
2016-09-08 08:49:35: Change detected [0]: t=Created path=/.Rproj.user/shared/notebooks/-Main/1/s/ciqphuaegxsul_t
2016-09-08 08:49:35: Change detected [0]: t=Created path=/.Rproj.user/shared/notebooks/-Main/1/s/ciqphuaegxsul_t/d8f0dd0152234caea2cd34cb9cc70973.snapshot
2016-09-08 08:49:35: Connected to: /Volumes/SSDRimalaya/rspace/Presentation-Klakken: fs=EXFAT dev=/dev/disk2s1 mount=/Volumes/SSDRimalaya: hfs=0 fat=0 netshare=0
2016-09-08 08:49:36: Change detected [0]: t=Created path=/.Rproj.user/shared/notebooks/-Main/1/s/ciqphuaegxsul_t/._rs_chunk_plot_001.png-efdQ
2016-09-08 08:49:36: Change detected [0]: t=Deleted path=/.Rproj.user/shared/notebooks/-Main/1/s/ciqphuaegxsul/000002.csv
2016-09-08 08:49:36: Change detected [0]: t=Deleted path=/.Rproj.user/shared/notebooks/-Main/1/s/ciqphuaegxsul/000003.error
2016-09-08 08:49:36: Change detected [0]: t=Created path=/.Rproj.user/shared/notebooks/-Main/1/s/ciqphuaegxsul
2016-09-08 08:49:36: Change detected [0]: t=MovedFrom path=/.Rproj.user/shared/notebooks/-Main/1/s/ciqphuaegxsul_t/_rs_chunk_plot_001.png
2016-09-08 08:49:36: Change detected [0]: t=MovedTo path=/.Rproj.user/shared/notebooks/-Main/1/s/ciqphuaegxsul/000004.png
2016-09-08 08:49:36: Change detected [0]: t=Created path=/.Rproj.user/shared/notebooks/-Main/1/s/ciqphuaegxsul_t/d8f0dd0152234caea2cd34cb9cc70973.snapshot
2016-09-08 08:49:36: Change detected [0]: t=MovedTo path=/.Rproj.user/shared/notebooks/-Main/1/s/ciqphuaegxsul/000004.snapshot
2016-09-08 08:49:36: Change detected [0]: t=Created path=/.Rproj.user/shared/notebooks/-Main/1/s/ciqphuaegxsul_t
2016-09-08 08:49:36: Change detected [0]: t=Created path=/.Rproj.user/shared/notebooks/.rstudio-lock-41c29-MacNMBU.local-65264-0x7fff7970d000
2016-09-08 08:49:37: Connected to: sftp://cloudrimalaya.ddns.net/shares/anonymous/Presentation-Klakken: SSH-2.0-OpenSSH_6.6.1p1 Ubuntu-2ubuntu2.8: SFTP ver 3
2016-09-08 08:49:37: Incremental Analyze for On File Change
2016-09-08 08:49:37: -- Analysis Started by On File Change Incremental, Under Runner
2016-09-08 08:49:37: SyncKlakken: ANALYSIS started by On File Change Incremental, Under Runner on 'MacNMBU' (GoodSync 5.5.6.6)
2016-09-08 08:49:37: /Volumes/SSDRimalaya/rspace/Presentation-Klakken [TmpDest] <-> sftp://cloudrimalaya.ddns.net/shares/anonymous/Presentation-Klakken [TmpDest], CreateFolderIfNotFound, SavePrevVers, CleanupPrevVers=30d, WaitForLocksMinutes=20, LinksCopy, ReconnectSecs=120, ResolveConflicts=NewerFileWins, ChangeLimit=50, AutoClear
2016-09-08 08:49:37: Exclude Hidden, Exclude System, Exclude name *._gstmp|/System Volume Information|Thumbs.db|.DS_Store 
2016-09-08 08:49:37: Locking folder /Volumes/SSDRimalaya/rspace/Presentation-Klakken for write
2016-09-08 08:49:37: Change in: /Volumes/SSDRimalaya/rspace/Presentation-Klakken/.Rproj.user/shared/notebooks/-Main/1/CA561311/chunks.json
2016-09-08 08:49:37: Change in: /Volumes/SSDRimalaya/rspace/Presentation-Klakken/Main.Rmd
2016-09-08 08:49:37: Change in: /Volumes/SSDRimalaya/rspace/Presentation-Klakken/.Rproj.user/shared/notebooks/.rstudio-lock-41c29-MacNMBU.local-65264-0x7fff7970d000
2016-09-08 08:49:37: Change in: /Volumes/SSDRimalaya/rspace/Presentation-Klakken/.Rproj.user/shared/notebooks/-Main/1/s/chunks.json
2016-09-08 08:49:37: Change in: /Volumes/SSDRimalaya/rspace/Presentation-Klakken/.Rproj.user/CA561311/sdb/s-B9D3BF3E/2EFE8958
2016-09-08 08:49:37: Change in: /Volumes/SSDRimalaya/rspace/Presentation-Klakken/.Rproj.user/CA561311/sdb/prop/5087E748
2016-09-08 08:49:37: Change in: /Volumes/SSDRimalaya/rspace/Presentation-Klakken/.git/index.lock
2016-09-08 08:49:37: Change in: /Volumes/SSDRimalaya/rspace/Presentation-Klakken/.Rproj.user/shared/notebooks/-Main/1/s/c48rdv2lvev5z
2016-09-08 08:49:37: Change in: /Volumes/SSDRimalaya/rspace/Presentation-Klakken/.Rproj.user/shared/notebooks/.rstudio-lock-41c29-MacNMBU.local-65264-0x7fff7970d000
2016-09-08 08:49:37: Change in: /Volumes/SSDRimalaya/rspace/Presentation-Klakken/.Rproj.user/shared/notebooks/-Main/1/s/c48rdv2lvev5z/000006.csv
2016-09-08 08:49:37: Change in: /Volumes/SSDRimalaya/rspace/Presentation-Klakken/.Rproj.user/shared/notebooks/-Main/1/s/c48rdv2lvev5z_t
2016-09-08 08:49:37: Change in: /Volumes/SSDRimalaya/rspace/Presentation-Klakken/.git/index.lock
2016-09-08 08:49:37: Change in: /Volumes/SSDRimalaya/rspace/Presentation-Klakken/.Rproj.user/shared/notebooks/.rstudio-lock-41c29-MacNMBU.local-65264-0x7fff7970d000
2016-09-08 08:49:37: Change in: /Volumes/SSDRimalaya/rspace/Presentation-Klakken/.Rproj.user/shared/notebooks/-Main/1/s/ciqphuaegxsul_t
2016-09-08 08:49:37: Change in: /Volumes/SSDRimalaya/rspace/Presentation-Klakken/.Rproj.user/shared/notebooks/-Main/1/s/ciqphuaegxsul_t/d8f0dd0152234caea2cd34cb9cc70973.snapshot
2016-09-08 08:49:37: Change in: /Volumes/SSDRimalaya/rspace/Presentation-Klakken/.Rproj.user/shared/notebooks/-Main/1/s/c48rdv2lvev5z/000006.csv
2016-09-08 08:49:37: Change in: /Volumes/SSDRimalaya/rspace/Presentation-Klakken/.Rproj.user/shared/notebooks/-Main/1/s/c4wqlipvx6vyr/000002.csv
2016-09-08 08:49:37: Change in: /Volumes/SSDRimalaya/rspace/Presentation-Klakken/.Rproj.user/shared/notebooks/-Main/1/s/chunks.json
2016-09-08 08:49:37: Change in: /Volumes/SSDRimalaya/rspace/Presentation-Klakken/.Rproj.user/shared/notebooks/-Main/1/s/ciqphuaegxsul/000002.csv
2016-09-08 08:49:37: Change in: /Volumes/SSDRimalaya/rspace/Presentation-Klakken/.Rproj.user/shared/notebooks/-Main/1/s/ciqphuaegxsul/000003.error
2016-09-08 08:49:37: Change in: /Volumes/SSDRimalaya/rspace/Presentation-Klakken/.Rproj.user/shared/notebooks/-Main/1/s/cpfgn2wl3w1ui/000002.csv
2016-09-08 08:49:37: Change in: /Volumes/SSDRimalaya/rspace/Presentation-Klakken/.Rproj.user/shared/notebooks/-Main/1/s/cpfgn2wl3w1ui/000003.error
2016-09-08 08:49:37: Change in: /Volumes/SSDRimalaya/rspace/Presentation-Klakken/.Rproj.user/shared/notebooks/-Main/1/s/csetup_chunk/000002.csv
2016-09-08 08:49:37: Locking folder sftp://cloudrimalaya.ddns.net/shares/anonymous/Presentation-Klakken for write
2016-09-08 08:49:37: Change in: sftp://cloudrimalaya.ddns.net/shares/anonymous/Presentation-Klakken/.Rproj.user/shared/notebooks/-Main/1/s/c48rdv2lvev5z/000006.csv
2016-09-08 08:49:37: Change in: sftp://cloudrimalaya.ddns.net/shares/anonymous/Presentation-Klakken/.Rproj.user/shared/notebooks/-Main/1/s/c4wqlipvx6vyr/000002.csv
2016-09-08 08:49:37: Change in: sftp://cloudrimalaya.ddns.net/shares/anonymous/Presentation-Klakken/.Rproj.user/shared/notebooks/-Main/1/s/chunks.json
2016-09-08 08:49:37: Change in: sftp://cloudrimalaya.ddns.net/shares/anonymous/Presentation-Klakken/.Rproj.user/shared/notebooks/-Main/1/s/ciqphuaegxsul/000002.csv
2016-09-08 08:49:37: Change in: sftp://cloudrimalaya.ddns.net/shares/anonymous/Presentation-Klakken/.Rproj.user/shared/notebooks/-Main/1/s/ciqphuaegxsul/000003.error
2016-09-08 08:49:37: Change in: sftp://cloudrimalaya.ddns.net/shares/anonymous/Presentation-Klakken/.Rproj.user/shared/notebooks/-Main/1/s/cpfgn2wl3w1ui/000002.csv
2016-09-08 08:49:37: Change in: sftp://cloudrimalaya.ddns.net/shares/anonymous/Presentation-Klakken/.Rproj.user/shared/notebooks/-Main/1/s/cpfgn2wl3w1ui/000003.error
2016-09-08 08:49:37: Change in: sftp://cloudrimalaya.ddns.net/shares/anonymous/Presentation-Klakken/.Rproj.user/shared/notebooks/-Main/1/s/csetup_chunk/000002.csv
2016-09-08 08:49:37: On disk file:// space required for sync is 0.0, you have 134.9 GB
2016-09-08 08:49:37: On disk sftp://cloudrimalaya.ddns.net space required for sync is 15.0 KB, free space is unknown
2016-09-08 08:49:37: Changes: 7, Conflicts: 0, CopyTime: 0, CopyState: 2/0, Errors: 0, All: 248
2016-09-08 08:49:37: Left to Right: Copy File: 7 Copy State: 2 
2016-09-08 08:49:37: -- Analysis Complete. Time 00:00:03, Speed: 16 files/s
2016-09-08 08:49:37: == Sync Started by On File Change Incremental, Under Runner
2016-09-08 08:49:37: SyncKlakken: SYNC started by On File Change Incremental, Under Runner on 'MacNMBU'
2016-09-08 08:49:37: /Volumes/SSDRimalaya/rspace/Presentation-Klakken [TmpDest] <-> sftp://cloudrimalaya.ddns.net/shares/anonymous/Presentation-Klakken [TmpDest], CreateFolderIfNotFound, SavePrevVers, CleanupPrevVers=30d, WaitForLocksMinutes=20, LinksCopy, ReconnectSecs=120, ResolveConflicts=NewerFileWins, ChangeLimit=50, AutoClear
2016-09-08 08:49:37: Fraction of files changed (excluding renames) is low enough to perform Auto Sync: 14% (7 / 49) < 50%
2016-09-08 08:49:37: Copy State LtoR: /.Rproj.user/shared/notebooks/-Main/1/s/ciqphuaegxsul/000002.csv
2016-09-08 08:49:37: Copy State LtoR: /.Rproj.user/shared/notebooks/-Main/1/s/ciqphuaegxsul/000003.error
2016-09-08 08:49:37: Load Recycled DB: sftp://cloudrimalaya.ddns.net/shares/anonymous/Presentation-Klakken/_gsdata_/_recycled_db._gs
2016-09-08 08:49:37: Copy Over '/Volumes/SSDRimalaya/rspace/Presentation-Klakken/Main.Rmd' -> 'sftp://cloudrimalaya.ddns.net/shares/anonymous/Presentation-Klakken/Main.Rmd'
2016-09-08 08:49:37: Save State File /Volumes/SSDRimalaya/rspace/Presentation-Klakken/_gsdata_/_file_state_v4._gs
2016-09-08 08:49:38: Save State File sftp://cloudrimalaya.ddns.net/shares/anonymous/Presentation-Klakken/_gsdata_/_file_state_v4._gs
2016-09-08 08:49:38: Cleanup recycled files in /Volumes/SSDRimalaya/rspace/Presentation-Klakken/_gsdata_/_saved_
2016-09-08 08:49:38: Load Recycled DB: /Volumes/SSDRimalaya/rspace/Presentation-Klakken/_gsdata_/_recycled_db._gs
2016-09-08 08:49:38: Cleanup old logs in /Users/rajurim/.goodsync/_mirrors_/Volumes-SSDRimalaya-rspace-Presentation-Klakken
2016-09-08 08:49:38: Cleanup old logs in /Volumes/SSDRimalaya/rspace/Presentation-Klakken/_gsdata_
2016-09-08 08:49:38: Change detected [0]: t=Created path=/.git/index.lock
2016-09-08 08:49:38: Save Recycled DB: sftp://cloudrimalaya.ddns.net/shares/anonymous/Presentation-Klakken/_gsdata_/_recycled_db._gs
2016-09-08 08:49:38: == Sync Complete. Time: 00:00:01, Speed: 0.0/s, OK: 3, Errors: 0
2016-09-08 08:49:39: Change detected [0]: t=Created path=/.git/index.lock
2016-09-08 08:49:39: --- Do one more Analyze to get latest changes of this Sync ---
2016-09-08 08:49:39: -- Analysis Started by On File Change PostSync Re-Analyze, Under Runner
2016-09-08 08:49:39: SyncKlakken: ANALYSIS started by On File Change PostSync Re-Analyze, Under Runner on 'MacNMBU' (GoodSync 5.5.6.6)
2016-09-08 08:49:39: /Volumes/SSDRimalaya/rspace/Presentation-Klakken [TmpDest] <-> sftp://cloudrimalaya.ddns.net/shares/anonymous/Presentation-Klakken [TmpDest], CreateFolderIfNotFound, SavePrevVers, CleanupPrevVers=30d, WaitForLocksMinutes=20, LinksCopy, ReconnectSecs=120, ResolveConflicts=NewerFileWins, ChangeLimit=50, AutoClear
2016-09-08 08:49:39: Exclude Hidden, Exclude System, Exclude name *._gstmp|/System Volume Information|Thumbs.db|.DS_Store 
2016-09-08 08:49:39: Change in: /Volumes/SSDRimalaya/rspace/Presentation-Klakken/.Rproj.user/shared/notebooks/-Main/1/s/ciqphuaegxsul_t/._rs_chunk_plot_001.png-efdQ
2016-09-08 08:49:39: Change in: /Volumes/SSDRimalaya/rspace/Presentation-Klakken/.Rproj.user/shared/notebooks/-Main/1/s/ciqphuaegxsul/000002.csv
2016-09-08 08:49:39: Change in: /Volumes/SSDRimalaya/rspace/Presentation-Klakken/.Rproj.user/shared/notebooks/-Main/1/s/ciqphuaegxsul/000003.error
2016-09-08 08:49:39: Change in: /Volumes/SSDRimalaya/rspace/Presentation-Klakken/.Rproj.user/shared/notebooks/-Main/1/s/ciqphuaegxsul
2016-09-08 08:49:39: Change in: /Volumes/SSDRimalaya/rspace/Presentation-Klakken/.Rproj.user/shared/notebooks/-Main/1/s/ciqphuaegxsul_t/_rs_chunk_plot_001.png
2016-09-08 08:49:39: Change in: /Volumes/SSDRimalaya/rspace/Presentation-Klakken/.Rproj.user/shared/notebooks/-Main/1/s/ciqphuaegxsul/000004.png
2016-09-08 08:49:39: Change in: /Volumes/SSDRimalaya/rspace/Presentation-Klakken/.Rproj.user/shared/notebooks/-Main/1/s/ciqphuaegxsul_t/d8f0dd0152234caea2cd34cb9cc70973.snapshot
2016-09-08 08:49:39: Change in: /Volumes/SSDRimalaya/rspace/Presentation-Klakken/.Rproj.user/shared/notebooks/-Main/1/s/ciqphuaegxsul/000004.snapshot
2016-09-08 08:49:39: Change in: /Volumes/SSDRimalaya/rspace/Presentation-Klakken/.Rproj.user/shared/notebooks/-Main/1/s/ciqphuaegxsul_t
2016-09-08 08:49:39: Change in: /Volumes/SSDRimalaya/rspace/Presentation-Klakken/.Rproj.user/shared/notebooks/.rstudio-lock-41c29-MacNMBU.local-65264-0x7fff7970d000
2016-09-08 08:49:39: Change in: /Volumes/SSDRimalaya/rspace/Presentation-Klakken/.git/index.lock
2016-09-08 08:49:39: Change in: /Volumes/SSDRimalaya/rspace/Presentation-Klakken/.git/index.lock
2016-09-08 08:49:39: Change in: /Volumes/SSDRimalaya/rspace/Presentation-Klakken/.Rproj.user/shared/notebooks/-Main/1/s/c48rdv2lvev5z/000006.csv
2016-09-08 08:49:39: Change in: /Volumes/SSDRimalaya/rspace/Presentation-Klakken/.Rproj.user/shared/notebooks/-Main/1/s/c4wqlipvx6vyr/000002.csv
2016-09-08 08:49:39: Change in: /Volumes/SSDRimalaya/rspace/Presentation-Klakken/.Rproj.user/shared/notebooks/-Main/1/s/chunks.json
2016-09-08 08:49:39: Change in: /Volumes/SSDRimalaya/rspace/Presentation-Klakken/.Rproj.user/shared/notebooks/-Main/1/s/cpfgn2wl3w1ui/000002.csv
2016-09-08 08:49:39: Change in: /Volumes/SSDRimalaya/rspace/Presentation-Klakken/.Rproj.user/shared/notebooks/-Main/1/s/cpfgn2wl3w1ui/000003.error
2016-09-08 08:49:39: Change in: /Volumes/SSDRimalaya/rspace/Presentation-Klakken/.Rproj.user/shared/notebooks/-Main/1/s/csetup_chunk/000002.csv
2016-09-08 08:49:39: Change in: sftp://cloudrimalaya.ddns.net/shares/anonymous/Presentation-Klakken/.Rproj.user/shared/notebooks/-Main/1/s/c48rdv2lvev5z/000006.csv
2016-09-08 08:49:39: Change in: sftp://cloudrimalaya.ddns.net/shares/anonymous/Presentation-Klakken/.Rproj.user/shared/notebooks/-Main/1/s/c4wqlipvx6vyr/000002.csv
2016-09-08 08:49:39: Change in: sftp://cloudrimalaya.ddns.net/shares/anonymous/Presentation-Klakken/.Rproj.user/shared/notebooks/-Main/1/s/chunks.json
2016-09-08 08:49:39: Change in: sftp://cloudrimalaya.ddns.net/shares/anonymous/Presentation-Klakken/.Rproj.user/shared/notebooks/-Main/1/s/cpfgn2wl3w1ui/000002.csv
2016-09-08 08:49:39: Change in: sftp://cloudrimalaya.ddns.net/shares/anonymous/Presentation-Klakken/.Rproj.user/shared/notebooks/-Main/1/s/cpfgn2wl3w1ui/000003.error
2016-09-08 08:49:39: Change in: sftp://cloudrimalaya.ddns.net/shares/anonymous/Presentation-Klakken/.Rproj.user/shared/notebooks/-Main/1/s/csetup_chunk/000002.csv
2016-09-08 08:49:39: On disk file:// space required for sync is 0.0, you have 134.9 GB
2016-09-08 08:49:39: On disk sftp://cloudrimalaya.ddns.net space required for sync is 372.0 KB, free space is unknown
2016-09-08 08:49:39: Changes: 8, Conflicts: 0, CopyTime: 0, CopyState: 0/0, Errors: 0, All: 250
2016-09-08 08:49:39: Left to Right: Copy File: 8 
2016-09-08 08:49:39: -- Analysis Complete. Time 00:00:02, Speed: 25 files/s
2016-09-08 08:49:39: == Sync Started by On File Change PostSync Re-Analyze, Under Runner
2016-09-08 08:49:39: SyncKlakken: SYNC started by On File Change PostSync Re-Analyze, Under Runner on 'MacNMBU'
2016-09-08 08:49:39: /Volumes/SSDRimalaya/rspace/Presentation-Klakken [TmpDest] <-> sftp://cloudrimalaya.ddns.net/shares/anonymous/Presentation-Klakken [TmpDest], CreateFolderIfNotFound, SavePrevVers, CleanupPrevVers=30d, WaitForLocksMinutes=20, LinksCopy, ReconnectSecs=120, ResolveConflicts=NewerFileWins, ChangeLimit=50, AutoClear
2016-09-08 08:49:39: Fraction of files changed (excluding renames) is low enough to perform Auto Sync: 15% (8 / 51) < 50%
2016-09-08 08:49:39: Save State File /Volumes/SSDRimalaya/rspace/Presentation-Klakken/_gsdata_/_file_state_v4._gs
2016-09-08 08:49:39: Save State File sftp://cloudrimalaya.ddns.net/shares/anonymous/Presentation-Klakken/_gsdata_/_file_state_v4._gs
2016-09-08 08:49:39: Cleanup recycled files in /Volumes/SSDRimalaya/rspace/Presentation-Klakken/_gsdata_/_saved_
2016-09-08 08:49:39: Load Recycled DB: /Volumes/SSDRimalaya/rspace/Presentation-Klakken/_gsdata_/_recycled_db._gs
2016-09-08 08:49:39: Cleanup old logs in /Users/rajurim/.goodsync/_mirrors_/Volumes-SSDRimalaya-rspace-Presentation-Klakken
2016-09-08 08:49:39: Cleanup old logs in /Volumes/SSDRimalaya/rspace/Presentation-Klakken/_gsdata_
2016-09-08 08:49:39: == Sync Complete. Time: 00:00:00, Speed: 0.0/s, OK: 0, Errors: 0
2016-09-08 08:49:39: Unlocking folder /Volumes/SSDRimalaya/rspace/Presentation-Klakken/_gsdata_/lock.gsl
2016-09-08 08:49:39: Unlocking folder sftp://cloudrimalaya.ddns.net/shares/anonymous/Presentation-Klakken/_gsdata_/lock.gsl
2016-09-08 08:49:39: 
