2016-09-08 08:23:04: Connected to: /Volumes/SSDRimalaya/rspace/Presentation-Klakken: fs=EXFAT dev=/dev/disk2s1 mount=/Volumes/SSDRimalaya: hfs=0 fat=0 netshare=0
2016-09-08 08:23:05: Change detected [0]: t=Created path=/.git/index.lock
2016-09-08 08:23:05: Change detected [0]: t=Created path=/.Rproj.user/shared/notebooks/.rstudio-lock-41c29-MacNMBU.local-65264-0x7fff7970d000
2016-09-08 08:23:05: Change detected [0]: t=Modified path=/.Rproj.user/CA561311/sdb/s-B9D3BF3E/2EFE8958
2016-09-08 08:23:05: Change detected [0]: t=Modified path=/.Rproj.user/CA561311/sdb/prop/5087E748
2016-09-08 08:23:05: Connected to: sftp://cloudrimalaya.ddns.net/shares/anonymous/Presentation-Klakken: SSH-2.0-OpenSSH_6.6.1p1 Ubuntu-2ubuntu2.8: SFTP ver 3
2016-09-08 08:23:05: Incremental Analyze for On File Change
2016-09-08 08:23:05: -- Analysis Started by On File Change Incremental, Under Runner
2016-09-08 08:23:05: SyncKlakken: ANALYSIS started by On File Change Incremental, Under Runner on 'MacNMBU' (GoodSync 5.5.6.6)
2016-09-08 08:23:05: /Volumes/SSDRimalaya/rspace/Presentation-Klakken [TmpDest] <-> sftp://cloudrimalaya.ddns.net/shares/anonymous/Presentation-Klakken [TmpDest], CreateFolderIfNotFound, SavePrevVers, CleanupPrevVers=30d, WaitForLocksMinutes=20, LinksCopy, ReconnectSecs=120, ResolveConflicts=NewerFileWins, ChangeLimit=50, AutoClear
2016-09-08 08:23:05: Exclude Hidden, Exclude System, Exclude name *._gstmp|/System Volume Information|Thumbs.db|.DS_Store 
2016-09-08 08:23:05: Locking folder /Volumes/SSDRimalaya/rspace/Presentation-Klakken for write
2016-09-08 08:23:05: Change in: /Volumes/SSDRimalaya/rspace/Presentation-Klakken/.git/index.lock
2016-09-08 08:23:05: Change in: /Volumes/SSDRimalaya/rspace/Presentation-Klakken/.Rproj.user/shared/notebooks/.rstudio-lock-41c29-MacNMBU.local-65264-0x7fff7970d000
2016-09-08 08:23:05: Change in: /Volumes/SSDRimalaya/rspace/Presentation-Klakken/.Rproj.user/CA561311/sdb/s-B9D3BF3E/2EFE8958
2016-09-08 08:23:05: Change in: /Volumes/SSDRimalaya/rspace/Presentation-Klakken/.Rproj.user/CA561311/sdb/prop/5087E748
2016-09-08 08:23:05: Change in: /Volumes/SSDRimalaya/rspace/Presentation-Klakken/.Rproj.user/shared/notebooks/-Main/1/s/c4wqlipvx6vyr/000002.csv
2016-09-08 08:23:05: Change in: /Volumes/SSDRimalaya/rspace/Presentation-Klakken/.Rproj.user/shared/notebooks/-Main/1/s/c5wfgu16aef3n/000004.csv
2016-09-08 08:23:05: Change in: /Volumes/SSDRimalaya/rspace/Presentation-Klakken/.Rproj.user/shared/notebooks/-Main/1/s/chunks.json
2016-09-08 08:23:05: Change in: /Volumes/SSDRimalaya/rspace/Presentation-Klakken/.Rproj.user/shared/notebooks/-Main/1/s/csetup_chunk/000002.csv
2016-09-08 08:23:05: Locking folder sftp://cloudrimalaya.ddns.net/shares/anonymous/Presentation-Klakken for write
2016-09-08 08:23:06: Change in: sftp://cloudrimalaya.ddns.net/shares/anonymous/Presentation-Klakken/.Rproj.user/shared/notebooks/-Main/1/s/c4wqlipvx6vyr/000002.csv
2016-09-08 08:23:06: Change in: sftp://cloudrimalaya.ddns.net/shares/anonymous/Presentation-Klakken/.Rproj.user/shared/notebooks/-Main/1/s/c5wfgu16aef3n/000004.csv
2016-09-08 08:23:06: Change in: sftp://cloudrimalaya.ddns.net/shares/anonymous/Presentation-Klakken/.Rproj.user/shared/notebooks/-Main/1/s/chunks.json
2016-09-08 08:23:06: Change in: sftp://cloudrimalaya.ddns.net/shares/anonymous/Presentation-Klakken/.Rproj.user/shared/notebooks/-Main/1/s/csetup_chunk/000002.csv
2016-09-08 08:23:06: On disk file:// space required for sync is 0.0, you have 134.9 GB
2016-09-08 08:23:06: On disk sftp://cloudrimalaya.ddns.net space required for sync is 4.0 KB, free space is unknown
2016-09-08 08:23:06: Changes: 4, Conflicts: 0, CopyTime: 0, CopyState: 0/0, Errors: 0, All: 202
2016-09-08 08:23:06: Left to Right: Copy File: 4 
2016-09-08 08:23:06: -- Analysis Complete. Time 00:00:03, Speed: 13 files/s
2016-09-08 08:23:06: Change detected [0]: t=Created path=/.Rproj.user/shared/notebooks/-Main/1/CA561311/c9t8df19ik8jr_t
2016-09-08 08:23:06: == Sync Started by On File Change Incremental, Under Runner
2016-09-08 08:23:06: Change detected [0]: t=Created path=/.Rproj.user/shared/notebooks/-Main/1/CA561311/c9t8df19ik8jr
2016-09-08 08:23:06: Change detected [0]: t=Created path=/.Rproj.user/shared/notebooks/.rstudio-lock-41c29-MacNMBU.local-65264-0x7fff7970d000
2016-09-08 08:23:06: SyncKlakken: SYNC started by On File Change Incremental, Under Runner on 'MacNMBU'
2016-09-08 08:23:06: Change detected [0]: t=Created path=/.Rproj.user/shared/notebooks/-Main/1/CA561311/c9t8df19ik8jr/000002.csv
2016-09-08 08:23:06: /Volumes/SSDRimalaya/rspace/Presentation-Klakken [TmpDest] <-> sftp://cloudrimalaya.ddns.net/shares/anonymous/Presentation-Klakken [TmpDest], CreateFolderIfNotFound, SavePrevVers, CleanupPrevVers=30d, WaitForLocksMinutes=20, LinksCopy, ReconnectSecs=120, ResolveConflicts=NewerFileWins, ChangeLimit=50, AutoClear
2016-09-08 08:23:06: Change detected [0]: t=Modified path=/.Rproj.user/shared/notebooks/-Main/1/CA561311/chunks.json
2016-09-08 08:23:06: Fraction of files changed (excluding renames) is low enough to perform Auto Sync: 9% (4 / 41) < 50%
2016-09-08 08:23:06: Change detected [0]: t=Modified path=/.Rproj.user/CA561311/sdb/s-B9D3BF3E/2EFE8958
2016-09-08 08:23:06: Change detected [0]: t=Modified path=/.Rproj.user/CA561311/sdb/prop/5087E748
2016-09-08 08:23:06: Save State File /Volumes/SSDRimalaya/rspace/Presentation-Klakken/_gsdata_/_file_state_v4._gs
2016-09-08 08:23:06: Save State File sftp://cloudrimalaya.ddns.net/shares/anonymous/Presentation-Klakken/_gsdata_/_file_state_v4._gs
2016-09-08 08:23:06: Cleanup recycled files in /Volumes/SSDRimalaya/rspace/Presentation-Klakken/_gsdata_/_saved_
2016-09-08 08:23:06: Load Recycled DB: /Volumes/SSDRimalaya/rspace/Presentation-Klakken/_gsdata_/_recycled_db._gs
2016-09-08 08:23:06: Cleanup old logs in /Users/rajurim/.goodsync/_mirrors_/Volumes-SSDRimalaya-rspace-Presentation-Klakken
2016-09-08 08:23:06: Cleanup old logs in /Volumes/SSDRimalaya/rspace/Presentation-Klakken/_gsdata_
2016-09-08 08:23:06: == Sync Complete. Time: 00:00:00, Speed: 0.0/s, OK: 0, Errors: 0
2016-09-08 08:23:06: Unlocking folder /Volumes/SSDRimalaya/rspace/Presentation-Klakken/_gsdata_/lock.gsl
2016-09-08 08:23:06: Unlocking folder sftp://cloudrimalaya.ddns.net/shares/anonymous/Presentation-Klakken/_gsdata_/lock.gsl
2016-09-08 08:23:06: 
