2016-09-07 08:59:48: Connected to: /Volumes/SSDRimalaya/rspace/Presentation-Klakken: fs=EXFAT dev=/dev/disk2s1 mount=/Volumes/SSDRimalaya: hfs=0 fat=0 netshare=0
2016-09-07 08:59:50: Connected to: sftp://cloudrimalaya.ddns.net/shares/anonymous/Presentation-Klakken: SSH-2.0-OpenSSH_6.6.1p1 Ubuntu-2ubuntu2.8: SFTP ver 3
2016-09-07 08:59:50: Incremental Analyze for On File Change
2016-09-07 08:59:50: -- Analysis Started by On File Change Incremental, Under Runner
2016-09-07 08:59:50: SyncKlakken: ANALYSIS started by On File Change Incremental, Under Runner on 'MacNMBU' (GoodSync 5.5.6.6)
2016-09-07 08:59:50: /Volumes/SSDRimalaya/rspace/Presentation-Klakken [TmpDest] <-> sftp://cloudrimalaya.ddns.net/shares/anonymous/Presentation-Klakken [TmpDest], SavePrevVers, CleanupPrevVers=30d, WaitForLocksMinutes=20, LinksCopy, ReconnectSecs=120, ChangeLimit=50, AutoClear
2016-09-07 08:59:50: Exclude Hidden, Exclude System, Exclude name *._gstmp|/System Volume Information|Thumbs.db|.DS_Store 
2016-09-07 08:59:50: Locking folder /Volumes/SSDRimalaya/rspace/Presentation-Klakken for write
2016-09-07 08:59:50: Change in: /Volumes/SSDRimalaya/rspace/Presentation-Klakken/.git/index.lock
2016-09-07 08:59:50: Change in: /Volumes/SSDRimalaya/rspace/Presentation-Klakken/.git/index.lock
2016-09-07 08:59:50: Change in: /Volumes/SSDRimalaya/rspace/Presentation-Klakken/.Rproj.user/shared/notebooks/.rstudio-lock-41c29-MacNMBU.local-92608-0x7fff7970d000
2016-09-07 08:59:50: Change in: /Volumes/SSDRimalaya/rspace/Presentation-Klakken/.Rproj.user/CA561311/sdb/s-B9CCC527/2EFE8958
2016-09-07 08:59:50: Change in: /Volumes/SSDRimalaya/rspace/Presentation-Klakken/.Rproj.user/CA561311/sdb/prop/5087E748
2016-09-07 08:59:50: Locking folder sftp://cloudrimalaya.ddns.net/shares/anonymous/Presentation-Klakken for write
2016-09-07 08:59:50: On disk file:// space required for sync is 0.0, you have 135.5 GB
2016-09-07 08:59:50: On disk sftp://cloudrimalaya.ddns.net space required for sync is 4.0 KB, free space is unknown
2016-09-07 08:59:50: Analyze has finished with Conflicts. Resolve Conflicts by selecting the correct sync direction, then click Sync
2016-09-07 08:59:50: Changes: 4, Conflicts: 3, CopyTime: 0, CopyState: 0/0, Errors: 0, All: 133
2016-09-07 08:59:50: Left to Right: Copy File: 1 
2016-09-07 08:59:50: -- Analysis Complete. Time 00:00:03, Speed: 12 files/s
2016-09-07 08:59:50: == Sync Started by On File Change Incremental, Under Runner
2016-09-07 08:59:50: SyncKlakken: SYNC started by On File Change Incremental, Under Runner on 'MacNMBU'
2016-09-07 08:59:50: /Volumes/SSDRimalaya/rspace/Presentation-Klakken [TmpDest] <-> sftp://cloudrimalaya.ddns.net/shares/anonymous/Presentation-Klakken [TmpDest], SavePrevVers, CleanupPrevVers=30d, WaitForLocksMinutes=20, LinksCopy, ReconnectSecs=120, ChangeLimit=50, AutoClear
2016-09-07 08:59:50: Fraction of files changed (excluding renames) is low enough to perform Auto Sync: 11% (4 / 36) < 50%
2016-09-07 08:59:50: /Volumes/SSDRimalaya/rspace/Presentation-Klakken/.Rproj.user/CA561311/sdb/s-B9CCC527/2EFE8958: Downloaded 3772 bytes, MORE than expected 3610 bytes
2016-09-07 08:59:51: Load Recycled DB: sftp://cloudrimalaya.ddns.net/shares/anonymous/Presentation-Klakken/_gsdata_/_recycled_db._gs
2016-09-07 08:59:51: /Volumes/SSDRimalaya/rspace/Presentation-Klakken/.Rproj.user/CA561311/sdb/s-B9CCC527/2EFE8958: Source file has changed during Sync from '[file] size=3610 accu-time=2016-09-07 08:59:45 attr=777' to 'size=3772 time=2016-09-07 08:59:50', will be retried
2016-09-07 08:59:51: Destination side file adjusted to '[file] size=3772 accu-time=2016-09-07 08:59:47 attr=777', to force retry
2016-09-07 08:59:51: Copy Over '/Volumes/SSDRimalaya/rspace/Presentation-Klakken/.Rproj.user/CA561311/sdb/s-B9CCC527/2EFE8958' -> 'sftp://cloudrimalaya.ddns.net/shares/anonymous/Presentation-Klakken/.Rproj.user/CA561311/sdb/s-B9CCC527/2EFE8958'
2016-09-07 08:59:51: /Main.pdf: unresolved conflict results in No Copy
2016-09-07 08:59:51: /Main.tex: unresolved conflict results in No Copy
2016-09-07 08:59:51: /Main.utf8.md: unresolved conflict results in No Copy
2016-09-07 08:59:51: Save State File /Volumes/SSDRimalaya/rspace/Presentation-Klakken/_gsdata_/_file_state_v4._gs
2016-09-07 08:59:51: Save State File sftp://cloudrimalaya.ddns.net/shares/anonymous/Presentation-Klakken/_gsdata_/_file_state_v4._gs
2016-09-07 08:59:51: Sync finished with 3 unresolved conflicts. Click Conflicts button to see unresolved conflicts
2016-09-07 08:59:51: Cleanup recycled files in /Volumes/SSDRimalaya/rspace/Presentation-Klakken/_gsdata_/_saved_
2016-09-07 08:59:51: Load Recycled DB: /Volumes/SSDRimalaya/rspace/Presentation-Klakken/_gsdata_/_recycled_db._gs
2016-09-07 08:59:51: Cleanup old logs in /Users/rajurim/.goodsync/_mirrors_/Volumes-SSDRimalaya-rspace-Presentation-Klakken
2016-09-07 08:59:51: Cleanup old logs in /Volumes/SSDRimalaya/rspace/Presentation-Klakken/_gsdata_
2016-09-07 08:59:52: Save Recycled DB: sftp://cloudrimalaya.ddns.net/shares/anonymous/Presentation-Klakken/_gsdata_/_recycled_db._gs
2016-09-07 08:59:52: == Sync Complete. Time: 00:00:02, Speed: 7.6 KB/s, OK: 1, Errors: 0, Conflicts: 3
2016-09-07 08:59:52: Change detected [0]: t=Created path=/.Rproj.user/shared/notebooks/.rstudio-lock-41c29-MacNMBU.local-92608-0x7fff7970d000
2016-09-07 08:59:52: Change detected [0]: t=Modified path=/.Rproj.user/CA561311/sdb/s-B9CCC527/2EFE8958
2016-09-07 08:59:52: Change detected [0]: t=Modified path=/.Rproj.user/CA561311/sdb/prop/5087E748
2016-09-07 08:59:52: Change detected [0]: t=Created path=/.git/index.lock
2016-09-07 08:59:53: --- Do one more Analyze to get latest changes of this Sync ---
2016-09-07 08:59:53: -- Analysis Started by On File Change PostSync Re-Analyze, Under Runner
2016-09-07 08:59:53: SyncKlakken: ANALYSIS started by On File Change PostSync Re-Analyze, Under Runner on 'MacNMBU' (GoodSync 5.5.6.6)
2016-09-07 08:59:53: /Volumes/SSDRimalaya/rspace/Presentation-Klakken [TmpDest] <-> sftp://cloudrimalaya.ddns.net/shares/anonymous/Presentation-Klakken [TmpDest], SavePrevVers, CleanupPrevVers=30d, WaitForLocksMinutes=20, LinksCopy, ReconnectSecs=120, ChangeLimit=50, AutoClear
2016-09-07 08:59:53: Exclude Hidden, Exclude System, Exclude name *._gstmp|/System Volume Information|Thumbs.db|.DS_Store 
2016-09-07 08:59:53: Change in: /Volumes/SSDRimalaya/rspace/Presentation-Klakken/.Rproj.user/shared/notebooks/.rstudio-lock-41c29-MacNMBU.local-92608-0x7fff7970d000
2016-09-07 08:59:53: Change in: /Volumes/SSDRimalaya/rspace/Presentation-Klakken/.Rproj.user/CA561311/sdb/s-B9CCC527/2EFE8958
2016-09-07 08:59:53: Change in: /Volumes/SSDRimalaya/rspace/Presentation-Klakken/.Rproj.user/CA561311/sdb/prop/5087E748
2016-09-07 08:59:53: Change in: /Volumes/SSDRimalaya/rspace/Presentation-Klakken/.git/index.lock
2016-09-07 08:59:53: On disk file:// space required for sync is 0.0, you have 135.5 GB
2016-09-07 08:59:53: On disk sftp://cloudrimalaya.ddns.net space required for sync is 4.0 KB, free space is unknown
2016-09-07 08:59:53: Analyze has finished with Conflicts. Resolve Conflicts by selecting the correct sync direction, then click Sync
2016-09-07 08:59:53: Changes: 4, Conflicts: 3, CopyTime: 0, CopyState: 0/0, Errors: 0, All: 133
2016-09-07 08:59:53: Left to Right: Copy File: 1 
2016-09-07 08:59:53: -- Analysis Complete. Time 00:00:03, Speed: 12 files/s
2016-09-07 08:59:53: == Sync Started by On File Change PostSync Re-Analyze, Under Runner
2016-09-07 08:59:53: SyncKlakken: SYNC started by On File Change PostSync Re-Analyze, Under Runner on 'MacNMBU'
2016-09-07 08:59:53: /Volumes/SSDRimalaya/rspace/Presentation-Klakken [TmpDest] <-> sftp://cloudrimalaya.ddns.net/shares/anonymous/Presentation-Klakken [TmpDest], SavePrevVers, CleanupPrevVers=30d, WaitForLocksMinutes=20, LinksCopy, ReconnectSecs=120, ChangeLimit=50, AutoClear
2016-09-07 08:59:53: Fraction of files changed (excluding renames) is low enough to perform Auto Sync: 11% (4 / 36) < 50%
2016-09-07 08:59:53: Change detected [0]: t=Created path=/.git/index.lock
2016-09-07 08:59:53: Load Recycled DB: sftp://cloudrimalaya.ddns.net/shares/anonymous/Presentation-Klakken/_gsdata_/_recycled_db._gs
2016-09-07 08:59:53: Copy Over '/Volumes/SSDRimalaya/rspace/Presentation-Klakken/.Rproj.user/CA561311/sdb/s-B9CCC527/2EFE8958' -> 'sftp://cloudrimalaya.ddns.net/shares/anonymous/Presentation-Klakken/.Rproj.user/CA561311/sdb/s-B9CCC527/2EFE8958'
2016-09-07 08:59:53: /Main.pdf: unresolved conflict results in No Copy
2016-09-07 08:59:53: /Main.tex: unresolved conflict results in No Copy
2016-09-07 08:59:53: /Main.utf8.md: unresolved conflict results in No Copy
2016-09-07 08:59:53: Save State File /Volumes/SSDRimalaya/rspace/Presentation-Klakken/_gsdata_/_file_state_v4._gs
2016-09-07 08:59:54: Save State File sftp://cloudrimalaya.ddns.net/shares/anonymous/Presentation-Klakken/_gsdata_/_file_state_v4._gs
2016-09-07 08:59:54: Sync finished with 3 unresolved conflicts. Click Conflicts button to see unresolved conflicts
2016-09-07 08:59:54: Cleanup recycled files in /Volumes/SSDRimalaya/rspace/Presentation-Klakken/_gsdata_/_saved_
2016-09-07 08:59:54: Load Recycled DB: /Volumes/SSDRimalaya/rspace/Presentation-Klakken/_gsdata_/_recycled_db._gs
2016-09-07 08:59:54: Cleanup old logs in /Users/rajurim/.goodsync/_mirrors_/Volumes-SSDRimalaya-rspace-Presentation-Klakken
2016-09-07 08:59:54: Cleanup old logs in /Volumes/SSDRimalaya/rspace/Presentation-Klakken/_gsdata_
2016-09-07 08:59:54: Save Recycled DB: sftp://cloudrimalaya.ddns.net/shares/anonymous/Presentation-Klakken/_gsdata_/_recycled_db._gs
2016-09-07 08:59:54: == Sync Complete. Time: 00:00:01, Speed: 0.0/s, OK: 1, Errors: 0, Conflicts: 3
2016-09-07 08:59:54: Deleted lock file /Volumes/SSDRimalaya/rspace/Presentation-Klakken/_gsdata_/lock.gsl
2016-09-07 08:59:54: Deleted lock file sftp://cloudrimalaya.ddns.net/shares/anonymous/Presentation-Klakken/_gsdata_/lock.gsl
2016-09-07 08:59:54: 
