2016-09-08 09:10:03: Change detected [0]: t=Created path=/.git/index.lock
2016-09-08 09:10:03: Change detected [0]: t=Modified path=/Main_files/figure-beamer/unnamed-chunk-4-1.pdf
2016-09-08 09:10:03: Change detected [0]: t=Created path=/tmp-pdfcrop-78272.tex
2016-09-08 09:10:03: Connected to: /Volumes/SSDRimalaya/rspace/Presentation-Klakken: fs=EXFAT dev=/dev/disk2s1 mount=/Volumes/SSDRimalaya: hfs=0 fat=0 netshare=0
2016-09-08 09:10:04: Change detected [0]: t=Created path=/tmp-pdfcrop-78272.pdf
2016-09-08 09:10:04: Change detected [0]: t=Created path=/tmp-pdfcrop-78272.tex
2016-09-08 09:10:04: Change detected [0]: t=Created path=/tmp-pdfcrop-78272.log
2016-09-08 09:10:04: Change detected [0]: t=MovedTo path=/Main_files/figure-beamer/unnamed-chunk-4-1.pdf
2016-09-08 09:10:04: Change detected [0]: t=Created path=/.git/index.lock
2016-09-08 09:10:04: Change detected [0]: t=Created path=/tmp-pdfcrop-78283.pdf
2016-09-08 09:10:04: Change detected [0]: t=Created path=/tmp-pdfcrop-78283.tex
2016-09-08 09:10:04: Change detected [0]: t=Created path=/tmp-pdfcrop-78283.log
2016-09-08 09:10:04: Change detected [0]: t=MovedTo path=/Main_files/figure-beamer/unnamed-chunk-5-1.pdf
2016-09-08 09:10:05: Connected to: sftp://cloudrimalaya.ddns.net/shares/anonymous/Presentation-Klakken: SSH-2.0-OpenSSH_6.6.1p1 Ubuntu-2ubuntu2.8: SFTP ver 3
2016-09-08 09:10:05: Incremental Analyze for On File Change
2016-09-08 09:10:05: -- Analysis Started by On File Change Incremental, Under Runner
2016-09-08 09:10:05: SyncKlakken: ANALYSIS started by On File Change Incremental, Under Runner on 'MacNMBU' (GoodSync 5.5.6.6)
2016-09-08 09:10:05: /Volumes/SSDRimalaya/rspace/Presentation-Klakken [TmpDest] <-> sftp://cloudrimalaya.ddns.net/shares/anonymous/Presentation-Klakken [TmpDest], CreateFolderIfNotFound, SavePrevVers, CleanupPrevVers=30d, WaitForLocksMinutes=20, LinksCopy, ReconnectSecs=120, ResolveConflicts=NewerFileWins, ChangeLimit=50, AutoClear
2016-09-08 09:10:05: Exclude Hidden, Exclude System, Exclude name *._gstmp|/System Volume Information|Thumbs.db|.DS_Store 
2016-09-08 09:10:05: Locking folder /Volumes/SSDRimalaya/rspace/Presentation-Klakken for write
2016-09-08 09:10:05: Change in: /Volumes/SSDRimalaya/rspace/Presentation-Klakken/.git/index.lock
2016-09-08 09:10:05: Change in: /Volumes/SSDRimalaya/rspace/Presentation-Klakken/.git/index.lock
2016-09-08 09:10:05: Change in: /Volumes/SSDRimalaya/rspace/Presentation-Klakken/.git/index.lock
2016-09-08 09:10:05: Change in: /Volumes/SSDRimalaya/rspace/Presentation-Klakken/Main.Rmd
2016-09-08 09:10:05: Change in: /Volumes/SSDRimalaya/rspace/Presentation-Klakken/.Rproj.user/shared/notebooks/.rstudio-lock-41c29-MacNMBU.local-65264-0x7fff7970d000
2016-09-08 09:10:05: Change in: /Volumes/SSDRimalaya/rspace/Presentation-Klakken/.Rproj.user/shared/notebooks/-Main/1/s/chunks.json
2016-09-08 09:10:05: Change in: /Volumes/SSDRimalaya/rspace/Presentation-Klakken/.Rproj.user/CA561311/sdb/s-B9D3BF3E/2EFE8958
2016-09-08 09:10:05: Change in: /Volumes/SSDRimalaya/rspace/Presentation-Klakken/.Rproj.user/CA561311/sdb/prop/5087E748
2016-09-08 09:10:05: Change in: /Volumes/SSDRimalaya/rspace/Presentation-Klakken/.git/index.lock
2016-09-08 09:10:05: Change in: /Volumes/SSDRimalaya/rspace/Presentation-Klakken/Main_files/figure-beamer/unnamed-chunk-4-1.pdf
2016-09-08 09:10:05: Change in: /Volumes/SSDRimalaya/rspace/Presentation-Klakken/tmp-pdfcrop-78272.tex
2016-09-08 09:10:05: Change in: /Volumes/SSDRimalaya/rspace/Presentation-Klakken/.Rproj.user/shared/notebooks/-Main/1/s/c48rdv2lvev5z/000006.csv
2016-09-08 09:10:05: Change in: /Volumes/SSDRimalaya/rspace/Presentation-Klakken/.Rproj.user/shared/notebooks/-Main/1/s/c4wqlipvx6vyr/000002.csv
2016-09-08 09:10:05: Change in: /Volumes/SSDRimalaya/rspace/Presentation-Klakken/.Rproj.user/shared/notebooks/-Main/1/s/chunks.json
2016-09-08 09:10:05: Change in: /Volumes/SSDRimalaya/rspace/Presentation-Klakken/.Rproj.user/shared/notebooks/-Main/1/s/cpfgn2wl3w1ui/000002.csv
2016-09-08 09:10:05: Change in: /Volumes/SSDRimalaya/rspace/Presentation-Klakken/.Rproj.user/shared/notebooks/-Main/1/s/cpfgn2wl3w1ui/000003.error
2016-09-08 09:10:05: Change in: /Volumes/SSDRimalaya/rspace/Presentation-Klakken/.Rproj.user/shared/notebooks/-Main/1/s/cr312rv4byipm/000002.png
2016-09-08 09:10:05: Change in: /Volumes/SSDRimalaya/rspace/Presentation-Klakken/.Rproj.user/shared/notebooks/-Main/1/s/cr312rv4byipm/000002.snapshot
2016-09-08 09:10:05: Change in: /Volumes/SSDRimalaya/rspace/Presentation-Klakken/.Rproj.user/shared/notebooks/-Main/1/s/csetup_chunk/000002.csv
2016-09-08 09:10:05: Locking folder sftp://cloudrimalaya.ddns.net/shares/anonymous/Presentation-Klakken for write
2016-09-08 09:10:05: Change detected [0]: t=Modified path=/Main_files/figure-beamer/unnamed-chunk-6-1.pdf
2016-09-08 09:10:05: Change detected [0]: t=Created path=/.git/index.lock
2016-09-08 09:10:05: Change detected [0]: t=Created path=/tmp-pdfcrop-78288.tex
2016-09-08 09:10:05: Change in: sftp://cloudrimalaya.ddns.net/shares/anonymous/Presentation-Klakken/.Rproj.user/shared/notebooks/-Main/1/s/c48rdv2lvev5z/000006.csv
2016-09-08 09:10:05: Change in: sftp://cloudrimalaya.ddns.net/shares/anonymous/Presentation-Klakken/.Rproj.user/shared/notebooks/-Main/1/s/c4wqlipvx6vyr/000002.csv
2016-09-08 09:10:05: Change in: sftp://cloudrimalaya.ddns.net/shares/anonymous/Presentation-Klakken/.Rproj.user/shared/notebooks/-Main/1/s/chunks.json
2016-09-08 09:10:05: Change in: sftp://cloudrimalaya.ddns.net/shares/anonymous/Presentation-Klakken/.Rproj.user/shared/notebooks/-Main/1/s/cpfgn2wl3w1ui/000002.csv
2016-09-08 09:10:05: Change in: sftp://cloudrimalaya.ddns.net/shares/anonymous/Presentation-Klakken/.Rproj.user/shared/notebooks/-Main/1/s/cpfgn2wl3w1ui/000003.error
2016-09-08 09:10:05: Change in: sftp://cloudrimalaya.ddns.net/shares/anonymous/Presentation-Klakken/.Rproj.user/shared/notebooks/-Main/1/s/cr312rv4byipm/000002.png
2016-09-08 09:10:05: Change in: sftp://cloudrimalaya.ddns.net/shares/anonymous/Presentation-Klakken/.Rproj.user/shared/notebooks/-Main/1/s/cr312rv4byipm/000002.snapshot
2016-09-08 09:10:05: Change in: sftp://cloudrimalaya.ddns.net/shares/anonymous/Presentation-Klakken/.Rproj.user/shared/notebooks/-Main/1/s/csetup_chunk/000002.csv
2016-09-08 09:10:05: On disk file:// space required for sync is 0.0, you have 134.8 GB
2016-09-08 09:10:05: On disk sftp://cloudrimalaya.ddns.net space required for sync is 4.3 MB, free space is unknown
2016-09-08 09:10:05: Changes: 10, Conflicts: 0, CopyTime: 0, CopyState: 0/0, Errors: 0, All: 261
2016-09-08 09:10:05: Left to Right: Copy File: 10 
2016-09-08 09:10:05: -- Analysis Complete. Time 00:00:03, Speed: 17 files/s
2016-09-08 09:10:05: == Sync Started by On File Change Incremental, Under Runner
2016-09-08 09:10:05: SyncKlakken: SYNC started by On File Change Incremental, Under Runner on 'MacNMBU'
2016-09-08 09:10:05: /Volumes/SSDRimalaya/rspace/Presentation-Klakken [TmpDest] <-> sftp://cloudrimalaya.ddns.net/shares/anonymous/Presentation-Klakken [TmpDest], CreateFolderIfNotFound, SavePrevVers, CleanupPrevVers=30d, WaitForLocksMinutes=20, LinksCopy, ReconnectSecs=120, ResolveConflicts=NewerFileWins, ChangeLimit=50, AutoClear
2016-09-08 09:10:05: Fraction of files changed (excluding renames) is low enough to perform Auto Sync: 19% (10 / 52) < 50%
2016-09-08 09:10:05: Load Recycled DB: sftp://cloudrimalaya.ddns.net/shares/anonymous/Presentation-Klakken/_gsdata_/_recycled_db._gs
2016-09-08 09:10:05: Copy Over '/Volumes/SSDRimalaya/rspace/Presentation-Klakken/Main.Rmd' -> 'sftp://cloudrimalaya.ddns.net/shares/anonymous/Presentation-Klakken/Main.Rmd'
2016-09-08 09:10:06: Copy Over '/Volumes/SSDRimalaya/rspace/Presentation-Klakken/Main_files/figure-beamer/unnamed-chunk-4-1.pdf' -> 'sftp://cloudrimalaya.ddns.net/shares/anonymous/Presentation-Klakken/Main_files/figure-beamer/unnamed-chunk-4-1.pdf'
2016-09-08 09:10:06: Save State File /Volumes/SSDRimalaya/rspace/Presentation-Klakken/_gsdata_/_file_state_v4._gs
2016-09-08 09:10:06: Save State File sftp://cloudrimalaya.ddns.net/shares/anonymous/Presentation-Klakken/_gsdata_/_file_state_v4._gs
2016-09-08 09:10:06: Cleanup recycled files in /Volumes/SSDRimalaya/rspace/Presentation-Klakken/_gsdata_/_saved_
2016-09-08 09:10:06: Load Recycled DB: /Volumes/SSDRimalaya/rspace/Presentation-Klakken/_gsdata_/_recycled_db._gs
2016-09-08 09:10:06: Cleanup old logs in /Users/rajurim/.goodsync/_mirrors_/Volumes-SSDRimalaya-rspace-Presentation-Klakken
2016-09-08 09:10:06: Change detected [0]: t=Created path=/tmp-pdfcrop-78288.pdf
2016-09-08 09:10:06: Change detected [0]: t=Created path=/tmp-pdfcrop-78288.tex
2016-09-08 09:10:06: Change detected [0]: t=Created path=/tmp-pdfcrop-78288.log
2016-09-08 09:10:06: Change detected [0]: t=MovedTo path=/Main_files/figure-beamer/unnamed-chunk-6-1.pdf
2016-09-08 09:10:06: Change detected [0]: t=Created path=/tmp-pdfcrop-78298.pdf
2016-09-08 09:10:06: Change detected [0]: t=Created path=/tmp-pdfcrop-78298.tex
2016-09-08 09:10:06: Change detected [0]: t=Created path=/tmp-pdfcrop-78298.log
2016-09-08 09:10:06: Change detected [0]: t=MovedTo path=/Main_files/figure-beamer/unnamed-chunk-7-1.pdf
2016-09-08 09:10:06: Cleanup old logs in /Volumes/SSDRimalaya/rspace/Presentation-Klakken/_gsdata_
2016-09-08 09:10:06: Save Recycled DB: sftp://cloudrimalaya.ddns.net/shares/anonymous/Presentation-Klakken/_gsdata_/_recycled_db._gs
2016-09-08 09:10:06: == Sync Complete. Time: 00:00:01, Speed: 27.7 KB/s, OK: 2, Errors: 0
2016-09-08 09:10:07: Change detected [0]: t=Created path=/.git/index.lock
2016-09-08 09:10:07: Change detected [0]: t=Modified path=/Main_files/figure-beamer/unnamed-chunk-8-1.pdf
2016-09-08 09:10:07: Change detected [0]: t=Created path=/tmp-pdfcrop-78316.pdf
2016-09-08 09:10:07: Change detected [0]: t=Created path=/tmp-pdfcrop-78316.tex
2016-09-08 09:10:07: Change detected [0]: t=Created path=/tmp-pdfcrop-78316.log
2016-09-08 09:10:07: Change detected [0]: t=Created path=/Main.knit.md
2016-09-08 09:10:07: Change detected [0]: t=Created path=/Main.utf8.md
2016-09-08 09:10:07: --- Do one more Analyze to get latest changes of this Sync ---
2016-09-08 09:10:07: -- Analysis Started by On File Change PostSync Re-Analyze, Under Runner
2016-09-08 09:10:07: SyncKlakken: ANALYSIS started by On File Change PostSync Re-Analyze, Under Runner on 'MacNMBU' (GoodSync 5.5.6.6)
2016-09-08 09:10:07: /Volumes/SSDRimalaya/rspace/Presentation-Klakken [TmpDest] <-> sftp://cloudrimalaya.ddns.net/shares/anonymous/Presentation-Klakken [TmpDest], CreateFolderIfNotFound, SavePrevVers, CleanupPrevVers=30d, WaitForLocksMinutes=20, LinksCopy, ReconnectSecs=120, ResolveConflicts=NewerFileWins, ChangeLimit=50, AutoClear
2016-09-08 09:10:07: Exclude Hidden, Exclude System, Exclude name *._gstmp|/System Volume Information|Thumbs.db|.DS_Store 
2016-09-08 09:10:07: Change in: /Volumes/SSDRimalaya/rspace/Presentation-Klakken/tmp-pdfcrop-78272.pdf
2016-09-08 09:10:07: Change in: /Volumes/SSDRimalaya/rspace/Presentation-Klakken/tmp-pdfcrop-78272.tex
2016-09-08 09:10:07: Change in: /Volumes/SSDRimalaya/rspace/Presentation-Klakken/tmp-pdfcrop-78272.log
2016-09-08 09:10:07: Change in: /Volumes/SSDRimalaya/rspace/Presentation-Klakken/Main_files/figure-beamer/unnamed-chunk-4-1.pdf
2016-09-08 09:10:07: Change in: /Volumes/SSDRimalaya/rspace/Presentation-Klakken/.git/index.lock
2016-09-08 09:10:07: Change in: /Volumes/SSDRimalaya/rspace/Presentation-Klakken/tmp-pdfcrop-78283.pdf
2016-09-08 09:10:07: Change in: /Volumes/SSDRimalaya/rspace/Presentation-Klakken/tmp-pdfcrop-78283.tex
2016-09-08 09:10:07: Change in: /Volumes/SSDRimalaya/rspace/Presentation-Klakken/tmp-pdfcrop-78283.log
2016-09-08 09:10:07: Change in: /Volumes/SSDRimalaya/rspace/Presentation-Klakken/Main_files/figure-beamer/unnamed-chunk-5-1.pdf
2016-09-08 09:10:07: Change in: /Volumes/SSDRimalaya/rspace/Presentation-Klakken/Main_files/figure-beamer/unnamed-chunk-6-1.pdf
2016-09-08 09:10:07: Change in: /Volumes/SSDRimalaya/rspace/Presentation-Klakken/.git/index.lock
2016-09-08 09:10:07: Change in: /Volumes/SSDRimalaya/rspace/Presentation-Klakken/tmp-pdfcrop-78288.tex
2016-09-08 09:10:07: Change in: /Volumes/SSDRimalaya/rspace/Presentation-Klakken/tmp-pdfcrop-78288.pdf
2016-09-08 09:10:07: Change in: /Volumes/SSDRimalaya/rspace/Presentation-Klakken/tmp-pdfcrop-78288.tex
2016-09-08 09:10:07: Change in: /Volumes/SSDRimalaya/rspace/Presentation-Klakken/tmp-pdfcrop-78288.log
2016-09-08 09:10:07: Change in: /Volumes/SSDRimalaya/rspace/Presentation-Klakken/Main_files/figure-beamer/unnamed-chunk-6-1.pdf
2016-09-08 09:10:07: Change in: /Volumes/SSDRimalaya/rspace/Presentation-Klakken/tmp-pdfcrop-78298.pdf
2016-09-08 09:10:07: Change in: /Volumes/SSDRimalaya/rspace/Presentation-Klakken/tmp-pdfcrop-78298.tex
2016-09-08 09:10:07: Change in: /Volumes/SSDRimalaya/rspace/Presentation-Klakken/tmp-pdfcrop-78298.log
2016-09-08 09:10:07: Change in: /Volumes/SSDRimalaya/rspace/Presentation-Klakken/Main_files/figure-beamer/unnamed-chunk-7-1.pdf
2016-09-08 09:10:07: Change in: /Volumes/SSDRimalaya/rspace/Presentation-Klakken/.git/index.lock
2016-09-08 09:10:07: Change in: /Volumes/SSDRimalaya/rspace/Presentation-Klakken/Main_files/figure-beamer/unnamed-chunk-8-1.pdf
2016-09-08 09:10:07: Change in: /Volumes/SSDRimalaya/rspace/Presentation-Klakken/tmp-pdfcrop-78316.pdf
2016-09-08 09:10:07: Change in: /Volumes/SSDRimalaya/rspace/Presentation-Klakken/tmp-pdfcrop-78316.tex
2016-09-08 09:10:07: Change in: /Volumes/SSDRimalaya/rspace/Presentation-Klakken/tmp-pdfcrop-78316.log
2016-09-08 09:10:07: Change in: /Volumes/SSDRimalaya/rspace/Presentation-Klakken/Main.knit.md
2016-09-08 09:10:07: Change in: /Volumes/SSDRimalaya/rspace/Presentation-Klakken/Main.utf8.md
2016-09-08 09:10:07: Change in: /Volumes/SSDRimalaya/rspace/Presentation-Klakken/.Rproj.user/shared/notebooks/-Main/1/s/c48rdv2lvev5z/000006.csv
2016-09-08 09:10:07: Change in: /Volumes/SSDRimalaya/rspace/Presentation-Klakken/.Rproj.user/shared/notebooks/-Main/1/s/c4wqlipvx6vyr/000002.csv
2016-09-08 09:10:07: Change in: /Volumes/SSDRimalaya/rspace/Presentation-Klakken/.Rproj.user/shared/notebooks/-Main/1/s/chunks.json
2016-09-08 09:10:07: Change in: /Volumes/SSDRimalaya/rspace/Presentation-Klakken/.Rproj.user/shared/notebooks/-Main/1/s/cpfgn2wl3w1ui/000002.csv
2016-09-08 09:10:07: Change in: /Volumes/SSDRimalaya/rspace/Presentation-Klakken/.Rproj.user/shared/notebooks/-Main/1/s/cpfgn2wl3w1ui/000003.error
2016-09-08 09:10:07: Change in: /Volumes/SSDRimalaya/rspace/Presentation-Klakken/.Rproj.user/shared/notebooks/-Main/1/s/cr312rv4byipm/000002.png
2016-09-08 09:10:07: Change in: /Volumes/SSDRimalaya/rspace/Presentation-Klakken/.Rproj.user/shared/notebooks/-Main/1/s/cr312rv4byipm/000002.snapshot
2016-09-08 09:10:07: Change in: /Volumes/SSDRimalaya/rspace/Presentation-Klakken/.Rproj.user/shared/notebooks/-Main/1/s/csetup_chunk/000002.csv
2016-09-08 09:10:07: Change in: sftp://cloudrimalaya.ddns.net/shares/anonymous/Presentation-Klakken/.Rproj.user/shared/notebooks/-Main/1/s/c48rdv2lvev5z/000006.csv
2016-09-08 09:10:07: Change in: sftp://cloudrimalaya.ddns.net/shares/anonymous/Presentation-Klakken/.Rproj.user/shared/notebooks/-Main/1/s/c4wqlipvx6vyr/000002.csv
2016-09-08 09:10:07: Change in: sftp://cloudrimalaya.ddns.net/shares/anonymous/Presentation-Klakken/.Rproj.user/shared/notebooks/-Main/1/s/chunks.json
2016-09-08 09:10:07: Change in: sftp://cloudrimalaya.ddns.net/shares/anonymous/Presentation-Klakken/.Rproj.user/shared/notebooks/-Main/1/s/cpfgn2wl3w1ui/000002.csv
2016-09-08 09:10:07: Change in: sftp://cloudrimalaya.ddns.net/shares/anonymous/Presentation-Klakken/.Rproj.user/shared/notebooks/-Main/1/s/cpfgn2wl3w1ui/000003.error
2016-09-08 09:10:07: Change in: sftp://cloudrimalaya.ddns.net/shares/anonymous/Presentation-Klakken/.Rproj.user/shared/notebooks/-Main/1/s/cr312rv4byipm/000002.png
2016-09-08 09:10:07: Change in: sftp://cloudrimalaya.ddns.net/shares/anonymous/Presentation-Klakken/.Rproj.user/shared/notebooks/-Main/1/s/cr312rv4byipm/000002.snapshot
2016-09-08 09:10:07: Change in: sftp://cloudrimalaya.ddns.net/shares/anonymous/Presentation-Klakken/.Rproj.user/shared/notebooks/-Main/1/s/csetup_chunk/000002.csv
2016-09-08 09:10:07: On disk file:// space required for sync is 0.0, you have 134.8 GB
2016-09-08 09:10:07: On disk sftp://cloudrimalaya.ddns.net space required for sync is 4.3 MB, free space is unknown
2016-09-08 09:10:07: Changes: 14, Conflicts: 0, CopyTime: 0, CopyState: 0/0, Errors: 0, All: 261
2016-09-08 09:10:07: Left to Right: Copy File: 14 
2016-09-08 09:10:07: -- Analysis Complete. Time 00:00:02, Speed: 27 files/s
2016-09-08 09:10:07: == Sync Started by On File Change PostSync Re-Analyze, Under Runner
2016-09-08 09:10:07: SyncKlakken: SYNC started by On File Change PostSync Re-Analyze, Under Runner on 'MacNMBU'
2016-09-08 09:10:07: /Volumes/SSDRimalaya/rspace/Presentation-Klakken [TmpDest] <-> sftp://cloudrimalaya.ddns.net/shares/anonymous/Presentation-Klakken [TmpDest], CreateFolderIfNotFound, SavePrevVers, CleanupPrevVers=30d, WaitForLocksMinutes=20, LinksCopy, ReconnectSecs=120, ResolveConflicts=NewerFileWins, ChangeLimit=50, AutoClear
2016-09-08 09:10:07: Fraction of files changed (excluding renames) is low enough to perform Auto Sync: 25% (14 / 54) < 50%
2016-09-08 09:10:07: Copy New '/Volumes/SSDRimalaya/rspace/Presentation-Klakken/Main.knit.md' -> 'sftp://cloudrimalaya.ddns.net/shares/anonymous/Presentation-Klakken/Main.knit.md'
2016-09-08 09:10:08: Copy New '/Volumes/SSDRimalaya/rspace/Presentation-Klakken/Main.utf8.md' -> 'sftp://cloudrimalaya.ddns.net/shares/anonymous/Presentation-Klakken/Main.utf8.md'
2016-09-08 09:10:08: Change detected [0]: t=Created path=/.git/index.lock
2016-09-08 09:10:08: Load Recycled DB: sftp://cloudrimalaya.ddns.net/shares/anonymous/Presentation-Klakken/_gsdata_/_recycled_db._gs
2016-09-08 09:10:08: Copy Over '/Volumes/SSDRimalaya/rspace/Presentation-Klakken/Main_files/figure-beamer/unnamed-chunk-5-1.pdf' -> 'sftp://cloudrimalaya.ddns.net/shares/anonymous/Presentation-Klakken/Main_files/figure-beamer/unnamed-chunk-5-1.pdf'
2016-09-08 09:10:08: Copy Over '/Volumes/SSDRimalaya/rspace/Presentation-Klakken/Main_files/figure-beamer/unnamed-chunk-6-1.pdf' -> 'sftp://cloudrimalaya.ddns.net/shares/anonymous/Presentation-Klakken/Main_files/figure-beamer/unnamed-chunk-6-1.pdf'
2016-09-08 09:10:08: Copy Over '/Volumes/SSDRimalaya/rspace/Presentation-Klakken/Main_files/figure-beamer/unnamed-chunk-7-1.pdf' -> 'sftp://cloudrimalaya.ddns.net/shares/anonymous/Presentation-Klakken/Main_files/figure-beamer/unnamed-chunk-7-1.pdf'
2016-09-08 09:10:09: Copy Over '/Volumes/SSDRimalaya/rspace/Presentation-Klakken/Main_files/figure-beamer/unnamed-chunk-8-1.pdf' -> 'sftp://cloudrimalaya.ddns.net/shares/anonymous/Presentation-Klakken/Main_files/figure-beamer/unnamed-chunk-8-1.pdf'
2016-09-08 09:10:09: Save State File /Volumes/SSDRimalaya/rspace/Presentation-Klakken/_gsdata_/_file_state_v4._gs
2016-09-08 09:10:09: Save State File sftp://cloudrimalaya.ddns.net/shares/anonymous/Presentation-Klakken/_gsdata_/_file_state_v4._gs
2016-09-08 09:10:09: Cleanup recycled files in /Volumes/SSDRimalaya/rspace/Presentation-Klakken/_gsdata_/_saved_
2016-09-08 09:10:09: Load Recycled DB: /Volumes/SSDRimalaya/rspace/Presentation-Klakken/_gsdata_/_recycled_db._gs
2016-09-08 09:10:09: Cleanup old logs in /Users/rajurim/.goodsync/_mirrors_/Volumes-SSDRimalaya-rspace-Presentation-Klakken
2016-09-08 09:10:09: Cleanup old logs in /Volumes/SSDRimalaya/rspace/Presentation-Klakken/_gsdata_
2016-09-08 09:10:09: Save Recycled DB: sftp://cloudrimalaya.ddns.net/shares/anonymous/Presentation-Klakken/_gsdata_/_recycled_db._gs
2016-09-08 09:10:09: == Sync Complete. Time: 00:00:02, Speed: 43.6 KB/s, OK: 6, Errors: 0
2016-09-08 09:10:09: Unlocking folder /Volumes/SSDRimalaya/rspace/Presentation-Klakken/_gsdata_/lock.gsl
2016-09-08 09:10:09: Unlocking folder sftp://cloudrimalaya.ddns.net/shares/anonymous/Presentation-Klakken/_gsdata_/lock.gsl
2016-09-08 09:10:09: 
