2016-09-08 08:04:30: Change detected [0]: t=Created path=/.git/index.lock
2016-09-08 08:04:30: Change detected [0]: t=Created path=/.Rproj.user/shared/notebooks/.rstudio-lock-41c29-MacNMBU.local-65264-0x7fff7970d000
2016-09-08 08:04:30: Change detected [0]: t=Modified path=/.Rproj.user/shared/notebooks/-Main/1/CA561311/chunks.json
2016-09-08 08:04:30: Change detected [0]: t=Modified path=/.Rproj.user/CA561311/sdb/s-B9D3BF3E/2EFE8958
2016-09-08 08:04:30: Change detected [0]: t=Modified path=/.Rproj.user/CA561311/sdb/prop/5087E748
2016-09-08 08:04:30: Connected to: /Volumes/SSDRimalaya/rspace/Presentation-Klakken: fs=EXFAT dev=/dev/disk2s1 mount=/Volumes/SSDRimalaya: hfs=0 fat=0 netshare=0
2016-09-08 08:04:31: Connected to: sftp://cloudrimalaya.ddns.net/shares/anonymous/Presentation-Klakken: SSH-2.0-OpenSSH_6.6.1p1 Ubuntu-2ubuntu2.8: SFTP ver 3
2016-09-08 08:04:31: Incremental Analyze for On File Change
2016-09-08 08:04:32: -- Analysis Started by On File Change Incremental, Under Runner
2016-09-08 08:04:32: SyncKlakken: ANALYSIS started by On File Change Incremental, Under Runner on 'MacNMBU' (GoodSync 5.5.6.6)
2016-09-08 08:04:32: /Volumes/SSDRimalaya/rspace/Presentation-Klakken [TmpDest] <-> sftp://cloudrimalaya.ddns.net/shares/anonymous/Presentation-Klakken [TmpDest], CreateFolderIfNotFound, SavePrevVers, CleanupPrevVers=30d, WaitForLocksMinutes=20, LinksCopy, ReconnectSecs=120, ResolveConflicts=NewerFileWins, ChangeLimit=50, AutoClear
2016-09-08 08:04:32: Exclude Hidden, Exclude System, Exclude name *._gstmp|/System Volume Information|Thumbs.db|.DS_Store 
2016-09-08 08:04:32: Locking folder /Volumes/SSDRimalaya/rspace/Presentation-Klakken for write
2016-09-08 08:04:32: Change in: /Volumes/SSDRimalaya/rspace/Presentation-Klakken/.git/index.lock
2016-09-08 08:04:32: Change in: /Volumes/SSDRimalaya/rspace/Presentation-Klakken/.Rproj.user/shared/notebooks/-Main/1/CA561311/c4wqlipvx6vyr_t
2016-09-08 08:04:32: Change in: /Volumes/SSDRimalaya/rspace/Presentation-Klakken/.Rproj.user/shared/notebooks/-Main/1/CA561311/c4wqlipvx6vyr
2016-09-08 08:04:32: Change in: /Volumes/SSDRimalaya/rspace/Presentation-Klakken/.Rproj.user/shared/notebooks/.rstudio-lock-41c29-MacNMBU.local-65264-0x7fff7970d000
2016-09-08 08:04:32: Change in: /Volumes/SSDRimalaya/rspace/Presentation-Klakken/.Rproj.user/shared/notebooks/-Main/1/CA561311/c4wqlipvx6vyr/000002.csv
2016-09-08 08:04:32: Change in: /Volumes/SSDRimalaya/rspace/Presentation-Klakken/.git/index.lock
2016-09-08 08:04:32: Change in: /Volumes/SSDRimalaya/rspace/Presentation-Klakken/.git/index.lock
2016-09-08 08:04:32: Change in: /Volumes/SSDRimalaya/rspace/Presentation-Klakken/.Rproj.user/shared/notebooks/.rstudio-lock-41c29-MacNMBU.local-65264-0x7fff7970d000
2016-09-08 08:04:32: Change in: /Volumes/SSDRimalaya/rspace/Presentation-Klakken/.Rproj.user/shared/notebooks/-Main/1/CA561311/chunks.json
2016-09-08 08:04:32: Change in: /Volumes/SSDRimalaya/rspace/Presentation-Klakken/.Rproj.user/CA561311/sdb/s-B9D3BF3E/2EFE8958
2016-09-08 08:04:32: Change in: /Volumes/SSDRimalaya/rspace/Presentation-Klakken/.Rproj.user/CA561311/sdb/prop/5087E748
2016-09-08 08:04:32: Change in: /Volumes/SSDRimalaya/rspace/Presentation-Klakken/.Rproj.user/shared/notebooks/-Main/1/CA561311/c5wfgu16aef3n/000002.csv
2016-09-08 08:04:32: Change in: /Volumes/SSDRimalaya/rspace/Presentation-Klakken/.Rproj.user/shared/notebooks/-Main/1/CA561311/c5wfgu16aef3n/000003.error
2016-09-08 08:04:32: Change in: /Volumes/SSDRimalaya/rspace/Presentation-Klakken/.Rproj.user/shared/notebooks/-Main/1/s/csetup_chunk/000002.csv
2016-09-08 08:04:32: Locking folder sftp://cloudrimalaya.ddns.net/shares/anonymous/Presentation-Klakken for write
2016-09-08 08:04:32: Change in: sftp://cloudrimalaya.ddns.net/shares/anonymous/Presentation-Klakken/.Rproj.user/shared/notebooks/-Main/1/CA561311/c5wfgu16aef3n/000002.csv
2016-09-08 08:04:32: Change in: sftp://cloudrimalaya.ddns.net/shares/anonymous/Presentation-Klakken/.Rproj.user/shared/notebooks/-Main/1/CA561311/c5wfgu16aef3n/000003.error
2016-09-08 08:04:32: Change in: sftp://cloudrimalaya.ddns.net/shares/anonymous/Presentation-Klakken/.Rproj.user/shared/notebooks/-Main/1/s/csetup_chunk/000002.csv
2016-09-08 08:04:32: On disk file:// space required for sync is 0.0, you have 134.9 GB
2016-09-08 08:04:32: On disk sftp://cloudrimalaya.ddns.net space required for sync is 4.0 KB, free space is unknown
2016-09-08 08:04:32: Changes: 5, Conflicts: 0, CopyTime: 0, CopyState: 0/0, Errors: 0, All: 162
2016-09-08 08:04:32: Left to Right: Copy File: 5 
2016-09-08 08:04:32: -- Analysis Complete. Time 00:00:03, Speed: 13 files/s
2016-09-08 08:04:32: == Sync Started by On File Change Incremental, Under Runner
2016-09-08 08:04:32: SyncKlakken: SYNC started by On File Change Incremental, Under Runner on 'MacNMBU'
2016-09-08 08:04:32: /Volumes/SSDRimalaya/rspace/Presentation-Klakken [TmpDest] <-> sftp://cloudrimalaya.ddns.net/shares/anonymous/Presentation-Klakken [TmpDest], CreateFolderIfNotFound, SavePrevVers, CleanupPrevVers=30d, WaitForLocksMinutes=20, LinksCopy, ReconnectSecs=120, ResolveConflicts=NewerFileWins, ChangeLimit=50, AutoClear
2016-09-08 08:04:32: Fraction of files changed (excluding renames) is low enough to perform Auto Sync: 12% (5 / 40) < 50%
2016-09-08 08:04:32: Create Folder 'sftp://cloudrimalaya.ddns.net/shares/anonymous/Presentation-Klakken/.Rproj.user/shared/notebooks/-Main/1/CA561311/c4wqlipvx6vyr'
2016-09-08 08:04:32: Save State File /Volumes/SSDRimalaya/rspace/Presentation-Klakken/_gsdata_/_file_state_v4._gs
2016-09-08 08:04:32: Save State File sftp://cloudrimalaya.ddns.net/shares/anonymous/Presentation-Klakken/_gsdata_/_file_state_v4._gs
2016-09-08 08:04:32: Cleanup recycled files in /Volumes/SSDRimalaya/rspace/Presentation-Klakken/_gsdata_/_saved_
2016-09-08 08:04:32: Load Recycled DB: /Volumes/SSDRimalaya/rspace/Presentation-Klakken/_gsdata_/_recycled_db._gs
2016-09-08 08:04:32: Cleanup old logs in /Users/rajurim/.goodsync/_mirrors_/Volumes-SSDRimalaya-rspace-Presentation-Klakken
2016-09-08 08:04:32: Cleanup old logs in /Volumes/SSDRimalaya/rspace/Presentation-Klakken/_gsdata_
2016-09-08 08:04:32: == Sync Complete. Time: 00:00:00, Speed: 0.0/s, OK: 1, Errors: 0
2016-09-08 08:04:33: Change detected [0]: t=Created path=/.Rproj.user/shared/notebooks/-Main/1/CA561311/c5wfgu16aef3n/000002.csv
2016-09-08 08:04:33: Change detected [0]: t=Created path=/.Rproj.user/shared/notebooks/-Main/1/CA561311/c5wfgu16aef3n/000003.error
2016-09-08 08:04:33: Change detected [0]: t=Created path=/.Rproj.user/shared/notebooks/-Main/1/CA561311/c5wfgu16aef3n
2016-09-08 08:04:33: Change detected [0]: t=Created path=/.Rproj.user/shared/notebooks/.rstudio-lock-41c29-MacNMBU.local-65264-0x7fff7970d000
2016-09-08 08:04:33: Change detected [0]: t=Created path=/.Rproj.user/shared/notebooks/-Main/1/CA561311/c5wfgu16aef3n/000004.csv
2016-09-08 08:04:33: Change detected [0]: t=Created path=/.Rproj.user/shared/notebooks/-Main/1/CA561311/c5wfgu16aef3n_t
2016-09-08 08:04:33: Change detected [0]: t=Created path=/.git/index.lock
2016-09-08 08:04:33: --- Do one more Analyze to get latest changes of this Sync ---
2016-09-08 08:04:33: -- Analysis Started by On File Change PostSync Re-Analyze, Under Runner
2016-09-08 08:04:33: SyncKlakken: ANALYSIS started by On File Change PostSync Re-Analyze, Under Runner on 'MacNMBU' (GoodSync 5.5.6.6)
2016-09-08 08:04:33: /Volumes/SSDRimalaya/rspace/Presentation-Klakken [TmpDest] <-> sftp://cloudrimalaya.ddns.net/shares/anonymous/Presentation-Klakken [TmpDest], CreateFolderIfNotFound, SavePrevVers, CleanupPrevVers=30d, WaitForLocksMinutes=20, LinksCopy, ReconnectSecs=120, ResolveConflicts=NewerFileWins, ChangeLimit=50, AutoClear
2016-09-08 08:04:33: Exclude Hidden, Exclude System, Exclude name *._gstmp|/System Volume Information|Thumbs.db|.DS_Store 
2016-09-08 08:04:33: Change in: /Volumes/SSDRimalaya/rspace/Presentation-Klakken/.Rproj.user/shared/notebooks/-Main/1/CA561311/c5wfgu16aef3n/000002.csv
2016-09-08 08:04:33: Change in: /Volumes/SSDRimalaya/rspace/Presentation-Klakken/.Rproj.user/shared/notebooks/-Main/1/CA561311/c5wfgu16aef3n/000003.error
2016-09-08 08:04:33: Change in: /Volumes/SSDRimalaya/rspace/Presentation-Klakken/.Rproj.user/shared/notebooks/-Main/1/CA561311/c5wfgu16aef3n
2016-09-08 08:04:33: Change in: /Volumes/SSDRimalaya/rspace/Presentation-Klakken/.Rproj.user/shared/notebooks/.rstudio-lock-41c29-MacNMBU.local-65264-0x7fff7970d000
2016-09-08 08:04:33: Change in: /Volumes/SSDRimalaya/rspace/Presentation-Klakken/.Rproj.user/shared/notebooks/-Main/1/CA561311/c5wfgu16aef3n/000004.csv
2016-09-08 08:04:33: Change in: /Volumes/SSDRimalaya/rspace/Presentation-Klakken/.Rproj.user/shared/notebooks/-Main/1/CA561311/c5wfgu16aef3n_t
2016-09-08 08:04:33: Change in: /Volumes/SSDRimalaya/rspace/Presentation-Klakken/.git/index.lock
2016-09-08 08:04:33: Change in: /Volumes/SSDRimalaya/rspace/Presentation-Klakken/.Rproj.user/shared/notebooks/-Main/1/CA561311/c4wqlipvx6vyr/000002.csv
2016-09-08 08:04:33: Change in: /Volumes/SSDRimalaya/rspace/Presentation-Klakken/.Rproj.user/shared/notebooks/-Main/1/CA561311/c5wfgu16aef3n/000002.csv
2016-09-08 08:04:33: Change in: /Volumes/SSDRimalaya/rspace/Presentation-Klakken/.Rproj.user/shared/notebooks/-Main/1/CA561311/c5wfgu16aef3n/000003.error
2016-09-08 08:04:33: Change in: /Volumes/SSDRimalaya/rspace/Presentation-Klakken/.Rproj.user/shared/notebooks/-Main/1/s/csetup_chunk/000002.csv
2016-09-08 08:04:33: Change in: sftp://cloudrimalaya.ddns.net/shares/anonymous/Presentation-Klakken/.Rproj.user/shared/notebooks/-Main/1/CA561311/c4wqlipvx6vyr/000002.csv
2016-09-08 08:04:33: Change in: sftp://cloudrimalaya.ddns.net/shares/anonymous/Presentation-Klakken/.Rproj.user/shared/notebooks/-Main/1/CA561311/c5wfgu16aef3n/000002.csv
2016-09-08 08:04:33: Change in: sftp://cloudrimalaya.ddns.net/shares/anonymous/Presentation-Klakken/.Rproj.user/shared/notebooks/-Main/1/CA561311/c5wfgu16aef3n/000003.error
2016-09-08 08:04:33: Change in: sftp://cloudrimalaya.ddns.net/shares/anonymous/Presentation-Klakken/.Rproj.user/shared/notebooks/-Main/1/s/csetup_chunk/000002.csv
2016-09-08 08:04:33: On disk file:// space required for sync is 0.0, you have 134.9 GB
2016-09-08 08:04:33: On disk sftp://cloudrimalaya.ddns.net space required for sync is 3.0 KB, free space is unknown
2016-09-08 08:04:33: Changes: 3, Conflicts: 0, CopyTime: 0, CopyState: 2/0, Errors: 0, All: 163
2016-09-08 08:04:33: Left to Right: Copy File: 3 Copy State: 2 
2016-09-08 08:04:33: -- Analysis Complete. Time 00:00:01, Speed: 39 files/s
2016-09-08 08:04:33: == Sync Started by On File Change PostSync Re-Analyze, Under Runner
2016-09-08 08:04:33: SyncKlakken: SYNC started by On File Change PostSync Re-Analyze, Under Runner on 'MacNMBU'
2016-09-08 08:04:33: /Volumes/SSDRimalaya/rspace/Presentation-Klakken [TmpDest] <-> sftp://cloudrimalaya.ddns.net/shares/anonymous/Presentation-Klakken [TmpDest], CreateFolderIfNotFound, SavePrevVers, CleanupPrevVers=30d, WaitForLocksMinutes=20, LinksCopy, ReconnectSecs=120, ResolveConflicts=NewerFileWins, ChangeLimit=50, AutoClear
2016-09-08 08:04:33: Fraction of files changed (excluding renames) is low enough to perform Auto Sync: 7% (3 / 39) < 50%
2016-09-08 08:04:33: Copy State LtoR: /.Rproj.user/shared/notebooks/-Main/1/CA561311/c5wfgu16aef3n/000002.csv
2016-09-08 08:04:33: Copy State LtoR: /.Rproj.user/shared/notebooks/-Main/1/CA561311/c5wfgu16aef3n/000003.error
2016-09-08 08:04:33: Save State File /Volumes/SSDRimalaya/rspace/Presentation-Klakken/_gsdata_/_file_state_v4._gs
2016-09-08 08:04:33: Save State File sftp://cloudrimalaya.ddns.net/shares/anonymous/Presentation-Klakken/_gsdata_/_file_state_v4._gs
2016-09-08 08:04:33: Cleanup recycled files in /Volumes/SSDRimalaya/rspace/Presentation-Klakken/_gsdata_/_saved_
2016-09-08 08:04:33: Load Recycled DB: /Volumes/SSDRimalaya/rspace/Presentation-Klakken/_gsdata_/_recycled_db._gs
2016-09-08 08:04:33: Cleanup old logs in /Users/rajurim/.goodsync/_mirrors_/Volumes-SSDRimalaya-rspace-Presentation-Klakken
2016-09-08 08:04:34: Cleanup old logs in /Volumes/SSDRimalaya/rspace/Presentation-Klakken/_gsdata_
2016-09-08 08:04:34: == Sync Complete. Time: 00:00:01, Speed: 0.0/s, OK: 2, Errors: 0
2016-09-08 08:04:34: Unlocking folder /Volumes/SSDRimalaya/rspace/Presentation-Klakken/_gsdata_/lock.gsl
2016-09-08 08:04:34: Unlocking folder sftp://cloudrimalaya.ddns.net/shares/anonymous/Presentation-Klakken/_gsdata_/lock.gsl
2016-09-08 08:04:34: 
